[ 2013-07-11T23:29:41+08:00 ] 127.0.0.1 /ccshop/svn_ccshop/
INFO: [ app_begin ] --START--
INFO: ReadHtmlCache Behavior ::run [ RunTime:0.019656s ]
INFO: [ app_begin ] --END-- [ RunTime:0.093095s ]
INFO: [ view_parse ] --START--
INFO: ParseTemplate Behavior ::run [ RunTime:0.101981s ]
INFO: [ view_parse ] --END-- [ RunTime:0.102331s ]
INFO: [ view_filter ] --START--
NOTIC: [8] Use of undefined constant APP_TMPL_PATH - assumed 'APP_TMPL_PATH' E:\wamp\www\ccshop\svn_ccshop\ThinkPHP\Lib\Behavior\ContentReplaceBehavior.class.php 第 40 行.
NOTIC: [8] Use of undefined constant APP_TMPL_PATH - assumed 'APP_TMPL_PATH' E:\wamp\www\ccshop\svn_ccshop\ThinkPHP\Lib\Behavior\ContentReplaceBehavior.class.php 第 47 行.
INFO: ContentReplace Behavior ::run [ RunTime:0.003545s ]
INFO: TokenBuild Behavior ::run [ RunTime:0.002237s ]
INFO: WriteHtmlCache Behavior ::run [ RunTime:0.001877s ]
INFO: ShowRuntime Behavior ::run [ RunTime:0.002924s ]
INFO: [ view_filter ] --END-- [ RunTime:0.011197s ]
INFO: [ view_end ] --START--
INFO: ShowPageTrace Behavior ::run [ RunTime:0.002690s ]
INFO: [ view_end ] --END-- [ RunTime:0.002935s ]

[ 2013-07-11T23:53:08+08:00 ] 127.0.0.1 /ccshop/svn_ccshop/
INFO: [ app_begin ] --START--
INFO: ReadHtmlCache Behavior ::run [ RunTime:0.001451s ]
INFO: [ app_begin ] --END-- [ RunTime:0.001654s ]

