[ 2013-07-29T02:53:51+08:00 ] 127.0.0.1 /ccshop/svn_ccshop/Show/addCart.html
INFO: [ route_check ] --START--
INFO: CheckRoute Behavior ::run [ RunTime:0.002511s ]
INFO: [ route_check ] --END-- [ RunTime:0.023217s ]
INFO: [ app_begin ] --START--
INFO: ReadHtmlCache Behavior ::run [ RunTime:0.001621s ]
INFO: [ app_begin ] --END-- [ RunTime:0.001790s ]
SQL: SHOW COLUMNS FROM `ccshop_goods_list` [ RunTime:0.179509s ]
SQL: SELECT `glid`,`combine`,`number`,`inventory`,`gid` FROM `ccshop_goods_list` WHERE ( `combine` = '181,183' ) LIMIT 1   [ RunTime:0.029384s ]

[ 2013-07-29T02:53:51+08:00 ] 127.0.0.1 /ccshop/svn_ccshop/Show/addCart.html
INFO: [ route_check ] --START--
INFO: CheckRoute Behavior ::run [ RunTime:0.003733s ]
INFO: [ route_check ] --END-- [ RunTime:0.004159s ]
INFO: [ app_begin ] --START--
INFO: ReadHtmlCache Behavior ::run [ RunTime:0.001507s ]
INFO: [ app_begin ] --END-- [ RunTime:0.001720s ]
SQL: SHOW COLUMNS FROM `ccshop_goods_list` [ RunTime:0.170295s ]
SQL: SELECT `glid`,`combine`,`number`,`inventory`,`gid` FROM `ccshop_goods_list` WHERE ( `combine` = '181,183' ) LIMIT 1   [ RunTime:0.000808s ]

[ 2013-07-29T02:53:56+08:00 ] 127.0.0.1 /ccshop/svn_ccshop/Show/addCart.html
INFO: [ route_check ] --START--
INFO: CheckRoute Behavior ::run [ RunTime:0.002640s ]
INFO: [ route_check ] --END-- [ RunTime:0.003039s ]
INFO: [ app_begin ] --START--
INFO: ReadHtmlCache Behavior ::run [ RunTime:0.001207s ]
INFO: [ app_begin ] --END-- [ RunTime:0.001361s ]
SQL: SHOW COLUMNS FROM `ccshop_goods_list` [ RunTime:0.005752s ]
SQL: SELECT `glid`,`combine`,`number`,`inventory`,`gid` FROM `ccshop_goods_list` WHERE ( `combine` = '181,183' ) LIMIT 1   [ RunTime:0.000594s ]

[ 2013-07-29T02:53:58+08:00 ] 127.0.0.1 /ccshop/svn_ccshop/Show/more.html
INFO: [ route_check ] --START--
INFO: CheckRoute Behavior ::run [ RunTime:0.001264s ]
INFO: [ route_check ] --END-- [ RunTime:0.001458s ]
INFO: [ app_begin ] --START--
INFO: ReadHtmlCache Behavior ::run [ RunTime:0.000893s ]
INFO: [ app_begin ] --END-- [ RunTime:0.001026s ]

[ 2013-07-29T02:53:59+08:00 ] 127.0.0.1 /ccshop/svn_ccshop/Cart/index.html
INFO: [ route_check ] --START--
INFO: CheckRoute Behavior ::run [ RunTime:0.001733s ]
INFO: [ route_check ] --END-- [ RunTime:0.001999s ]
INFO: [ app_begin ] --START--
INFO: ReadHtmlCache Behavior ::run [ RunTime:0.001336s ]
INFO: [ app_begin ] --END-- [ RunTime:0.001602s ]
SQL: SHOW COLUMNS FROM `ccshop_goods_list` [ RunTime:0.005820s ]
SQL: SELECT `combine`,`gid`,`number` FROM `ccshop_goods_list` WHERE ( `glid` = 25 ) LIMIT 1   [ RunTime:0.000433s ]
SQL: SHOW COLUMNS FROM `ccshop_goods` [ RunTime:0.034517s ]
SQL: SELECT `gname`,`shopprice` FROM `ccshop_goods` WHERE ( `gid` = 11 ) LIMIT 1   [ RunTime:0.006535s ]
SQL: SHOW COLUMNS FROM `ccshop_detail` [ RunTime:0.022923s ]
SQL: SELECT `small` FROM `ccshop_detail` WHERE ( `gid` = 11 ) LIMIT 1   [ RunTime:0.046075s ]
SQL: SHOW COLUMNS FROM `ccshop_goods_attr` [ RunTime:0.029649s ]
SQL: SELECT `gtvalue`,`added` FROM `ccshop_goods_attr` WHERE ( `gtid` = 181 ) LIMIT 1   [ RunTime:0.037310s ]
SQL: SELECT `gtvalue`,`added` FROM `ccshop_goods_attr` WHERE ( `gtid` = 183 ) LIMIT 1   [ RunTime:0.000598s ]
INFO: [ view_parse ] --START--
INFO: ParseTemplate Behavior ::run [ RunTime:0.216635s ]
INFO: [ view_parse ] --END-- [ RunTime:0.216844s ]
INFO: [ view_filter ] --START--
INFO: ContentReplace Behavior ::run [ RunTime:0.027982s ]
INFO: TokenBuild Behavior ::run [ RunTime:0.019878s ]
INFO: WriteHtmlCache Behavior ::run [ RunTime:0.001419s ]
INFO: ShowRuntime Behavior ::run [ RunTime:0.001632s ]
INFO: [ view_filter ] --END-- [ RunTime:0.051451s ]
INFO: [ view_end ] --START--
INFO: ShowPageTrace Behavior ::run [ RunTime:0.002146s ]
INFO: [ view_end ] --END-- [ RunTime:0.002337s ]

[ 2013-07-29T02:54:04+08:00 ] 127.0.0.1 /ccshop/svn_ccshop/Cart/confirmOrder.html
INFO: [ route_check ] --START--
INFO: CheckRoute Behavior ::run [ RunTime:0.001508s ]
INFO: [ route_check ] --END-- [ RunTime:0.001735s ]
INFO: [ app_begin ] --START--
INFO: ReadHtmlCache Behavior ::run [ RunTime:0.000855s ]
INFO: [ app_begin ] --END-- [ RunTime:0.001003s ]
INFO: [ view_parse ] --START--
INFO: ParseTemplate Behavior ::run [ RunTime:0.029254s ]
INFO: [ view_parse ] --END-- [ RunTime:0.029478s ]
INFO: [ view_filter ] --START--
INFO: ContentReplace Behavior ::run [ RunTime:0.000651s ]
INFO: TokenBuild Behavior ::run [ RunTime:0.000680s ]
INFO: WriteHtmlCache Behavior ::run [ RunTime:0.000488s ]
INFO: ShowRuntime Behavior ::run [ RunTime:0.000818s ]
INFO: [ view_filter ] --END-- [ RunTime:0.003066s ]
INFO: [ view_end ] --START--
INFO: ShowPageTrace Behavior ::run [ RunTime:0.000911s ]
INFO: [ view_end ] --END-- [ RunTime:0.001067s ]

[ 2013-07-29T02:54:27+08:00 ] 127.0.0.1 /ccshop/svn_ccshop/Cart/index.html
INFO: [ route_check ] --START--
INFO: CheckRoute Behavior ::run [ RunTime:0.001598s ]
INFO: [ route_check ] --END-- [ RunTime:0.001892s ]
INFO: [ app_begin ] --START--
INFO: ReadHtmlCache Behavior ::run [ RunTime:0.001043s ]
INFO: [ app_begin ] --END-- [ RunTime:0.001190s ]
SQL: SHOW COLUMNS FROM `ccshop_goods_list` [ RunTime:0.006485s ]
SQL: SELECT `combine`,`gid`,`number` FROM `ccshop_goods_list` WHERE ( `glid` = 25 ) LIMIT 1   [ RunTime:0.000388s ]
SQL: SHOW COLUMNS FROM `ccshop_goods` [ RunTime:0.006040s ]
SQL: SELECT `gname`,`shopprice` FROM `ccshop_goods` WHERE ( `gid` = 11 ) LIMIT 1   [ RunTime:0.000388s ]
SQL: SHOW COLUMNS FROM `ccshop_detail` [ RunTime:0.006177s ]
SQL: SELECT `small` FROM `ccshop_detail` WHERE ( `gid` = 11 ) LIMIT 1   [ RunTime:0.000459s ]
SQL: SHOW COLUMNS FROM `ccshop_goods_attr` [ RunTime:0.005523s ]
SQL: SELECT `gtvalue`,`added` FROM `ccshop_goods_attr` WHERE ( `gtid` = 181 ) LIMIT 1   [ RunTime:0.000383s ]
SQL: SELECT `gtvalue`,`added` FROM `ccshop_goods_attr` WHERE ( `gtid` = 183 ) LIMIT 1   [ RunTime:0.000305s ]
INFO: [ view_parse ] --START--
INFO: ParseTemplate Behavior ::run [ RunTime:0.029924s ]
INFO: [ view_parse ] --END-- [ RunTime:0.030120s ]
INFO: [ view_filter ] --START--
INFO: ContentReplace Behavior ::run [ RunTime:0.000819s ]
INFO: TokenBuild Behavior ::run [ RunTime:0.000703s ]
INFO: WriteHtmlCache Behavior ::run [ RunTime:0.000488s ]
INFO: ShowRuntime Behavior ::run [ RunTime:0.000972s ]
INFO: [ view_filter ] --END-- [ RunTime:0.003473s ]
INFO: [ view_end ] --START--
INFO: ShowPageTrace Behavior ::run [ RunTime:0.000959s ]
INFO: [ view_end ] --END-- [ RunTime:0.001112s ]

[ 2013-07-29T19:41:40+08:00 ] 127.0.0.1 /ccshop/svn_ccshop/
INFO: [ app_begin ] --START--
INFO: ReadHtmlCache Behavior ::run [ RunTime:0.051039s ]
INFO: [ app_begin ] --END-- [ RunTime:0.051426s ]
SQL: SHOW COLUMNS FROM `ccshop_goods` [ RunTime:0.094226s ]
SQL: SELECT `gname`,`pic`,`click`,`shopprice` FROM `ccshop_goods` WHERE ( `cid` = 13 ) ORDER BY rand() LIMIT 10   [ RunTime:0.002672s ]
SQL: SELECT `gname`,`pic`,`click`,`shopprice` FROM `ccshop_goods` WHERE ( `cid` = 13 ) ORDER BY rand() LIMIT 10   [ RunTime:0.001311s ]
SQL: SELECT `gname`,`pic`,`click`,`shopprice` FROM `ccshop_goods` WHERE ( `cid` = 13 ) ORDER BY rand() LIMIT 10   [ RunTime:0.001390s ]
INFO: [ view_parse ] --START--
INFO: ParseTemplate Behavior ::run [ RunTime:0.352944s ]
INFO: [ view_parse ] --END-- [ RunTime:0.353283s ]
INFO: [ view_filter ] --START--
INFO: ContentReplace Behavior ::run [ RunTime:0.049021s ]
INFO: TokenBuild Behavior ::run [ RunTime:0.039930s ]
INFO: WriteHtmlCache Behavior ::run [ RunTime:0.001673s ]
INFO: ShowRuntime Behavior ::run [ RunTime:0.002191s ]
INFO: [ view_filter ] --END-- [ RunTime:0.093432s ]
INFO: [ view_end ] --START--
INFO: ShowPageTrace Behavior ::run [ RunTime:0.002148s ]
INFO: [ view_end ] --END-- [ RunTime:0.002352s ]

[ 2013-07-29T19:41:46+08:00 ] 127.0.0.1 /ccshop/svn_ccshop/c/13_0.html
INFO: [ route_check ] --START--
INFO: CheckRoute Behavior ::run [ RunTime:0.023036s ]
INFO: [ route_check ] --END-- [ RunTime:0.023245s ]
INFO: [ app_begin ] --START--
INFO: ReadHtmlCache Behavior ::run [ RunTime:0.001098s ]
INFO: [ app_begin ] --END-- [ RunTime:0.001259s ]
SQL: SHOW COLUMNS FROM `ccshop_category` [ RunTime:0.055204s ]
SQL: SELECT `cid`,`pid` FROM `ccshop_category`  [ RunTime:0.011740s ]
SQL: SHOW COLUMNS FROM `ccshop_goods` [ RunTime:0.010727s ]
SQL: SELECT `gid` FROM `ccshop_goods` WHERE ( `cid` IN (13) )  [ RunTime:0.001084s ]
SQL: SHOW COLUMNS FROM `ccshop_goods_attr` [ RunTime:0.096241s ]
SQL: SELECT `gtid`,`gtvalue`,`taid` FROM `ccshop_goods_attr` WHERE ( `gid` IN ('1','2','3','4','5','6','7','8','9','10','11','12') ) GROUP BY gtvalue  [ RunTime:0.071150s ]
SQL: SHOW COLUMNS FROM `ccshop_type_attr` [ RunTime:0.178397s ]
SQL: SELECT `taname` FROM `ccshop_type_attr` WHERE ( `taid` = 12 ) LIMIT 1   [ RunTime:0.022048s ]
SQL: SELECT `taname` FROM `ccshop_type_attr` WHERE ( `taid` = 13 ) LIMIT 1   [ RunTime:0.000407s ]
SQL: SELECT `taname` FROM `ccshop_type_attr` WHERE ( `taid` = 5 ) LIMIT 1   [ RunTime:0.000292s ]
SQL: SELECT `taname` FROM `ccshop_type_attr` WHERE ( `taid` = 1 ) LIMIT 1   [ RunTime:0.000314s ]
SQL: SELECT `taname` FROM `ccshop_type_attr` WHERE ( `taid` = 7 ) LIMIT 1   [ RunTime:0.000275s ]
SQL: SELECT `taname` FROM `ccshop_type_attr` WHERE ( `taid` = 3 ) LIMIT 1   [ RunTime:0.000376s ]
SQL: SELECT `taname` FROM `ccshop_type_attr` WHERE ( `taid` = 8 ) LIMIT 1   [ RunTime:0.000295s ]
SQL: SELECT `taname` FROM `ccshop_type_attr` WHERE ( `taid` = 6 ) LIMIT 1   [ RunTime:0.000500s ]
SQL: SELECT `taname` FROM `ccshop_type_attr` WHERE ( `taid` = 2 ) LIMIT 1   [ RunTime:0.000320s ]
SQL: SELECT `taname` FROM `ccshop_type_attr` WHERE ( `taid` = 4 ) LIMIT 1   [ RunTime:0.000269s ]
SQL: SELECT `taname` FROM `ccshop_type_attr` WHERE ( `taid` = 9 ) LIMIT 1   [ RunTime:0.000357s ]
SQL: SELECT `taname` FROM `ccshop_type_attr` WHERE ( `taid` = 10 ) LIMIT 1   [ RunTime:0.000287s ]
SQL: SELECT `taname` FROM `ccshop_type_attr` WHERE ( `taid` = 11 ) LIMIT 1   [ RunTime:0.000324s ]
SQL: SELECT COUNT(*) AS tp_count FROM `ccshop_goods` WHERE ( `gid` IN(1,2,3,4,5,6,7,8,9,10,11,12) ) LIMIT 1   [ RunTime:0.003121s ]
SQL: SELECT `gid`,`gname`,`marketprice`,`shopprice`,`pic` FROM `ccshop_goods` WHERE ( `gid` IN(1,2,3,4,5,6,7,8,9,10,11,12) ) ORDER BY time DESC LIMIT 0,8   [ RunTime:0.000538s ]
SQL: SELECT `gname`,`pic`,`click`,`shopprice` FROM `ccshop_goods` WHERE ( `cid` = 13 ) ORDER BY rand() LIMIT 4   [ RunTime:0.000884s ]
SQL: SELECT `gname`,`pic`,`click`,`shopprice` FROM `ccshop_goods` WHERE ( `cid` = 13 ) ORDER BY rand() LIMIT 5   [ RunTime:0.000576s ]
SQL: SELECT `cname` FROM `ccshop_category` WHERE ( `pid` = 4 )  [ RunTime:0.000546s ]
INFO: [ view_parse ] --START--
INFO: ParseTemplate Behavior ::run [ RunTime:0.089670s ]
INFO: [ view_parse ] --END-- [ RunTime:0.089880s ]
INFO: [ view_filter ] --START--
INFO: ContentReplace Behavior ::run [ RunTime:0.001678s ]
INFO: TokenBuild Behavior ::run [ RunTime:0.000948s ]
INFO: WriteHtmlCache Behavior ::run [ RunTime:0.000922s ]
INFO: ShowRuntime Behavior ::run [ RunTime:0.001061s ]
INFO: [ view_filter ] --END-- [ RunTime:0.005080s ]
INFO: [ view_end ] --START--
INFO: ShowPageTrace Behavior ::run [ RunTime:0.001098s ]
INFO: [ view_end ] --END-- [ RunTime:0.001250s ]

[ 2013-07-29T19:41:49+08:00 ] 127.0.0.1 /ccshop/svn_ccshop/12.html
INFO: [ route_check ] --START--
INFO: CheckRoute Behavior ::run [ RunTime:0.001562s ]
INFO: [ route_check ] --END-- [ RunTime:0.001752s ]
INFO: [ app_begin ] --START--
INFO: ReadHtmlCache Behavior ::run [ RunTime:0.001032s ]
INFO: [ app_begin ] --END-- [ RunTime:0.001201s ]
SQL: SHOW COLUMNS FROM `ccshop_goods` [ RunTime:0.005456s ]
SQL: SHOW COLUMNS FROM `ccshop_detail` [ RunTime:0.149657s ]
SQL: SHOW COLUMNS FROM `ccshop_brand` [ RunTime:0.099993s ]
SQL: SELECT goods.gid AS gid,goods.gname AS gname,goods.unit AS unit,goods.marketprice AS marketprice,goods.shopprice AS shopprice,goods.click AS click,goods.time AS time,detail.small AS small,detail.medium AS medium,detail.big AS big,detail.intro AS intro,detail.service AS service,brand.logo AS logo FROM ccshop_goods goods LEFT JOIN ccshop_detail detail ON goods.gid = detail.gid LEFT JOIN ccshop_brand brand ON goods.bid = brand.bid WHERE ( goods.gid = 12 ) LIMIT 1   [ RunTime:0.049277s ]
SQL: SHOW COLUMNS FROM `ccshop_goods_attr` [ RunTime:0.010081s ]
SQL: SELECT `gtid`,`gtvalue`,`added`,`taid` FROM `ccshop_goods_attr` WHERE ( `gid` = 12 )  [ RunTime:0.003929s ]
SQL: SHOW COLUMNS FROM `ccshop_type_attr` [ RunTime:0.007105s ]
SQL: SELECT `taname`,`class` FROM `ccshop_type_attr` WHERE ( `taid` = 1 ) LIMIT 1   [ RunTime:0.000473s ]
SQL: SELECT `taname`,`class` FROM `ccshop_type_attr` WHERE ( `taid` = 2 ) LIMIT 1   [ RunTime:0.000357s ]
SQL: SELECT `taname`,`class` FROM `ccshop_type_attr` WHERE ( `taid` = 3 ) LIMIT 1   [ RunTime:0.000342s ]
SQL: SELECT `taname`,`class` FROM `ccshop_type_attr` WHERE ( `taid` = 4 ) LIMIT 1   [ RunTime:0.000358s ]
SQL: SELECT `taname`,`class` FROM `ccshop_type_attr` WHERE ( `taid` = 5 ) LIMIT 1   [ RunTime:0.000347s ]
SQL: SELECT `taname`,`class` FROM `ccshop_type_attr` WHERE ( `taid` = 6 ) LIMIT 1   [ RunTime:0.000356s ]
SQL: SELECT `taname`,`class` FROM `ccshop_type_attr` WHERE ( `taid` = 7 ) LIMIT 1   [ RunTime:0.000350s ]
SQL: SELECT `taname`,`class` FROM `ccshop_type_attr` WHERE ( `taid` = 8 ) LIMIT 1   [ RunTime:0.000374s ]
SQL: SELECT `taname`,`class` FROM `ccshop_type_attr` WHERE ( `taid` = 9 ) LIMIT 1   [ RunTime:0.000354s ]
SQL: SELECT `taname`,`class` FROM `ccshop_type_attr` WHERE ( `taid` = 10 ) LIMIT 1   [ RunTime:0.000344s ]
SQL: SELECT `taname`,`class` FROM `ccshop_type_attr` WHERE ( `taid` = 11 ) LIMIT 1   [ RunTime:0.000364s ]
SQL: SELECT `taname`,`class` FROM `ccshop_type_attr` WHERE ( `taid` = 12 ) LIMIT 1   [ RunTime:0.000374s ]
SQL: SELECT `taname`,`class` FROM `ccshop_type_attr` WHERE ( `taid` = 13 ) LIMIT 1   [ RunTime:0.000688s ]
SQL: SHOW COLUMNS FROM `ccshop_goods_list` [ RunTime:0.031646s ]
SQL: SELECT `inventory` FROM `ccshop_goods_list` WHERE ( `gid` = 12 )  [ RunTime:0.013864s ]
SQL: SELECT `gname`,`pic`,`click`,`shopprice` FROM `ccshop_goods` WHERE ( `cid` = 13 ) ORDER BY rand() LIMIT 10   [ RunTime:0.000859s ]
INFO: [ view_parse ] --START--
INFO: ParseTemplate Behavior ::run [ RunTime:0.086607s ]
INFO: [ view_parse ] --END-- [ RunTime:0.086813s ]
INFO: [ view_filter ] --START--
INFO: ContentReplace Behavior ::run [ RunTime:0.001023s ]
INFO: TokenBuild Behavior ::run [ RunTime:0.000691s ]
INFO: WriteHtmlCache Behavior ::run [ RunTime:0.000498s ]
INFO: ShowRuntime Behavior ::run [ RunTime:0.000835s ]
INFO: [ view_filter ] --END-- [ RunTime:0.003448s ]
INFO: [ view_end ] --START--
INFO: ShowPageTrace Behavior ::run [ RunTime:0.000948s ]
INFO: [ view_end ] --END-- [ RunTime:0.001091s ]

[ 2013-07-29T19:42:26+08:00 ] 127.0.0.1 /ccshop/svn_ccshop/11.html
INFO: [ route_check ] --START--
INFO: CheckRoute Behavior ::run [ RunTime:0.001935s ]
INFO: [ route_check ] --END-- [ RunTime:0.002125s ]
INFO: [ app_begin ] --START--
INFO: ReadHtmlCache Behavior ::run [ RunTime:0.001132s ]
INFO: [ app_begin ] --END-- [ RunTime:0.001287s ]
SQL: SHOW COLUMNS FROM `ccshop_goods` [ RunTime:0.043297s ]
SQL: SHOW COLUMNS FROM `ccshop_detail` [ RunTime:0.005168s ]
SQL: SHOW COLUMNS FROM `ccshop_brand` [ RunTime:0.004671s ]
SQL: SELECT goods.gid AS gid,goods.gname AS gname,goods.unit AS unit,goods.marketprice AS marketprice,goods.shopprice AS shopprice,goods.click AS click,goods.time AS time,detail.small AS small,detail.medium AS medium,detail.big AS big,detail.intro AS intro,detail.service AS service,brand.logo AS logo FROM ccshop_goods goods LEFT JOIN ccshop_detail detail ON goods.gid = detail.gid LEFT JOIN ccshop_brand brand ON goods.bid = brand.bid WHERE ( goods.gid = 11 ) LIMIT 1   [ RunTime:0.032153s ]
SQL: SHOW COLUMNS FROM `ccshop_goods_attr` [ RunTime:0.009061s ]
SQL: SELECT `gtid`,`gtvalue`,`added`,`taid` FROM `ccshop_goods_attr` WHERE ( `gid` = 11 )  [ RunTime:0.001037s ]
SQL: SHOW COLUMNS FROM `ccshop_type_attr` [ RunTime:0.009122s ]
SQL: SELECT `taname`,`class` FROM `ccshop_type_attr` WHERE ( `taid` = 1 ) LIMIT 1   [ RunTime:0.000723s ]
SQL: SELECT `taname`,`class` FROM `ccshop_type_attr` WHERE ( `taid` = 2 ) LIMIT 1   [ RunTime:0.000497s ]
SQL: SELECT `taname`,`class` FROM `ccshop_type_attr` WHERE ( `taid` = 3 ) LIMIT 1   [ RunTime:0.000424s ]
SQL: SELECT `taname`,`class` FROM `ccshop_type_attr` WHERE ( `taid` = 4 ) LIMIT 1   [ RunTime:0.000495s ]
SQL: SELECT `taname`,`class` FROM `ccshop_type_attr` WHERE ( `taid` = 5 ) LIMIT 1   [ RunTime:0.000575s ]
SQL: SELECT `taname`,`class` FROM `ccshop_type_attr` WHERE ( `taid` = 6 ) LIMIT 1   [ RunTime:0.000448s ]
SQL: SELECT `taname`,`class` FROM `ccshop_type_attr` WHERE ( `taid` = 7 ) LIMIT 1   [ RunTime:0.000498s ]
SQL: SELECT `taname`,`class` FROM `ccshop_type_attr` WHERE ( `taid` = 8 ) LIMIT 1   [ RunTime:0.000512s ]
SQL: SELECT `taname`,`class` FROM `ccshop_type_attr` WHERE ( `taid` = 9 ) LIMIT 1   [ RunTime:0.000480s ]
SQL: SELECT `taname`,`class` FROM `ccshop_type_attr` WHERE ( `taid` = 10 ) LIMIT 1   [ RunTime:0.000573s ]
SQL: SELECT `taname`,`class` FROM `ccshop_type_attr` WHERE ( `taid` = 11 ) LIMIT 1   [ RunTime:0.000496s ]
SQL: SELECT `taname`,`class` FROM `ccshop_type_attr` WHERE ( `taid` = 12 ) LIMIT 1   [ RunTime:0.000506s ]
SQL: SELECT `taname`,`class` FROM `ccshop_type_attr` WHERE ( `taid` = 13 ) LIMIT 1   [ RunTime:0.000542s ]
SQL: SHOW COLUMNS FROM `ccshop_goods_list` [ RunTime:0.005361s ]
SQL: SELECT `inventory` FROM `ccshop_goods_list` WHERE ( `gid` = 11 )  [ RunTime:0.000561s ]
SQL: SELECT `gname`,`pic`,`click`,`shopprice` FROM `ccshop_goods` WHERE ( `cid` = 13 ) ORDER BY rand() LIMIT 10   [ RunTime:0.000768s ]
INFO: [ view_parse ] --START--
INFO: ParseTemplate Behavior ::run [ RunTime:0.046082s ]
INFO: [ view_parse ] --END-- [ RunTime:0.046489s ]
INFO: [ view_filter ] --START--
INFO: ContentReplace Behavior ::run [ RunTime:0.001117s ]
INFO: TokenBuild Behavior ::run [ RunTime:0.000860s ]
INFO: WriteHtmlCache Behavior ::run [ RunTime:0.000887s ]
INFO: ShowRuntime Behavior ::run [ RunTime:0.001067s ]
INFO: [ view_filter ] --END-- [ RunTime:0.004335s ]
INFO: [ view_end ] --START--
INFO: ShowPageTrace Behavior ::run [ RunTime:0.001104s ]
INFO: [ view_end ] --END-- [ RunTime:0.001244s ]

