[ 2013-07-28T22:12:09+08:00 ] 127.0.0.1 /ccshop/svn_ccshop/
INFO: [ app_begin ] --START--
INFO: ReadHtmlCache Behavior ::run [ RunTime:0.109705s ]
INFO: [ app_begin ] --END-- [ RunTime:0.110121s ]
SQL: SHOW COLUMNS FROM `ccshop_goods` [ RunTime:0.212915s ]
SQL: SELECT `gname`,`pic`,`click`,`shopprice` FROM `ccshop_goods` WHERE ( `cid` = 13 ) ORDER BY rand() LIMIT 10   [ RunTime:0.128406s ]
SQL: SELECT `gname`,`pic`,`click`,`shopprice` FROM `ccshop_goods` WHERE ( `cid` = 13 ) ORDER BY rand() LIMIT 10   [ RunTime:0.001326s ]
SQL: SELECT `gname`,`pic`,`click`,`shopprice` FROM `ccshop_goods` WHERE ( `cid` = 13 ) ORDER BY rand() LIMIT 10   [ RunTime:0.001170s ]
INFO: [ view_parse ] --START--
INFO: ParseTemplate Behavior ::run [ RunTime:0.798768s ]
INFO: [ view_parse ] --END-- [ RunTime:0.799194s ]
INFO: [ view_filter ] --START--
INFO: ContentReplace Behavior ::run [ RunTime:0.036971s ]
INFO: TokenBuild Behavior ::run [ RunTime:0.016616s ]
INFO: WriteHtmlCache Behavior ::run [ RunTime:0.002140s ]
INFO: ShowRuntime Behavior ::run [ RunTime:0.003115s ]
INFO: [ view_filter ] --END-- [ RunTime:0.059765s ]
INFO: [ view_end ] --START--
INFO: ShowPageTrace Behavior ::run [ RunTime:0.003715s ]
INFO: [ view_end ] --END-- [ RunTime:0.004031s ]

[ 2013-07-28T22:12:16+08:00 ] 127.0.0.1 /ccshop/svn_ccshop/c/13_0.html
INFO: [ route_check ] --START--
INFO: CheckRoute Behavior ::run [ RunTime:0.026040s ]
INFO: [ route_check ] --END-- [ RunTime:0.026238s ]
INFO: [ app_begin ] --START--
INFO: ReadHtmlCache Behavior ::run [ RunTime:0.001145s ]
INFO: [ app_begin ] --END-- [ RunTime:0.001295s ]
SQL: SHOW COLUMNS FROM `ccshop_category` [ RunTime:0.089200s ]
SQL: SELECT `cid`,`pid` FROM `ccshop_category`  [ RunTime:0.010121s ]
SQL: SHOW COLUMNS FROM `ccshop_goods` [ RunTime:0.009466s ]
SQL: SELECT `gid` FROM `ccshop_goods` WHERE ( `cid` IN (13) )  [ RunTime:0.001042s ]
SQL: SHOW COLUMNS FROM `ccshop_goods_attr` [ RunTime:0.037208s ]
SQL: SELECT `gtid`,`gtvalue`,`taid` FROM `ccshop_goods_attr` WHERE ( `gid` IN ('1','2','3','4','5','6','7','8','9','10','11','12') ) GROUP BY gtvalue  [ RunTime:0.081732s ]
SQL: SHOW COLUMNS FROM `ccshop_type_attr` [ RunTime:0.012113s ]
SQL: SELECT `taname` FROM `ccshop_type_attr` WHERE ( `taid` = 12 ) LIMIT 1   [ RunTime:0.064543s ]
SQL: SELECT `taname` FROM `ccshop_type_attr` WHERE ( `taid` = 13 ) LIMIT 1   [ RunTime:0.000394s ]
SQL: SELECT `taname` FROM `ccshop_type_attr` WHERE ( `taid` = 5 ) LIMIT 1   [ RunTime:0.000351s ]
SQL: SELECT `taname` FROM `ccshop_type_attr` WHERE ( `taid` = 1 ) LIMIT 1   [ RunTime:0.000665s ]
SQL: SELECT `taname` FROM `ccshop_type_attr` WHERE ( `taid` = 7 ) LIMIT 1   [ RunTime:0.000305s ]
SQL: SELECT `taname` FROM `ccshop_type_attr` WHERE ( `taid` = 3 ) LIMIT 1   [ RunTime:0.000308s ]
SQL: SELECT `taname` FROM `ccshop_type_attr` WHERE ( `taid` = 8 ) LIMIT 1   [ RunTime:0.000303s ]
SQL: SELECT `taname` FROM `ccshop_type_attr` WHERE ( `taid` = 6 ) LIMIT 1   [ RunTime:0.000305s ]
SQL: SELECT `taname` FROM `ccshop_type_attr` WHERE ( `taid` = 2 ) LIMIT 1   [ RunTime:0.000310s ]
SQL: SELECT `taname` FROM `ccshop_type_attr` WHERE ( `taid` = 4 ) LIMIT 1   [ RunTime:0.000303s ]
SQL: SELECT `taname` FROM `ccshop_type_attr` WHERE ( `taid` = 9 ) LIMIT 1   [ RunTime:0.000347s ]
SQL: SELECT `taname` FROM `ccshop_type_attr` WHERE ( `taid` = 10 ) LIMIT 1   [ RunTime:0.000308s ]
SQL: SELECT `taname` FROM `ccshop_type_attr` WHERE ( `taid` = 11 ) LIMIT 1   [ RunTime:0.000298s ]
SQL: SELECT COUNT(*) AS tp_count FROM `ccshop_goods` WHERE ( `gid` IN(1,2,3,4,5,6,7,8,9,10,11,12) ) LIMIT 1   [ RunTime:0.000943s ]
SQL: SELECT `gid`,`gname`,`marketprice`,`shopprice`,`pic` FROM `ccshop_goods` WHERE ( `gid` IN(1,2,3,4,5,6,7,8,9,10,11,12) ) ORDER BY time DESC LIMIT 0,8   [ RunTime:0.001036s ]
SQL: SELECT `gname`,`pic`,`click`,`shopprice` FROM `ccshop_goods` WHERE ( `cid` = 13 ) ORDER BY rand() LIMIT 4   [ RunTime:0.001222s ]
SQL: SELECT `gname`,`pic`,`click`,`shopprice` FROM `ccshop_goods` WHERE ( `cid` = 13 ) ORDER BY rand() LIMIT 5   [ RunTime:0.001556s ]
SQL: SELECT `cname` FROM `ccshop_category` WHERE ( `pid` = 4 )  [ RunTime:0.000839s ]
INFO: [ view_parse ] --START--
INFO: ParseTemplate Behavior ::run [ RunTime:0.166255s ]
INFO: [ view_parse ] --END-- [ RunTime:0.166690s ]
INFO: [ view_filter ] --START--
INFO: ContentReplace Behavior ::run [ RunTime:0.001642s ]
INFO: TokenBuild Behavior ::run [ RunTime:0.000951s ]
INFO: WriteHtmlCache Behavior ::run [ RunTime:0.000706s ]
INFO: ShowRuntime Behavior ::run [ RunTime:0.001068s ]
INFO: [ view_filter ] --END-- [ RunTime:0.004799s ]
INFO: [ view_end ] --START--
INFO: ShowPageTrace Behavior ::run [ RunTime:0.001115s ]
INFO: [ view_end ] --END-- [ RunTime:0.001269s ]

[ 2013-07-28T22:12:16+08:00 ] 127.0.0.1 /ccshop/svn_ccshop/c/13_0.html
INFO: [ route_check ] --START--
INFO: CheckRoute Behavior ::run [ RunTime:0.002040s ]
INFO: [ route_check ] --END-- [ RunTime:0.002220s ]
INFO: [ app_begin ] --START--
INFO: ReadHtmlCache Behavior ::run [ RunTime:0.001018s ]
INFO: [ app_begin ] --END-- [ RunTime:0.001162s ]
SQL: SHOW COLUMNS FROM `ccshop_goods_attr` [ RunTime:0.003939s ]
SQL: SELECT `gtid`,`gtvalue`,`taid` FROM `ccshop_goods_attr` WHERE ( `gid` IN ('1','2','3','4','5','6','7','8','9','10','11','12') ) GROUP BY gtvalue  [ RunTime:0.001281s ]
SQL: SHOW COLUMNS FROM `ccshop_type_attr` [ RunTime:0.004330s ]
SQL: SELECT `taname` FROM `ccshop_type_attr` WHERE ( `taid` = 12 ) LIMIT 1   [ RunTime:0.017055s ]
SQL: SELECT `taname` FROM `ccshop_type_attr` WHERE ( `taid` = 13 ) LIMIT 1   [ RunTime:0.000479s ]
SQL: SELECT `taname` FROM `ccshop_type_attr` WHERE ( `taid` = 5 ) LIMIT 1   [ RunTime:0.000297s ]
SQL: SELECT `taname` FROM `ccshop_type_attr` WHERE ( `taid` = 1 ) LIMIT 1   [ RunTime:0.000307s ]
SQL: SELECT `taname` FROM `ccshop_type_attr` WHERE ( `taid` = 7 ) LIMIT 1   [ RunTime:0.000329s ]
SQL: SELECT `taname` FROM `ccshop_type_attr` WHERE ( `taid` = 3 ) LIMIT 1   [ RunTime:0.000304s ]
SQL: SELECT `taname` FROM `ccshop_type_attr` WHERE ( `taid` = 8 ) LIMIT 1   [ RunTime:0.000312s ]
SQL: SELECT `taname` FROM `ccshop_type_attr` WHERE ( `taid` = 6 ) LIMIT 1   [ RunTime:0.000303s ]
SQL: SELECT `taname` FROM `ccshop_type_attr` WHERE ( `taid` = 2 ) LIMIT 1   [ RunTime:0.000303s ]
SQL: SELECT `taname` FROM `ccshop_type_attr` WHERE ( `taid` = 4 ) LIMIT 1   [ RunTime:0.000310s ]
SQL: SELECT `taname` FROM `ccshop_type_attr` WHERE ( `taid` = 9 ) LIMIT 1   [ RunTime:0.000302s ]
SQL: SELECT `taname` FROM `ccshop_type_attr` WHERE ( `taid` = 10 ) LIMIT 1   [ RunTime:0.000306s ]
SQL: SELECT `taname` FROM `ccshop_type_attr` WHERE ( `taid` = 11 ) LIMIT 1   [ RunTime:0.000304s ]
SQL: SHOW COLUMNS FROM `ccshop_goods` [ RunTime:0.009547s ]
SQL: SELECT COUNT(*) AS tp_count FROM `ccshop_goods` WHERE ( `gid` IN(1,2,3,4,5,6,7,8,9,10,11,12) ) LIMIT 1   [ RunTime:0.000876s ]
SQL: SELECT `gid`,`gname`,`marketprice`,`shopprice`,`pic` FROM `ccshop_goods` WHERE ( `gid` IN(1,2,3,4,5,6,7,8,9,10,11,12) ) ORDER BY time DESC LIMIT 0,8   [ RunTime:0.001004s ]
SQL: SELECT `gname`,`pic`,`click`,`shopprice` FROM `ccshop_goods` WHERE ( `cid` = 13 ) ORDER BY rand() LIMIT 4   [ RunTime:0.001396s ]
SQL: SELECT `gname`,`pic`,`click`,`shopprice` FROM `ccshop_goods` WHERE ( `cid` = 13 ) ORDER BY rand() LIMIT 5   [ RunTime:0.001138s ]
SQL: SHOW COLUMNS FROM `ccshop_category` [ RunTime:0.006257s ]
SQL: SELECT `cname` FROM `ccshop_category` WHERE ( `pid` = 4 )  [ RunTime:0.000599s ]
INFO: [ view_parse ] --START--
INFO: ParseTemplate Behavior ::run [ RunTime:0.151274s ]
INFO: [ view_parse ] --END-- [ RunTime:0.151457s ]
INFO: [ view_filter ] --START--
INFO: ContentReplace Behavior ::run [ RunTime:0.001492s ]
INFO: TokenBuild Behavior ::run [ RunTime:0.001104s ]
INFO: WriteHtmlCache Behavior ::run [ RunTime:0.000807s ]
INFO: ShowRuntime Behavior ::run [ RunTime:0.001189s ]
INFO: [ view_filter ] --END-- [ RunTime:0.005004s ]
INFO: [ view_end ] --START--
INFO: ShowPageTrace Behavior ::run [ RunTime:0.001249s ]
INFO: [ view_end ] --END-- [ RunTime:0.001394s ]

[ 2013-07-28T22:12:22+08:00 ] 127.0.0.1 /ccshop/svn_ccshop/12.html
INFO: [ route_check ] --START--
INFO: CheckRoute Behavior ::run [ RunTime:0.001324s ]
INFO: [ route_check ] --END-- [ RunTime:0.001500s ]
INFO: [ app_begin ] --START--
INFO: ReadHtmlCache Behavior ::run [ RunTime:0.000844s ]
INFO: [ app_begin ] --END-- [ RunTime:0.000987s ]
SQL: SHOW COLUMNS FROM `ccshop_goods` [ RunTime:0.005223s ]
SQL: SHOW COLUMNS FROM `ccshop_detail` [ RunTime:0.047931s ]
SQL: SHOW COLUMNS FROM `ccshop_brand` [ RunTime:0.046226s ]
SQL: SELECT goods.gid AS gid,goods.gname AS gname,goods.unit AS unit,goods.marketprice AS marketprice,goods.shopprice AS shopprice,goods.click AS click,goods.time AS time,detail.small AS small,detail.medium AS medium,detail.big AS big,detail.intro AS intro,detail.service AS service,brand.logo AS logo FROM ccshop_goods goods LEFT JOIN ccshop_detail detail ON goods.gid = detail.gid LEFT JOIN ccshop_brand brand ON goods.bid = brand.bid WHERE ( goods.gid = 12 ) LIMIT 1   [ RunTime:0.054419s ]
SQL: SHOW COLUMNS FROM `ccshop_goods_attr` [ RunTime:0.004969s ]
SQL: SELECT `gtid`,`gtvalue`,`added`,`taid` FROM `ccshop_goods_attr` WHERE ( `gid` = 12 )  [ RunTime:0.000499s ]
SQL: SHOW COLUMNS FROM `ccshop_type_attr` [ RunTime:0.003707s ]
SQL: SELECT `taname`,`class` FROM `ccshop_type_attr` WHERE ( `taid` = 1 ) LIMIT 1   [ RunTime:0.000343s ]
SQL: SELECT `taname`,`class` FROM `ccshop_type_attr` WHERE ( `taid` = 2 ) LIMIT 1   [ RunTime:0.000290s ]
SQL: SELECT `taname`,`class` FROM `ccshop_type_attr` WHERE ( `taid` = 3 ) LIMIT 1   [ RunTime:0.000681s ]
SQL: SELECT `taname`,`class` FROM `ccshop_type_attr` WHERE ( `taid` = 4 ) LIMIT 1   [ RunTime:0.000288s ]
SQL: SELECT `taname`,`class` FROM `ccshop_type_attr` WHERE ( `taid` = 5 ) LIMIT 1   [ RunTime:0.000286s ]
SQL: SELECT `taname`,`class` FROM `ccshop_type_attr` WHERE ( `taid` = 6 ) LIMIT 1   [ RunTime:0.000286s ]
SQL: SELECT `taname`,`class` FROM `ccshop_type_attr` WHERE ( `taid` = 7 ) LIMIT 1   [ RunTime:0.000286s ]
SQL: SELECT `taname`,`class` FROM `ccshop_type_attr` WHERE ( `taid` = 8 ) LIMIT 1   [ RunTime:0.000285s ]
SQL: SELECT `taname`,`class` FROM `ccshop_type_attr` WHERE ( `taid` = 9 ) LIMIT 1   [ RunTime:0.000290s ]
SQL: SELECT `taname`,`class` FROM `ccshop_type_attr` WHERE ( `taid` = 10 ) LIMIT 1   [ RunTime:0.000286s ]
SQL: SELECT `taname`,`class` FROM `ccshop_type_attr` WHERE ( `taid` = 11 ) LIMIT 1   [ RunTime:0.000285s ]
SQL: SELECT `taname`,`class` FROM `ccshop_type_attr` WHERE ( `taid` = 12 ) LIMIT 1   [ RunTime:0.000285s ]
SQL: SELECT `taname`,`class` FROM `ccshop_type_attr` WHERE ( `taid` = 13 ) LIMIT 1   [ RunTime:0.000286s ]
SQL: SHOW COLUMNS FROM `ccshop_goods_list` [ RunTime:0.014357s ]
SQL: SELECT `inventory` FROM `ccshop_goods_list` WHERE ( `gid` = 12 )  [ RunTime:0.015621s ]
SQL: SELECT `gname`,`pic`,`click`,`shopprice` FROM `ccshop_goods` WHERE ( `cid` = 13 ) ORDER BY rand() LIMIT 10   [ RunTime:0.000641s ]
INFO: [ view_parse ] --START--
INFO: ParseTemplate Behavior ::run [ RunTime:0.064337s ]
INFO: [ view_parse ] --END-- [ RunTime:0.064519s ]
INFO: [ view_filter ] --START--
INFO: ContentReplace Behavior ::run [ RunTime:0.000969s ]
INFO: TokenBuild Behavior ::run [ RunTime:0.001011s ]
INFO: WriteHtmlCache Behavior ::run [ RunTime:0.000828s ]
INFO: ShowRuntime Behavior ::run [ RunTime:0.001159s ]
INFO: [ view_filter ] --END-- [ RunTime:0.004627s ]
INFO: [ view_end ] --START--
INFO: ShowPageTrace Behavior ::run [ RunTime:0.001232s ]
INFO: [ view_end ] --END-- [ RunTime:0.001374s ]

[ 2013-07-28T22:12:41+08:00 ] 127.0.0.1 /ccshop/svn_ccshop/Show/addCart.html
INFO: [ route_check ] --START--
INFO: CheckRoute Behavior ::run [ RunTime:0.002286s ]
INFO: [ route_check ] --END-- [ RunTime:0.002478s ]
INFO: [ app_begin ] --START--
INFO: ReadHtmlCache Behavior ::run [ RunTime:0.001049s ]
INFO: [ app_begin ] --END-- [ RunTime:0.001186s ]
SQL: SHOW COLUMNS FROM `ccshop_goods_list` [ RunTime:0.004071s ]
SQL: SELECT `glid`,`combine`,`number`,`inventory`,`gid` FROM `ccshop_goods_list` WHERE ( `combine` = '195,197' ) LIMIT 1   [ RunTime:0.035580s ]

[ 2013-07-28T22:12:46+08:00 ] 127.0.0.1 /ccshop/svn_ccshop/Show/getGoodsList.html
INFO: [ route_check ] --START--
INFO: CheckRoute Behavior ::run [ RunTime:0.001800s ]
INFO: [ route_check ] --END-- [ RunTime:0.001993s ]
INFO: [ app_begin ] --START--
INFO: ReadHtmlCache Behavior ::run [ RunTime:0.001087s ]
INFO: [ app_begin ] --END-- [ RunTime:0.001231s ]
SQL: SHOW COLUMNS FROM `ccshop_goods_list` [ RunTime:0.004544s ]
SQL: SELECT `glid`,`number`,`inventory`,`gid` FROM `ccshop_goods_list` WHERE ( `combine` = '196,197' ) LIMIT 1   [ RunTime:0.000536s ]
SQL: SHOW COLUMNS FROM `ccshop_goods_attr` [ RunTime:0.003914s ]
SQL: SELECT `added` FROM `ccshop_goods_attr` WHERE ( `gtid` = 196 ) LIMIT 1   [ RunTime:0.000401s ]
SQL: SELECT `added` FROM `ccshop_goods_attr` WHERE ( `gtid` = 197 ) LIMIT 1   [ RunTime:0.000352s ]

[ 2013-07-28T22:12:47+08:00 ] 127.0.0.1 /ccshop/svn_ccshop/Show/getGoodsList.html
INFO: [ route_check ] --START--
INFO: CheckRoute Behavior ::run [ RunTime:0.001311s ]
INFO: [ route_check ] --END-- [ RunTime:0.001579s ]
INFO: [ app_begin ] --START--
INFO: ReadHtmlCache Behavior ::run [ RunTime:0.000877s ]
INFO: [ app_begin ] --END-- [ RunTime:0.001011s ]
SQL: SHOW COLUMNS FROM `ccshop_goods_list` [ RunTime:0.003938s ]
SQL: SELECT `glid`,`number`,`inventory`,`gid` FROM `ccshop_goods_list` WHERE ( `combine` = '195,197' ) LIMIT 1   [ RunTime:0.000402s ]
SQL: SHOW COLUMNS FROM `ccshop_goods_attr` [ RunTime:0.004090s ]
SQL: SELECT `added` FROM `ccshop_goods_attr` WHERE ( `gtid` = 195 ) LIMIT 1   [ RunTime:0.000388s ]
SQL: SELECT `added` FROM `ccshop_goods_attr` WHERE ( `gtid` = 197 ) LIMIT 1   [ RunTime:0.000312s ]

[ 2013-07-28T22:12:48+08:00 ] 127.0.0.1 /ccshop/svn_ccshop/Show/getGoodsList.html
INFO: [ route_check ] --START--
INFO: CheckRoute Behavior ::run [ RunTime:0.001239s ]
INFO: [ route_check ] --END-- [ RunTime:0.001434s ]
INFO: [ app_begin ] --START--
INFO: ReadHtmlCache Behavior ::run [ RunTime:0.000900s ]
INFO: [ app_begin ] --END-- [ RunTime:0.001043s ]
SQL: SHOW COLUMNS FROM `ccshop_goods_list` [ RunTime:0.003930s ]
SQL: SELECT `glid`,`number`,`inventory`,`gid` FROM `ccshop_goods_list` WHERE ( `combine` = '196,197' ) LIMIT 1   [ RunTime:0.000439s ]
SQL: SHOW COLUMNS FROM `ccshop_goods_attr` [ RunTime:0.003679s ]
SQL: SELECT `added` FROM `ccshop_goods_attr` WHERE ( `gtid` = 196 ) LIMIT 1   [ RunTime:0.000362s ]
SQL: SELECT `added` FROM `ccshop_goods_attr` WHERE ( `gtid` = 197 ) LIMIT 1   [ RunTime:0.000309s ]

[ 2013-07-28T22:12:49+08:00 ] 127.0.0.1 /ccshop/svn_ccshop/Show/getGoodsList.html
INFO: [ route_check ] --START--
INFO: CheckRoute Behavior ::run [ RunTime:0.001705s ]
INFO: [ route_check ] --END-- [ RunTime:0.001944s ]
INFO: [ app_begin ] --START--
INFO: ReadHtmlCache Behavior ::run [ RunTime:0.001066s ]
INFO: [ app_begin ] --END-- [ RunTime:0.001233s ]
SQL: SHOW COLUMNS FROM `ccshop_goods_list` [ RunTime:0.004178s ]
SQL: SELECT `glid`,`number`,`inventory`,`gid` FROM `ccshop_goods_list` WHERE ( `combine` = '195,197' ) LIMIT 1   [ RunTime:0.000580s ]
SQL: SHOW COLUMNS FROM `ccshop_goods_attr` [ RunTime:0.003803s ]
SQL: SELECT `added` FROM `ccshop_goods_attr` WHERE ( `gtid` = 195 ) LIMIT 1   [ RunTime:0.000471s ]
SQL: SELECT `added` FROM `ccshop_goods_attr` WHERE ( `gtid` = 197 ) LIMIT 1   [ RunTime:0.000425s ]

[ 2013-07-28T22:12:50+08:00 ] 127.0.0.1 /ccshop/svn_ccshop/Show/getGoodsList.html
INFO: [ route_check ] --START--
INFO: CheckRoute Behavior ::run [ RunTime:0.001257s ]
INFO: [ route_check ] --END-- [ RunTime:0.001448s ]
INFO: [ app_begin ] --START--
INFO: ReadHtmlCache Behavior ::run [ RunTime:0.000875s ]
INFO: [ app_begin ] --END-- [ RunTime:0.001011s ]
SQL: SHOW COLUMNS FROM `ccshop_goods_list` [ RunTime:0.003955s ]
SQL: SELECT `glid`,`number`,`inventory`,`gid` FROM `ccshop_goods_list` WHERE ( `combine` = '195,198' ) LIMIT 1   [ RunTime:0.000608s ]
SQL: SHOW COLUMNS FROM `ccshop_goods_attr` [ RunTime:0.004454s ]
SQL: SELECT `added` FROM `ccshop_goods_attr` WHERE ( `gtid` = 195 ) LIMIT 1   [ RunTime:0.001027s ]
SQL: SELECT `added` FROM `ccshop_goods_attr` WHERE ( `gtid` = 198 ) LIMIT 1   [ RunTime:0.000356s ]

[ 2013-07-28T22:12:51+08:00 ] 127.0.0.1 /ccshop/svn_ccshop/Show/getGoodsList.html
INFO: [ route_check ] --START--
INFO: CheckRoute Behavior ::run [ RunTime:0.001723s ]
INFO: [ route_check ] --END-- [ RunTime:0.001975s ]
INFO: [ app_begin ] --START--
INFO: ReadHtmlCache Behavior ::run [ RunTime:0.001168s ]
INFO: [ app_begin ] --END-- [ RunTime:0.001349s ]
SQL: SHOW COLUMNS FROM `ccshop_goods_list` [ RunTime:0.004617s ]
SQL: SELECT `glid`,`number`,`inventory`,`gid` FROM `ccshop_goods_list` WHERE ( `combine` = '195,197' ) LIMIT 1   [ RunTime:0.002403s ]
SQL: SHOW COLUMNS FROM `ccshop_goods_attr` [ RunTime:0.004176s ]
SQL: SELECT `added` FROM `ccshop_goods_attr` WHERE ( `gtid` = 195 ) LIMIT 1   [ RunTime:0.000334s ]
SQL: SELECT `added` FROM `ccshop_goods_attr` WHERE ( `gtid` = 197 ) LIMIT 1   [ RunTime:0.000240s ]

[ 2013-07-28T22:13:05+08:00 ] 127.0.0.1 /ccshop/svn_ccshop/12.html
INFO: [ route_check ] --START--
INFO: CheckRoute Behavior ::run [ RunTime:0.002753s ]
INFO: [ route_check ] --END-- [ RunTime:0.002961s ]
INFO: [ app_begin ] --START--
INFO: ReadHtmlCache Behavior ::run [ RunTime:0.000960s ]
INFO: [ app_begin ] --END-- [ RunTime:0.001132s ]
SQL: SHOW COLUMNS FROM `ccshop_goods` [ RunTime:0.004376s ]
SQL: SHOW COLUMNS FROM `ccshop_detail` [ RunTime:0.004937s ]
SQL: SHOW COLUMNS FROM `ccshop_brand` [ RunTime:0.003788s ]
SQL: SELECT goods.gid AS gid,goods.gname AS gname,goods.unit AS unit,goods.marketprice AS marketprice,goods.shopprice AS shopprice,goods.click AS click,goods.time AS time,detail.small AS small,detail.medium AS medium,detail.big AS big,detail.intro AS intro,detail.service AS service,brand.logo AS logo FROM ccshop_goods goods LEFT JOIN ccshop_detail detail ON goods.gid = detail.gid LEFT JOIN ccshop_brand brand ON goods.bid = brand.bid WHERE ( goods.gid = 12 ) LIMIT 1   [ RunTime:0.000702s ]
SQL: SHOW COLUMNS FROM `ccshop_goods_attr` [ RunTime:0.003907s ]
SQL: SELECT `gtid`,`gtvalue`,`added`,`taid` FROM `ccshop_goods_attr` WHERE ( `gid` = 12 )  [ RunTime:0.000850s ]
SQL: SHOW COLUMNS FROM `ccshop_type_attr` [ RunTime:0.004196s ]
SQL: SELECT `taname`,`class` FROM `ccshop_type_attr` WHERE ( `taid` = 1 ) LIMIT 1   [ RunTime:0.000338s ]
SQL: SELECT `taname`,`class` FROM `ccshop_type_attr` WHERE ( `taid` = 2 ) LIMIT 1   [ RunTime:0.000239s ]
SQL: SELECT `taname`,`class` FROM `ccshop_type_attr` WHERE ( `taid` = 3 ) LIMIT 1   [ RunTime:0.000238s ]
SQL: SELECT `taname`,`class` FROM `ccshop_type_attr` WHERE ( `taid` = 4 ) LIMIT 1   [ RunTime:0.000238s ]
SQL: SELECT `taname`,`class` FROM `ccshop_type_attr` WHERE ( `taid` = 5 ) LIMIT 1   [ RunTime:0.000239s ]
SQL: SELECT `taname`,`class` FROM `ccshop_type_attr` WHERE ( `taid` = 6 ) LIMIT 1   [ RunTime:0.000239s ]
SQL: SELECT `taname`,`class` FROM `ccshop_type_attr` WHERE ( `taid` = 7 ) LIMIT 1   [ RunTime:0.000238s ]
SQL: SELECT `taname`,`class` FROM `ccshop_type_attr` WHERE ( `taid` = 8 ) LIMIT 1   [ RunTime:0.000239s ]
SQL: SELECT `taname`,`class` FROM `ccshop_type_attr` WHERE ( `taid` = 9 ) LIMIT 1   [ RunTime:0.000673s ]
SQL: SELECT `taname`,`class` FROM `ccshop_type_attr` WHERE ( `taid` = 10 ) LIMIT 1   [ RunTime:0.000281s ]
SQL: SELECT `taname`,`class` FROM `ccshop_type_attr` WHERE ( `taid` = 11 ) LIMIT 1   [ RunTime:0.000250s ]
SQL: SELECT `taname`,`class` FROM `ccshop_type_attr` WHERE ( `taid` = 12 ) LIMIT 1   [ RunTime:0.000249s ]
SQL: SELECT `taname`,`class` FROM `ccshop_type_attr` WHERE ( `taid` = 13 ) LIMIT 1   [ RunTime:0.000323s ]
SQL: SHOW COLUMNS FROM `ccshop_goods_list` [ RunTime:0.004031s ]
SQL: SELECT `inventory` FROM `ccshop_goods_list` WHERE ( `gid` = 12 )  [ RunTime:0.000421s ]
SQL: SELECT `gname`,`pic`,`click`,`shopprice` FROM `ccshop_goods` WHERE ( `cid` = 13 ) ORDER BY rand() LIMIT 10   [ RunTime:0.000564s ]
INFO: [ view_parse ] --START--
INFO: ParseTemplate Behavior ::run [ RunTime:0.045296s ]
INFO: [ view_parse ] --END-- [ RunTime:0.045500s ]
INFO: [ view_filter ] --START--
INFO: ContentReplace Behavior ::run [ RunTime:0.001316s ]
INFO: TokenBuild Behavior ::run [ RunTime:0.000927s ]
INFO: WriteHtmlCache Behavior ::run [ RunTime:0.000675s ]
INFO: ShowRuntime Behavior ::run [ RunTime:0.001038s ]
INFO: [ view_filter ] --END-- [ RunTime:0.004436s ]
INFO: [ view_end ] --START--
INFO: ShowPageTrace Behavior ::run [ RunTime:0.001380s ]
INFO: [ view_end ] --END-- [ RunTime:0.001543s ]

[ 2013-07-28T22:13:09+08:00 ] 127.0.0.1 /ccshop/svn_ccshop/Show/getGoodsList.html
INFO: [ route_check ] --START--
INFO: CheckRoute Behavior ::run [ RunTime:0.001335s ]
INFO: [ route_check ] --END-- [ RunTime:0.001550s ]
INFO: [ app_begin ] --START--
INFO: ReadHtmlCache Behavior ::run [ RunTime:0.000977s ]
INFO: [ app_begin ] --END-- [ RunTime:0.001126s ]
SQL: SHOW COLUMNS FROM `ccshop_goods_list` [ RunTime:0.004609s ]
SQL: SELECT `glid`,`number`,`inventory`,`gid` FROM `ccshop_goods_list` WHERE ( `combine` = '195,198' ) LIMIT 1   [ RunTime:0.000444s ]
SQL: SHOW COLUMNS FROM `ccshop_goods_attr` [ RunTime:0.003772s ]
SQL: SELECT `added` FROM `ccshop_goods_attr` WHERE ( `gtid` = 195 ) LIMIT 1   [ RunTime:0.000307s ]
SQL: SELECT `added` FROM `ccshop_goods_attr` WHERE ( `gtid` = 198 ) LIMIT 1   [ RunTime:0.000364s ]

[ 2013-07-28T22:13:11+08:00 ] 127.0.0.1 /ccshop/svn_ccshop/Show/getGoodsList.html
INFO: [ route_check ] --START--
INFO: CheckRoute Behavior ::run [ RunTime:0.001443s ]
INFO: [ route_check ] --END-- [ RunTime:0.001712s ]
INFO: [ app_begin ] --START--
INFO: ReadHtmlCache Behavior ::run [ RunTime:0.000912s ]
INFO: [ app_begin ] --END-- [ RunTime:0.001054s ]
SQL: SHOW COLUMNS FROM `ccshop_goods_list` [ RunTime:0.116089s ]
SQL: SELECT `glid`,`number`,`inventory`,`gid` FROM `ccshop_goods_list` WHERE ( `combine` = '195,197' ) LIMIT 1   [ RunTime:0.001703s ]
SQL: SHOW COLUMNS FROM `ccshop_goods_attr` [ RunTime:0.005384s ]
SQL: SELECT `added` FROM `ccshop_goods_attr` WHERE ( `gtid` = 195 ) LIMIT 1   [ RunTime:0.000364s ]
SQL: SELECT `added` FROM `ccshop_goods_attr` WHERE ( `gtid` = 197 ) LIMIT 1   [ RunTime:0.000244s ]

[ 2013-07-28T22:13:22+08:00 ] 127.0.0.1 /ccshop/svn_ccshop/12.html
INFO: [ route_check ] --START--
INFO: CheckRoute Behavior ::run [ RunTime:0.001854s ]
INFO: [ route_check ] --END-- [ RunTime:0.002059s ]
INFO: [ app_begin ] --START--
INFO: ReadHtmlCache Behavior ::run [ RunTime:0.000901s ]
INFO: [ app_begin ] --END-- [ RunTime:0.001056s ]
SQL: SHOW COLUMNS FROM `ccshop_goods` [ RunTime:0.005012s ]
SQL: SHOW COLUMNS FROM `ccshop_detail` [ RunTime:0.004521s ]
SQL: SHOW COLUMNS FROM `ccshop_brand` [ RunTime:0.004702s ]
SQL: SELECT goods.gid AS gid,goods.gname AS gname,goods.unit AS unit,goods.marketprice AS marketprice,goods.shopprice AS shopprice,goods.click AS click,goods.time AS time,detail.small AS small,detail.medium AS medium,detail.big AS big,detail.intro AS intro,detail.service AS service,brand.logo AS logo FROM ccshop_goods goods LEFT JOIN ccshop_detail detail ON goods.gid = detail.gid LEFT JOIN ccshop_brand brand ON goods.bid = brand.bid WHERE ( goods.gid = 12 ) LIMIT 1   [ RunTime:0.000714s ]
SQL: SHOW COLUMNS FROM `ccshop_goods_attr` [ RunTime:0.004221s ]
SQL: SELECT `gtid`,`gtvalue`,`added`,`taid` FROM `ccshop_goods_attr` WHERE ( `gid` = 12 )  [ RunTime:0.000414s ]
SQL: SHOW COLUMNS FROM `ccshop_type_attr` [ RunTime:0.004578s ]
SQL: SELECT `taname`,`class` FROM `ccshop_type_attr` WHERE ( `taid` = 1 ) LIMIT 1   [ RunTime:0.000437s ]
SQL: SELECT `taname`,`class` FROM `ccshop_type_attr` WHERE ( `taid` = 2 ) LIMIT 1   [ RunTime:0.000319s ]
SQL: SELECT `taname`,`class` FROM `ccshop_type_attr` WHERE ( `taid` = 3 ) LIMIT 1   [ RunTime:0.000315s ]
SQL: SELECT `taname`,`class` FROM `ccshop_type_attr` WHERE ( `taid` = 4 ) LIMIT 1   [ RunTime:0.000309s ]
SQL: SELECT `taname`,`class` FROM `ccshop_type_attr` WHERE ( `taid` = 5 ) LIMIT 1   [ RunTime:0.000310s ]
SQL: SELECT `taname`,`class` FROM `ccshop_type_attr` WHERE ( `taid` = 6 ) LIMIT 1   [ RunTime:0.000311s ]
SQL: SELECT `taname`,`class` FROM `ccshop_type_attr` WHERE ( `taid` = 7 ) LIMIT 1   [ RunTime:0.000371s ]
SQL: SELECT `taname`,`class` FROM `ccshop_type_attr` WHERE ( `taid` = 8 ) LIMIT 1   [ RunTime:0.000325s ]
SQL: SELECT `taname`,`class` FROM `ccshop_type_attr` WHERE ( `taid` = 9 ) LIMIT 1   [ RunTime:0.000311s ]
SQL: SELECT `taname`,`class` FROM `ccshop_type_attr` WHERE ( `taid` = 10 ) LIMIT 1   [ RunTime:0.000312s ]
SQL: SELECT `taname`,`class` FROM `ccshop_type_attr` WHERE ( `taid` = 11 ) LIMIT 1   [ RunTime:0.000313s ]
SQL: SELECT `taname`,`class` FROM `ccshop_type_attr` WHERE ( `taid` = 12 ) LIMIT 1   [ RunTime:0.000309s ]
SQL: SELECT `taname`,`class` FROM `ccshop_type_attr` WHERE ( `taid` = 13 ) LIMIT 1   [ RunTime:0.000308s ]
SQL: SHOW COLUMNS FROM `ccshop_goods_list` [ RunTime:0.004671s ]
SQL: SELECT `inventory` FROM `ccshop_goods_list` WHERE ( `gid` = 12 )  [ RunTime:0.000383s ]
SQL: SELECT `gname`,`pic`,`click`,`shopprice` FROM `ccshop_goods` WHERE ( `cid` = 13 ) ORDER BY rand() LIMIT 10   [ RunTime:0.000592s ]
INFO: [ view_parse ] --START--
INFO: ParseTemplate Behavior ::run [ RunTime:0.044329s ]
INFO: [ view_parse ] --END-- [ RunTime:0.044523s ]
INFO: [ view_filter ] --START--
INFO: ContentReplace Behavior ::run [ RunTime:0.001140s ]
INFO: TokenBuild Behavior ::run [ RunTime:0.000871s ]
INFO: WriteHtmlCache Behavior ::run [ RunTime:0.000647s ]
INFO: ShowRuntime Behavior ::run [ RunTime:0.001044s ]
INFO: [ view_filter ] --END-- [ RunTime:0.004133s ]
INFO: [ view_end ] --START--
INFO: ShowPageTrace Behavior ::run [ RunTime:0.001234s ]
INFO: [ view_end ] --END-- [ RunTime:0.001388s ]

[ 2013-07-28T22:13:24+08:00 ] 127.0.0.1 /ccshop/svn_ccshop/Show/getGoodsList.html
INFO: [ route_check ] --START--
INFO: CheckRoute Behavior ::run [ RunTime:0.001208s ]
INFO: [ route_check ] --END-- [ RunTime:0.001395s ]
INFO: [ app_begin ] --START--
INFO: ReadHtmlCache Behavior ::run [ RunTime:0.000847s ]
INFO: [ app_begin ] --END-- [ RunTime:0.000975s ]
SQL: SHOW COLUMNS FROM `ccshop_goods_list` [ RunTime:0.005010s ]
SQL: SELECT `glid`,`number`,`inventory`,`gid` FROM `ccshop_goods_list` WHERE ( `combine` = '195,198' ) LIMIT 1   [ RunTime:0.000728s ]
SQL: SHOW COLUMNS FROM `ccshop_goods_attr` [ RunTime:0.005134s ]
SQL: SELECT `added` FROM `ccshop_goods_attr` WHERE ( `gtid` = 195 ) LIMIT 1   [ RunTime:0.000654s ]
SQL: SELECT `added` FROM `ccshop_goods_attr` WHERE ( `gtid` = 198 ) LIMIT 1   [ RunTime:0.000318s ]

[ 2013-07-28T22:13:36+08:00 ] 127.0.0.1 /ccshop/svn_ccshop/Show/getGoodsList.html
INFO: [ route_check ] --START--
INFO: CheckRoute Behavior ::run [ RunTime:0.001265s ]
INFO: [ route_check ] --END-- [ RunTime:0.001460s ]
INFO: [ app_begin ] --START--
INFO: ReadHtmlCache Behavior ::run [ RunTime:0.001013s ]
INFO: [ app_begin ] --END-- [ RunTime:0.001160s ]
SQL: SHOW COLUMNS FROM `ccshop_goods_list` [ RunTime:0.006308s ]
SQL: SELECT `glid`,`number`,`inventory`,`gid` FROM `ccshop_goods_list` WHERE ( `combine` = '195,197' ) LIMIT 1   [ RunTime:0.001288s ]
SQL: SHOW COLUMNS FROM `ccshop_goods_attr` [ RunTime:0.005411s ]
SQL: SELECT `added` FROM `ccshop_goods_attr` WHERE ( `gtid` = 195 ) LIMIT 1   [ RunTime:0.000377s ]
SQL: SELECT `added` FROM `ccshop_goods_attr` WHERE ( `gtid` = 197 ) LIMIT 1   [ RunTime:0.000241s ]

[ 2013-07-28T22:13:39+08:00 ] 127.0.0.1 /ccshop/svn_ccshop/12.html
INFO: [ route_check ] --START--
INFO: CheckRoute Behavior ::run [ RunTime:0.001434s ]
INFO: [ route_check ] --END-- [ RunTime:0.001640s ]
INFO: [ app_begin ] --START--
INFO: ReadHtmlCache Behavior ::run [ RunTime:0.000894s ]
INFO: [ app_begin ] --END-- [ RunTime:0.001048s ]
SQL: SHOW COLUMNS FROM `ccshop_goods` [ RunTime:0.006015s ]
SQL: SHOW COLUMNS FROM `ccshop_detail` [ RunTime:0.004659s ]
SQL: SHOW COLUMNS FROM `ccshop_brand` [ RunTime:0.004788s ]
SQL: SELECT goods.gid AS gid,goods.gname AS gname,goods.unit AS unit,goods.marketprice AS marketprice,goods.shopprice AS shopprice,goods.click AS click,goods.time AS time,detail.small AS small,detail.medium AS medium,detail.big AS big,detail.intro AS intro,detail.service AS service,brand.logo AS logo FROM ccshop_goods goods LEFT JOIN ccshop_detail detail ON goods.gid = detail.gid LEFT JOIN ccshop_brand brand ON goods.bid = brand.bid WHERE ( goods.gid = 12 ) LIMIT 1   [ RunTime:0.000745s ]
SQL: SHOW COLUMNS FROM `ccshop_goods_attr` [ RunTime:0.004661s ]
SQL: SELECT `gtid`,`gtvalue`,`added`,`taid` FROM `ccshop_goods_attr` WHERE ( `gid` = 12 )  [ RunTime:0.000562s ]
SQL: SHOW COLUMNS FROM `ccshop_type_attr` [ RunTime:0.004400s ]
SQL: SELECT `taname`,`class` FROM `ccshop_type_attr` WHERE ( `taid` = 1 ) LIMIT 1   [ RunTime:0.000321s ]
SQL: SELECT `taname`,`class` FROM `ccshop_type_attr` WHERE ( `taid` = 2 ) LIMIT 1   [ RunTime:0.000242s ]
SQL: SELECT `taname`,`class` FROM `ccshop_type_attr` WHERE ( `taid` = 3 ) LIMIT 1   [ RunTime:0.000241s ]
SQL: SELECT `taname`,`class` FROM `ccshop_type_attr` WHERE ( `taid` = 4 ) LIMIT 1   [ RunTime:0.000283s ]
SQL: SELECT `taname`,`class` FROM `ccshop_type_attr` WHERE ( `taid` = 5 ) LIMIT 1   [ RunTime:0.000240s ]
SQL: SELECT `taname`,`class` FROM `ccshop_type_attr` WHERE ( `taid` = 6 ) LIMIT 1   [ RunTime:0.000241s ]
SQL: SELECT `taname`,`class` FROM `ccshop_type_attr` WHERE ( `taid` = 7 ) LIMIT 1   [ RunTime:0.000412s ]
SQL: SELECT `taname`,`class` FROM `ccshop_type_attr` WHERE ( `taid` = 8 ) LIMIT 1   [ RunTime:0.000384s ]
SQL: SELECT `taname`,`class` FROM `ccshop_type_attr` WHERE ( `taid` = 9 ) LIMIT 1   [ RunTime:0.000326s ]
SQL: SELECT `taname`,`class` FROM `ccshop_type_attr` WHERE ( `taid` = 10 ) LIMIT 1   [ RunTime:0.000346s ]
SQL: SELECT `taname`,`class` FROM `ccshop_type_attr` WHERE ( `taid` = 11 ) LIMIT 1   [ RunTime:0.000319s ]
SQL: SELECT `taname`,`class` FROM `ccshop_type_attr` WHERE ( `taid` = 12 ) LIMIT 1   [ RunTime:0.000316s ]
SQL: SELECT `taname`,`class` FROM `ccshop_type_attr` WHERE ( `taid` = 13 ) LIMIT 1   [ RunTime:0.000321s ]
SQL: SHOW COLUMNS FROM `ccshop_goods_list` [ RunTime:0.004590s ]
SQL: SELECT `inventory` FROM `ccshop_goods_list` WHERE ( `gid` = 12 )  [ RunTime:0.000431s ]
SQL: SELECT `gname`,`pic`,`click`,`shopprice` FROM `ccshop_goods` WHERE ( `cid` = 13 ) ORDER BY rand() LIMIT 10   [ RunTime:0.000555s ]
INFO: [ view_parse ] --START--
INFO: ParseTemplate Behavior ::run [ RunTime:0.038899s ]
INFO: [ view_parse ] --END-- [ RunTime:0.039096s ]
INFO: [ view_filter ] --START--
INFO: ContentReplace Behavior ::run [ RunTime:0.000964s ]
INFO: TokenBuild Behavior ::run [ RunTime:0.000723s ]
INFO: WriteHtmlCache Behavior ::run [ RunTime:0.000493s ]
INFO: ShowRuntime Behavior ::run [ RunTime:0.000978s ]
INFO: [ view_filter ] --END-- [ RunTime:0.003585s ]
INFO: [ view_end ] --START--
INFO: ShowPageTrace Behavior ::run [ RunTime:0.001196s ]
INFO: [ view_end ] --END-- [ RunTime:0.001344s ]

[ 2013-07-28T22:13:45+08:00 ] 127.0.0.1 /ccshop/svn_ccshop/Show/getGoodsList.html
INFO: [ route_check ] --START--
INFO: CheckRoute Behavior ::run [ RunTime:0.001288s ]
INFO: [ route_check ] --END-- [ RunTime:0.001490s ]
INFO: [ app_begin ] --START--
INFO: ReadHtmlCache Behavior ::run [ RunTime:0.000991s ]
INFO: [ app_begin ] --END-- [ RunTime:0.001144s ]
SQL: SHOW COLUMNS FROM `ccshop_goods_list` [ RunTime:0.005367s ]
SQL: SELECT `glid`,`number`,`inventory`,`gid` FROM `ccshop_goods_list` WHERE ( `combine` = '195,198' ) LIMIT 1   [ RunTime:0.000597s ]
SQL: SHOW COLUMNS FROM `ccshop_goods_attr` [ RunTime:0.004743s ]
SQL: SELECT `added` FROM `ccshop_goods_attr` WHERE ( `gtid` = 195 ) LIMIT 1   [ RunTime:0.000515s ]
SQL: SELECT `added` FROM `ccshop_goods_attr` WHERE ( `gtid` = 198 ) LIMIT 1   [ RunTime:0.000423s ]

[ 2013-07-28T22:13:47+08:00 ] 127.0.0.1 /ccshop/svn_ccshop/Show/getGoodsList.html
INFO: [ route_check ] --START--
INFO: CheckRoute Behavior ::run [ RunTime:0.001232s ]
INFO: [ route_check ] --END-- [ RunTime:0.001422s ]
INFO: [ app_begin ] --START--
INFO: ReadHtmlCache Behavior ::run [ RunTime:0.000860s ]
INFO: [ app_begin ] --END-- [ RunTime:0.000991s ]
SQL: SHOW COLUMNS FROM `ccshop_goods_list` [ RunTime:0.006478s ]
SQL: SELECT `glid`,`number`,`inventory`,`gid` FROM `ccshop_goods_list` WHERE ( `combine` = '196,198' ) LIMIT 1   [ RunTime:0.000458s ]
SQL: SHOW COLUMNS FROM `ccshop_goods_attr` [ RunTime:0.004735s ]
SQL: SELECT `added` FROM `ccshop_goods_attr` WHERE ( `gtid` = 196 ) LIMIT 1   [ RunTime:0.000473s ]
SQL: SELECT `added` FROM `ccshop_goods_attr` WHERE ( `gtid` = 198 ) LIMIT 1   [ RunTime:0.000308s ]

[ 2013-07-28T22:14:18+08:00 ] 127.0.0.1 /ccshop/svn_ccshop/Cart/index.html
INFO: [ route_check ] --START--
INFO: CheckRoute Behavior ::run [ RunTime:0.001338s ]
INFO: [ route_check ] --END-- [ RunTime:0.001536s ]
INFO: [ app_begin ] --START--
INFO: ReadHtmlCache Behavior ::run [ RunTime:0.000840s ]
INFO: [ app_begin ] --END-- [ RunTime:0.000986s ]
SQL: SHOW COLUMNS FROM `ccshop_goods_list` [ RunTime:0.005674s ]
SQL: SELECT `combine`,`gid`,`number` FROM `ccshop_goods_list` WHERE ( `glid` = 28 ) LIMIT 1   [ RunTime:0.000471s ]
SQL: SHOW COLUMNS FROM `ccshop_goods` [ RunTime:0.005292s ]
SQL: SELECT `gname`,`shopprice` FROM `ccshop_goods` WHERE ( `gid` = 12 ) LIMIT 1   [ RunTime:0.000835s ]
SQL: SHOW COLUMNS FROM `ccshop_detail` [ RunTime:0.005015s ]
SQL: SELECT `small` FROM `ccshop_detail` WHERE ( `gid` = 12 ) LIMIT 1   [ RunTime:0.000409s ]
SQL: SHOW COLUMNS FROM `ccshop_goods_attr` [ RunTime:0.004252s ]
SQL: SELECT `gtvalue`,`added` FROM `ccshop_goods_attr` WHERE ( `gtid` = 195 ) LIMIT 1   [ RunTime:0.000414s ]
SQL: SELECT `gtvalue`,`added` FROM `ccshop_goods_attr` WHERE ( `gtid` = 197 ) LIMIT 1   [ RunTime:0.000303s ]
INFO: [ view_parse ] --START--
INFO: ParseTemplate Behavior ::run [ RunTime:0.051367s ]
INFO: [ view_parse ] --END-- [ RunTime:0.051578s ]
INFO: [ view_filter ] --START--
INFO: ContentReplace Behavior ::run [ RunTime:0.000847s ]
INFO: TokenBuild Behavior ::run [ RunTime:0.000711s ]
INFO: WriteHtmlCache Behavior ::run [ RunTime:0.000491s ]
INFO: ShowRuntime Behavior ::run [ RunTime:0.000965s ]
INFO: [ view_filter ] --END-- [ RunTime:0.003437s ]
INFO: [ view_end ] --START--
INFO: ShowPageTrace Behavior ::run [ RunTime:0.001408s ]
INFO: [ view_end ] --END-- [ RunTime:0.001561s ]

[ 2013-07-28T22:14:24+08:00 ] 127.0.0.1 /ccshop/svn_ccshop/Cart/delSome.html
INFO: [ route_check ] --START--
INFO: CheckRoute Behavior ::run [ RunTime:0.001762s ]
INFO: [ route_check ] --END-- [ RunTime:0.001959s ]
INFO: [ app_begin ] --START--
INFO: ReadHtmlCache Behavior ::run [ RunTime:0.001022s ]
INFO: [ app_begin ] --END-- [ RunTime:0.001161s ]

[ 2013-07-28T22:14:25+08:00 ] 127.0.0.1 /ccshop/svn_ccshop/Cart/index.html
INFO: [ route_check ] --START--
INFO: CheckRoute Behavior ::run [ RunTime:0.001298s ]
INFO: [ route_check ] --END-- [ RunTime:0.001500s ]
INFO: [ app_begin ] --START--
INFO: ReadHtmlCache Behavior ::run [ RunTime:0.000997s ]
INFO: [ app_begin ] --END-- [ RunTime:0.001158s ]
INFO: [ view_parse ] --START--
INFO: ParseTemplate Behavior ::run [ RunTime:0.029716s ]
INFO: [ view_parse ] --END-- [ RunTime:0.029916s ]
INFO: [ view_filter ] --START--
INFO: ContentReplace Behavior ::run [ RunTime:0.000904s ]
INFO: TokenBuild Behavior ::run [ RunTime:0.000876s ]
INFO: WriteHtmlCache Behavior ::run [ RunTime:0.000700s ]
INFO: ShowRuntime Behavior ::run [ RunTime:0.001122s ]
INFO: [ view_filter ] --END-- [ RunTime:0.004027s ]
INFO: [ view_end ] --START--
INFO: ShowPageTrace Behavior ::run [ RunTime:0.001195s ]
INFO: [ view_end ] --END-- [ RunTime:0.001347s ]

[ 2013-07-28T22:14:33+08:00 ] 127.0.0.1 /ccshop/svn_ccshop/12.html
INFO: [ route_check ] --START--
INFO: CheckRoute Behavior ::run [ RunTime:0.001697s ]
INFO: [ route_check ] --END-- [ RunTime:0.001929s ]
INFO: [ app_begin ] --START--
INFO: ReadHtmlCache Behavior ::run [ RunTime:0.001068s ]
INFO: [ app_begin ] --END-- [ RunTime:0.001258s ]
SQL: SHOW COLUMNS FROM `ccshop_goods` [ RunTime:0.005102s ]
SQL: SHOW COLUMNS FROM `ccshop_detail` [ RunTime:0.005177s ]
SQL: SHOW COLUMNS FROM `ccshop_brand` [ RunTime:0.004323s ]
SQL: SELECT goods.gid AS gid,goods.gname AS gname,goods.unit AS unit,goods.marketprice AS marketprice,goods.shopprice AS shopprice,goods.click AS click,goods.time AS time,detail.small AS small,detail.medium AS medium,detail.big AS big,detail.intro AS intro,detail.service AS service,brand.logo AS logo FROM ccshop_goods goods LEFT JOIN ccshop_detail detail ON goods.gid = detail.gid LEFT JOIN ccshop_brand brand ON goods.bid = brand.bid WHERE ( goods.gid = 12 ) LIMIT 1   [ RunTime:0.000708s ]
SQL: SHOW COLUMNS FROM `ccshop_goods_attr` [ RunTime:0.004132s ]
SQL: SELECT `gtid`,`gtvalue`,`added`,`taid` FROM `ccshop_goods_attr` WHERE ( `gid` = 12 )  [ RunTime:0.000502s ]
SQL: SHOW COLUMNS FROM `ccshop_type_attr` [ RunTime:0.004282s ]
SQL: SELECT `taname`,`class` FROM `ccshop_type_attr` WHERE ( `taid` = 1 ) LIMIT 1   [ RunTime:0.000358s ]
SQL: SELECT `taname`,`class` FROM `ccshop_type_attr` WHERE ( `taid` = 2 ) LIMIT 1   [ RunTime:0.000245s ]
SQL: SELECT `taname`,`class` FROM `ccshop_type_attr` WHERE ( `taid` = 3 ) LIMIT 1   [ RunTime:0.000240s ]
SQL: SELECT `taname`,`class` FROM `ccshop_type_attr` WHERE ( `taid` = 4 ) LIMIT 1   [ RunTime:0.000239s ]
SQL: SELECT `taname`,`class` FROM `ccshop_type_attr` WHERE ( `taid` = 5 ) LIMIT 1   [ RunTime:0.000238s ]
SQL: SELECT `taname`,`class` FROM `ccshop_type_attr` WHERE ( `taid` = 6 ) LIMIT 1   [ RunTime:0.000238s ]
SQL: SELECT `taname`,`class` FROM `ccshop_type_attr` WHERE ( `taid` = 7 ) LIMIT 1   [ RunTime:0.000239s ]
SQL: SELECT `taname`,`class` FROM `ccshop_type_attr` WHERE ( `taid` = 8 ) LIMIT 1   [ RunTime:0.000239s ]
SQL: SELECT `taname`,`class` FROM `ccshop_type_attr` WHERE ( `taid` = 9 ) LIMIT 1   [ RunTime:0.000239s ]
SQL: SELECT `taname`,`class` FROM `ccshop_type_attr` WHERE ( `taid` = 10 ) LIMIT 1   [ RunTime:0.000239s ]
SQL: SELECT `taname`,`class` FROM `ccshop_type_attr` WHERE ( `taid` = 11 ) LIMIT 1   [ RunTime:0.000238s ]
SQL: SELECT `taname`,`class` FROM `ccshop_type_attr` WHERE ( `taid` = 12 ) LIMIT 1   [ RunTime:0.000238s ]
SQL: SELECT `taname`,`class` FROM `ccshop_type_attr` WHERE ( `taid` = 13 ) LIMIT 1   [ RunTime:0.000239s ]
SQL: SHOW COLUMNS FROM `ccshop_goods_list` [ RunTime:0.004312s ]
SQL: SELECT `inventory` FROM `ccshop_goods_list` WHERE ( `gid` = 12 )  [ RunTime:0.000342s ]
SQL: SELECT `gname`,`pic`,`click`,`shopprice` FROM `ccshop_goods` WHERE ( `cid` = 13 ) ORDER BY rand() LIMIT 10   [ RunTime:0.000484s ]
INFO: [ view_parse ] --START--
INFO: ParseTemplate Behavior ::run [ RunTime:0.034762s ]
INFO: [ view_parse ] --END-- [ RunTime:0.034953s ]
INFO: [ view_filter ] --START--
INFO: ContentReplace Behavior ::run [ RunTime:0.000911s ]
INFO: TokenBuild Behavior ::run [ RunTime:0.000699s ]
INFO: WriteHtmlCache Behavior ::run [ RunTime:0.000489s ]
INFO: ShowRuntime Behavior ::run [ RunTime:0.001015s ]
INFO: [ view_filter ] --END-- [ RunTime:0.003537s ]
INFO: [ view_end ] --START--
INFO: ShowPageTrace Behavior ::run [ RunTime:0.001201s ]
INFO: [ view_end ] --END-- [ RunTime:0.001354s ]

[ 2013-07-28T22:14:40+08:00 ] 127.0.0.1 /ccshop/svn_ccshop/Show/getGoodsList.html
INFO: [ route_check ] --START--
INFO: CheckRoute Behavior ::run [ RunTime:0.001242s ]
INFO: [ route_check ] --END-- [ RunTime:0.001437s ]
INFO: [ app_begin ] --START--
INFO: ReadHtmlCache Behavior ::run [ RunTime:0.000864s ]
INFO: [ app_begin ] --END-- [ RunTime:0.000998s ]
SQL: SHOW COLUMNS FROM `ccshop_goods_list` [ RunTime:0.004952s ]
SQL: SELECT `glid`,`number`,`inventory`,`gid` FROM `ccshop_goods_list` WHERE ( `combine` = '196,197' ) LIMIT 1   [ RunTime:0.000428s ]
SQL: SHOW COLUMNS FROM `ccshop_goods_attr` [ RunTime:0.004369s ]
SQL: SELECT `added` FROM `ccshop_goods_attr` WHERE ( `gtid` = 196 ) LIMIT 1   [ RunTime:0.000337s ]
SQL: SELECT `added` FROM `ccshop_goods_attr` WHERE ( `gtid` = 197 ) LIMIT 1   [ RunTime:0.000238s ]

[ 2013-07-28T22:14:51+08:00 ] 127.0.0.1 /ccshop/svn_ccshop/
INFO: [ app_begin ] --START--
INFO: ReadHtmlCache Behavior ::run [ RunTime:0.001150s ]
INFO: [ app_begin ] --END-- [ RunTime:0.001386s ]
SQL: SHOW COLUMNS FROM `ccshop_goods` [ RunTime:0.005116s ]
SQL: SELECT `gname`,`pic`,`click`,`shopprice` FROM `ccshop_goods` WHERE ( `cid` = 13 ) ORDER BY rand() LIMIT 10   [ RunTime:0.000858s ]
SQL: SELECT `gname`,`pic`,`click`,`shopprice` FROM `ccshop_goods` WHERE ( `cid` = 13 ) ORDER BY rand() LIMIT 10   [ RunTime:0.000755s ]
SQL: SELECT `gname`,`pic`,`click`,`shopprice` FROM `ccshop_goods` WHERE ( `cid` = 13 ) ORDER BY rand() LIMIT 10   [ RunTime:0.000854s ]
INFO: [ view_parse ] --START--
INFO: ParseTemplate Behavior ::run [ RunTime:0.071288s ]
INFO: [ view_parse ] --END-- [ RunTime:0.071505s ]
INFO: [ view_filter ] --START--
INFO: ContentReplace Behavior ::run [ RunTime:0.002096s ]
INFO: TokenBuild Behavior ::run [ RunTime:0.000813s ]
INFO: WriteHtmlCache Behavior ::run [ RunTime:0.000493s ]
INFO: ShowRuntime Behavior ::run [ RunTime:0.001091s ]
INFO: [ view_filter ] --END-- [ RunTime:0.004926s ]
INFO: [ view_end ] --START--
INFO: ShowPageTrace Behavior ::run [ RunTime:0.001688s ]
INFO: [ view_end ] --END-- [ RunTime:0.001847s ]

[ 2013-07-28T22:14:54+08:00 ] 127.0.0.1 /ccshop/svn_ccshop/c/13_0.html
INFO: [ route_check ] --START--
INFO: CheckRoute Behavior ::run [ RunTime:0.001380s ]
INFO: [ route_check ] --END-- [ RunTime:0.001576s ]
INFO: [ app_begin ] --START--
INFO: ReadHtmlCache Behavior ::run [ RunTime:0.000861s ]
INFO: [ app_begin ] --END-- [ RunTime:0.001012s ]
SQL: SHOW COLUMNS FROM `ccshop_goods` [ RunTime:0.005128s ]
SQL: SELECT COUNT(*) AS tp_count FROM `ccshop_goods` WHERE ( `gid` IN(1,2,3,4,5,6,7,8,9,10,11,12) ) LIMIT 1   [ RunTime:0.000547s ]
SQL: SELECT `gid`,`gname`,`marketprice`,`shopprice`,`pic` FROM `ccshop_goods` WHERE ( `gid` IN(1,2,3,4,5,6,7,8,9,10,11,12) ) ORDER BY time DESC LIMIT 0,8   [ RunTime:0.000526s ]
SQL: SELECT `gname`,`pic`,`click`,`shopprice` FROM `ccshop_goods` WHERE ( `cid` = 13 ) ORDER BY rand() LIMIT 4   [ RunTime:0.000571s ]
SQL: SELECT `gname`,`pic`,`click`,`shopprice` FROM `ccshop_goods` WHERE ( `cid` = 13 ) ORDER BY rand() LIMIT 5   [ RunTime:0.000520s ]
SQL: SHOW COLUMNS FROM `ccshop_category` [ RunTime:0.005262s ]
SQL: SELECT `cname` FROM `ccshop_category` WHERE ( `pid` = 4 )  [ RunTime:0.000599s ]
INFO: [ view_parse ] --START--
INFO: ParseTemplate Behavior ::run [ RunTime:0.045618s ]
INFO: [ view_parse ] --END-- [ RunTime:0.045818s ]
INFO: [ view_filter ] --START--
INFO: ContentReplace Behavior ::run [ RunTime:0.001497s ]
INFO: TokenBuild Behavior ::run [ RunTime:0.000921s ]
INFO: WriteHtmlCache Behavior ::run [ RunTime:0.000588s ]
INFO: ShowRuntime Behavior ::run [ RunTime:0.001127s ]
INFO: [ view_filter ] --END-- [ RunTime:0.004601s ]
INFO: [ view_end ] --START--
INFO: ShowPageTrace Behavior ::run [ RunTime:0.001319s ]
INFO: [ view_end ] --END-- [ RunTime:0.001510s ]

[ 2013-07-28T22:14:57+08:00 ] 127.0.0.1 /ccshop/svn_ccshop/11.html
INFO: [ route_check ] --START--
INFO: CheckRoute Behavior ::run [ RunTime:0.001450s ]
INFO: [ route_check ] --END-- [ RunTime:0.001691s ]
INFO: [ app_begin ] --START--
INFO: ReadHtmlCache Behavior ::run [ RunTime:0.000981s ]
INFO: [ app_begin ] --END-- [ RunTime:0.001209s ]
SQL: SHOW COLUMNS FROM `ccshop_goods` [ RunTime:0.005529s ]
SQL: SHOW COLUMNS FROM `ccshop_detail` [ RunTime:0.004511s ]
SQL: SHOW COLUMNS FROM `ccshop_brand` [ RunTime:0.005569s ]
SQL: SELECT goods.gid AS gid,goods.gname AS gname,goods.unit AS unit,goods.marketprice AS marketprice,goods.shopprice AS shopprice,goods.click AS click,goods.time AS time,detail.small AS small,detail.medium AS medium,detail.big AS big,detail.intro AS intro,detail.service AS service,brand.logo AS logo FROM ccshop_goods goods LEFT JOIN ccshop_detail detail ON goods.gid = detail.gid LEFT JOIN ccshop_brand brand ON goods.bid = brand.bid WHERE ( goods.gid = 11 ) LIMIT 1   [ RunTime:0.050647s ]
SQL: SHOW COLUMNS FROM `ccshop_goods_attr` [ RunTime:0.004699s ]
SQL: SELECT `gtid`,`gtvalue`,`added`,`taid` FROM `ccshop_goods_attr` WHERE ( `gid` = 11 )  [ RunTime:0.000858s ]
SQL: SHOW COLUMNS FROM `ccshop_type_attr` [ RunTime:0.004649s ]
SQL: SELECT `taname`,`class` FROM `ccshop_type_attr` WHERE ( `taid` = 1 ) LIMIT 1   [ RunTime:0.000461s ]
SQL: SELECT `taname`,`class` FROM `ccshop_type_attr` WHERE ( `taid` = 2 ) LIMIT 1   [ RunTime:0.000363s ]
SQL: SELECT `taname`,`class` FROM `ccshop_type_attr` WHERE ( `taid` = 3 ) LIMIT 1   [ RunTime:0.000334s ]
SQL: SELECT `taname`,`class` FROM `ccshop_type_attr` WHERE ( `taid` = 4 ) LIMIT 1   [ RunTime:0.000667s ]
SQL: SELECT `taname`,`class` FROM `ccshop_type_attr` WHERE ( `taid` = 5 ) LIMIT 1   [ RunTime:0.000430s ]
SQL: SELECT `taname`,`class` FROM `ccshop_type_attr` WHERE ( `taid` = 6 ) LIMIT 1   [ RunTime:0.000408s ]
SQL: SELECT `taname`,`class` FROM `ccshop_type_attr` WHERE ( `taid` = 7 ) LIMIT 1   [ RunTime:0.000448s ]
SQL: SELECT `taname`,`class` FROM `ccshop_type_attr` WHERE ( `taid` = 8 ) LIMIT 1   [ RunTime:0.000819s ]
SQL: SELECT `taname`,`class` FROM `ccshop_type_attr` WHERE ( `taid` = 9 ) LIMIT 1   [ RunTime:0.000491s ]
SQL: SELECT `taname`,`class` FROM `ccshop_type_attr` WHERE ( `taid` = 10 ) LIMIT 1   [ RunTime:0.000360s ]
SQL: SELECT `taname`,`class` FROM `ccshop_type_attr` WHERE ( `taid` = 11 ) LIMIT 1   [ RunTime:0.000389s ]
SQL: SELECT `taname`,`class` FROM `ccshop_type_attr` WHERE ( `taid` = 12 ) LIMIT 1   [ RunTime:0.000422s ]
SQL: SELECT `taname`,`class` FROM `ccshop_type_attr` WHERE ( `taid` = 13 ) LIMIT 1   [ RunTime:0.000497s ]
SQL: SHOW COLUMNS FROM `ccshop_goods_list` [ RunTime:0.005399s ]
SQL: SELECT `inventory` FROM `ccshop_goods_list` WHERE ( `gid` = 11 )  [ RunTime:0.000555s ]
SQL: SELECT `gname`,`pic`,`click`,`shopprice` FROM `ccshop_goods` WHERE ( `cid` = 13 ) ORDER BY rand() LIMIT 10   [ RunTime:0.000629s ]
INFO: [ view_parse ] --START--
INFO: ParseTemplate Behavior ::run [ RunTime:0.035921s ]
INFO: [ view_parse ] --END-- [ RunTime:0.036114s ]
INFO: [ view_filter ] --START--
INFO: ContentReplace Behavior ::run [ RunTime:0.001034s ]
INFO: TokenBuild Behavior ::run [ RunTime:0.000706s ]
INFO: WriteHtmlCache Behavior ::run [ RunTime:0.000502s ]
INFO: ShowRuntime Behavior ::run [ RunTime:0.000871s ]
INFO: [ view_filter ] --END-- [ RunTime:0.003586s ]
INFO: [ view_end ] --START--
INFO: ShowPageTrace Behavior ::run [ RunTime:0.001082s ]
INFO: [ view_end ] --END-- [ RunTime:0.001235s ]

[ 2013-07-28T22:14:59+08:00 ] 127.0.0.1 /ccshop/svn_ccshop/Show/getGoodsList.html
INFO: [ route_check ] --START--
INFO: CheckRoute Behavior ::run [ RunTime:0.001924s ]
INFO: [ route_check ] --END-- [ RunTime:0.002165s ]
INFO: [ app_begin ] --START--
INFO: ReadHtmlCache Behavior ::run [ RunTime:0.001018s ]
INFO: [ app_begin ] --END-- [ RunTime:0.001156s ]
SQL: SHOW COLUMNS FROM `ccshop_goods_list` [ RunTime:0.005426s ]
SQL: SELECT `glid`,`number`,`inventory`,`gid` FROM `ccshop_goods_list` WHERE ( `combine` = '181,183' ) LIMIT 1   [ RunTime:0.000425s ]
SQL: SHOW COLUMNS FROM `ccshop_goods_attr` [ RunTime:0.004845s ]
SQL: SELECT `added` FROM `ccshop_goods_attr` WHERE ( `gtid` = 181 ) LIMIT 1   [ RunTime:0.000343s ]
SQL: SELECT `added` FROM `ccshop_goods_attr` WHERE ( `gtid` = 183 ) LIMIT 1   [ RunTime:0.000239s ]

[ 2013-07-28T22:15:00+08:00 ] 127.0.0.1 /ccshop/svn_ccshop/Show/getGoodsList.html
INFO: [ route_check ] --START--
INFO: CheckRoute Behavior ::run [ RunTime:0.001766s ]
INFO: [ route_check ] --END-- [ RunTime:0.002032s ]
INFO: [ app_begin ] --START--
INFO: ReadHtmlCache Behavior ::run [ RunTime:0.000948s ]
INFO: [ app_begin ] --END-- [ RunTime:0.001098s ]
SQL: SHOW COLUMNS FROM `ccshop_goods_list` [ RunTime:0.004874s ]
SQL: SELECT `glid`,`number`,`inventory`,`gid` FROM `ccshop_goods_list` WHERE ( `combine` = '182,183' ) LIMIT 1   [ RunTime:0.000380s ]

[ 2013-07-28T22:15:11+08:00 ] 127.0.0.1 /ccshop/svn_ccshop/Show/getGoodsList.html
INFO: [ route_check ] --START--
INFO: CheckRoute Behavior ::run [ RunTime:0.001239s ]
INFO: [ route_check ] --END-- [ RunTime:0.001432s ]
INFO: [ app_begin ] --START--
INFO: ReadHtmlCache Behavior ::run [ RunTime:0.000856s ]
INFO: [ app_begin ] --END-- [ RunTime:0.000992s ]
SQL: SHOW COLUMNS FROM `ccshop_goods_list` [ RunTime:0.004859s ]
SQL: SELECT `glid`,`number`,`inventory`,`gid` FROM `ccshop_goods_list` WHERE ( `combine` = '182,183' ) LIMIT 1   [ RunTime:0.000416s ]

[ 2013-07-28T22:21:33+08:00 ] 127.0.0.1 /ccshop/svn_ccshop/Show/getGoodsList.html
INFO: [ route_check ] --START--
INFO: CheckRoute Behavior ::run [ RunTime:0.001593s ]
INFO: [ route_check ] --END-- [ RunTime:0.001799s ]
INFO: [ app_begin ] --START--
INFO: ReadHtmlCache Behavior ::run [ RunTime:0.001046s ]
INFO: [ app_begin ] --END-- [ RunTime:0.001191s ]
SQL: SHOW COLUMNS FROM `ccshop_goods_list` [ RunTime:0.005906s ]
SQL: SELECT `glid`,`number`,`inventory`,`gid` FROM `ccshop_goods_list` WHERE ( `combine` = '181,183' ) LIMIT 1   [ RunTime:0.002888s ]
SQL: SHOW COLUMNS FROM `ccshop_goods_attr` [ RunTime:0.004987s ]
SQL: SELECT `added` FROM `ccshop_goods_attr` WHERE ( `gtid` = 181 ) LIMIT 1   [ RunTime:0.000468s ]
SQL: SELECT `added` FROM `ccshop_goods_attr` WHERE ( `gtid` = 183 ) LIMIT 1   [ RunTime:0.000296s ]

[ 2013-07-28T22:21:34+08:00 ] 127.0.0.1 /ccshop/svn_ccshop/Show/getGoodsList.html
INFO: [ route_check ] --START--
INFO: CheckRoute Behavior ::run [ RunTime:0.001265s ]
INFO: [ route_check ] --END-- [ RunTime:0.001496s ]
INFO: [ app_begin ] --START--
INFO: ReadHtmlCache Behavior ::run [ RunTime:0.000863s ]
INFO: [ app_begin ] --END-- [ RunTime:0.001001s ]
SQL: SHOW COLUMNS FROM `ccshop_goods_list` [ RunTime:0.004761s ]
SQL: SELECT `glid`,`number`,`inventory`,`gid` FROM `ccshop_goods_list` WHERE ( `combine` = '180,183' ) LIMIT 1   [ RunTime:0.000579s ]
SQL: SHOW COLUMNS FROM `ccshop_goods_attr` [ RunTime:0.004981s ]
SQL: SELECT `added` FROM `ccshop_goods_attr` WHERE ( `gtid` = 180 ) LIMIT 1   [ RunTime:0.000479s ]
SQL: SELECT `added` FROM `ccshop_goods_attr` WHERE ( `gtid` = 183 ) LIMIT 1   [ RunTime:0.000461s ]

[ 2013-07-28T22:21:35+08:00 ] 127.0.0.1 /ccshop/svn_ccshop/Show/getGoodsList.html
INFO: [ route_check ] --START--
INFO: CheckRoute Behavior ::run [ RunTime:0.001766s ]
INFO: [ route_check ] --END-- [ RunTime:0.002035s ]
INFO: [ app_begin ] --START--
INFO: ReadHtmlCache Behavior ::run [ RunTime:0.001233s ]
INFO: [ app_begin ] --END-- [ RunTime:0.001431s ]
SQL: SHOW COLUMNS FROM `ccshop_goods_list` [ RunTime:0.004602s ]
SQL: SELECT `glid`,`number`,`inventory`,`gid` FROM `ccshop_goods_list` WHERE ( `combine` = '181,183' ) LIMIT 1   [ RunTime:0.000400s ]
SQL: SHOW COLUMNS FROM `ccshop_goods_attr` [ RunTime:0.004272s ]
SQL: SELECT `added` FROM `ccshop_goods_attr` WHERE ( `gtid` = 181 ) LIMIT 1   [ RunTime:0.000328s ]
SQL: SELECT `added` FROM `ccshop_goods_attr` WHERE ( `gtid` = 183 ) LIMIT 1   [ RunTime:0.000238s ]

[ 2013-07-28T22:21:40+08:00 ] 127.0.0.1 /ccshop/svn_ccshop/Show/getGoodsList.html
INFO: [ route_check ] --START--
INFO: CheckRoute Behavior ::run [ RunTime:0.001613s ]
INFO: [ route_check ] --END-- [ RunTime:0.001858s ]
INFO: [ app_begin ] --START--
INFO: ReadHtmlCache Behavior ::run [ RunTime:0.000926s ]
INFO: [ app_begin ] --END-- [ RunTime:0.001072s ]
SQL: SHOW COLUMNS FROM `ccshop_goods_list` [ RunTime:0.005140s ]
SQL: SELECT `glid`,`number`,`inventory`,`gid` FROM `ccshop_goods_list` WHERE ( `combine` = '181,183' ) LIMIT 1   [ RunTime:0.000608s ]
SQL: SHOW COLUMNS FROM `ccshop_goods_attr` [ RunTime:0.005025s ]
SQL: SELECT `added` FROM `ccshop_goods_attr` WHERE ( `gtid` = 181 ) LIMIT 1   [ RunTime:0.000374s ]
SQL: SELECT `added` FROM `ccshop_goods_attr` WHERE ( `gtid` = 183 ) LIMIT 1   [ RunTime:0.000240s ]

[ 2013-07-28T22:21:41+08:00 ] 127.0.0.1 /ccshop/svn_ccshop/Show/getGoodsList.html
INFO: [ route_check ] --START--
INFO: CheckRoute Behavior ::run [ RunTime:0.001766s ]
INFO: [ route_check ] --END-- [ RunTime:0.002001s ]
INFO: [ app_begin ] --START--
INFO: ReadHtmlCache Behavior ::run [ RunTime:0.000979s ]
INFO: [ app_begin ] --END-- [ RunTime:0.001134s ]
SQL: SHOW COLUMNS FROM `ccshop_goods_list` [ RunTime:0.005692s ]
SQL: SELECT `glid`,`number`,`inventory`,`gid` FROM `ccshop_goods_list` WHERE ( `combine` = '180,183' ) LIMIT 1   [ RunTime:0.000418s ]
SQL: SHOW COLUMNS FROM `ccshop_goods_attr` [ RunTime:0.004297s ]
SQL: SELECT `added` FROM `ccshop_goods_attr` WHERE ( `gtid` = 180 ) LIMIT 1   [ RunTime:0.000298s ]
SQL: SELECT `added` FROM `ccshop_goods_attr` WHERE ( `gtid` = 183 ) LIMIT 1   [ RunTime:0.000406s ]

[ 2013-07-28T22:21:42+08:00 ] 127.0.0.1 /ccshop/svn_ccshop/Show/getGoodsList.html
INFO: [ route_check ] --START--
INFO: CheckRoute Behavior ::run [ RunTime:0.001302s ]
INFO: [ route_check ] --END-- [ RunTime:0.001503s ]
INFO: [ app_begin ] --START--
INFO: ReadHtmlCache Behavior ::run [ RunTime:0.001010s ]
INFO: [ app_begin ] --END-- [ RunTime:0.001156s ]
SQL: SHOW COLUMNS FROM `ccshop_goods_list` [ RunTime:0.004984s ]
SQL: SELECT `glid`,`number`,`inventory`,`gid` FROM `ccshop_goods_list` WHERE ( `combine` = '181,183' ) LIMIT 1   [ RunTime:0.000633s ]
SQL: SHOW COLUMNS FROM `ccshop_goods_attr` [ RunTime:0.004754s ]
SQL: SELECT `added` FROM `ccshop_goods_attr` WHERE ( `gtid` = 181 ) LIMIT 1   [ RunTime:0.000519s ]
SQL: SELECT `added` FROM `ccshop_goods_attr` WHERE ( `gtid` = 183 ) LIMIT 1   [ RunTime:0.000435s ]

[ 2013-07-28T22:21:43+08:00 ] 127.0.0.1 /ccshop/svn_ccshop/Show/getGoodsList.html
INFO: [ route_check ] --START--
INFO: CheckRoute Behavior ::run [ RunTime:0.001235s ]
INFO: [ route_check ] --END-- [ RunTime:0.001427s ]
INFO: [ app_begin ] --START--
INFO: ReadHtmlCache Behavior ::run [ RunTime:0.001289s ]
INFO: [ app_begin ] --END-- [ RunTime:0.001434s ]
SQL: SHOW COLUMNS FROM `ccshop_goods_list` [ RunTime:0.005580s ]
SQL: SELECT `glid`,`number`,`inventory`,`gid` FROM `ccshop_goods_list` WHERE ( `combine` = '182,183' ) LIMIT 1   [ RunTime:0.002205s ]

[ 2013-07-28T22:25:59+08:00 ] 127.0.0.1 /ccshop/svn_ccshop/11.html
INFO: [ route_check ] --START--
INFO: CheckRoute Behavior ::run [ RunTime:0.001827s ]
INFO: [ route_check ] --END-- [ RunTime:0.002034s ]
INFO: [ app_begin ] --START--
INFO: ReadHtmlCache Behavior ::run [ RunTime:0.001186s ]
INFO: [ app_begin ] --END-- [ RunTime:0.001370s ]
SQL: SHOW COLUMNS FROM `ccshop_goods` [ RunTime:0.007280s ]
SQL: SHOW COLUMNS FROM `ccshop_detail` [ RunTime:0.004527s ]
SQL: SHOW COLUMNS FROM `ccshop_brand` [ RunTime:0.004959s ]
SQL: SELECT goods.gid AS gid,goods.gname AS gname,goods.unit AS unit,goods.marketprice AS marketprice,goods.shopprice AS shopprice,goods.click AS click,goods.time AS time,detail.small AS small,detail.medium AS medium,detail.big AS big,detail.intro AS intro,detail.service AS service,brand.logo AS logo FROM ccshop_goods goods LEFT JOIN ccshop_detail detail ON goods.gid = detail.gid LEFT JOIN ccshop_brand brand ON goods.bid = brand.bid WHERE ( goods.gid = 11 ) LIMIT 1   [ RunTime:0.000842s ]
SQL: SHOW COLUMNS FROM `ccshop_goods_attr` [ RunTime:0.004356s ]
SQL: SELECT `gtid`,`gtvalue`,`added`,`taid` FROM `ccshop_goods_attr` WHERE ( `gid` = 11 )  [ RunTime:0.000435s ]
SQL: SHOW COLUMNS FROM `ccshop_type_attr` [ RunTime:0.005052s ]
SQL: SELECT `taname`,`class` FROM `ccshop_type_attr` WHERE ( `taid` = 1 ) LIMIT 1   [ RunTime:0.000589s ]
SQL: SELECT `taname`,`class` FROM `ccshop_type_attr` WHERE ( `taid` = 2 ) LIMIT 1   [ RunTime:0.000328s ]
SQL: SELECT `taname`,`class` FROM `ccshop_type_attr` WHERE ( `taid` = 3 ) LIMIT 1   [ RunTime:0.000247s ]
SQL: SELECT `taname`,`class` FROM `ccshop_type_attr` WHERE ( `taid` = 4 ) LIMIT 1   [ RunTime:0.000334s ]
SQL: SELECT `taname`,`class` FROM `ccshop_type_attr` WHERE ( `taid` = 5 ) LIMIT 1   [ RunTime:0.000284s ]
SQL: SELECT `taname`,`class` FROM `ccshop_type_attr` WHERE ( `taid` = 6 ) LIMIT 1   [ RunTime:0.000242s ]
SQL: SELECT `taname`,`class` FROM `ccshop_type_attr` WHERE ( `taid` = 7 ) LIMIT 1   [ RunTime:0.000239s ]
SQL: SELECT `taname`,`class` FROM `ccshop_type_attr` WHERE ( `taid` = 8 ) LIMIT 1   [ RunTime:0.000241s ]
SQL: SELECT `taname`,`class` FROM `ccshop_type_attr` WHERE ( `taid` = 9 ) LIMIT 1   [ RunTime:0.000241s ]
SQL: SELECT `taname`,`class` FROM `ccshop_type_attr` WHERE ( `taid` = 10 ) LIMIT 1   [ RunTime:0.000239s ]
SQL: SELECT `taname`,`class` FROM `ccshop_type_attr` WHERE ( `taid` = 11 ) LIMIT 1   [ RunTime:0.000238s ]
SQL: SELECT `taname`,`class` FROM `ccshop_type_attr` WHERE ( `taid` = 12 ) LIMIT 1   [ RunTime:0.000238s ]
SQL: SELECT `taname`,`class` FROM `ccshop_type_attr` WHERE ( `taid` = 13 ) LIMIT 1   [ RunTime:0.000249s ]
SQL: SHOW COLUMNS FROM `ccshop_goods_list` [ RunTime:0.004556s ]
SQL: SELECT `inventory` FROM `ccshop_goods_list` WHERE ( `gid` = 11 )  [ RunTime:0.000341s ]
SQL: SELECT `gname`,`pic`,`click`,`shopprice` FROM `ccshop_goods` WHERE ( `cid` = 13 ) ORDER BY rand() LIMIT 10   [ RunTime:0.000488s ]
INFO: [ view_parse ] --START--
INFO: ParseTemplate Behavior ::run [ RunTime:0.046159s ]
INFO: [ view_parse ] --END-- [ RunTime:0.046377s ]
INFO: [ view_filter ] --START--
INFO: ContentReplace Behavior ::run [ RunTime:0.001091s ]
INFO: TokenBuild Behavior ::run [ RunTime:0.000849s ]
INFO: WriteHtmlCache Behavior ::run [ RunTime:0.000647s ]
INFO: ShowRuntime Behavior ::run [ RunTime:0.001010s ]
INFO: [ view_filter ] --END-- [ RunTime:0.004030s ]
INFO: [ view_end ] --START--
INFO: ShowPageTrace Behavior ::run [ RunTime:0.001143s ]
INFO: [ view_end ] --END-- [ RunTime:0.001315s ]

[ 2013-07-28T22:26:03+08:00 ] 127.0.0.1 /ccshop/svn_ccshop/admin
INFO: [ route_check ] --START--
INFO: CheckRoute Behavior ::run [ RunTime:0.001436s ]
INFO: [ route_check ] --END-- [ RunTime:0.001658s ]
INFO: [ app_begin ] --START--
INFO: ReadHtmlCache Behavior ::run [ RunTime:0.001088s ]
INFO: [ app_begin ] --END-- [ RunTime:0.001284s ]

[ 2013-07-28T22:26:03+08:00 ] 127.0.0.1 /ccshop/svn_ccshop/admin/Login/index.html
INFO: [ route_check ] --START--
INFO: CheckRoute Behavior ::run [ RunTime:0.001315s ]
INFO: [ route_check ] --END-- [ RunTime:0.001517s ]
INFO: [ app_begin ] --START--
INFO: ReadHtmlCache Behavior ::run [ RunTime:0.000917s ]
INFO: [ app_begin ] --END-- [ RunTime:0.001085s ]
INFO: [ view_parse ] --START--
INFO: ParseTemplate Behavior ::run [ RunTime:0.164783s ]
INFO: [ view_parse ] --END-- [ RunTime:0.164999s ]
INFO: [ view_filter ] --START--
INFO: ContentReplace Behavior ::run [ RunTime:0.000748s ]
INFO: TokenBuild Behavior ::run [ RunTime:0.000693s ]
INFO: WriteHtmlCache Behavior ::run [ RunTime:0.000498s ]
INFO: ShowRuntime Behavior ::run [ RunTime:0.001124s ]
INFO: [ view_filter ] --END-- [ RunTime:0.003507s ]
INFO: [ view_end ] --START--
INFO: ShowPageTrace Behavior ::run [ RunTime:0.001052s ]
INFO: [ view_end ] --END-- [ RunTime:0.001225s ]

[ 2013-07-28T22:26:04+08:00 ] 127.0.0.1 /ccshop/svn_ccshop/admin/Login/verify.html
INFO: [ route_check ] --START--
INFO: CheckRoute Behavior ::run [ RunTime:0.001753s ]
INFO: [ route_check ] --END-- [ RunTime:0.001947s ]
INFO: [ app_begin ] --START--
INFO: ReadHtmlCache Behavior ::run [ RunTime:0.001248s ]
INFO: [ app_begin ] --END-- [ RunTime:0.001427s ]

[ 2013-07-28T22:26:23+08:00 ] 127.0.0.1 /ccshop/svn_ccshop/admin/Login/checkverify.html
INFO: [ route_check ] --START--
INFO: CheckRoute Behavior ::run [ RunTime:0.002350s ]
INFO: [ route_check ] --END-- [ RunTime:0.002583s ]
INFO: [ app_begin ] --START--
INFO: ReadHtmlCache Behavior ::run [ RunTime:0.001281s ]
INFO: [ app_begin ] --END-- [ RunTime:0.001449s ]

[ 2013-07-28T22:26:24+08:00 ] 127.0.0.1 /ccshop/svn_ccshop/admin/Login/checkverify.html
INFO: [ route_check ] --START--
INFO: CheckRoute Behavior ::run [ RunTime:0.001213s ]
INFO: [ route_check ] --END-- [ RunTime:0.001394s ]
INFO: [ app_begin ] --START--
INFO: ReadHtmlCache Behavior ::run [ RunTime:0.000895s ]
INFO: [ app_begin ] --END-- [ RunTime:0.001037s ]

[ 2013-07-28T22:26:24+08:00 ] 127.0.0.1 /ccshop/svn_ccshop/admin/Login/index.html
INFO: [ route_check ] --START--
INFO: CheckRoute Behavior ::run [ RunTime:0.002279s ]
INFO: [ route_check ] --END-- [ RunTime:0.002490s ]
INFO: [ app_begin ] --START--
INFO: ReadHtmlCache Behavior ::run [ RunTime:0.001280s ]
INFO: [ app_begin ] --END-- [ RunTime:0.001492s ]
SQL: SHOW COLUMNS FROM `ccshop_admin` [ RunTime:0.087571s ]
SQL: SELECT * FROM `ccshop_admin` WHERE ( `adminaccount` = 'xiaodou666' ) LIMIT 1   [ RunTime:0.000670s ]
SQL: UPDATE `ccshop_admin` SET `logintime`=1375021584,`loginip`='127.0.0.1' WHERE ( `aid` = 1 ) [ RunTime:0.015247s ]

[ 2013-07-28T22:26:25+08:00 ] 127.0.0.1 /ccshop/svn_ccshop/admin
INFO: [ route_check ] --START--
INFO: CheckRoute Behavior ::run [ RunTime:0.002621s ]
INFO: [ route_check ] --END-- [ RunTime:0.002989s ]
INFO: [ app_begin ] --START--
INFO: ReadHtmlCache Behavior ::run [ RunTime:0.000848s ]
INFO: [ app_begin ] --END-- [ RunTime:0.000999s ]
INFO: [ view_parse ] --START--
INFO: ParseTemplate Behavior ::run [ RunTime:0.124991s ]
INFO: [ view_parse ] --END-- [ RunTime:0.125737s ]
INFO: [ view_filter ] --START--
INFO: ContentReplace Behavior ::run [ RunTime:0.001224s ]
INFO: TokenBuild Behavior ::run [ RunTime:0.000983s ]
INFO: WriteHtmlCache Behavior ::run [ RunTime:0.000754s ]
INFO: ShowRuntime Behavior ::run [ RunTime:0.001147s ]
INFO: [ view_filter ] --END-- [ RunTime:0.004603s ]
INFO: [ view_end ] --START--
INFO: ShowPageTrace Behavior ::run [ RunTime:0.001356s ]
INFO: [ view_end ] --END-- [ RunTime:0.001533s ]

[ 2013-07-28T22:26:25+08:00 ] 127.0.0.1 /ccshop/svn_ccshop/admin/Index/info.html
INFO: [ route_check ] --START--
INFO: CheckRoute Behavior ::run [ RunTime:0.002449s ]
INFO: [ route_check ] --END-- [ RunTime:0.002643s ]
INFO: [ app_begin ] --START--
INFO: ReadHtmlCache Behavior ::run [ RunTime:0.000919s ]
INFO: [ app_begin ] --END-- [ RunTime:0.001086s ]
INFO: [ view_parse ] --START--
INFO: ParseTemplate Behavior ::run [ RunTime:0.052292s ]
INFO: [ view_parse ] --END-- [ RunTime:0.052494s ]
INFO: [ view_filter ] --START--
INFO: ContentReplace Behavior ::run [ RunTime:0.000721s ]
INFO: TokenBuild Behavior ::run [ RunTime:0.000678s ]
INFO: WriteHtmlCache Behavior ::run [ RunTime:0.000476s ]
INFO: ShowRuntime Behavior ::run [ RunTime:0.000800s ]
INFO: [ view_filter ] --END-- [ RunTime:0.003148s ]
INFO: [ view_end ] --START--
INFO: ShowPageTrace Behavior ::run [ RunTime:0.000892s ]
INFO: [ view_end ] --END-- [ RunTime:0.001037s ]

[ 2013-07-28T22:26:28+08:00 ] 127.0.0.1 /ccshop/svn_ccshop/admin/Goods/index.html
INFO: [ route_check ] --START--
INFO: CheckRoute Behavior ::run [ RunTime:0.001211s ]
INFO: [ route_check ] --END-- [ RunTime:0.001385s ]
INFO: [ app_begin ] --START--
INFO: ReadHtmlCache Behavior ::run [ RunTime:0.000830s ]
INFO: [ app_begin ] --END-- [ RunTime:0.000974s ]
SQL: SHOW COLUMNS FROM `ccshop_goods` [ RunTime:0.005816s ]
SQL: SELECT `gid`,`gname`,`gnumber`,`unit`,`marketprice`,`shopprice`,`click`,`time`,`tid` FROM `ccshop_goods`  [ RunTime:0.000557s ]
SQL: SHOW COLUMNS FROM `ccshop_goods_list` [ RunTime:0.005058s ]
SQL: SELECT `inventory` FROM `ccshop_goods_list` WHERE ( `gid` = 1 )  [ RunTime:0.001523s ]
SQL: SELECT `inventory` FROM `ccshop_goods_list` WHERE ( `gid` = 2 )  [ RunTime:0.000442s ]
SQL: SELECT `inventory` FROM `ccshop_goods_list` WHERE ( `gid` = 3 )  [ RunTime:0.000393s ]
SQL: SELECT `inventory` FROM `ccshop_goods_list` WHERE ( `gid` = 4 )  [ RunTime:0.000334s ]
SQL: SELECT `inventory` FROM `ccshop_goods_list` WHERE ( `gid` = 5 )  [ RunTime:0.000240s ]
SQL: SELECT `inventory` FROM `ccshop_goods_list` WHERE ( `gid` = 6 )  [ RunTime:0.000262s ]
SQL: SELECT `inventory` FROM `ccshop_goods_list` WHERE ( `gid` = 7 )  [ RunTime:0.000238s ]
SQL: SELECT `inventory` FROM `ccshop_goods_list` WHERE ( `gid` = 8 )  [ RunTime:0.000246s ]
SQL: SELECT `inventory` FROM `ccshop_goods_list` WHERE ( `gid` = 9 )  [ RunTime:0.000256s ]
SQL: SELECT `inventory` FROM `ccshop_goods_list` WHERE ( `gid` = 10 )  [ RunTime:0.000245s ]
SQL: SELECT `inventory` FROM `ccshop_goods_list` WHERE ( `gid` = 11 )  [ RunTime:0.000259s ]
SQL: SELECT `inventory` FROM `ccshop_goods_list` WHERE ( `gid` = 12 )  [ RunTime:0.000268s ]
INFO: [ view_parse ] --START--
INFO: ParseTemplate Behavior ::run [ RunTime:0.031206s ]
INFO: [ view_parse ] --END-- [ RunTime:0.031432s ]
INFO: [ view_filter ] --START--
INFO: ContentReplace Behavior ::run [ RunTime:0.000935s ]
INFO: TokenBuild Behavior ::run [ RunTime:0.000725s ]
INFO: WriteHtmlCache Behavior ::run [ RunTime:0.000496s ]
INFO: ShowRuntime Behavior ::run [ RunTime:0.000858s ]
INFO: [ view_filter ] --END-- [ RunTime:0.003429s ]
INFO: [ view_end ] --START--
INFO: ShowPageTrace Behavior ::run [ RunTime:0.000927s ]
INFO: [ view_end ] --END-- [ RunTime:0.001074s ]

[ 2013-07-28T22:26:29+08:00 ] 127.0.0.1 /ccshop/svn_ccshop/admin/GoodsList/index/gid/1/tid/1.html
INFO: [ route_check ] --START--
INFO: CheckRoute Behavior ::run [ RunTime:0.001417s ]
INFO: [ route_check ] --END-- [ RunTime:0.001619s ]
INFO: [ app_begin ] --START--
INFO: ReadHtmlCache Behavior ::run [ RunTime:0.001035s ]
INFO: [ app_begin ] --END-- [ RunTime:0.001220s ]
SQL: SHOW COLUMNS FROM `ccshop_type_attr` [ RunTime:0.005038s ]
SQL: SELECT `taid`,`taname` FROM `ccshop_type_attr` WHERE ( `tid` = 1 ) AND ( `class` = 1 )  [ RunTime:0.000637s ]
SQL: SHOW COLUMNS FROM `ccshop_goods_attr` [ RunTime:0.004651s ]
SQL: SELECT `gtid`,`gtvalue` FROM `ccshop_goods_attr` WHERE ( `gid` = 1 ) AND ( `taid` = 12 )  [ RunTime:0.035230s ]
SQL: SELECT `gtid`,`gtvalue` FROM `ccshop_goods_attr` WHERE ( `gid` = 1 ) AND ( `taid` = 13 )  [ RunTime:0.000474s ]
SQL: SHOW COLUMNS FROM `ccshop_goods_list` [ RunTime:0.004666s ]
SQL: SELECT * FROM `ccshop_goods_list` WHERE ( `gid` = 1 )  [ RunTime:0.000441s ]
SQL: SELECT `gtvalue` FROM `ccshop_goods_attr` WHERE ( `gtid` IN ('12','17') )  [ RunTime:0.000349s ]
SQL: SELECT `gtvalue` FROM `ccshop_goods_attr` WHERE ( `gtid` IN ('12','18') )  [ RunTime:0.000266s ]
SQL: SELECT `gtvalue` FROM `ccshop_goods_attr` WHERE ( `gtid` IN ('13','18') )  [ RunTime:0.000269s ]
SQL: SELECT `gtvalue` FROM `ccshop_goods_attr` WHERE ( `gtid` IN ('15','19') )  [ RunTime:0.000260s ]
SQL: SELECT `gtvalue` FROM `ccshop_goods_attr` WHERE ( `gtid` IN ('16','18') )  [ RunTime:0.002916s ]
SQL: SELECT `gtvalue` FROM `ccshop_goods_attr` WHERE ( `gtid` IN ('12','19') )  [ RunTime:0.000732s ]
SQL: SELECT `gtvalue` FROM `ccshop_goods_attr` WHERE ( `gtid` IN ('16','19') )  [ RunTime:0.000461s ]
INFO: [ view_parse ] --START--
INFO: ParseTemplate Behavior ::run [ RunTime:0.044984s ]
INFO: [ view_parse ] --END-- [ RunTime:0.045200s ]
INFO: [ view_filter ] --START--
INFO: ContentReplace Behavior ::run [ RunTime:0.000901s ]
INFO: TokenBuild Behavior ::run [ RunTime:0.000682s ]
INFO: WriteHtmlCache Behavior ::run [ RunTime:0.000483s ]
INFO: ShowRuntime Behavior ::run [ RunTime:0.000935s ]
INFO: [ view_filter ] --END-- [ RunTime:0.003413s ]
INFO: [ view_end ] --START--
INFO: ShowPageTrace Behavior ::run [ RunTime:0.001008s ]
INFO: [ view_end ] --END-- [ RunTime:0.001160s ]

[ 2013-07-28T22:28:38+08:00 ] 127.0.0.1 /ccshop/svn_ccshop/Show/getGoodsList.html
INFO: [ route_check ] --START--
INFO: CheckRoute Behavior ::run [ RunTime:0.001593s ]
INFO: [ route_check ] --END-- [ RunTime:0.001786s ]
INFO: [ app_begin ] --START--
INFO: ReadHtmlCache Behavior ::run [ RunTime:0.001160s ]
INFO: [ app_begin ] --END-- [ RunTime:0.001339s ]
SQL: SHOW COLUMNS FROM `ccshop_goods_list` [ RunTime:0.004636s ]
SQL: SELECT `glid`,`number`,`inventory`,`gid` FROM `ccshop_goods_list` WHERE ( `combine` = '180,183' ) LIMIT 1   [ RunTime:0.000831s ]
SQL: SHOW COLUMNS FROM `ccshop_goods_attr` [ RunTime:0.005183s ]
SQL: SELECT `added` FROM `ccshop_goods_attr` WHERE ( `gtid` = 180 ) LIMIT 1   [ RunTime:0.000420s ]
SQL: SELECT `added` FROM `ccshop_goods_attr` WHERE ( `gtid` = 183 ) LIMIT 1   [ RunTime:0.000264s ]

[ 2013-07-28T22:28:40+08:00 ] 127.0.0.1 /ccshop/svn_ccshop/Show/getGoodsList.html
INFO: [ route_check ] --START--
INFO: CheckRoute Behavior ::run [ RunTime:0.001223s ]
INFO: [ route_check ] --END-- [ RunTime:0.001406s ]
INFO: [ app_begin ] --START--
INFO: ReadHtmlCache Behavior ::run [ RunTime:0.000910s ]
INFO: [ app_begin ] --END-- [ RunTime:0.001041s ]
SQL: SHOW COLUMNS FROM `ccshop_goods_list` [ RunTime:0.005286s ]
SQL: SELECT `glid`,`number`,`inventory`,`gid` FROM `ccshop_goods_list` WHERE ( `combine` = '181,183' ) LIMIT 1   [ RunTime:0.000463s ]
SQL: SHOW COLUMNS FROM `ccshop_goods_attr` [ RunTime:0.004645s ]
SQL: SELECT `added` FROM `ccshop_goods_attr` WHERE ( `gtid` = 181 ) LIMIT 1   [ RunTime:0.000403s ]
SQL: SELECT `added` FROM `ccshop_goods_attr` WHERE ( `gtid` = 183 ) LIMIT 1   [ RunTime:0.000312s ]

[ 2013-07-28T22:28:41+08:00 ] 127.0.0.1 /ccshop/svn_ccshop/Show/getGoodsList.html
INFO: [ route_check ] --START--
INFO: CheckRoute Behavior ::run [ RunTime:0.001207s ]
INFO: [ route_check ] --END-- [ RunTime:0.001388s ]
INFO: [ app_begin ] --START--
INFO: ReadHtmlCache Behavior ::run [ RunTime:0.000833s ]
INFO: [ app_begin ] --END-- [ RunTime:0.000959s ]
SQL: SHOW COLUMNS FROM `ccshop_goods_list` [ RunTime:0.005336s ]
SQL: SELECT `glid`,`number`,`inventory`,`gid` FROM `ccshop_goods_list` WHERE ( `combine` = '180,183' ) LIMIT 1   [ RunTime:0.000585s ]
SQL: SHOW COLUMNS FROM `ccshop_goods_attr` [ RunTime:0.004989s ]
SQL: SELECT `added` FROM `ccshop_goods_attr` WHERE ( `gtid` = 180 ) LIMIT 1   [ RunTime:0.000346s ]
SQL: SELECT `added` FROM `ccshop_goods_attr` WHERE ( `gtid` = 183 ) LIMIT 1   [ RunTime:0.000237s ]

[ 2013-07-28T22:28:42+08:00 ] 127.0.0.1 /ccshop/svn_ccshop/Show/getGoodsList.html
INFO: [ route_check ] --START--
INFO: CheckRoute Behavior ::run [ RunTime:0.001205s ]
INFO: [ route_check ] --END-- [ RunTime:0.001387s ]
INFO: [ app_begin ] --START--
INFO: ReadHtmlCache Behavior ::run [ RunTime:0.000832s ]
INFO: [ app_begin ] --END-- [ RunTime:0.000959s ]
SQL: SHOW COLUMNS FROM `ccshop_goods_list` [ RunTime:0.005476s ]
SQL: SELECT `glid`,`number`,`inventory`,`gid` FROM `ccshop_goods_list` WHERE ( `combine` = '181,183' ) LIMIT 1   [ RunTime:0.000463s ]
SQL: SHOW COLUMNS FROM `ccshop_goods_attr` [ RunTime:0.004418s ]
SQL: SELECT `added` FROM `ccshop_goods_attr` WHERE ( `gtid` = 181 ) LIMIT 1   [ RunTime:0.000709s ]
SQL: SELECT `added` FROM `ccshop_goods_attr` WHERE ( `gtid` = 183 ) LIMIT 1   [ RunTime:0.000239s ]

