[ 2013-07-12T00:07:39+08:00 ] 127.0.0.1 /ccshop/svn_ccshop/
INFO: [ app_begin ] --START--
INFO: ReadHtmlCache Behavior ::run [ RunTime:0.001424s ]
INFO: [ app_begin ] --END-- [ RunTime:0.001613s ]
INFO: [ view_parse ] --START--
INFO: ParseTemplate Behavior ::run [ RunTime:0.174315s ]
INFO: [ view_parse ] --END-- [ RunTime:0.174553s ]
INFO: [ view_filter ] --START--
INFO: ContentReplace Behavior ::run [ RunTime:0.001597s ]
INFO: TokenBuild Behavior ::run [ RunTime:0.001105s ]
INFO: WriteHtmlCache Behavior ::run [ RunTime:0.000877s ]
INFO: ShowRuntime Behavior ::run [ RunTime:0.001274s ]
INFO: [ view_filter ] --END-- [ RunTime:0.005270s ]
INFO: [ view_end ] --START--
INFO: ShowPageTrace Behavior ::run [ RunTime:0.001244s ]
INFO: [ view_end ] --END-- [ RunTime:0.001392s ]

[ 2013-07-12T00:09:01+08:00 ] 127.0.0.1 /ccshop/svn_ccshop/
INFO: [ app_begin ] --START--
INFO: ReadHtmlCache Behavior ::run [ RunTime:0.001440s ]
INFO: [ app_begin ] --END-- [ RunTime:0.001637s ]
NOTIC: [8] Use of undefined constant __PUBLIC__ - assumed '__PUBLIC__' E:\wamp\www\ccshop\svn_ccshop\App\Modules\Index\Action\IndexAction.class.php 第 7 行.
INFO: [ view_parse ] --START--
INFO: ParseTemplate Behavior ::run [ RunTime:0.084918s ]
INFO: [ view_parse ] --END-- [ RunTime:0.085124s ]
INFO: [ view_filter ] --START--
INFO: ContentReplace Behavior ::run [ RunTime:0.001645s ]
INFO: TokenBuild Behavior ::run [ RunTime:0.001186s ]
INFO: WriteHtmlCache Behavior ::run [ RunTime:0.000804s ]
INFO: ShowRuntime Behavior ::run [ RunTime:0.001160s ]
INFO: [ view_filter ] --END-- [ RunTime:0.005373s ]
INFO: [ view_end ] --START--
INFO: ShowPageTrace Behavior ::run [ RunTime:0.001236s ]
INFO: [ view_end ] --END-- [ RunTime:0.001386s ]

[ 2013-07-12T00:09:33+08:00 ] 127.0.0.1 /ccshop/svn_ccshop/
INFO: [ app_begin ] --START--
INFO: ReadHtmlCache Behavior ::run [ RunTime:0.001481s ]
INFO: [ app_begin ] --END-- [ RunTime:0.001673s ]
INFO: [ view_parse ] --START--
INFO: ParseTemplate Behavior ::run [ RunTime:0.064496s ]
INFO: [ view_parse ] --END-- [ RunTime:0.064694s ]
INFO: [ view_filter ] --START--
INFO: ContentReplace Behavior ::run [ RunTime:0.001840s ]
INFO: TokenBuild Behavior ::run [ RunTime:0.001227s ]
INFO: WriteHtmlCache Behavior ::run [ RunTime:0.000768s ]
INFO: ShowRuntime Behavior ::run [ RunTime:0.001249s ]
INFO: [ view_filter ] --END-- [ RunTime:0.005621s ]
INFO: [ view_end ] --START--
INFO: ShowPageTrace Behavior ::run [ RunTime:0.001274s ]
INFO: [ view_end ] --END-- [ RunTime:0.001424s ]

[ 2013-07-12T00:10:35+08:00 ] 127.0.0.1 /ccshop/svn_ccshop/
INFO: [ app_begin ] --START--
INFO: ReadHtmlCache Behavior ::run [ RunTime:0.001444s ]
INFO: [ app_begin ] --END-- [ RunTime:0.001637s ]
INFO: [ view_parse ] --START--
INFO: ParseTemplate Behavior ::run [ RunTime:0.057037s ]
INFO: [ view_parse ] --END-- [ RunTime:0.057238s ]
INFO: [ view_filter ] --START--
INFO: ContentReplace Behavior ::run [ RunTime:0.001740s ]
INFO: TokenBuild Behavior ::run [ RunTime:0.001102s ]
INFO: WriteHtmlCache Behavior ::run [ RunTime:0.000831s ]
INFO: ShowRuntime Behavior ::run [ RunTime:0.001268s ]
INFO: [ view_filter ] --END-- [ RunTime:0.005356s ]
INFO: [ view_end ] --START--
INFO: ShowPageTrace Behavior ::run [ RunTime:0.001212s ]
INFO: [ view_end ] --END-- [ RunTime:0.001360s ]

[ 2013-07-12T00:10:54+08:00 ] 127.0.0.1 /ccshop/svn_ccshop/
INFO: [ app_begin ] --START--
INFO: ReadHtmlCache Behavior ::run [ RunTime:0.001040s ]
INFO: [ app_begin ] --END-- [ RunTime:0.001230s ]
INFO: [ view_parse ] --START--
INFO: ParseTemplate Behavior ::run [ RunTime:0.056276s ]
INFO: [ view_parse ] --END-- [ RunTime:0.056476s ]
INFO: [ view_filter ] --START--
INFO: ContentReplace Behavior ::run [ RunTime:0.001546s ]
INFO: TokenBuild Behavior ::run [ RunTime:0.000867s ]
INFO: WriteHtmlCache Behavior ::run [ RunTime:0.000647s ]
INFO: ShowRuntime Behavior ::run [ RunTime:0.001085s ]
INFO: [ view_filter ] --END-- [ RunTime:0.004549s ]
INFO: [ view_end ] --START--
INFO: ShowPageTrace Behavior ::run [ RunTime:0.001056s ]
INFO: [ view_end ] --END-- [ RunTime:0.001205s ]

[ 2013-07-12T00:10:57+08:00 ] 127.0.0.1 /ccshop/svn_ccshop/
INFO: [ app_begin ] --START--
INFO: ReadHtmlCache Behavior ::run [ RunTime:0.001249s ]
INFO: [ app_begin ] --END-- [ RunTime:0.001732s ]
INFO: [ view_parse ] --START--
INFO: ParseTemplate Behavior ::run [ RunTime:0.054714s ]
INFO: [ view_parse ] --END-- [ RunTime:0.054940s ]
INFO: [ view_filter ] --START--
INFO: ContentReplace Behavior ::run [ RunTime:0.001621s ]
INFO: TokenBuild Behavior ::run [ RunTime:0.000881s ]
INFO: WriteHtmlCache Behavior ::run [ RunTime:0.000601s ]
INFO: ShowRuntime Behavior ::run [ RunTime:0.001143s ]
INFO: [ view_filter ] --END-- [ RunTime:0.004670s ]
INFO: [ view_end ] --START--
INFO: ShowPageTrace Behavior ::run [ RunTime:0.001204s ]
INFO: [ view_end ] --END-- [ RunTime:0.001367s ]

[ 2013-07-12T00:13:39+08:00 ] 127.0.0.1 /ccshop/svn_ccshop/
INFO: [ app_begin ] --START--
INFO: ReadHtmlCache Behavior ::run [ RunTime:0.001370s ]
INFO: [ app_begin ] --END-- [ RunTime:0.001585s ]
INFO: [ view_parse ] --START--
INFO: ParseTemplate Behavior ::run [ RunTime:0.057612s ]
INFO: [ view_parse ] --END-- [ RunTime:0.057816s ]
INFO: [ view_filter ] --START--
INFO: ContentReplace Behavior ::run [ RunTime:0.001733s ]
INFO: TokenBuild Behavior ::run [ RunTime:0.001270s ]
INFO: WriteHtmlCache Behavior ::run [ RunTime:0.000923s ]
INFO: ShowRuntime Behavior ::run [ RunTime:0.001395s ]
INFO: [ view_filter ] --END-- [ RunTime:0.005769s ]
INFO: [ view_end ] --START--
INFO: ShowPageTrace Behavior ::run [ RunTime:0.001393s ]
INFO: [ view_end ] --END-- [ RunTime:0.001579s ]

[ 2013-07-12T00:13:41+08:00 ] 127.0.0.1 /ccshop/svn_ccshop/
INFO: [ app_begin ] --START--
INFO: ReadHtmlCache Behavior ::run [ RunTime:0.001038s ]
INFO: [ app_begin ] --END-- [ RunTime:0.001224s ]
INFO: [ view_parse ] --START--
INFO: ParseTemplate Behavior ::run [ RunTime:0.055491s ]
INFO: [ view_parse ] --END-- [ RunTime:0.055691s ]
INFO: [ view_filter ] --START--
INFO: ContentReplace Behavior ::run [ RunTime:0.001559s ]
INFO: TokenBuild Behavior ::run [ RunTime:0.000889s ]
INFO: WriteHtmlCache Behavior ::run [ RunTime:0.000590s ]
INFO: ShowRuntime Behavior ::run [ RunTime:0.001088s ]
INFO: [ view_filter ] --END-- [ RunTime:0.004539s ]
INFO: [ view_end ] --START--
INFO: ShowPageTrace Behavior ::run [ RunTime:0.001049s ]
INFO: [ view_end ] --END-- [ RunTime:0.001198s ]

[ 2013-07-12T00:13:42+08:00 ] 127.0.0.1 /ccshop/svn_ccshop/
INFO: [ app_begin ] --START--
INFO: ReadHtmlCache Behavior ::run [ RunTime:0.001085s ]
INFO: [ app_begin ] --END-- [ RunTime:0.001282s ]
INFO: [ view_parse ] --START--
INFO: ParseTemplate Behavior ::run [ RunTime:0.057388s ]
INFO: [ view_parse ] --END-- [ RunTime:0.057588s ]
INFO: [ view_filter ] --START--
INFO: ContentReplace Behavior ::run [ RunTime:0.001565s ]
INFO: TokenBuild Behavior ::run [ RunTime:0.000908s ]
INFO: WriteHtmlCache Behavior ::run [ RunTime:0.000608s ]
INFO: ShowRuntime Behavior ::run [ RunTime:0.001062s ]
INFO: [ view_filter ] --END-- [ RunTime:0.004588s ]
INFO: [ view_end ] --START--
INFO: ShowPageTrace Behavior ::run [ RunTime:0.001040s ]
INFO: [ view_end ] --END-- [ RunTime:0.001189s ]

[ 2013-07-12T00:14:02+08:00 ] 127.0.0.1 /ccshop/svn_ccshop/
INFO: [ app_begin ] --START--
INFO: ReadHtmlCache Behavior ::run [ RunTime:0.001313s ]
INFO: [ app_begin ] --END-- [ RunTime:0.001494s ]
INFO: [ view_parse ] --START--
INFO: ParseTemplate Behavior ::run [ RunTime:0.068072s ]
INFO: [ view_parse ] --END-- [ RunTime:0.068278s ]
INFO: [ view_filter ] --START--
INFO: ContentReplace Behavior ::run [ RunTime:0.001684s ]
INFO: TokenBuild Behavior ::run [ RunTime:0.001013s ]
INFO: WriteHtmlCache Behavior ::run [ RunTime:0.000747s ]
INFO: ShowRuntime Behavior ::run [ RunTime:0.001207s ]
INFO: [ view_filter ] --END-- [ RunTime:0.005059s ]
INFO: [ view_end ] --START--
INFO: ShowPageTrace Behavior ::run [ RunTime:0.001323s ]
INFO: [ view_end ] --END-- [ RunTime:0.001486s ]

[ 2013-07-12T00:16:59+08:00 ] 127.0.0.1 /ccshop/svn_ccshop/
INFO: [ app_begin ] --START--
INFO: ReadHtmlCache Behavior ::run [ RunTime:0.001426s ]
INFO: [ app_begin ] --END-- [ RunTime:0.001717s ]
INFO: [ view_parse ] --START--
INFO: ParseTemplate Behavior ::run [ RunTime:0.066496s ]
INFO: [ view_parse ] --END-- [ RunTime:0.066730s ]
INFO: [ view_filter ] --START--
INFO: ContentReplace Behavior ::run [ RunTime:0.001907s ]
INFO: TokenBuild Behavior ::run [ RunTime:0.001016s ]
INFO: WriteHtmlCache Behavior ::run [ RunTime:0.000795s ]
INFO: ShowRuntime Behavior ::run [ RunTime:0.001261s ]
INFO: [ view_filter ] --END-- [ RunTime:0.005393s ]
INFO: [ view_end ] --START--
INFO: ShowPageTrace Behavior ::run [ RunTime:0.001395s ]
INFO: [ view_end ] --END-- [ RunTime:0.001562s ]

[ 2013-07-12T00:17:10+08:00 ] 127.0.0.1 /ccshop/svn_ccshop/
INFO: [ app_begin ] --START--
INFO: ReadHtmlCache Behavior ::run [ RunTime:0.001342s ]
INFO: [ app_begin ] --END-- [ RunTime:0.001523s ]
INFO: [ view_parse ] --START--
INFO: ParseTemplate Behavior ::run [ RunTime:0.056294s ]
INFO: [ view_parse ] --END-- [ RunTime:0.056497s ]
INFO: [ view_filter ] --START--
INFO: ContentReplace Behavior ::run [ RunTime:0.001714s ]
INFO: TokenBuild Behavior ::run [ RunTime:0.001041s ]
INFO: WriteHtmlCache Behavior ::run [ RunTime:0.000754s ]
INFO: ShowRuntime Behavior ::run [ RunTime:0.001563s ]
INFO: [ view_filter ] --END-- [ RunTime:0.005492s ]
INFO: [ view_end ] --START--
INFO: ShowPageTrace Behavior ::run [ RunTime:0.001393s ]
INFO: [ view_end ] --END-- [ RunTime:0.001548s ]

[ 2013-07-12T00:17:11+08:00 ] 127.0.0.1 /ccshop/svn_ccshop/
INFO: [ app_begin ] --START--
INFO: ReadHtmlCache Behavior ::run [ RunTime:0.001004s ]
INFO: [ app_begin ] --END-- [ RunTime:0.001184s ]
INFO: [ view_parse ] --START--
INFO: ParseTemplate Behavior ::run [ RunTime:0.054398s ]
INFO: [ view_parse ] --END-- [ RunTime:0.054592s ]
INFO: [ view_filter ] --START--
INFO: ContentReplace Behavior ::run [ RunTime:0.001921s ]
INFO: TokenBuild Behavior ::run [ RunTime:0.001001s ]
INFO: WriteHtmlCache Behavior ::run [ RunTime:0.000594s ]
INFO: ShowRuntime Behavior ::run [ RunTime:0.001068s ]
INFO: [ view_filter ] --END-- [ RunTime:0.005013s ]
INFO: [ view_end ] --START--
INFO: ShowPageTrace Behavior ::run [ RunTime:0.001042s ]
INFO: [ view_end ] --END-- [ RunTime:0.001191s ]

[ 2013-07-12T00:17:51+08:00 ] 127.0.0.1 /ccshop/svn_ccshop/
INFO: [ app_begin ] --START--
INFO: ReadHtmlCache Behavior ::run [ RunTime:0.001011s ]
INFO: [ app_begin ] --END-- [ RunTime:0.001193s ]
INFO: [ view_parse ] --START--
INFO: ParseTemplate Behavior ::run [ RunTime:0.054654s ]
INFO: [ view_parse ] --END-- [ RunTime:0.054843s ]
INFO: [ view_filter ] --START--
INFO: ContentReplace Behavior ::run [ RunTime:0.001767s ]
INFO: TokenBuild Behavior ::run [ RunTime:0.000998s ]
INFO: WriteHtmlCache Behavior ::run [ RunTime:0.000663s ]
INFO: ShowRuntime Behavior ::run [ RunTime:0.001064s ]
INFO: [ view_filter ] --END-- [ RunTime:0.004914s ]
INFO: [ view_end ] --START--
INFO: ShowPageTrace Behavior ::run [ RunTime:0.001050s ]
INFO: [ view_end ] --END-- [ RunTime:0.001198s ]

[ 2013-07-12T00:19:27+08:00 ] 127.0.0.1 /ccshop/svn_ccshop/
INFO: [ app_begin ] --START--
INFO: ReadHtmlCache Behavior ::run [ RunTime:0.001372s ]
INFO: [ app_begin ] --END-- [ RunTime:0.001556s ]
INFO: [ view_parse ] --START--
INFO: ParseTemplate Behavior ::run [ RunTime:0.057646s ]
INFO: [ view_parse ] --END-- [ RunTime:0.057850s ]
INFO: [ view_filter ] --START--
INFO: ContentReplace Behavior ::run [ RunTime:0.001669s ]
INFO: TokenBuild Behavior ::run [ RunTime:0.001012s ]
INFO: WriteHtmlCache Behavior ::run [ RunTime:0.000742s ]
INFO: ShowRuntime Behavior ::run [ RunTime:0.001200s ]
INFO: [ view_filter ] --END-- [ RunTime:0.005033s ]
INFO: [ view_end ] --START--
INFO: ShowPageTrace Behavior ::run [ RunTime:0.001302s ]
INFO: [ view_end ] --END-- [ RunTime:0.001457s ]

[ 2013-07-12T00:19:34+08:00 ] 127.0.0.1 /ccshop/svn_ccshop/
INFO: [ app_begin ] --START--
INFO: ReadHtmlCache Behavior ::run [ RunTime:0.001394s ]
INFO: [ app_begin ] --END-- [ RunTime:0.001656s ]
INFO: [ view_parse ] --START--
INFO: ParseTemplate Behavior ::run [ RunTime:0.063648s ]
INFO: [ view_parse ] --END-- [ RunTime:0.063847s ]
INFO: [ view_filter ] --START--
INFO: ContentReplace Behavior ::run [ RunTime:0.001693s ]
INFO: TokenBuild Behavior ::run [ RunTime:0.001022s ]
INFO: WriteHtmlCache Behavior ::run [ RunTime:0.000742s ]
INFO: ShowRuntime Behavior ::run [ RunTime:0.001378s ]
INFO: [ view_filter ] --END-- [ RunTime:0.005246s ]
INFO: [ view_end ] --START--
INFO: ShowPageTrace Behavior ::run [ RunTime:0.001374s ]
INFO: [ view_end ] --END-- [ RunTime:0.001532s ]

[ 2013-07-12T00:21:45+08:00 ] 127.0.0.1 /ccshop/svn_ccshop/
INFO: [ app_begin ] --START--
INFO: ReadHtmlCache Behavior ::run [ RunTime:0.001390s ]
INFO: [ app_begin ] --END-- [ RunTime:0.001576s ]
INFO: [ view_parse ] --START--
INFO: ParseTemplate Behavior ::run [ RunTime:0.056421s ]
INFO: [ view_parse ] --END-- [ RunTime:0.056667s ]
INFO: [ view_filter ] --START--
INFO: ContentReplace Behavior ::run [ RunTime:0.001947s ]
INFO: TokenBuild Behavior ::run [ RunTime:0.001097s ]
INFO: WriteHtmlCache Behavior ::run [ RunTime:0.000794s ]
INFO: ShowRuntime Behavior ::run [ RunTime:0.001313s ]
INFO: [ view_filter ] --END-- [ RunTime:0.005573s ]
INFO: [ view_end ] --START--
INFO: ShowPageTrace Behavior ::run [ RunTime:0.001226s ]
INFO: [ view_end ] --END-- [ RunTime:0.001377s ]

[ 2013-07-12T00:43:17+08:00 ] 127.0.0.1 /ccshop/svn_ccshop/
INFO: [ app_begin ] --START--
INFO: ReadHtmlCache Behavior ::run [ RunTime:0.001474s ]
INFO: [ app_begin ] --END-- [ RunTime:0.001678s ]
INFO: [ view_parse ] --START--
INFO: ParseTemplate Behavior ::run [ RunTime:0.057308s ]
INFO: [ view_parse ] --END-- [ RunTime:0.057516s ]
INFO: [ view_filter ] --START--
INFO: ContentReplace Behavior ::run [ RunTime:0.001893s ]
INFO: TokenBuild Behavior ::run [ RunTime:0.001061s ]
INFO: WriteHtmlCache Behavior ::run [ RunTime:0.000759s ]
INFO: ShowRuntime Behavior ::run [ RunTime:0.002056s ]
INFO: [ view_filter ] --END-- [ RunTime:0.006201s ]
INFO: [ view_end ] --START--
INFO: ShowPageTrace Behavior ::run [ RunTime:0.001329s ]
INFO: [ view_end ] --END-- [ RunTime:0.001481s ]

[ 2013-07-12T00:52:05+08:00 ] 127.0.0.1 /ccshop/svn_ccshop/
INFO: [ app_begin ] --START--
INFO: ReadHtmlCache Behavior ::run [ RunTime:0.001329s ]
INFO: [ app_begin ] --END-- [ RunTime:0.001514s ]
INFO: [ view_parse ] --START--
INFO: ParseTemplate Behavior ::run [ RunTime:0.055791s ]
INFO: [ view_parse ] --END-- [ RunTime:0.056001s ]
INFO: [ view_filter ] --START--
INFO: ContentReplace Behavior ::run [ RunTime:0.001892s ]
INFO: TokenBuild Behavior ::run [ RunTime:0.001056s ]
INFO: WriteHtmlCache Behavior ::run [ RunTime:0.000740s ]
INFO: ShowRuntime Behavior ::run [ RunTime:0.001173s ]
INFO: [ view_filter ] --END-- [ RunTime:0.005275s ]
INFO: [ view_end ] --START--
INFO: ShowPageTrace Behavior ::run [ RunTime:0.001220s ]
INFO: [ view_end ] --END-- [ RunTime:0.001373s ]

[ 2013-07-12T00:54:25+08:00 ] 127.0.0.1 /ccshop/svn_ccshop/
INFO: [ app_begin ] --START--
INFO: ReadHtmlCache Behavior ::run [ RunTime:0.001566s ]
INFO: [ app_begin ] --END-- [ RunTime:0.001751s ]
INFO: [ view_parse ] --START--
NOTIC: [2] file_get_contents(__PUBLIC__/Html/header.html) [<a href='function.file-get-contents'>function.file-get-contents</a>]: failed to open stream: No such file or directory E:\wamp\www\ccshop\svn_ccshop\ThinkPHP\Lib\Template\ThinkTemplate.class.php 第 695 行.
INFO: ParseTemplate Behavior ::run [ RunTime:0.232218s ]
INFO: [ view_parse ] --END-- [ RunTime:0.232429s ]
INFO: [ view_filter ] --START--
INFO: ContentReplace Behavior ::run [ RunTime:0.002034s ]
INFO: TokenBuild Behavior ::run [ RunTime:0.001064s ]
INFO: WriteHtmlCache Behavior ::run [ RunTime:0.000745s ]
INFO: ShowRuntime Behavior ::run [ RunTime:0.001182s ]
INFO: [ view_filter ] --END-- [ RunTime:0.005433s ]
INFO: [ view_end ] --START--
INFO: ShowPageTrace Behavior ::run [ RunTime:0.001312s ]
INFO: [ view_end ] --END-- [ RunTime:0.001462s ]

[ 2013-07-12T00:54:29+08:00 ] 127.0.0.1 /ccshop/svn_ccshop/
INFO: [ app_begin ] --START--
INFO: ReadHtmlCache Behavior ::run [ RunTime:0.001104s ]
INFO: [ app_begin ] --END-- [ RunTime:0.001295s ]
INFO: [ view_parse ] --START--
NOTIC: [2] file_get_contents(__PUBLIC__/Html/header.html) [<a href='function.file-get-contents'>function.file-get-contents</a>]: failed to open stream: No such file or directory E:\wamp\www\ccshop\svn_ccshop\ThinkPHP\Lib\Template\ThinkTemplate.class.php 第 695 行.
INFO: ParseTemplate Behavior ::run [ RunTime:0.055981s ]
INFO: [ view_parse ] --END-- [ RunTime:0.056193s ]
INFO: [ view_filter ] --START--
INFO: ContentReplace Behavior ::run [ RunTime:0.001808s ]
INFO: TokenBuild Behavior ::run [ RunTime:0.000954s ]
INFO: WriteHtmlCache Behavior ::run [ RunTime:0.000599s ]
INFO: ShowRuntime Behavior ::run [ RunTime:0.001056s ]
INFO: [ view_filter ] --END-- [ RunTime:0.004837s ]
INFO: [ view_end ] --START--
INFO: ShowPageTrace Behavior ::run [ RunTime:0.001047s ]
INFO: [ view_end ] --END-- [ RunTime:0.001197s ]

[ 2013-07-12T00:54:31+08:00 ] 127.0.0.1 /ccshop/svn_ccshop/
INFO: [ app_begin ] --START--
INFO: ReadHtmlCache Behavior ::run [ RunTime:0.001004s ]
INFO: [ app_begin ] --END-- [ RunTime:0.001184s ]
INFO: [ view_parse ] --START--
NOTIC: [2] file_get_contents(__PUBLIC__/Html/header.html) [<a href='function.file-get-contents'>function.file-get-contents</a>]: failed to open stream: No such file or directory E:\wamp\www\ccshop\svn_ccshop\ThinkPHP\Lib\Template\ThinkTemplate.class.php 第 695 行.
INFO: ParseTemplate Behavior ::run [ RunTime:0.058786s ]
INFO: [ view_parse ] --END-- [ RunTime:0.058984s ]
INFO: [ view_filter ] --START--
INFO: ContentReplace Behavior ::run [ RunTime:0.001784s ]
INFO: TokenBuild Behavior ::run [ RunTime:0.001141s ]
INFO: WriteHtmlCache Behavior ::run [ RunTime:0.000690s ]
INFO: ShowRuntime Behavior ::run [ RunTime:0.001124s ]
INFO: [ view_filter ] --END-- [ RunTime:0.005167s ]
INFO: [ view_end ] --START--
INFO: ShowPageTrace Behavior ::run [ RunTime:0.001178s ]
INFO: [ view_end ] --END-- [ RunTime:0.001348s ]

[ 2013-07-12T00:54:32+08:00 ] 127.0.0.1 /ccshop/svn_ccshop/
INFO: [ app_begin ] --START--
INFO: ReadHtmlCache Behavior ::run [ RunTime:0.000953s ]
INFO: [ app_begin ] --END-- [ RunTime:0.001133s ]
INFO: [ view_parse ] --START--
NOTIC: [2] file_get_contents(__PUBLIC__/Html/header.html) [<a href='function.file-get-contents'>function.file-get-contents</a>]: failed to open stream: No such file or directory E:\wamp\www\ccshop\svn_ccshop\ThinkPHP\Lib\Template\ThinkTemplate.class.php 第 695 行.
INFO: ParseTemplate Behavior ::run [ RunTime:0.055196s ]
INFO: [ view_parse ] --END-- [ RunTime:0.055403s ]
INFO: [ view_filter ] --START--
INFO: ContentReplace Behavior ::run [ RunTime:0.001811s ]
INFO: TokenBuild Behavior ::run [ RunTime:0.000973s ]
INFO: WriteHtmlCache Behavior ::run [ RunTime:0.000621s ]
INFO: ShowRuntime Behavior ::run [ RunTime:0.001112s ]
INFO: [ view_filter ] --END-- [ RunTime:0.005107s ]
INFO: [ view_end ] --START--
INFO: ShowPageTrace Behavior ::run [ RunTime:0.001285s ]
INFO: [ view_end ] --END-- [ RunTime:0.001461s ]

[ 2013-07-12T00:54:32+08:00 ] 127.0.0.1 /ccshop/svn_ccshop/
INFO: [ app_begin ] --START--
INFO: ReadHtmlCache Behavior ::run [ RunTime:0.001468s ]
INFO: [ app_begin ] --END-- [ RunTime:0.001726s ]
INFO: [ view_parse ] --START--
NOTIC: [2] file_get_contents(__PUBLIC__/Html/header.html) [<a href='function.file-get-contents'>function.file-get-contents</a>]: failed to open stream: No such file or directory E:\wamp\www\ccshop\svn_ccshop\ThinkPHP\Lib\Template\ThinkTemplate.class.php 第 695 行.
INFO: ParseTemplate Behavior ::run [ RunTime:0.055881s ]
INFO: [ view_parse ] --END-- [ RunTime:0.056080s ]
INFO: [ view_filter ] --START--
INFO: ContentReplace Behavior ::run [ RunTime:0.001901s ]
INFO: TokenBuild Behavior ::run [ RunTime:0.001115s ]
INFO: WriteHtmlCache Behavior ::run [ RunTime:0.000655s ]
INFO: ShowRuntime Behavior ::run [ RunTime:0.001129s ]
INFO: [ view_filter ] --END-- [ RunTime:0.005227s ]
INFO: [ view_end ] --START--
INFO: ShowPageTrace Behavior ::run [ RunTime:0.001071s ]
INFO: [ view_end ] --END-- [ RunTime:0.001272s ]

[ 2013-07-12T00:54:33+08:00 ] 127.0.0.1 /ccshop/svn_ccshop/
INFO: [ app_begin ] --START--
INFO: ReadHtmlCache Behavior ::run [ RunTime:0.000979s ]
INFO: [ app_begin ] --END-- [ RunTime:0.001160s ]
INFO: [ view_parse ] --START--
NOTIC: [2] file_get_contents(__PUBLIC__/Html/header.html) [<a href='function.file-get-contents'>function.file-get-contents</a>]: failed to open stream: No such file or directory E:\wamp\www\ccshop\svn_ccshop\ThinkPHP\Lib\Template\ThinkTemplate.class.php 第 695 行.
INFO: ParseTemplate Behavior ::run [ RunTime:0.056472s ]
INFO: [ view_parse ] --END-- [ RunTime:0.056669s ]
INFO: [ view_filter ] --START--
INFO: ContentReplace Behavior ::run [ RunTime:0.001834s ]
INFO: TokenBuild Behavior ::run [ RunTime:0.000942s ]
INFO: WriteHtmlCache Behavior ::run [ RunTime:0.000595s ]
INFO: ShowRuntime Behavior ::run [ RunTime:0.001049s ]
INFO: [ view_filter ] --END-- [ RunTime:0.004843s ]
INFO: [ view_end ] --START--
INFO: ShowPageTrace Behavior ::run [ RunTime:0.001059s ]
INFO: [ view_end ] --END-- [ RunTime:0.001211s ]

[ 2013-07-12T00:54:37+08:00 ] 127.0.0.1 /ccshop/svn_ccshop/
INFO: [ app_begin ] --START--
INFO: ReadHtmlCache Behavior ::run [ RunTime:0.001000s ]
INFO: [ app_begin ] --END-- [ RunTime:0.001182s ]
INFO: [ view_parse ] --START--
NOTIC: [2] file_get_contents(__PUBLIC__/Html/header.html) [<a href='function.file-get-contents'>function.file-get-contents</a>]: failed to open stream: No such file or directory E:\wamp\www\ccshop\svn_ccshop\ThinkPHP\Lib\Template\ThinkTemplate.class.php 第 695 行.
INFO: ParseTemplate Behavior ::run [ RunTime:0.056226s ]
INFO: [ view_parse ] --END-- [ RunTime:0.056430s ]
INFO: [ view_filter ] --START--
INFO: ContentReplace Behavior ::run [ RunTime:0.001862s ]
INFO: TokenBuild Behavior ::run [ RunTime:0.000952s ]
INFO: WriteHtmlCache Behavior ::run [ RunTime:0.000664s ]
INFO: ShowRuntime Behavior ::run [ RunTime:0.001184s ]
INFO: [ view_filter ] --END-- [ RunTime:0.005075s ]
INFO: [ view_end ] --START--
INFO: ShowPageTrace Behavior ::run [ RunTime:0.001185s ]
INFO: [ view_end ] --END-- [ RunTime:0.001337s ]

[ 2013-07-12T00:54:39+08:00 ] 127.0.0.1 /ccshop/svn_ccshop/
INFO: [ app_begin ] --START--
INFO: ReadHtmlCache Behavior ::run [ RunTime:0.001005s ]
INFO: [ app_begin ] --END-- [ RunTime:0.001185s ]
INFO: [ view_parse ] --START--
NOTIC: [2] file_get_contents(__PUBLIC__/Html/header.html) [<a href='function.file-get-contents'>function.file-get-contents</a>]: failed to open stream: No such file or directory E:\wamp\www\ccshop\svn_ccshop\ThinkPHP\Lib\Template\ThinkTemplate.class.php 第 695 行.
INFO: ParseTemplate Behavior ::run [ RunTime:0.056702s ]
INFO: [ view_parse ] --END-- [ RunTime:0.056909s ]
INFO: [ view_filter ] --START--
INFO: ContentReplace Behavior ::run [ RunTime:0.001881s ]
INFO: TokenBuild Behavior ::run [ RunTime:0.001007s ]
INFO: WriteHtmlCache Behavior ::run [ RunTime:0.000797s ]
INFO: ShowRuntime Behavior ::run [ RunTime:0.001110s ]
INFO: [ view_filter ] --END-- [ RunTime:0.005214s ]
INFO: [ view_end ] --START--
INFO: ShowPageTrace Behavior ::run [ RunTime:0.001093s ]
INFO: [ view_end ] --END-- [ RunTime:0.001248s ]

[ 2013-07-12T00:54:40+08:00 ] 127.0.0.1 /ccshop/svn_ccshop/
INFO: [ app_begin ] --START--
INFO: ReadHtmlCache Behavior ::run [ RunTime:0.001026s ]
INFO: [ app_begin ] --END-- [ RunTime:0.001215s ]
INFO: [ view_parse ] --START--
NOTIC: [2] file_get_contents(__PUBLIC__/Html/header.html) [<a href='function.file-get-contents'>function.file-get-contents</a>]: failed to open stream: No such file or directory E:\wamp\www\ccshop\svn_ccshop\ThinkPHP\Lib\Template\ThinkTemplate.class.php 第 695 行.
INFO: ParseTemplate Behavior ::run [ RunTime:0.078294s ]
INFO: [ view_parse ] --END-- [ RunTime:0.078500s ]
INFO: [ view_filter ] --START--
INFO: ContentReplace Behavior ::run [ RunTime:0.001814s ]
INFO: TokenBuild Behavior ::run [ RunTime:0.001036s ]
INFO: WriteHtmlCache Behavior ::run [ RunTime:0.000696s ]
INFO: ShowRuntime Behavior ::run [ RunTime:0.001102s ]
INFO: [ view_filter ] --END-- [ RunTime:0.005139s ]
INFO: [ view_end ] --START--
INFO: ShowPageTrace Behavior ::run [ RunTime:0.001129s ]
INFO: [ view_end ] --END-- [ RunTime:0.001308s ]

[ 2013-07-12T00:54:43+08:00 ] 127.0.0.1 /ccshop/svn_ccshop/
INFO: [ app_begin ] --START--
INFO: ReadHtmlCache Behavior ::run [ RunTime:0.001012s ]
INFO: [ app_begin ] --END-- [ RunTime:0.001195s ]
INFO: [ view_parse ] --START--
NOTIC: [2] file_get_contents(__PUBLIC__/Html/header.html) [<a href='function.file-get-contents'>function.file-get-contents</a>]: failed to open stream: No such file or directory E:\wamp\www\ccshop\svn_ccshop\ThinkPHP\Lib\Template\ThinkTemplate.class.php 第 695 行.
INFO: ParseTemplate Behavior ::run [ RunTime:0.054829s ]
INFO: [ view_parse ] --END-- [ RunTime:0.055027s ]
INFO: [ view_filter ] --START--
INFO: ContentReplace Behavior ::run [ RunTime:0.001769s ]
INFO: TokenBuild Behavior ::run [ RunTime:0.000966s ]
INFO: WriteHtmlCache Behavior ::run [ RunTime:0.000782s ]
INFO: ShowRuntime Behavior ::run [ RunTime:0.001139s ]
INFO: [ view_filter ] --END-- [ RunTime:0.005237s ]
INFO: [ view_end ] --START--
INFO: ShowPageTrace Behavior ::run [ RunTime:0.001525s ]
INFO: [ view_end ] --END-- [ RunTime:0.001699s ]

[ 2013-07-12T00:54:55+08:00 ] 127.0.0.1 /ccshop/svn_ccshop/
INFO: [ app_begin ] --START--
INFO: ReadHtmlCache Behavior ::run [ RunTime:0.001088s ]
INFO: [ app_begin ] --END-- [ RunTime:0.001277s ]
INFO: [ view_parse ] --START--
NOTIC: [2] file_get_contents(__PUBLIC__/Html/header.html) [<a href='function.file-get-contents'>function.file-get-contents</a>]: failed to open stream: No such file or directory E:\wamp\www\ccshop\svn_ccshop\ThinkPHP\Lib\Template\ThinkTemplate.class.php 第 695 行.
INFO: ParseTemplate Behavior ::run [ RunTime:0.060341s ]
INFO: [ view_parse ] --END-- [ RunTime:0.060553s ]
INFO: [ view_filter ] --START--
INFO: ContentReplace Behavior ::run [ RunTime:0.001860s ]
INFO: TokenBuild Behavior ::run [ RunTime:0.001019s ]
INFO: WriteHtmlCache Behavior ::run [ RunTime:0.000612s ]
INFO: ShowRuntime Behavior ::run [ RunTime:0.001064s ]
INFO: [ view_filter ] --END-- [ RunTime:0.005052s ]
INFO: [ view_end ] --START--
INFO: ShowPageTrace Behavior ::run [ RunTime:0.001127s ]
INFO: [ view_end ] --END-- [ RunTime:0.001278s ]

[ 2013-07-12T01:06:25+08:00 ] 127.0.0.1 /ccshop/svn_ccshop/
INFO: [ app_begin ] --START--
INFO: ReadHtmlCache Behavior ::run [ RunTime:0.001823s ]
INFO: [ app_begin ] --END-- [ RunTime:0.002074s ]
INFO: [ view_parse ] --START--
NOTIC: [2] file_get_contents(__PUBLIC__/Html/header.html) [<a href='function.file-get-contents'>function.file-get-contents</a>]: failed to open stream: No such file or directory E:\wamp\www\ccshop\svn_ccshop\ThinkPHP\Lib\Template\ThinkTemplate.class.php 第 695 行.
INFO: ParseTemplate Behavior ::run [ RunTime:0.072387s ]
INFO: [ view_parse ] --END-- [ RunTime:0.072663s ]
INFO: [ view_filter ] --START--
INFO: ContentReplace Behavior ::run [ RunTime:0.002044s ]
INFO: TokenBuild Behavior ::run [ RunTime:0.001226s ]
INFO: WriteHtmlCache Behavior ::run [ RunTime:0.000791s ]
INFO: ShowRuntime Behavior ::run [ RunTime:0.001207s ]
INFO: [ view_filter ] --END-- [ RunTime:0.005702s ]
INFO: [ view_end ] --START--
INFO: ShowPageTrace Behavior ::run [ RunTime:0.001196s ]
INFO: [ view_end ] --END-- [ RunTime:0.001347s ]

[ 2013-07-12T01:07:38+08:00 ] 127.0.0.1 /ccshop/svn_ccshop/
INFO: [ app_begin ] --START--
INFO: ReadHtmlCache Behavior ::run [ RunTime:0.000981s ]
INFO: [ app_begin ] --END-- [ RunTime:0.001157s ]
INFO: [ view_parse ] --START--
NOTIC: [2] file_get_contents(__PUBLIC__/Html/header.html) [<a href='function.file-get-contents'>function.file-get-contents</a>]: failed to open stream: No such file or directory E:\wamp\www\ccshop\svn_ccshop\ThinkPHP\Lib\Template\ThinkTemplate.class.php 第 695 行.
INFO: ParseTemplate Behavior ::run [ RunTime:0.133117s ]
INFO: [ view_parse ] --END-- [ RunTime:0.133309s ]
INFO: [ view_filter ] --START--
INFO: ContentReplace Behavior ::run [ RunTime:0.001778s ]
INFO: TokenBuild Behavior ::run [ RunTime:0.001076s ]
INFO: WriteHtmlCache Behavior ::run [ RunTime:0.000636s ]
INFO: ShowRuntime Behavior ::run [ RunTime:0.001027s ]
INFO: [ view_filter ] --END-- [ RunTime:0.004922s ]
INFO: [ view_end ] --START--
INFO: ShowPageTrace Behavior ::run [ RunTime:0.014105s ]
INFO: [ view_end ] --END-- [ RunTime:0.014280s ]

[ 2013-07-12T01:13:20+08:00 ] 127.0.0.1 /ccshop/svn_ccshop/
INFO: [ app_begin ] --START--
INFO: ReadHtmlCache Behavior ::run [ RunTime:0.004860s ]
INFO: [ app_begin ] --END-- [ RunTime:0.005239s ]
INFO: [ view_parse ] --START--
NOTIC: [2] file_get_contents(__PUBLIC__/Html/header.html) [<a href='function.file-get-contents'>function.file-get-contents</a>]: failed to open stream: No such file or directory E:\wamp\www\ccshop\svn_ccshop\ThinkPHP\Lib\Template\ThinkTemplate.class.php 第 695 行.
INFO: ParseTemplate Behavior ::run [ RunTime:0.132607s ]
INFO: [ view_parse ] --END-- [ RunTime:0.132988s ]
INFO: [ view_filter ] --START--
INFO: ContentReplace Behavior ::run [ RunTime:0.004411s ]
INFO: TokenBuild Behavior ::run [ RunTime:0.002239s ]
INFO: WriteHtmlCache Behavior ::run [ RunTime:0.001549s ]
INFO: ShowRuntime Behavior ::run [ RunTime:0.002537s ]
INFO: [ view_filter ] --END-- [ RunTime:0.011631s ]
INFO: [ view_end ] --START--
INFO: ShowPageTrace Behavior ::run [ RunTime:0.002546s ]
INFO: [ view_end ] --END-- [ RunTime:0.002875s ]

[ 2013-07-12T01:19:19+08:00 ] 127.0.0.1 /ccshop/svn_ccshop/
INFO: [ app_begin ] --START--
INFO: ReadHtmlCache Behavior ::run [ RunTime:0.001346s ]
INFO: [ app_begin ] --END-- [ RunTime:0.001531s ]
INFO: [ view_parse ] --START--
NOTIC: [2] file_get_contents(__PUBLIC__/Html/header.html) [<a href='function.file-get-contents'>function.file-get-contents</a>]: failed to open stream: No such file or directory E:\wamp\www\ccshop\svn_ccshop\ThinkPHP\Lib\Template\ThinkTemplate.class.php 第 695 行.
INFO: ParseTemplate Behavior ::run [ RunTime:0.079882s ]
INFO: [ view_parse ] --END-- [ RunTime:0.080076s ]
INFO: [ view_filter ] --START--
INFO: ContentReplace Behavior ::run [ RunTime:0.005770s ]
INFO: TokenBuild Behavior ::run [ RunTime:0.002562s ]
INFO: WriteHtmlCache Behavior ::run [ RunTime:0.000769s ]
INFO: ShowRuntime Behavior ::run [ RunTime:0.001185s ]
INFO: [ view_filter ] --END-- [ RunTime:0.010747s ]
INFO: [ view_end ] --START--
INFO: ShowPageTrace Behavior ::run [ RunTime:0.001189s ]
INFO: [ view_end ] --END-- [ RunTime:0.001339s ]

[ 2013-07-12T01:22:23+08:00 ] 127.0.0.1 /ccshop/svn_ccshop/
INFO: [ app_begin ] --START--
INFO: ReadHtmlCache Behavior ::run [ RunTime:0.001286s ]
INFO: [ app_begin ] --END-- [ RunTime:0.001464s ]
INFO: [ view_parse ] --START--
NOTIC: [2] file_get_contents(__PUBLIC__/Html/header.html) [<a href='function.file-get-contents'>function.file-get-contents</a>]: failed to open stream: No such file or directory E:\wamp\www\ccshop\svn_ccshop\ThinkPHP\Lib\Template\ThinkTemplate.class.php 第 695 行.
INFO: ParseTemplate Behavior ::run [ RunTime:0.072453s ]
INFO: [ view_parse ] --END-- [ RunTime:0.072692s ]
INFO: [ view_filter ] --START--
INFO: ContentReplace Behavior ::run [ RunTime:0.001975s ]
INFO: TokenBuild Behavior ::run [ RunTime:0.001149s ]
INFO: WriteHtmlCache Behavior ::run [ RunTime:0.000731s ]
INFO: ShowRuntime Behavior ::run [ RunTime:0.001253s ]
INFO: [ view_filter ] --END-- [ RunTime:0.005521s ]
INFO: [ view_end ] --START--
INFO: ShowPageTrace Behavior ::run [ RunTime:0.001157s ]
INFO: [ view_end ] --END-- [ RunTime:0.001312s ]

[ 2013-07-12T08:45:59+08:00 ] 127.0.0.1 /ccshop/svn_ccshop/
INFO: [ app_begin ] --START--
INFO: ReadHtmlCache Behavior ::run [ RunTime:0.004607s ]
INFO: [ app_begin ] --END-- [ RunTime:0.004982s ]
INFO: [ view_parse ] --START--
NOTIC: [2] file_get_contents(__PUBLIC__/Html/header.html) [<a href='function.file-get-contents'>function.file-get-contents</a>]: failed to open stream: No such file or directory E:\wamp\www\ccshop\svn_ccshop\ThinkPHP\Lib\Template\ThinkTemplate.class.php 第 695 行.
INFO: ParseTemplate Behavior ::run [ RunTime:0.210502s ]
INFO: [ view_parse ] --END-- [ RunTime:0.210791s ]
INFO: [ view_filter ] --START--
INFO: ContentReplace Behavior ::run [ RunTime:0.063911s ]
INFO: TokenBuild Behavior ::run [ RunTime:0.002787s ]
INFO: WriteHtmlCache Behavior ::run [ RunTime:0.001993s ]
INFO: ShowRuntime Behavior ::run [ RunTime:0.002963s ]
INFO: [ view_filter ] --END-- [ RunTime:0.072476s ]
INFO: [ view_end ] --START--
INFO: ShowPageTrace Behavior ::run [ RunTime:0.002973s ]
INFO: [ view_end ] --END-- [ RunTime:0.003299s ]

[ 2013-07-12T08:51:54+08:00 ] 127.0.0.1 /ccshop/svn_ccshop/
INFO: [ app_begin ] --START--
INFO: ReadHtmlCache Behavior ::run [ RunTime:0.001309s ]
INFO: [ app_begin ] --END-- [ RunTime:0.001492s ]
INFO: [ view_parse ] --START--
NOTIC: [2] file_get_contents(./App/Modules/Index/Public/Html/header.html) [<a href='function.file-get-contents'>function.file-get-contents</a>]: failed to open stream: No such file or directory E:\wamp\www\ccshop\svn_ccshop\ThinkPHP\Lib\Template\ThinkTemplate.class.php 第 695 行.
INFO: ParseTemplate Behavior ::run [ RunTime:0.055773s ]
INFO: [ view_parse ] --END-- [ RunTime:0.055985s ]
INFO: [ view_filter ] --START--
INFO: ContentReplace Behavior ::run [ RunTime:0.001934s ]
INFO: TokenBuild Behavior ::run [ RunTime:0.001054s ]
INFO: WriteHtmlCache Behavior ::run [ RunTime:0.000731s ]
INFO: ShowRuntime Behavior ::run [ RunTime:0.001167s ]
INFO: [ view_filter ] --END-- [ RunTime:0.005288s ]
INFO: [ view_end ] --START--
INFO: ShowPageTrace Behavior ::run [ RunTime:0.001169s ]
INFO: [ view_end ] --END-- [ RunTime:0.001315s ]

[ 2013-07-12T08:51:55+08:00 ] 127.0.0.1 /ccshop/svn_ccshop/
INFO: [ app_begin ] --START--
INFO: ReadHtmlCache Behavior ::run [ RunTime:0.001087s ]
INFO: [ app_begin ] --END-- [ RunTime:0.001287s ]
INFO: [ view_parse ] --START--
NOTIC: [2] file_get_contents(./App/Modules/Index/Public/Html/header.html) [<a href='function.file-get-contents'>function.file-get-contents</a>]: failed to open stream: No such file or directory E:\wamp\www\ccshop\svn_ccshop\ThinkPHP\Lib\Template\ThinkTemplate.class.php 第 695 行.
INFO: ParseTemplate Behavior ::run [ RunTime:0.054971s ]
INFO: [ view_parse ] --END-- [ RunTime:0.055170s ]
INFO: [ view_filter ] --START--
INFO: ContentReplace Behavior ::run [ RunTime:0.001743s ]
INFO: TokenBuild Behavior ::run [ RunTime:0.000852s ]
INFO: WriteHtmlCache Behavior ::run [ RunTime:0.000659s ]
INFO: ShowRuntime Behavior ::run [ RunTime:0.001020s ]
INFO: [ view_filter ] --END-- [ RunTime:0.004947s ]
INFO: [ view_end ] --START--
INFO: ShowPageTrace Behavior ::run [ RunTime:0.000995s ]
INFO: [ view_end ] --END-- [ RunTime:0.001142s ]

[ 2013-07-12T08:54:17+08:00 ] 127.0.0.1 /ccshop/svn_ccshop/
INFO: [ app_begin ] --START--
INFO: ReadHtmlCache Behavior ::run [ RunTime:0.001291s ]
INFO: [ app_begin ] --END-- [ RunTime:0.001473s ]
INFO: [ view_parse ] --START--
NOTIC: [2] file_get_contents(./App/Modules/Index/__PUBLIC__/Html/header.html) [<a href='function.file-get-contents'>function.file-get-contents</a>]: failed to open stream: No such file or directory E:\wamp\www\ccshop\svn_ccshop\ThinkPHP\Lib\Template\ThinkTemplate.class.php 第 695 行.
INFO: ParseTemplate Behavior ::run [ RunTime:0.055035s ]
INFO: [ view_parse ] --END-- [ RunTime:0.055227s ]
INFO: [ view_filter ] --START--
INFO: ContentReplace Behavior ::run [ RunTime:0.002049s ]
INFO: TokenBuild Behavior ::run [ RunTime:0.001121s ]
INFO: WriteHtmlCache Behavior ::run [ RunTime:0.000736s ]
INFO: ShowRuntime Behavior ::run [ RunTime:0.001461s ]
INFO: [ view_filter ] --END-- [ RunTime:0.005789s ]
INFO: [ view_end ] --START--
INFO: ShowPageTrace Behavior ::run [ RunTime:0.001288s ]
INFO: [ view_end ] --END-- [ RunTime:0.001441s ]

[ 2013-07-12T08:55:37+08:00 ] 127.0.0.1 /ccshop/svn_ccshop/
INFO: [ app_begin ] --START--
INFO: ReadHtmlCache Behavior ::run [ RunTime:0.000939s ]
INFO: [ app_begin ] --END-- [ RunTime:0.001115s ]
INFO: [ view_parse ] --START--
NOTIC: [2] file_get_contents(./App/Modules/Index/__PUBLIC__/Html/header.html) [<a href='function.file-get-contents'>function.file-get-contents</a>]: failed to open stream: No such file or directory E:\wamp\www\ccshop\svn_ccshop\ThinkPHP\Lib\Template\ThinkTemplate.class.php 第 695 行.
INFO: ParseTemplate Behavior ::run [ RunTime:0.053028s ]
INFO: [ view_parse ] --END-- [ RunTime:0.053348s ]
INFO: [ view_filter ] --START--
INFO: ContentReplace Behavior ::run [ RunTime:0.001767s ]
INFO: TokenBuild Behavior ::run [ RunTime:0.000862s ]
INFO: WriteHtmlCache Behavior ::run [ RunTime:0.000577s ]
INFO: ShowRuntime Behavior ::run [ RunTime:0.001007s ]
INFO: [ view_filter ] --END-- [ RunTime:0.004609s ]
INFO: [ view_end ] --START--
INFO: ShowPageTrace Behavior ::run [ RunTime:0.000994s ]
INFO: [ view_end ] --END-- [ RunTime:0.001139s ]

[ 2013-07-12T08:56:24+08:00 ] 127.0.0.1 /ccshop/svn_ccshop/
INFO: [ app_begin ] --START--
INFO: ReadHtmlCache Behavior ::run [ RunTime:0.001291s ]
INFO: [ app_begin ] --END-- [ RunTime:0.001471s ]
INFO: [ view_parse ] --START--
NOTIC: [2] file_get_contents(__PUBLIC__/Html/header.html) [<a href='function.file-get-contents'>function.file-get-contents</a>]: failed to open stream: No such file or directory E:\wamp\www\ccshop\svn_ccshop\ThinkPHP\Lib\Template\ThinkTemplate.class.php 第 695 行.
INFO: ParseTemplate Behavior ::run [ RunTime:0.054189s ]
INFO: [ view_parse ] --END-- [ RunTime:0.054377s ]
INFO: [ view_filter ] --START--
INFO: ContentReplace Behavior ::run [ RunTime:0.001898s ]
INFO: TokenBuild Behavior ::run [ RunTime:0.001014s ]
INFO: WriteHtmlCache Behavior ::run [ RunTime:0.000722s ]
INFO: ShowRuntime Behavior ::run [ RunTime:0.001165s ]
INFO: [ view_filter ] --END-- [ RunTime:0.005194s ]
INFO: [ view_end ] --START--
INFO: ShowPageTrace Behavior ::run [ RunTime:0.001151s ]
INFO: [ view_end ] --END-- [ RunTime:0.001295s ]

[ 2013-07-12T09:01:27+08:00 ] 127.0.0.1 /ccshop/svn_ccshop/
INFO: [ app_begin ] --START--
INFO: ReadHtmlCache Behavior ::run [ RunTime:0.001347s ]
INFO: [ app_begin ] --END-- [ RunTime:0.001529s ]
INFO: [ view_parse ] --START--
NOTIC: [2] file_get_contents(./App/Modules/Index/Tpl/Public/header.html) [<a href='function.file-get-contents'>function.file-get-contents</a>]: failed to open stream: No such file or directory E:\wamp\www\ccshop\svn_ccshop\ThinkPHP\Lib\Template\ThinkTemplate.class.php 第 695 行.
INFO: ParseTemplate Behavior ::run [ RunTime:0.057915s ]
INFO: [ view_parse ] --END-- [ RunTime:0.058117s ]
INFO: [ view_filter ] --START--
INFO: ContentReplace Behavior ::run [ RunTime:0.002185s ]
INFO: TokenBuild Behavior ::run [ RunTime:0.001186s ]
INFO: WriteHtmlCache Behavior ::run [ RunTime:0.000770s ]
INFO: ShowRuntime Behavior ::run [ RunTime:0.001171s ]
INFO: [ view_filter ] --END-- [ RunTime:0.005741s ]
INFO: [ view_end ] --START--
INFO: ShowPageTrace Behavior ::run [ RunTime:0.001162s ]
INFO: [ view_end ] --END-- [ RunTime:0.001309s ]

[ 2013-07-12T09:01:30+08:00 ] 127.0.0.1 /ccshop/svn_ccshop/
INFO: [ app_begin ] --START--
INFO: ReadHtmlCache Behavior ::run [ RunTime:0.000952s ]
INFO: [ app_begin ] --END-- [ RunTime:0.001132s ]
INFO: [ view_parse ] --START--
NOTIC: [2] file_get_contents(./App/Modules/Index/Tpl/Public/header.html) [<a href='function.file-get-contents'>function.file-get-contents</a>]: failed to open stream: No such file or directory E:\wamp\www\ccshop\svn_ccshop\ThinkPHP\Lib\Template\ThinkTemplate.class.php 第 695 行.
INFO: ParseTemplate Behavior ::run [ RunTime:0.055010s ]
INFO: [ view_parse ] --END-- [ RunTime:0.055222s ]
INFO: [ view_filter ] --START--
INFO: ContentReplace Behavior ::run [ RunTime:0.002309s ]
INFO: TokenBuild Behavior ::run [ RunTime:0.001199s ]
INFO: WriteHtmlCache Behavior ::run [ RunTime:0.000620s ]
INFO: ShowRuntime Behavior ::run [ RunTime:0.001023s ]
INFO: [ view_filter ] --END-- [ RunTime:0.005598s ]
INFO: [ view_end ] --START--
INFO: ShowPageTrace Behavior ::run [ RunTime:0.001011s ]
INFO: [ view_end ] --END-- [ RunTime:0.001169s ]

[ 2013-07-12T09:04:38+08:00 ] 127.0.0.1 /ccshop/svn_ccshop/
INFO: [ app_begin ] --START--
INFO: ReadHtmlCache Behavior ::run [ RunTime:0.001367s ]
INFO: [ app_begin ] --END-- [ RunTime:0.001553s ]
INFO: [ view_parse ] --START--
INFO: ParseTemplate Behavior ::run [ RunTime:0.054835s ]
INFO: [ view_parse ] --END-- [ RunTime:0.055025s ]
INFO: [ view_filter ] --START--
INFO: ContentReplace Behavior ::run [ RunTime:0.001883s ]
INFO: TokenBuild Behavior ::run [ RunTime:0.001007s ]
INFO: WriteHtmlCache Behavior ::run [ RunTime:0.000722s ]
INFO: ShowRuntime Behavior ::run [ RunTime:0.001267s ]
INFO: [ view_filter ] --END-- [ RunTime:0.005277s ]
INFO: [ view_end ] --START--
INFO: ShowPageTrace Behavior ::run [ RunTime:0.001303s ]
INFO: [ view_end ] --END-- [ RunTime:0.001451s ]

[ 2013-07-12T10:02:17+08:00 ] 127.0.0.1 /ccshop/svn_ccshop/
INFO: [ app_begin ] --START--
INFO: ReadHtmlCache Behavior ::run [ RunTime:0.001346s ]
INFO: [ app_begin ] --END-- [ RunTime:0.001527s ]
INFO: [ view_parse ] --START--
NOTIC: [2] file_get_contents(./App/Modules/Index/Tpl/Public/header.html) [<a href='function.file-get-contents'>function.file-get-contents</a>]: failed to open stream: No such file or directory E:\wamp\www\ccshop\svn_ccshop\ThinkPHP\Lib\Template\ThinkTemplate.class.php 第 695 行.
INFO: ParseTemplate Behavior ::run [ RunTime:0.062793s ]
INFO: [ view_parse ] --END-- [ RunTime:0.062986s ]
INFO: [ view_filter ] --START--
INFO: ContentReplace Behavior ::run [ RunTime:0.001927s ]
INFO: TokenBuild Behavior ::run [ RunTime:0.001026s ]
INFO: WriteHtmlCache Behavior ::run [ RunTime:0.000721s ]
INFO: ShowRuntime Behavior ::run [ RunTime:0.001157s ]
INFO: [ view_filter ] --END-- [ RunTime:0.005225s ]
INFO: [ view_end ] --START--
INFO: ShowPageTrace Behavior ::run [ RunTime:0.001145s ]
INFO: [ view_end ] --END-- [ RunTime:0.001300s ]

[ 2013-07-12T10:02:47+08:00 ] 127.0.0.1 /ccshop/svn_ccshop/
INFO: [ app_begin ] --START--
INFO: ReadHtmlCache Behavior ::run [ RunTime:0.000930s ]
INFO: [ app_begin ] --END-- [ RunTime:0.001107s ]
INFO: [ view_parse ] --START--
INFO: ParseTemplate Behavior ::run [ RunTime:0.054455s ]
INFO: [ view_parse ] --END-- [ RunTime:0.054647s ]
INFO: [ view_filter ] --START--
INFO: ContentReplace Behavior ::run [ RunTime:0.001661s ]
INFO: TokenBuild Behavior ::run [ RunTime:0.000837s ]
INFO: WriteHtmlCache Behavior ::run [ RunTime:0.000567s ]
INFO: ShowRuntime Behavior ::run [ RunTime:0.001001s ]
INFO: [ view_filter ] --END-- [ RunTime:0.004456s ]
INFO: [ view_end ] --START--
INFO: ShowPageTrace Behavior ::run [ RunTime:0.000996s ]
INFO: [ view_end ] --END-- [ RunTime:0.001139s ]

[ 2013-07-12T10:10:06+08:00 ] 127.0.0.1 /ccshop/svn_ccshop/
INFO: [ app_begin ] --START--
INFO: ReadHtmlCache Behavior ::run [ RunTime:0.001379s ]
INFO: [ app_begin ] --END-- [ RunTime:0.001567s ]
INFO: [ view_parse ] --START--
INFO: ParseTemplate Behavior ::run [ RunTime:0.054803s ]
INFO: [ view_parse ] --END-- [ RunTime:0.054989s ]
INFO: [ view_filter ] --START--
INFO: ContentReplace Behavior ::run [ RunTime:0.001822s ]
INFO: TokenBuild Behavior ::run [ RunTime:0.000988s ]
INFO: WriteHtmlCache Behavior ::run [ RunTime:0.000718s ]
INFO: ShowRuntime Behavior ::run [ RunTime:0.001165s ]
INFO: [ view_filter ] --END-- [ RunTime:0.005139s ]
INFO: [ view_end ] --START--
INFO: ShowPageTrace Behavior ::run [ RunTime:0.001154s ]
INFO: [ view_end ] --END-- [ RunTime:0.001298s ]

[ 2013-07-12T10:10:20+08:00 ] 127.0.0.1 /ccshop/svn_ccshop/
INFO: [ app_begin ] --START--
INFO: ReadHtmlCache Behavior ::run [ RunTime:0.000946s ]
INFO: [ app_begin ] --END-- [ RunTime:0.001125s ]
INFO: [ view_parse ] --START--
INFO: ParseTemplate Behavior ::run [ RunTime:0.054526s ]
INFO: [ view_parse ] --END-- [ RunTime:0.054716s ]
INFO: [ view_filter ] --START--
INFO: ContentReplace Behavior ::run [ RunTime:0.001697s ]
INFO: TokenBuild Behavior ::run [ RunTime:0.001022s ]
INFO: WriteHtmlCache Behavior ::run [ RunTime:0.000579s ]
INFO: ShowRuntime Behavior ::run [ RunTime:0.001014s ]
INFO: [ view_filter ] --END-- [ RunTime:0.004706s ]
INFO: [ view_end ] --START--
INFO: ShowPageTrace Behavior ::run [ RunTime:0.001024s ]
INFO: [ view_end ] --END-- [ RunTime:0.001169s ]

[ 2013-07-12T10:10:49+08:00 ] 127.0.0.1 /ccshop/svn_ccshop/
INFO: [ app_begin ] --START--
INFO: ReadHtmlCache Behavior ::run [ RunTime:0.001547s ]
INFO: [ app_begin ] --END-- [ RunTime:0.001756s ]
INFO: [ view_parse ] --START--
INFO: ParseTemplate Behavior ::run [ RunTime:0.063247s ]
INFO: [ view_parse ] --END-- [ RunTime:0.063439s ]
INFO: [ view_filter ] --START--
INFO: ContentReplace Behavior ::run [ RunTime:0.001850s ]
INFO: TokenBuild Behavior ::run [ RunTime:0.000992s ]
INFO: WriteHtmlCache Behavior ::run [ RunTime:0.000723s ]
INFO: ShowRuntime Behavior ::run [ RunTime:0.001167s ]
INFO: [ view_filter ] --END-- [ RunTime:0.005129s ]
INFO: [ view_end ] --START--
INFO: ShowPageTrace Behavior ::run [ RunTime:0.001202s ]
INFO: [ view_end ] --END-- [ RunTime:0.001347s ]

[ 2013-07-12T10:13:28+08:00 ] 127.0.0.1 /ccshop/svn_ccshop/
INFO: [ app_begin ] --START--
INFO: ReadHtmlCache Behavior ::run [ RunTime:0.001286s ]
INFO: [ app_begin ] --END-- [ RunTime:0.001466s ]
INFO: [ view_parse ] --START--
INFO: ParseTemplate Behavior ::run [ RunTime:0.054211s ]
INFO: [ view_parse ] --END-- [ RunTime:0.054401s ]
INFO: [ view_filter ] --START--
INFO: ContentReplace Behavior ::run [ RunTime:0.001834s ]
INFO: TokenBuild Behavior ::run [ RunTime:0.000995s ]
INFO: WriteHtmlCache Behavior ::run [ RunTime:0.000722s ]
INFO: ShowRuntime Behavior ::run [ RunTime:0.001205s ]
INFO: [ view_filter ] --END-- [ RunTime:0.005154s ]
INFO: [ view_end ] --START--
INFO: ShowPageTrace Behavior ::run [ RunTime:0.001229s ]
INFO: [ view_end ] --END-- [ RunTime:0.001379s ]

[ 2013-07-12T10:17:24+08:00 ] 127.0.0.1 /ccshop/svn_ccshop/
INFO: [ app_begin ] --START--
INFO: ReadHtmlCache Behavior ::run [ RunTime:0.001305s ]
INFO: [ app_begin ] --END-- [ RunTime:0.001490s ]
INFO: [ view_parse ] --START--
INFO: ParseTemplate Behavior ::run [ RunTime:0.053216s ]
INFO: [ view_parse ] --END-- [ RunTime:0.053405s ]
INFO: [ view_filter ] --START--
INFO: ContentReplace Behavior ::run [ RunTime:0.001806s ]
INFO: TokenBuild Behavior ::run [ RunTime:0.001007s ]
INFO: WriteHtmlCache Behavior ::run [ RunTime:0.000895s ]
INFO: ShowRuntime Behavior ::run [ RunTime:0.001195s ]
INFO: [ view_filter ] --END-- [ RunTime:0.005302s ]
INFO: [ view_end ] --START--
INFO: ShowPageTrace Behavior ::run [ RunTime:0.001150s ]
INFO: [ view_end ] --END-- [ RunTime:0.001296s ]

[ 2013-07-12T10:18:05+08:00 ] 127.0.0.1 /ccshop/svn_ccshop/
INFO: [ app_begin ] --START--
INFO: ReadHtmlCache Behavior ::run [ RunTime:0.000943s ]
INFO: [ app_begin ] --END-- [ RunTime:0.001119s ]
INFO: [ view_parse ] --START--
INFO: ParseTemplate Behavior ::run [ RunTime:0.055073s ]
INFO: [ view_parse ] --END-- [ RunTime:0.055261s ]
INFO: [ view_filter ] --START--
INFO: ContentReplace Behavior ::run [ RunTime:0.001750s ]
INFO: TokenBuild Behavior ::run [ RunTime:0.000864s ]
INFO: WriteHtmlCache Behavior ::run [ RunTime:0.000568s ]
INFO: ShowRuntime Behavior ::run [ RunTime:0.001007s ]
INFO: [ view_filter ] --END-- [ RunTime:0.004586s ]
INFO: [ view_end ] --START--
INFO: ShowPageTrace Behavior ::run [ RunTime:0.001107s ]
INFO: [ view_end ] --END-- [ RunTime:0.001260s ]

[ 2013-07-12T10:24:47+08:00 ] 127.0.0.1 /ccshop/svn_ccshop/
INFO: [ app_begin ] --START--
INFO: ReadHtmlCache Behavior ::run [ RunTime:0.001432s ]
INFO: [ app_begin ] --END-- [ RunTime:0.001618s ]
INFO: [ view_parse ] --START--
INFO: ParseTemplate Behavior ::run [ RunTime:0.055813s ]
INFO: [ view_parse ] --END-- [ RunTime:0.056002s ]
INFO: [ view_filter ] --START--
INFO: ContentReplace Behavior ::run [ RunTime:0.001860s ]
INFO: TokenBuild Behavior ::run [ RunTime:0.000996s ]
INFO: WriteHtmlCache Behavior ::run [ RunTime:0.000730s ]
INFO: ShowRuntime Behavior ::run [ RunTime:0.001159s ]
INFO: [ view_filter ] --END-- [ RunTime:0.005139s ]
INFO: [ view_end ] --START--
INFO: ShowPageTrace Behavior ::run [ RunTime:0.001143s ]
INFO: [ view_end ] --END-- [ RunTime:0.001289s ]

[ 2013-07-12T10:25:41+08:00 ] 127.0.0.1 /ccshop/svn_ccshop/
INFO: [ app_begin ] --START--
INFO: ReadHtmlCache Behavior ::run [ RunTime:0.001538s ]
INFO: [ app_begin ] --END-- [ RunTime:0.001751s ]
INFO: [ view_parse ] --START--
INFO: ParseTemplate Behavior ::run [ RunTime:0.055788s ]
INFO: [ view_parse ] --END-- [ RunTime:0.055991s ]
INFO: [ view_filter ] --START--
INFO: ContentReplace Behavior ::run [ RunTime:0.001831s ]
INFO: TokenBuild Behavior ::run [ RunTime:0.000992s ]
INFO: WriteHtmlCache Behavior ::run [ RunTime:0.000717s ]
INFO: ShowRuntime Behavior ::run [ RunTime:0.001143s ]
INFO: [ view_filter ] --END-- [ RunTime:0.005078s ]
INFO: [ view_end ] --START--
INFO: ShowPageTrace Behavior ::run [ RunTime:0.001137s ]
INFO: [ view_end ] --END-- [ RunTime:0.001283s ]

[ 2013-07-12T10:33:09+08:00 ] 127.0.0.1 /ccshop/svn_ccshop/
INFO: [ app_begin ] --START--
INFO: ReadHtmlCache Behavior ::run [ RunTime:0.001285s ]
INFO: [ app_begin ] --END-- [ RunTime:0.001474s ]
INFO: [ view_parse ] --START--
INFO: ParseTemplate Behavior ::run [ RunTime:0.056126s ]
INFO: [ view_parse ] --END-- [ RunTime:0.056324s ]
INFO: [ view_filter ] --START--
INFO: ContentReplace Behavior ::run [ RunTime:0.001886s ]
INFO: TokenBuild Behavior ::run [ RunTime:0.001006s ]
INFO: WriteHtmlCache Behavior ::run [ RunTime:0.000721s ]
INFO: ShowRuntime Behavior ::run [ RunTime:0.001187s ]
INFO: [ view_filter ] --END-- [ RunTime:0.005302s ]
INFO: [ view_end ] --START--
INFO: ShowPageTrace Behavior ::run [ RunTime:0.001154s ]
INFO: [ view_end ] --END-- [ RunTime:0.001301s ]

[ 2013-07-12T10:44:37+08:00 ] 127.0.0.1 /ccshop/svn_ccshop/
INFO: [ app_begin ] --START--
INFO: ReadHtmlCache Behavior ::run [ RunTime:0.001556s ]
INFO: [ app_begin ] --END-- [ RunTime:0.001761s ]
INFO: [ view_parse ] --START--
INFO: ParseTemplate Behavior ::run [ RunTime:0.056254s ]
INFO: [ view_parse ] --END-- [ RunTime:0.056459s ]
INFO: [ view_filter ] --START--
INFO: ContentReplace Behavior ::run [ RunTime:0.001881s ]
INFO: TokenBuild Behavior ::run [ RunTime:0.001013s ]
INFO: WriteHtmlCache Behavior ::run [ RunTime:0.000725s ]
INFO: ShowRuntime Behavior ::run [ RunTime:0.001182s ]
INFO: [ view_filter ] --END-- [ RunTime:0.005202s ]
INFO: [ view_end ] --START--
INFO: ShowPageTrace Behavior ::run [ RunTime:0.001158s ]
INFO: [ view_end ] --END-- [ RunTime:0.001305s ]

