[ 2014-07-04T16:26:45+08:00 ] 0.0.0.0 /my/cc/
INFO: [ app_begin ] --START--
INFO: ReadHtmlCache Behavior ::run [ RunTime:0.020397s ]
INFO: [ app_begin ] --END-- [ RunTime:0.020811s ]
SQL: SHOW COLUMNS FROM `ccshop_goods` [ RunTime:0.075389s ]
SQL: SELECT `gid`,`gname`,`pic`,`click`,`shopprice` FROM `ccshop_goods` WHERE ( `cid` = 13 ) ORDER BY rand() LIMIT 10   [ RunTime:0.069103s ]
SQL: SELECT `gid`,`gname`,`pic`,`click`,`shopprice` FROM `ccshop_goods` WHERE ( `cid` = 13 ) ORDER BY rand() LIMIT 10   [ RunTime:0.001760s ]
SQL: SELECT `gid`,`gname`,`pic`,`click`,`shopprice` FROM `ccshop_goods` WHERE ( `cid` = 13 ) ORDER BY rand() LIMIT 10   [ RunTime:0.001283s ]
SQL: SHOW COLUMNS FROM `ccshop_category` [ RunTime:0.038261s ]
SQL: SELECT `cid`,`cname` FROM `ccshop_category` WHERE ( `pid` = 4 )  [ RunTime:0.001416s ]
INFO: [ view_parse ] --START--
INFO: ParseTemplate Behavior ::run [ RunTime:0.698204s ]
INFO: [ view_parse ] --END-- [ RunTime:0.698565s ]
INFO: [ view_filter ] --START--
INFO: ContentReplace Behavior ::run [ RunTime:0.005961s ]
INFO: TokenBuild Behavior ::run [ RunTime:0.002929s ]
INFO: WriteHtmlCache Behavior ::run [ RunTime:0.002251s ]
INFO: ShowRuntime Behavior ::run [ RunTime:0.003383s ]
INFO: [ view_filter ] --END-- [ RunTime:0.015647s ]
INFO: [ view_end ] --START--
INFO: ShowPageTrace Behavior ::run [ RunTime:0.003226s ]
INFO: [ view_end ] --END-- [ RunTime:0.003558s ]

[ 2014-07-04T16:26:55+08:00 ] 0.0.0.0 /my/cc/index.php/admin
INFO: [ route_check ] --START--
INFO: CheckRoute Behavior ::run [ RunTime:0.003970s ]
INFO: [ route_check ] --END-- [ RunTime:0.004263s ]
INFO: [ app_begin ] --START--
INFO: ReadHtmlCache Behavior ::run [ RunTime:0.002729s ]
INFO: [ app_begin ] --END-- [ RunTime:0.003055s ]
INFO: [ view_parse ] --START--
NOTIC: [8] Undefined index: welcome F:\wamp\www\my\cc\App\Runtime\Cache\Admin\3337b40a3a45144ee3de62bbd03526a6.php 第 14 行.
INFO: ParseTemplate Behavior ::run [ RunTime:0.110082s ]
INFO: [ view_parse ] --END-- [ RunTime:0.110676s ]
INFO: [ view_filter ] --START--
INFO: ContentReplace Behavior ::run [ RunTime:0.002513s ]
INFO: TokenBuild Behavior ::run [ RunTime:0.001882s ]
INFO: WriteHtmlCache Behavior ::run [ RunTime:0.001295s ]
INFO: ShowRuntime Behavior ::run [ RunTime:0.002184s ]
INFO: [ view_filter ] --END-- [ RunTime:0.009028s ]
INFO: [ view_end ] --START--
INFO: ShowPageTrace Behavior ::run [ RunTime:0.002733s ]
INFO: [ view_end ] --END-- [ RunTime:0.003227s ]

[ 2014-07-04T16:26:56+08:00 ] 0.0.0.0 /my/cc/admin/Index/info.html
INFO: [ route_check ] --START--
INFO: CheckRoute Behavior ::run [ RunTime:0.002716s ]
INFO: [ route_check ] --END-- [ RunTime:0.003147s ]
INFO: [ app_begin ] --START--
INFO: ReadHtmlCache Behavior ::run [ RunTime:0.001968s ]
INFO: [ app_begin ] --END-- [ RunTime:0.002289s ]
INFO: [ view_parse ] --START--
INFO: ParseTemplate Behavior ::run [ RunTime:0.034923s ]
INFO: [ view_parse ] --END-- [ RunTime:0.035362s ]
INFO: [ view_filter ] --START--
INFO: ContentReplace Behavior ::run [ RunTime:0.001652s ]
INFO: TokenBuild Behavior ::run [ RunTime:0.001695s ]
INFO: WriteHtmlCache Behavior ::run [ RunTime:0.001346s ]
INFO: ShowRuntime Behavior ::run [ RunTime:0.001875s ]
INFO: [ view_filter ] --END-- [ RunTime:0.007537s ]
INFO: [ view_end ] --START--
INFO: ShowPageTrace Behavior ::run [ RunTime:0.001772s ]
INFO: [ view_end ] --END-- [ RunTime:0.002066s ]

[ 2014-07-04T16:27:02+08:00 ] 0.0.0.0 /my/cc/admin/Goods/index.html
INFO: [ route_check ] --START--
INFO: CheckRoute Behavior ::run [ RunTime:0.002974s ]
INFO: [ route_check ] --END-- [ RunTime:0.003380s ]
INFO: [ app_begin ] --START--
INFO: ReadHtmlCache Behavior ::run [ RunTime:0.002951s ]
INFO: [ app_begin ] --END-- [ RunTime:0.003446s ]
SQL: SHOW COLUMNS FROM `ccshop_goods` [ RunTime:0.010269s ]
SQL: SELECT `gid`,`gname`,`gnumber`,`unit`,`marketprice`,`shopprice`,`click`,`time`,`tid` FROM `ccshop_goods`  [ RunTime:0.001357s ]
SQL: SHOW COLUMNS FROM `ccshop_goods_list` [ RunTime:0.022676s ]
SQL: SELECT `inventory` FROM `ccshop_goods_list` WHERE ( `gid` = 1 )  [ RunTime:0.014799s ]
SQL: SELECT `inventory` FROM `ccshop_goods_list` WHERE ( `gid` = 2 )  [ RunTime:0.002768s ]
SQL: SELECT `inventory` FROM `ccshop_goods_list` WHERE ( `gid` = 3 )  [ RunTime:0.001692s ]
SQL: SELECT `inventory` FROM `ccshop_goods_list` WHERE ( `gid` = 4 )  [ RunTime:0.001063s ]
SQL: SELECT `inventory` FROM `ccshop_goods_list` WHERE ( `gid` = 5 )  [ RunTime:0.000880s ]
SQL: SELECT `inventory` FROM `ccshop_goods_list` WHERE ( `gid` = 6 )  [ RunTime:0.000974s ]
SQL: SELECT `inventory` FROM `ccshop_goods_list` WHERE ( `gid` = 7 )  [ RunTime:0.001236s ]
SQL: SELECT `inventory` FROM `ccshop_goods_list` WHERE ( `gid` = 8 )  [ RunTime:0.001060s ]
SQL: SELECT `inventory` FROM `ccshop_goods_list` WHERE ( `gid` = 9 )  [ RunTime:0.001013s ]
SQL: SELECT `inventory` FROM `ccshop_goods_list` WHERE ( `gid` = 10 )  [ RunTime:0.000900s ]
SQL: SELECT `inventory` FROM `ccshop_goods_list` WHERE ( `gid` = 11 )  [ RunTime:0.001378s ]
SQL: SELECT `inventory` FROM `ccshop_goods_list` WHERE ( `gid` = 12 )  [ RunTime:0.000915s ]
INFO: [ view_parse ] --START--
INFO: ParseTemplate Behavior ::run [ RunTime:0.068578s ]
INFO: [ view_parse ] --END-- [ RunTime:0.069012s ]
INFO: [ view_filter ] --START--
INFO: ContentReplace Behavior ::run [ RunTime:0.003882s ]
INFO: TokenBuild Behavior ::run [ RunTime:0.002003s ]
INFO: WriteHtmlCache Behavior ::run [ RunTime:0.001375s ]
INFO: ShowRuntime Behavior ::run [ RunTime:0.002254s ]
INFO: [ view_filter ] --END-- [ RunTime:0.010995s ]
INFO: [ view_end ] --START--
INFO: ShowPageTrace Behavior ::run [ RunTime:0.001738s ]
INFO: [ view_end ] --END-- [ RunTime:0.002028s ]

[ 2014-07-04T16:27:03+08:00 ] 0.0.0.0 /my/cc/admin/Category/add.html
INFO: [ route_check ] --START--
INFO: CheckRoute Behavior ::run [ RunTime:0.005286s ]
INFO: [ route_check ] --END-- [ RunTime:0.005863s ]
INFO: [ app_begin ] --START--
INFO: ReadHtmlCache Behavior ::run [ RunTime:0.003457s ]
INFO: [ app_begin ] --END-- [ RunTime:0.003948s ]
INFO: [ view_parse ] --START--
NOTIC: [8] Undefined variable: type F:\wamp\www\my\cc\App\Runtime\Cache\Admin\14250a49408d4fcb027399cf57f2bc2f.php 第 17 行.
INFO: ParseTemplate Behavior ::run [ RunTime:0.034458s ]
INFO: [ view_parse ] --END-- [ RunTime:0.034806s ]
INFO: [ view_filter ] --START--
INFO: ContentReplace Behavior ::run [ RunTime:0.001737s ]
INFO: TokenBuild Behavior ::run [ RunTime:0.002659s ]
INFO: WriteHtmlCache Behavior ::run [ RunTime:0.002084s ]
INFO: ShowRuntime Behavior ::run [ RunTime:0.001904s ]
INFO: [ view_filter ] --END-- [ RunTime:0.009655s ]
INFO: [ view_end ] --START--
INFO: ShowPageTrace Behavior ::run [ RunTime:0.001974s ]
INFO: [ view_end ] --END-- [ RunTime:0.002307s ]

[ 2014-07-04T16:27:07+08:00 ] 0.0.0.0 /my/cc/admin/Category/index.html
INFO: [ route_check ] --START--
INFO: CheckRoute Behavior ::run [ RunTime:0.002664s ]
INFO: [ route_check ] --END-- [ RunTime:0.003020s ]
INFO: [ app_begin ] --START--
INFO: ReadHtmlCache Behavior ::run [ RunTime:0.001864s ]
INFO: [ app_begin ] --END-- [ RunTime:0.002168s ]
SQL: SHOW COLUMNS FROM `ccshop_category` [ RunTime:0.008528s ]
SQL: SELECT * FROM `ccshop_category` ORDER BY sort  [ RunTime:0.001095s ]
INFO: [ view_parse ] --START--
INFO: ParseTemplate Behavior ::run [ RunTime:0.104634s ]
INFO: [ view_parse ] --END-- [ RunTime:0.104996s ]
INFO: [ view_filter ] --START--
INFO: ContentReplace Behavior ::run [ RunTime:0.002560s ]
INFO: TokenBuild Behavior ::run [ RunTime:0.001822s ]
INFO: WriteHtmlCache Behavior ::run [ RunTime:0.001266s ]
INFO: ShowRuntime Behavior ::run [ RunTime:0.001883s ]
INFO: [ view_filter ] --END-- [ RunTime:0.008367s ]
INFO: [ view_end ] --START--
INFO: ShowPageTrace Behavior ::run [ RunTime:0.002271s ]
INFO: [ view_end ] --END-- [ RunTime:0.002795s ]

[ 2014-07-04T16:27:16+08:00 ] 0.0.0.0 /my/cc/admin/Category/add/pid/1.html
INFO: [ route_check ] --START--
INFO: CheckRoute Behavior ::run [ RunTime:0.002773s ]
INFO: [ route_check ] --END-- [ RunTime:0.003139s ]
INFO: [ app_begin ] --START--
INFO: ReadHtmlCache Behavior ::run [ RunTime:0.003229s ]
INFO: [ app_begin ] --END-- [ RunTime:0.003766s ]
SQL: SHOW COLUMNS FROM `ccshop_type` [ RunTime:0.081015s ]
SQL: SELECT * FROM `ccshop_type`  [ RunTime:0.000799s ]
INFO: [ view_parse ] --START--
INFO: ParseTemplate Behavior ::run [ RunTime:0.032173s ]
INFO: [ view_parse ] --END-- [ RunTime:0.032562s ]
INFO: [ view_filter ] --START--
INFO: ContentReplace Behavior ::run [ RunTime:0.001580s ]
INFO: TokenBuild Behavior ::run [ RunTime:0.001623s ]
INFO: WriteHtmlCache Behavior ::run [ RunTime:0.001281s ]
INFO: ShowRuntime Behavior ::run [ RunTime:0.001841s ]
INFO: [ view_filter ] --END-- [ RunTime:0.007146s ]
INFO: [ view_end ] --START--
INFO: ShowPageTrace Behavior ::run [ RunTime:0.002448s ]
INFO: [ view_end ] --END-- [ RunTime:0.002867s ]

[ 2014-07-04T16:27:34+08:00 ] 0.0.0.0 /my/cc/admin/Type/add.html
INFO: [ route_check ] --START--
INFO: CheckRoute Behavior ::run [ RunTime:0.003597s ]
INFO: [ route_check ] --END-- [ RunTime:0.004045s ]
INFO: [ app_begin ] --START--
INFO: ReadHtmlCache Behavior ::run [ RunTime:0.002491s ]
INFO: [ app_begin ] --END-- [ RunTime:0.002952s ]
INFO: [ view_parse ] --START--
INFO: ParseTemplate Behavior ::run [ RunTime:0.071257s ]
INFO: [ view_parse ] --END-- [ RunTime:0.071890s ]
INFO: [ view_filter ] --START--
INFO: ContentReplace Behavior ::run [ RunTime:0.002410s ]
INFO: TokenBuild Behavior ::run [ RunTime:0.002189s ]
INFO: WriteHtmlCache Behavior ::run [ RunTime:0.001464s ]
INFO: ShowRuntime Behavior ::run [ RunTime:0.002069s ]
INFO: [ view_filter ] --END-- [ RunTime:0.009164s ]
INFO: [ view_end ] --START--
INFO: ShowPageTrace Behavior ::run [ RunTime:0.001979s ]
INFO: [ view_end ] --END-- [ RunTime:0.002281s ]

[ 2014-07-04T16:27:37+08:00 ] 0.0.0.0 /my/cc/admin/Type/index.html
INFO: [ route_check ] --START--
INFO: CheckRoute Behavior ::run [ RunTime:0.002787s ]
INFO: [ route_check ] --END-- [ RunTime:0.003150s ]
INFO: [ app_begin ] --START--
INFO: ReadHtmlCache Behavior ::run [ RunTime:0.002008s ]
INFO: [ app_begin ] --END-- [ RunTime:0.002354s ]
SQL: SHOW COLUMNS FROM `ccshop_type` [ RunTime:0.007918s ]
SQL: SELECT * FROM `ccshop_type`  [ RunTime:0.000808s ]
INFO: [ view_parse ] --START--
INFO: ParseTemplate Behavior ::run [ RunTime:0.045538s ]
INFO: [ view_parse ] --END-- [ RunTime:0.046013s ]
INFO: [ view_filter ] --START--
INFO: ContentReplace Behavior ::run [ RunTime:0.002209s ]
INFO: TokenBuild Behavior ::run [ RunTime:0.001751s ]
INFO: WriteHtmlCache Behavior ::run [ RunTime:0.001413s ]
INFO: ShowRuntime Behavior ::run [ RunTime:0.001978s ]
INFO: [ view_filter ] --END-- [ RunTime:0.008216s ]
INFO: [ view_end ] --START--
INFO: ShowPageTrace Behavior ::run [ RunTime:0.001889s ]
INFO: [ view_end ] --END-- [ RunTime:0.002180s ]

[ 2014-07-04T16:27:52+08:00 ] 0.0.0.0 /my/cc/admin/TypeAttr/index/tid/1.html
INFO: [ route_check ] --START--
INFO: CheckRoute Behavior ::run [ RunTime:0.004992s ]
INFO: [ route_check ] --END-- [ RunTime:0.005766s ]
INFO: [ app_begin ] --START--
INFO: ReadHtmlCache Behavior ::run [ RunTime:0.001925s ]
INFO: [ app_begin ] --END-- [ RunTime:0.002289s ]
SQL: SHOW COLUMNS FROM `ccshop_type_attr` [ RunTime:0.075996s ]
SQL: SELECT * FROM `ccshop_type_attr` WHERE ( `tid` = 1 )  [ RunTime:0.006231s ]
INFO: [ view_parse ] --START--
INFO: ParseTemplate Behavior ::run [ RunTime:0.044410s ]
INFO: [ view_parse ] --END-- [ RunTime:0.044823s ]
INFO: [ view_filter ] --START--
INFO: ContentReplace Behavior ::run [ RunTime:0.001910s ]
INFO: TokenBuild Behavior ::run [ RunTime:0.001743s ]
INFO: WriteHtmlCache Behavior ::run [ RunTime:0.001574s ]
INFO: ShowRuntime Behavior ::run [ RunTime:0.002339s ]
INFO: [ view_filter ] --END-- [ RunTime:0.008470s ]
INFO: [ view_end ] --START--
INFO: ShowPageTrace Behavior ::run [ RunTime:0.002040s ]
INFO: [ view_end ] --END-- [ RunTime:0.002428s ]

[ 2014-07-04T16:27:58+08:00 ] 0.0.0.0 /my/cc/admin/TypeAttr/add/tid/1.html
INFO: [ route_check ] --START--
INFO: CheckRoute Behavior ::run [ RunTime:0.002819s ]
INFO: [ route_check ] --END-- [ RunTime:0.003181s ]
INFO: [ app_begin ] --START--
INFO: ReadHtmlCache Behavior ::run [ RunTime:0.002001s ]
INFO: [ app_begin ] --END-- [ RunTime:0.002366s ]
INFO: [ view_parse ] --START--
INFO: ParseTemplate Behavior ::run [ RunTime:0.042358s ]
INFO: [ view_parse ] --END-- [ RunTime:0.042851s ]
INFO: [ view_filter ] --START--
INFO: ContentReplace Behavior ::run [ RunTime:0.002333s ]
INFO: TokenBuild Behavior ::run [ RunTime:0.002387s ]
INFO: WriteHtmlCache Behavior ::run [ RunTime:0.002621s ]
INFO: ShowRuntime Behavior ::run [ RunTime:0.001831s ]
INFO: [ view_filter ] --END-- [ RunTime:0.010380s ]
INFO: [ view_end ] --START--
INFO: ShowPageTrace Behavior ::run [ RunTime:0.001883s ]
INFO: [ view_end ] --END-- [ RunTime:0.002206s ]

[ 2014-07-04T16:38:11+08:00 ] 0.0.0.0 /my/cc/admin/Order/index.html
INFO: [ route_check ] --START--
INFO: CheckRoute Behavior ::run [ RunTime:0.003392s ]
INFO: [ route_check ] --END-- [ RunTime:0.003856s ]
INFO: [ app_begin ] --START--
INFO: ReadHtmlCache Behavior ::run [ RunTime:0.001969s ]
INFO: [ app_begin ] --END-- [ RunTime:0.002272s ]
ERR: 无法加载模块:Order

[ 2014-07-04T16:38:14+08:00 ] 0.0.0.0 /my/cc/admin/Goods/index.html
INFO: [ route_check ] --START--
INFO: CheckRoute Behavior ::run [ RunTime:0.002641s ]
INFO: [ route_check ] --END-- [ RunTime:0.002994s ]
INFO: [ app_begin ] --START--
INFO: ReadHtmlCache Behavior ::run [ RunTime:0.002451s ]
INFO: [ app_begin ] --END-- [ RunTime:0.003211s ]
SQL: SHOW COLUMNS FROM `ccshop_goods` [ RunTime:0.009620s ]
SQL: SELECT `gid`,`gname`,`gnumber`,`unit`,`marketprice`,`shopprice`,`click`,`time`,`tid` FROM `ccshop_goods`  [ RunTime:0.001261s ]
SQL: SHOW COLUMNS FROM `ccshop_goods_list` [ RunTime:0.008531s ]
SQL: SELECT `inventory` FROM `ccshop_goods_list` WHERE ( `gid` = 1 )  [ RunTime:0.000868s ]
SQL: SELECT `inventory` FROM `ccshop_goods_list` WHERE ( `gid` = 2 )  [ RunTime:0.000655s ]
SQL: SELECT `inventory` FROM `ccshop_goods_list` WHERE ( `gid` = 3 )  [ RunTime:0.000909s ]
SQL: SELECT `inventory` FROM `ccshop_goods_list` WHERE ( `gid` = 4 )  [ RunTime:0.000620s ]
SQL: SELECT `inventory` FROM `ccshop_goods_list` WHERE ( `gid` = 5 )  [ RunTime:0.000541s ]
SQL: SELECT `inventory` FROM `ccshop_goods_list` WHERE ( `gid` = 6 )  [ RunTime:0.000582s ]
SQL: SELECT `inventory` FROM `ccshop_goods_list` WHERE ( `gid` = 7 )  [ RunTime:0.000523s ]
SQL: SELECT `inventory` FROM `ccshop_goods_list` WHERE ( `gid` = 8 )  [ RunTime:0.000572s ]
SQL: SELECT `inventory` FROM `ccshop_goods_list` WHERE ( `gid` = 9 )  [ RunTime:0.000578s ]
SQL: SELECT `inventory` FROM `ccshop_goods_list` WHERE ( `gid` = 10 )  [ RunTime:0.000624s ]
SQL: SELECT `inventory` FROM `ccshop_goods_list` WHERE ( `gid` = 11 )  [ RunTime:0.000877s ]
SQL: SELECT `inventory` FROM `ccshop_goods_list` WHERE ( `gid` = 12 )  [ RunTime:0.000656s ]
INFO: [ view_parse ] --START--
INFO: ParseTemplate Behavior ::run [ RunTime:0.053873s ]
INFO: [ view_parse ] --END-- [ RunTime:0.054235s ]
INFO: [ view_filter ] --START--
INFO: ContentReplace Behavior ::run [ RunTime:0.002116s ]
INFO: TokenBuild Behavior ::run [ RunTime:0.001805s ]
INFO: WriteHtmlCache Behavior ::run [ RunTime:0.001459s ]
INFO: ShowRuntime Behavior ::run [ RunTime:0.001984s ]
INFO: [ view_filter ] --END-- [ RunTime:0.008219s ]
INFO: [ view_end ] --START--
INFO: ShowPageTrace Behavior ::run [ RunTime:0.001959s ]
INFO: [ view_end ] --END-- [ RunTime:0.002297s ]

[ 2014-07-04T16:38:14+08:00 ] 0.0.0.0 /my/cc/admin/Order/index.html
INFO: [ route_check ] --START--
INFO: CheckRoute Behavior ::run [ RunTime:0.003520s ]
INFO: [ route_check ] --END-- [ RunTime:0.004029s ]
INFO: [ app_begin ] --START--
INFO: ReadHtmlCache Behavior ::run [ RunTime:0.003223s ]
INFO: [ app_begin ] --END-- [ RunTime:0.003559s ]
ERR: 无法加载模块:Order

[ 2014-07-04T16:38:14+08:00 ] 0.0.0.0 /my/cc/admin/Remark/index.html
INFO: [ route_check ] --START--
INFO: CheckRoute Behavior ::run [ RunTime:0.005033s ]
INFO: [ route_check ] --END-- [ RunTime:0.005439s ]
INFO: [ app_begin ] --START--
INFO: ReadHtmlCache Behavior ::run [ RunTime:0.003505s ]
INFO: [ app_begin ] --END-- [ RunTime:0.004066s ]
ERR: 无法加载模块:Remark

[ 2014-07-04T16:38:15+08:00 ] 0.0.0.0 /my/cc/admin/Ad/index.html
INFO: [ route_check ] --START--
INFO: CheckRoute Behavior ::run [ RunTime:0.002639s ]
INFO: [ route_check ] --END-- [ RunTime:0.002973s ]
INFO: [ app_begin ] --START--
INFO: ReadHtmlCache Behavior ::run [ RunTime:0.002073s ]
INFO: [ app_begin ] --END-- [ RunTime:0.002365s ]
ERR: 无法加载模块:Ad

[ 2014-07-04T16:38:17+08:00 ] 0.0.0.0 /my/cc/admin/User/index.html
INFO: [ route_check ] --START--
INFO: CheckRoute Behavior ::run [ RunTime:0.002894s ]
INFO: [ route_check ] --END-- [ RunTime:0.003233s ]
INFO: [ app_begin ] --START--
INFO: ReadHtmlCache Behavior ::run [ RunTime:0.001931s ]
INFO: [ app_begin ] --END-- [ RunTime:0.002220s ]
ERR: 无法加载模块:User

[ 2014-07-04T16:38:18+08:00 ] 0.0.0.0 /my/cc/admin/Sys/index.html
INFO: [ route_check ] --START--
INFO: CheckRoute Behavior ::run [ RunTime:0.002712s ]
INFO: [ route_check ] --END-- [ RunTime:0.003103s ]
INFO: [ app_begin ] --START--
INFO: ReadHtmlCache Behavior ::run [ RunTime:0.001940s ]
INFO: [ app_begin ] --END-- [ RunTime:0.002232s ]
ERR: 无法加载模块:Sys

[ 2014-07-04T16:38:20+08:00 ] 0.0.0.0 /my/cc/admin/Index/info.html
INFO: [ route_check ] --START--
INFO: CheckRoute Behavior ::run [ RunTime:0.003172s ]
INFO: [ route_check ] --END-- [ RunTime:0.003523s ]
INFO: [ app_begin ] --START--
INFO: ReadHtmlCache Behavior ::run [ RunTime:0.001968s ]
INFO: [ app_begin ] --END-- [ RunTime:0.002263s ]
INFO: [ view_parse ] --START--
INFO: ParseTemplate Behavior ::run [ RunTime:0.028099s ]
INFO: [ view_parse ] --END-- [ RunTime:0.028557s ]
INFO: [ view_filter ] --START--
INFO: ContentReplace Behavior ::run [ RunTime:0.002216s ]
INFO: TokenBuild Behavior ::run [ RunTime:0.002042s ]
INFO: WriteHtmlCache Behavior ::run [ RunTime:0.001291s ]
INFO: ShowRuntime Behavior ::run [ RunTime:0.001908s ]
INFO: [ view_filter ] --END-- [ RunTime:0.008394s ]
INFO: [ view_end ] --START--
INFO: ShowPageTrace Behavior ::run [ RunTime:0.002120s ]
INFO: [ view_end ] --END-- [ RunTime:0.002419s ]

[ 2014-07-04T16:38:21+08:00 ] 0.0.0.0 /my/cc/admin/Goods/index.html
INFO: [ route_check ] --START--
INFO: CheckRoute Behavior ::run [ RunTime:0.003017s ]
INFO: [ route_check ] --END-- [ RunTime:0.003450s ]
INFO: [ app_begin ] --START--
INFO: ReadHtmlCache Behavior ::run [ RunTime:0.002087s ]
INFO: [ app_begin ] --END-- [ RunTime:0.002390s ]
SQL: SHOW COLUMNS FROM `ccshop_goods` [ RunTime:0.008920s ]
SQL: SELECT `gid`,`gname`,`gnumber`,`unit`,`marketprice`,`shopprice`,`click`,`time`,`tid` FROM `ccshop_goods`  [ RunTime:0.001712s ]
SQL: SHOW COLUMNS FROM `ccshop_goods_list` [ RunTime:0.007666s ]
SQL: SELECT `inventory` FROM `ccshop_goods_list` WHERE ( `gid` = 1 )  [ RunTime:0.000864s ]
SQL: SELECT `inventory` FROM `ccshop_goods_list` WHERE ( `gid` = 2 )  [ RunTime:0.000658s ]
SQL: SELECT `inventory` FROM `ccshop_goods_list` WHERE ( `gid` = 3 )  [ RunTime:0.000662s ]
SQL: SELECT `inventory` FROM `ccshop_goods_list` WHERE ( `gid` = 4 )  [ RunTime:0.000943s ]
SQL: SELECT `inventory` FROM `ccshop_goods_list` WHERE ( `gid` = 5 )  [ RunTime:0.000645s ]
SQL: SELECT `inventory` FROM `ccshop_goods_list` WHERE ( `gid` = 6 )  [ RunTime:0.000662s ]
SQL: SELECT `inventory` FROM `ccshop_goods_list` WHERE ( `gid` = 7 )  [ RunTime:0.000634s ]
SQL: SELECT `inventory` FROM `ccshop_goods_list` WHERE ( `gid` = 8 )  [ RunTime:0.000652s ]
SQL: SELECT `inventory` FROM `ccshop_goods_list` WHERE ( `gid` = 9 )  [ RunTime:0.000605s ]
SQL: SELECT `inventory` FROM `ccshop_goods_list` WHERE ( `gid` = 10 )  [ RunTime:0.000681s ]
SQL: SELECT `inventory` FROM `ccshop_goods_list` WHERE ( `gid` = 11 )  [ RunTime:0.000590s ]
SQL: SELECT `inventory` FROM `ccshop_goods_list` WHERE ( `gid` = 12 )  [ RunTime:0.000678s ]
INFO: [ view_parse ] --START--
INFO: ParseTemplate Behavior ::run [ RunTime:0.055202s ]
INFO: [ view_parse ] --END-- [ RunTime:0.055559s ]
INFO: [ view_filter ] --START--
INFO: ContentReplace Behavior ::run [ RunTime:0.002025s ]
INFO: TokenBuild Behavior ::run [ RunTime:0.001733s ]
INFO: WriteHtmlCache Behavior ::run [ RunTime:0.001372s ]
INFO: ShowRuntime Behavior ::run [ RunTime:0.001969s ]
INFO: [ view_filter ] --END-- [ RunTime:0.007982s ]
INFO: [ view_end ] --START--
INFO: ShowPageTrace Behavior ::run [ RunTime:0.002085s ]
INFO: [ view_end ] --END-- [ RunTime:0.002420s ]

[ 2014-07-04T16:38:22+08:00 ] 0.0.0.0 /my/cc/admin/Order/index.html
INFO: [ route_check ] --START--
INFO: CheckRoute Behavior ::run [ RunTime:0.002667s ]
INFO: [ route_check ] --END-- [ RunTime:0.003008s ]
INFO: [ app_begin ] --START--
INFO: ReadHtmlCache Behavior ::run [ RunTime:0.001934s ]
INFO: [ app_begin ] --END-- [ RunTime:0.002224s ]
ERR: 无法加载模块:Order

[ 2014-07-04T16:38:24+08:00 ] 0.0.0.0 /my/cc/admin/Goods/index.html
INFO: [ route_check ] --START--
INFO: CheckRoute Behavior ::run [ RunTime:0.002761s ]
INFO: [ route_check ] --END-- [ RunTime:0.003098s ]
INFO: [ app_begin ] --START--
INFO: ReadHtmlCache Behavior ::run [ RunTime:0.002230s ]
INFO: [ app_begin ] --END-- [ RunTime:0.002578s ]
SQL: SHOW COLUMNS FROM `ccshop_goods` [ RunTime:0.008883s ]
SQL: SELECT `gid`,`gname`,`gnumber`,`unit`,`marketprice`,`shopprice`,`click`,`time`,`tid` FROM `ccshop_goods`  [ RunTime:0.000932s ]
SQL: SHOW COLUMNS FROM `ccshop_goods_list` [ RunTime:0.008665s ]
SQL: SELECT `inventory` FROM `ccshop_goods_list` WHERE ( `gid` = 1 )  [ RunTime:0.000774s ]
SQL: SELECT `inventory` FROM `ccshop_goods_list` WHERE ( `gid` = 2 )  [ RunTime:0.000572s ]
SQL: SELECT `inventory` FROM `ccshop_goods_list` WHERE ( `gid` = 3 )  [ RunTime:0.000577s ]
SQL: SELECT `inventory` FROM `ccshop_goods_list` WHERE ( `gid` = 4 )  [ RunTime:0.000587s ]
SQL: SELECT `inventory` FROM `ccshop_goods_list` WHERE ( `gid` = 5 )  [ RunTime:0.000823s ]
SQL: SELECT `inventory` FROM `ccshop_goods_list` WHERE ( `gid` = 6 )  [ RunTime:0.000612s ]
SQL: SELECT `inventory` FROM `ccshop_goods_list` WHERE ( `gid` = 7 )  [ RunTime:0.000629s ]
SQL: SELECT `inventory` FROM `ccshop_goods_list` WHERE ( `gid` = 8 )  [ RunTime:0.000663s ]
SQL: SELECT `inventory` FROM `ccshop_goods_list` WHERE ( `gid` = 9 )  [ RunTime:0.000695s ]
SQL: SELECT `inventory` FROM `ccshop_goods_list` WHERE ( `gid` = 10 )  [ RunTime:0.000685s ]
SQL: SELECT `inventory` FROM `ccshop_goods_list` WHERE ( `gid` = 11 )  [ RunTime:0.000647s ]
SQL: SELECT `inventory` FROM `ccshop_goods_list` WHERE ( `gid` = 12 )  [ RunTime:0.000611s ]
INFO: [ view_parse ] --START--
INFO: ParseTemplate Behavior ::run [ RunTime:0.055473s ]
INFO: [ view_parse ] --END-- [ RunTime:0.055828s ]
INFO: [ view_filter ] --START--
INFO: ContentReplace Behavior ::run [ RunTime:0.002211s ]
INFO: TokenBuild Behavior ::run [ RunTime:0.001782s ]
INFO: WriteHtmlCache Behavior ::run [ RunTime:0.001332s ]
INFO: ShowRuntime Behavior ::run [ RunTime:0.001935s ]
INFO: [ view_filter ] --END-- [ RunTime:0.008141s ]
INFO: [ view_end ] --START--
INFO: ShowPageTrace Behavior ::run [ RunTime:0.001994s ]
INFO: [ view_end ] --END-- [ RunTime:0.002403s ]

[ 2014-07-04T16:38:33+08:00 ] 0.0.0.0 /my/cc/admin/GoodsList/index/gid/1/tid/1.html
INFO: [ route_check ] --START--
INFO: CheckRoute Behavior ::run [ RunTime:0.002688s ]
INFO: [ route_check ] --END-- [ RunTime:0.003036s ]
INFO: [ app_begin ] --START--
INFO: ReadHtmlCache Behavior ::run [ RunTime:0.003127s ]
INFO: [ app_begin ] --END-- [ RunTime:0.003630s ]
SQL: SHOW COLUMNS FROM `ccshop_type_attr` [ RunTime:0.008426s ]
SQL: SELECT `taid`,`taname` FROM `ccshop_type_attr` WHERE ( `tid` = 1 ) AND ( `class` = 1 )  [ RunTime:0.000895s ]
SQL: SHOW COLUMNS FROM `ccshop_goods_attr` [ RunTime:0.009048s ]
SQL: SELECT `gtid`,`gtvalue` FROM `ccshop_goods_attr` WHERE ( `gid` = 1 ) AND ( `taid` = 12 )  [ RunTime:0.035068s ]
SQL: SELECT `gtid`,`gtvalue` FROM `ccshop_goods_attr` WHERE ( `gid` = 1 ) AND ( `taid` = 13 )  [ RunTime:0.000956s ]
SQL: SHOW COLUMNS FROM `ccshop_goods_list` [ RunTime:0.008829s ]
SQL: SELECT * FROM `ccshop_goods_list` WHERE ( `gid` = 1 )  [ RunTime:0.000916s ]
SQL: SELECT `gtvalue` FROM `ccshop_goods_attr` WHERE ( `gtid` IN ('12','17') )  [ RunTime:0.000752s ]
SQL: SELECT `gtvalue` FROM `ccshop_goods_attr` WHERE ( `gtid` IN ('12','18') )  [ RunTime:0.000596s ]
SQL: SELECT `gtvalue` FROM `ccshop_goods_attr` WHERE ( `gtid` IN ('13','18') )  [ RunTime:0.000669s ]
SQL: SELECT `gtvalue` FROM `ccshop_goods_attr` WHERE ( `gtid` IN ('15','19') )  [ RunTime:0.000776s ]
SQL: SELECT `gtvalue` FROM `ccshop_goods_attr` WHERE ( `gtid` IN ('16','18') )  [ RunTime:0.000757s ]
SQL: SELECT `gtvalue` FROM `ccshop_goods_attr` WHERE ( `gtid` IN ('12','19') )  [ RunTime:0.000668s ]
SQL: SELECT `gtvalue` FROM `ccshop_goods_attr` WHERE ( `gtid` IN ('16','19') )  [ RunTime:0.000689s ]
INFO: [ view_parse ] --START--
INFO: ParseTemplate Behavior ::run [ RunTime:0.065734s ]
INFO: [ view_parse ] --END-- [ RunTime:0.066132s ]
INFO: [ view_filter ] --START--
INFO: ContentReplace Behavior ::run [ RunTime:0.002004s ]
INFO: TokenBuild Behavior ::run [ RunTime:0.001712s ]
INFO: WriteHtmlCache Behavior ::run [ RunTime:0.001375s ]
INFO: ShowRuntime Behavior ::run [ RunTime:0.001817s ]
INFO: [ view_filter ] --END-- [ RunTime:0.007779s ]
INFO: [ view_end ] --START--
INFO: ShowPageTrace Behavior ::run [ RunTime:0.003879s ]
INFO: [ view_end ] --END-- [ RunTime:0.004440s ]

[ 2014-07-04T16:38:41+08:00 ] 0.0.0.0 /my/cc/admin/GoodsList/check.html?gid=1&spec%5B0%5D=12&spec%5B1%5D=18
INFO: [ route_check ] --START--
INFO: CheckRoute Behavior ::run [ RunTime:0.002918s ]
INFO: [ route_check ] --END-- [ RunTime:0.003255s ]
INFO: [ app_begin ] --START--
INFO: ReadHtmlCache Behavior ::run [ RunTime:0.001944s ]
INFO: [ app_begin ] --END-- [ RunTime:0.002191s ]
SQL: SHOW COLUMNS FROM `ccshop_goods_list` [ RunTime:0.007468s ]
SQL: SELECT COUNT(*) AS tp_count FROM `ccshop_goods_list` WHERE ( `gid` = 1 ) AND ( `combine` = '12,18' ) LIMIT 1   [ RunTime:0.050061s ]

[ 2014-07-04T16:38:56+08:00 ] 0.0.0.0 /my/cc/admin/GoodsList/check.html?gid=1&spec%5B0%5D=14&spec%5B1%5D=20
INFO: [ route_check ] --START--
INFO: CheckRoute Behavior ::run [ RunTime:0.002757s ]
INFO: [ route_check ] --END-- [ RunTime:0.003090s ]
INFO: [ app_begin ] --START--
INFO: ReadHtmlCache Behavior ::run [ RunTime:0.002628s ]
INFO: [ app_begin ] --END-- [ RunTime:0.002938s ]
SQL: SHOW COLUMNS FROM `ccshop_goods_list` [ RunTime:0.007679s ]
SQL: SELECT COUNT(*) AS tp_count FROM `ccshop_goods_list` WHERE ( `gid` = 1 ) AND ( `combine` = '14,20' ) LIMIT 1   [ RunTime:0.000784s ]

[ 2014-07-04T16:39:24+08:00 ] 0.0.0.0 /my/cc/admin/Goods/add.html
INFO: [ route_check ] --START--
INFO: CheckRoute Behavior ::run [ RunTime:0.003023s ]
INFO: [ route_check ] --END-- [ RunTime:0.003369s ]
INFO: [ app_begin ] --START--
INFO: ReadHtmlCache Behavior ::run [ RunTime:0.002270s ]
INFO: [ app_begin ] --END-- [ RunTime:0.002660s ]
SQL: SHOW COLUMNS FROM `ccshop_category` [ RunTime:0.008369s ]
SQL: SELECT * FROM `ccshop_category` ORDER BY sort  [ RunTime:0.001232s ]
SQL: SHOW COLUMNS FROM `ccshop_brand` [ RunTime:0.280091s ]
SQL: SELECT * FROM `ccshop_brand` ORDER BY sort  [ RunTime:0.001050s ]
INFO: [ view_parse ] --START--
INFO: ParseTemplate Behavior ::run [ RunTime:0.065882s ]
INFO: [ view_parse ] --END-- [ RunTime:0.066255s ]
INFO: [ view_filter ] --START--
INFO: ContentReplace Behavior ::run [ RunTime:0.001928s ]
INFO: TokenBuild Behavior ::run [ RunTime:0.001816s ]
INFO: WriteHtmlCache Behavior ::run [ RunTime:0.001323s ]
INFO: ShowRuntime Behavior ::run [ RunTime:0.002230s ]
INFO: [ view_filter ] --END-- [ RunTime:0.008101s ]
INFO: [ view_end ] --START--
INFO: ShowPageTrace Behavior ::run [ RunTime:0.002176s ]
INFO: [ view_end ] --END-- [ RunTime:0.002495s ]

[ 2014-07-04T16:39:29+08:00 ] 0.0.0.0 /my/cc/admin/Goods/
INFO: [ route_check ] --START--
INFO: CheckRoute Behavior ::run [ RunTime:0.003715s ]
INFO: [ route_check ] --END-- [ RunTime:0.004063s ]
INFO: [ app_begin ] --START--
INFO: ReadHtmlCache Behavior ::run [ RunTime:0.002217s ]
INFO: [ app_begin ] --END-- [ RunTime:0.002524s ]
SQL: SHOW COLUMNS FROM `ccshop_goods` [ RunTime:0.034016s ]
SQL: SELECT `gid`,`gname`,`gnumber`,`unit`,`marketprice`,`shopprice`,`click`,`time`,`tid` FROM `ccshop_goods`  [ RunTime:0.001004s ]
SQL: SHOW COLUMNS FROM `ccshop_goods_list` [ RunTime:0.008590s ]
SQL: SELECT `inventory` FROM `ccshop_goods_list` WHERE ( `gid` = 1 )  [ RunTime:0.000942s ]
SQL: SELECT `inventory` FROM `ccshop_goods_list` WHERE ( `gid` = 2 )  [ RunTime:0.000661s ]
SQL: SELECT `inventory` FROM `ccshop_goods_list` WHERE ( `gid` = 3 )  [ RunTime:0.000675s ]
SQL: SELECT `inventory` FROM `ccshop_goods_list` WHERE ( `gid` = 4 )  [ RunTime:0.000740s ]
SQL: SELECT `inventory` FROM `ccshop_goods_list` WHERE ( `gid` = 5 )  [ RunTime:0.000689s ]
SQL: SELECT `inventory` FROM `ccshop_goods_list` WHERE ( `gid` = 6 )  [ RunTime:0.000683s ]
SQL: SELECT `inventory` FROM `ccshop_goods_list` WHERE ( `gid` = 7 )  [ RunTime:0.000623s ]
SQL: SELECT `inventory` FROM `ccshop_goods_list` WHERE ( `gid` = 8 )  [ RunTime:0.000705s ]
SQL: SELECT `inventory` FROM `ccshop_goods_list` WHERE ( `gid` = 9 )  [ RunTime:0.000672s ]
SQL: SELECT `inventory` FROM `ccshop_goods_list` WHERE ( `gid` = 10 )  [ RunTime:0.000693s ]
SQL: SELECT `inventory` FROM `ccshop_goods_list` WHERE ( `gid` = 11 )  [ RunTime:0.000603s ]
SQL: SELECT `inventory` FROM `ccshop_goods_list` WHERE ( `gid` = 12 )  [ RunTime:0.000749s ]
INFO: [ view_parse ] --START--
INFO: ParseTemplate Behavior ::run [ RunTime:0.071218s ]
INFO: [ view_parse ] --END-- [ RunTime:0.071594s ]
INFO: [ view_filter ] --START--
INFO: ContentReplace Behavior ::run [ RunTime:0.002008s ]
INFO: TokenBuild Behavior ::run [ RunTime:0.001679s ]
INFO: WriteHtmlCache Behavior ::run [ RunTime:0.001286s ]
INFO: ShowRuntime Behavior ::run [ RunTime:0.001970s ]
INFO: [ view_filter ] --END-- [ RunTime:0.007957s ]
INFO: [ view_end ] --START--
INFO: ShowPageTrace Behavior ::run [ RunTime:0.002506s ]
INFO: [ view_end ] --END-- [ RunTime:0.003182s ]

[ 2014-07-04T16:39:31+08:00 ] 0.0.0.0 /my/cc/admin/Goods/
INFO: [ route_check ] --START--
INFO: CheckRoute Behavior ::run [ RunTime:0.003236s ]
INFO: [ route_check ] --END-- [ RunTime:0.003575s ]
INFO: [ app_begin ] --START--
INFO: ReadHtmlCache Behavior ::run [ RunTime:0.002967s ]
INFO: [ app_begin ] --END-- [ RunTime:0.003479s ]
SQL: SHOW COLUMNS FROM `ccshop_goods` [ RunTime:0.008484s ]
SQL: SELECT `gid`,`gname`,`gnumber`,`unit`,`marketprice`,`shopprice`,`click`,`time`,`tid` FROM `ccshop_goods`  [ RunTime:0.001036s ]
SQL: SHOW COLUMNS FROM `ccshop_goods_list` [ RunTime:0.007917s ]
SQL: SELECT `inventory` FROM `ccshop_goods_list` WHERE ( `gid` = 1 )  [ RunTime:0.000795s ]
SQL: SELECT `inventory` FROM `ccshop_goods_list` WHERE ( `gid` = 2 )  [ RunTime:0.000662s ]
SQL: SELECT `inventory` FROM `ccshop_goods_list` WHERE ( `gid` = 3 )  [ RunTime:0.000694s ]
SQL: SELECT `inventory` FROM `ccshop_goods_list` WHERE ( `gid` = 4 )  [ RunTime:0.000989s ]
SQL: SELECT `inventory` FROM `ccshop_goods_list` WHERE ( `gid` = 5 )  [ RunTime:0.000735s ]
SQL: SELECT `inventory` FROM `ccshop_goods_list` WHERE ( `gid` = 6 )  [ RunTime:0.000665s ]
SQL: SELECT `inventory` FROM `ccshop_goods_list` WHERE ( `gid` = 7 )  [ RunTime:0.000653s ]
SQL: SELECT `inventory` FROM `ccshop_goods_list` WHERE ( `gid` = 8 )  [ RunTime:0.000712s ]
SQL: SELECT `inventory` FROM `ccshop_goods_list` WHERE ( `gid` = 9 )  [ RunTime:0.000705s ]
SQL: SELECT `inventory` FROM `ccshop_goods_list` WHERE ( `gid` = 10 )  [ RunTime:0.000595s ]
SQL: SELECT `inventory` FROM `ccshop_goods_list` WHERE ( `gid` = 11 )  [ RunTime:0.000692s ]
SQL: SELECT `inventory` FROM `ccshop_goods_list` WHERE ( `gid` = 12 )  [ RunTime:0.000645s ]
INFO: [ view_parse ] --START--
INFO: ParseTemplate Behavior ::run [ RunTime:0.049846s ]
INFO: [ view_parse ] --END-- [ RunTime:0.050185s ]
INFO: [ view_filter ] --START--
INFO: ContentReplace Behavior ::run [ RunTime:0.001771s ]
INFO: TokenBuild Behavior ::run [ RunTime:0.001654s ]
INFO: WriteHtmlCache Behavior ::run [ RunTime:0.001266s ]
INFO: ShowRuntime Behavior ::run [ RunTime:0.002085s ]
INFO: [ view_filter ] --END-- [ RunTime:0.007698s ]
INFO: [ view_end ] --START--
INFO: ShowPageTrace Behavior ::run [ RunTime:0.002195s ]
INFO: [ view_end ] --END-- [ RunTime:0.002538s ]

[ 2014-07-04T16:39:33+08:00 ] 0.0.0.0 /my/cc/admin/Goods/getAttr.html
INFO: [ route_check ] --START--
INFO: CheckRoute Behavior ::run [ RunTime:0.004335s ]
INFO: [ route_check ] --END-- [ RunTime:0.004820s ]
INFO: [ app_begin ] --START--
INFO: ReadHtmlCache Behavior ::run [ RunTime:0.002014s ]
INFO: [ app_begin ] --END-- [ RunTime:0.002291s ]
SQL: SHOW COLUMNS FROM `ccshop_type_attr` [ RunTime:0.008256s ]
SQL: SELECT * FROM `ccshop_type_attr` WHERE ( `tid` = 1 )  [ RunTime:0.038318s ]

[ 2014-07-04T16:41:23+08:00 ] 0.0.0.0 /my/cc/admin/Category/add.html
INFO: [ route_check ] --START--
INFO: CheckRoute Behavior ::run [ RunTime:0.002645s ]
INFO: [ route_check ] --END-- [ RunTime:0.002988s ]
INFO: [ app_begin ] --START--
INFO: ReadHtmlCache Behavior ::run [ RunTime:0.001961s ]
INFO: [ app_begin ] --END-- [ RunTime:0.002257s ]
INFO: [ view_parse ] --START--
NOTIC: [8] Undefined variable: type F:\wamp\www\my\cc\App\Runtime\Cache\Admin\14250a49408d4fcb027399cf57f2bc2f.php 第 17 行.
INFO: ParseTemplate Behavior ::run [ RunTime:0.031012s ]
INFO: [ view_parse ] --END-- [ RunTime:0.031434s ]
INFO: [ view_filter ] --START--
INFO: ContentReplace Behavior ::run [ RunTime:0.002036s ]
INFO: TokenBuild Behavior ::run [ RunTime:0.002545s ]
INFO: WriteHtmlCache Behavior ::run [ RunTime:0.001844s ]
INFO: ShowRuntime Behavior ::run [ RunTime:0.002623s ]
INFO: [ view_filter ] --END-- [ RunTime:0.010419s ]
INFO: [ view_end ] --START--
INFO: ShowPageTrace Behavior ::run [ RunTime:0.003351s ]
INFO: [ view_end ] --END-- [ RunTime:0.003842s ]

[ 2014-07-04T16:41:27+08:00 ] 0.0.0.0 /my/cc/admin/Category/index.html
INFO: [ route_check ] --START--
INFO: CheckRoute Behavior ::run [ RunTime:0.002743s ]
INFO: [ route_check ] --END-- [ RunTime:0.003089s ]
INFO: [ app_begin ] --START--
INFO: ReadHtmlCache Behavior ::run [ RunTime:0.002087s ]
INFO: [ app_begin ] --END-- [ RunTime:0.002382s ]
SQL: SHOW COLUMNS FROM `ccshop_category` [ RunTime:0.007991s ]
SQL: SELECT * FROM `ccshop_category` ORDER BY sort  [ RunTime:0.001041s ]
INFO: [ view_parse ] --START--
INFO: ParseTemplate Behavior ::run [ RunTime:0.081179s ]
INFO: [ view_parse ] --END-- [ RunTime:0.081539s ]
INFO: [ view_filter ] --START--
INFO: ContentReplace Behavior ::run [ RunTime:0.002486s ]
INFO: TokenBuild Behavior ::run [ RunTime:0.001744s ]
INFO: WriteHtmlCache Behavior ::run [ RunTime:0.001319s ]
INFO: ShowRuntime Behavior ::run [ RunTime:0.001856s ]
INFO: [ view_filter ] --END-- [ RunTime:0.008193s ]
INFO: [ view_end ] --START--
INFO: ShowPageTrace Behavior ::run [ RunTime:0.002289s ]
INFO: [ view_end ] --END-- [ RunTime:0.002582s ]

[ 2014-07-04T16:41:42+08:00 ] 0.0.0.0 /my/cc/Index/Index/index.html
INFO: [ route_check ] --START--
INFO: CheckRoute Behavior ::run [ RunTime:0.003559s ]
INFO: [ route_check ] --END-- [ RunTime:0.003903s ]
INFO: [ app_begin ] --START--
INFO: ReadHtmlCache Behavior ::run [ RunTime:0.002229s ]
INFO: [ app_begin ] --END-- [ RunTime:0.002535s ]
SQL: SHOW COLUMNS FROM `ccshop_goods` [ RunTime:0.008845s ]
SQL: SELECT `gid`,`gname`,`pic`,`click`,`shopprice` FROM `ccshop_goods` WHERE ( `cid` = 13 ) ORDER BY rand() LIMIT 10   [ RunTime:0.002136s ]
SQL: SELECT `gid`,`gname`,`pic`,`click`,`shopprice` FROM `ccshop_goods` WHERE ( `cid` = 13 ) ORDER BY rand() LIMIT 10   [ RunTime:0.001325s ]
SQL: SELECT `gid`,`gname`,`pic`,`click`,`shopprice` FROM `ccshop_goods` WHERE ( `cid` = 13 ) ORDER BY rand() LIMIT 10   [ RunTime:0.001247s ]
SQL: SHOW COLUMNS FROM `ccshop_category` [ RunTime:0.007358s ]
SQL: SELECT `cid`,`cname` FROM `ccshop_category` WHERE ( `pid` = 4 )  [ RunTime:0.000999s ]
INFO: [ view_parse ] --START--
INFO: ParseTemplate Behavior ::run [ RunTime:0.364922s ]
INFO: [ view_parse ] --END-- [ RunTime:0.365386s ]
INFO: [ view_filter ] --START--
INFO: ContentReplace Behavior ::run [ RunTime:0.004814s ]
INFO: TokenBuild Behavior ::run [ RunTime:0.001927s ]
INFO: WriteHtmlCache Behavior ::run [ RunTime:0.001605s ]
INFO: ShowRuntime Behavior ::run [ RunTime:0.003037s ]
INFO: [ view_filter ] --END-- [ RunTime:0.012259s ]
INFO: [ view_end ] --START--
INFO: ShowPageTrace Behavior ::run [ RunTime:0.002329s ]
INFO: [ view_end ] --END-- [ RunTime:0.002711s ]

[ 2014-07-04T16:41:49+08:00 ] 0.0.0.0 /my/cc/c/4_0.html
INFO: [ route_check ] --START--
INFO: CheckRoute Behavior ::run [ RunTime:0.003331s ]
INFO: [ route_check ] --END-- [ RunTime:0.003696s ]
INFO: [ app_begin ] --START--
INFO: ReadHtmlCache Behavior ::run [ RunTime:0.003035s ]
INFO: [ app_begin ] --END-- [ RunTime:0.003523s ]
SQL: SHOW COLUMNS FROM `ccshop_category` [ RunTime:0.009302s ]
SQL: SELECT `cid`,`pid` FROM `ccshop_category`  [ RunTime:0.000865s ]
NOTIC: [8] Undefined index: id F:\wamp\www\my\cc\App\Lib\Class\Unlimited.class.php 第 125 行.
NOTIC: [8] Undefined index: id F:\wamp\www\my\cc\App\Lib\Class\Unlimited.class.php 第 125 行.
NOTIC: [8] Undefined index: id F:\wamp\www\my\cc\App\Lib\Class\Unlimited.class.php 第 125 行.
NOTIC: [8] Undefined index: id F:\wamp\www\my\cc\App\Lib\Class\Unlimited.class.php 第 125 行.
NOTIC: [8] Undefined index: id F:\wamp\www\my\cc\App\Lib\Class\Unlimited.class.php 第 125 行.
NOTIC: [8] Undefined index: id F:\wamp\www\my\cc\App\Lib\Class\Unlimited.class.php 第 125 行.
NOTIC: [8] Undefined index: id F:\wamp\www\my\cc\App\Lib\Class\Unlimited.class.php 第 125 行.
NOTIC: [8] Undefined index: id F:\wamp\www\my\cc\App\Lib\Class\Unlimited.class.php 第 125 行.
NOTIC: [8] Undefined index: id F:\wamp\www\my\cc\App\Lib\Class\Unlimited.class.php 第 125 行.
NOTIC: [8] Undefined index: id F:\wamp\www\my\cc\App\Lib\Class\Unlimited.class.php 第 125 行.
NOTIC: [8] Undefined index: id F:\wamp\www\my\cc\App\Lib\Class\Unlimited.class.php 第 125 行.
NOTIC: [8] Undefined index: id F:\wamp\www\my\cc\App\Lib\Class\Unlimited.class.php 第 125 行.
NOTIC: [8] Undefined index: id F:\wamp\www\my\cc\App\Lib\Class\Unlimited.class.php 第 125 行.
NOTIC: [8] Undefined index: id F:\wamp\www\my\cc\App\Lib\Class\Unlimited.class.php 第 125 行.
NOTIC: [8] Undefined index: id F:\wamp\www\my\cc\App\Lib\Class\Unlimited.class.php 第 125 行.
NOTIC: [8] Undefined index: id F:\wamp\www\my\cc\App\Lib\Class\Unlimited.class.php 第 125 行.
SQL: SHOW COLUMNS FROM `ccshop_goods` [ RunTime:0.009465s ]
SQL: SELECT `gid` FROM `ccshop_goods` WHERE ( `cid` IN ('13','14','15','16','17','18','19','20','21','22','23','24','25','26','27','28',4) )  [ RunTime:0.000946s ]
SQL: SHOW COLUMNS FROM `ccshop_goods_attr` [ RunTime:0.008138s ]
SQL: SELECT `gtid`,`gtvalue`,`taid` FROM `ccshop_goods_attr` WHERE ( `gid` IN ('1','2','3','4','5','6','7','8','9','10','11','12') ) GROUP BY gtvalue  [ RunTime:0.003400s ]
SQL: SHOW COLUMNS FROM `ccshop_type_attr` [ RunTime:0.008306s ]
SQL: SELECT `taname` FROM `ccshop_type_attr` WHERE ( `taid` = 12 ) LIMIT 1   [ RunTime:0.000956s ]
SQL: SELECT `taname` FROM `ccshop_type_attr` WHERE ( `taid` = 13 ) LIMIT 1   [ RunTime:0.000629s ]
SQL: SELECT `taname` FROM `ccshop_type_attr` WHERE ( `taid` = 5 ) LIMIT 1   [ RunTime:0.000631s ]
SQL: SELECT `taname` FROM `ccshop_type_attr` WHERE ( `taid` = 1 ) LIMIT 1   [ RunTime:0.000702s ]
SQL: SELECT `taname` FROM `ccshop_type_attr` WHERE ( `taid` = 7 ) LIMIT 1   [ RunTime:0.000690s ]
SQL: SELECT `taname` FROM `ccshop_type_attr` WHERE ( `taid` = 3 ) LIMIT 1   [ RunTime:0.000578s ]
SQL: SELECT `taname` FROM `ccshop_type_attr` WHERE ( `taid` = 8 ) LIMIT 1   [ RunTime:0.001312s ]
SQL: SELECT `taname` FROM `ccshop_type_attr` WHERE ( `taid` = 6 ) LIMIT 1   [ RunTime:0.000690s ]
SQL: SELECT `taname` FROM `ccshop_type_attr` WHERE ( `taid` = 2 ) LIMIT 1   [ RunTime:0.000577s ]
SQL: SELECT `taname` FROM `ccshop_type_attr` WHERE ( `taid` = 4 ) LIMIT 1   [ RunTime:0.000626s ]
SQL: SELECT `taname` FROM `ccshop_type_attr` WHERE ( `taid` = 9 ) LIMIT 1   [ RunTime:0.000590s ]
SQL: SELECT `taname` FROM `ccshop_type_attr` WHERE ( `taid` = 10 ) LIMIT 1   [ RunTime:0.000651s ]
SQL: SELECT `taname` FROM `ccshop_type_attr` WHERE ( `taid` = 11 ) LIMIT 1   [ RunTime:0.000681s ]
SQL: SELECT COUNT(*) AS tp_count FROM `ccshop_goods` WHERE ( `gid` IN(1,2,3,4,5,6,7,8,9,10,11,12) ) LIMIT 1   [ RunTime:0.001000s ]
SQL: SELECT `gid`,`gname`,`marketprice`,`shopprice`,`pic` FROM `ccshop_goods` WHERE ( `gid` IN(1,2,3,4,5,6,7,8,9,10,11,12) ) ORDER BY time DESC LIMIT 0,8   [ RunTime:0.001019s ]
SQL: SELECT `gid`,`gname`,`pic`,`click`,`shopprice` FROM `ccshop_goods` WHERE ( `cid` = 13 ) ORDER BY rand() LIMIT 4   [ RunTime:0.001364s ]
SQL: SELECT `gid`,`gname`,`pic`,`click`,`shopprice` FROM `ccshop_goods` WHERE ( `cid` = 13 ) ORDER BY rand() LIMIT 5   [ RunTime:0.001312s ]
SQL: SELECT `cid`,`cname` FROM `ccshop_category` WHERE ( `pid` = 4 )  [ RunTime:0.000925s ]
SQL: SELECT `cname` FROM `ccshop_category` WHERE ( `cid` = 4 ) LIMIT 1   [ RunTime:0.000606s ]
SQL: SELECT `pid`,`cname`,`cid` FROM `ccshop_category` WHERE ( `cid` = 4 )  [ RunTime:0.000585s ]
SQL: SELECT `pid`,`cname`,`cid` FROM `ccshop_category` WHERE ( `cid` = 1 )  [ RunTime:0.000714s ]
INFO: [ view_parse ] --START--
INFO: ParseTemplate Behavior ::run [ RunTime:0.148574s ]
INFO: [ view_parse ] --END-- [ RunTime:0.149210s ]
INFO: [ view_filter ] --START--
INFO: ContentReplace Behavior ::run [ RunTime:0.004087s ]
INFO: TokenBuild Behavior ::run [ RunTime:0.001607s ]
INFO: WriteHtmlCache Behavior ::run [ RunTime:0.001184s ]
INFO: ShowRuntime Behavior ::run [ RunTime:0.002665s ]
INFO: [ view_filter ] --END-- [ RunTime:0.010656s ]
INFO: [ view_end ] --START--
INFO: ShowPageTrace Behavior ::run [ RunTime:0.002166s ]
INFO: [ view_end ] --END-- [ RunTime:0.002453s ]

[ 2014-07-04T16:41:56+08:00 ] 0.0.0.0 /my/cc/c/5_0.html
INFO: [ route_check ] --START--
INFO: CheckRoute Behavior ::run [ RunTime:0.003303s ]
INFO: [ route_check ] --END-- [ RunTime:0.003650s ]
INFO: [ app_begin ] --START--
INFO: ReadHtmlCache Behavior ::run [ RunTime:0.001868s ]
INFO: [ app_begin ] --END-- [ RunTime:0.002216s ]
SQL: SHOW COLUMNS FROM `ccshop_category` [ RunTime:0.009382s ]
SQL: SELECT `cid`,`pid` FROM `ccshop_category`  [ RunTime:0.001228s ]
SQL: SHOW COLUMNS FROM `ccshop_goods` [ RunTime:0.008490s ]
SQL: SELECT `gid` FROM `ccshop_goods` WHERE ( `cid` IN (5) )  [ RunTime:0.000796s ]
NOTIC: [2] unlink(./App/Runtime/Temp/5450c2df11b58198fe131ccedf2576b1.php) [<a href='function.unlink'>function.unlink</a>]: No such file or directory F:\wamp\www\my\cc\ThinkPHP\Lib\Driver\Cache\CacheFile.class.php 第 160 行.
SQL: SHOW COLUMNS FROM `ccshop_goods_attr` [ RunTime:0.007491s ]
NOTIC: [2] implode() [<a href='function.implode'>function.implode</a>]: Invalid arguments passed F:\wamp\www\my\cc\ThinkPHP\Lib\Core\Db.class.php 第 497 行.
SQL: SELECT `gtid`,`gtvalue`,`taid` FROM `ccshop_goods_attr` WHERE ( `gid` IN () ) GROUP BY gtvalue  [ RunTime:0.011765s ]
ERR: 1064:You have an error in your SQL syntax; check the manual that corresponds to your MySQL server version for the right syntax to use near ') ) GROUP BY gtvalue' at line 1
 [ SQL语句 ] : SELECT `gtid`,`gtvalue`,`taid` FROM `ccshop_goods_attr` WHERE ( `gid` IN () ) GROUP BY gtvalue 
NOTIC: [2] Invalid argument supplied for foreach() F:\wamp\www\my\cc\App\Modules\Index\Action\ListAction.class.php 第 160 行.
NOTIC: [2] array_fill() [<a href='function.array-fill'>function.array-fill</a>]: Number of elements must be positive F:\wamp\www\my\cc\App\Modules\Index\Action\ListAction.class.php 第 50 行.
NOTIC: [2] Invalid argument supplied for foreach() F:\wamp\www\my\cc\App\Modules\Index\Action\ListAction.class.php 第 57 行.
NOTIC: [2] implode() [<a href='function.implode'>function.implode</a>]: Invalid arguments passed F:\wamp\www\my\cc\App\Modules\Index\Action\ListAction.class.php 第 67 行.
SQL: SELECT COUNT(*) AS tp_count FROM `ccshop_goods` WHERE ( `gid` IN() ) LIMIT 1   [ RunTime:0.000542s ]
ERR: 1064:You have an error in your SQL syntax; check the manual that corresponds to your MySQL server version for the right syntax to use near ') ) LIMIT 1' at line 1
 [ SQL语句 ] : SELECT COUNT(*) AS tp_count FROM `ccshop_goods` WHERE ( `gid` IN() ) LIMIT 1  
SQL: SELECT `gid`,`gname`,`marketprice`,`shopprice`,`pic` FROM `ccshop_goods` WHERE ( `gid` IN() ) ORDER BY time DESC LIMIT 0,8   [ RunTime:0.000481s ]
ERR: 1064:You have an error in your SQL syntax; check the manual that corresponds to your MySQL server version for the right syntax to use near ') ) ORDER BY time DESC LIMIT 0,8' at line 1
 [ SQL语句 ] : SELECT `gid`,`gname`,`marketprice`,`shopprice`,`pic` FROM `ccshop_goods` WHERE ( `gid` IN() ) ORDER BY time DESC LIMIT 0,8  
NOTIC: [2] implode() [<a href='function.implode'>function.implode</a>]: Invalid arguments passed F:\wamp\www\my\cc\App\Modules\Index\Action\ListAction.class.php 第 92 行.
SQL: SELECT `gid`,`gname`,`pic`,`click`,`shopprice` FROM `ccshop_goods` WHERE ( `cid` = 13 ) ORDER BY rand() LIMIT 4   [ RunTime:0.001438s ]
SQL: SELECT `gid`,`gname`,`pic`,`click`,`shopprice` FROM `ccshop_goods` WHERE ( `cid` = 13 ) ORDER BY rand() LIMIT 5   [ RunTime:0.001212s ]
SQL: SELECT `cid`,`cname` FROM `ccshop_category` WHERE ( `pid` = 4 )  [ RunTime:0.000798s ]
SQL: SELECT `cname` FROM `ccshop_category` WHERE ( `cid` = 5 ) LIMIT 1   [ RunTime:0.000604s ]
SQL: SELECT `pid`,`cname`,`cid` FROM `ccshop_category` WHERE ( `cid` = 5 )  [ RunTime:0.000678s ]
SQL: SELECT `pid`,`cname`,`cid` FROM `ccshop_category` WHERE ( `cid` = 1 )  [ RunTime:0.000648s ]
INFO: [ view_parse ] --START--
INFO: ParseTemplate Behavior ::run [ RunTime:0.104159s ]
INFO: [ view_parse ] --END-- [ RunTime:0.104572s ]
INFO: [ view_filter ] --START--
INFO: ContentReplace Behavior ::run [ RunTime:0.002092s ]
INFO: TokenBuild Behavior ::run [ RunTime:0.001603s ]
INFO: WriteHtmlCache Behavior ::run [ RunTime:0.001322s ]
INFO: ShowRuntime Behavior ::run [ RunTime:0.001947s ]
INFO: [ view_filter ] --END-- [ RunTime:0.007875s ]
INFO: [ view_end ] --START--
INFO: ShowPageTrace Behavior ::run [ RunTime:0.001925s ]
INFO: [ view_end ] --END-- [ RunTime:0.002208s ]

[ 2014-07-04T16:42:01+08:00 ] 0.0.0.0 /my/cc/c/4_0.html
INFO: [ route_check ] --START--
INFO: CheckRoute Behavior ::run [ RunTime:0.003480s ]
INFO: [ route_check ] --END-- [ RunTime:0.003822s ]
INFO: [ app_begin ] --START--
INFO: ReadHtmlCache Behavior ::run [ RunTime:0.001800s ]
INFO: [ app_begin ] --END-- [ RunTime:0.002094s ]
SQL: SHOW COLUMNS FROM `ccshop_goods` [ RunTime:0.008969s ]
SQL: SELECT COUNT(*) AS tp_count FROM `ccshop_goods` WHERE ( `gid` IN(1,2,3,4,5,6,7,8,9,10,11,12) ) LIMIT 1   [ RunTime:0.000822s ]
SQL: SELECT `gid`,`gname`,`marketprice`,`shopprice`,`pic` FROM `ccshop_goods` WHERE ( `gid` IN(1,2,3,4,5,6,7,8,9,10,11,12) ) ORDER BY time DESC LIMIT 0,8   [ RunTime:0.001113s ]
SQL: SELECT `gid`,`gname`,`pic`,`click`,`shopprice` FROM `ccshop_goods` WHERE ( `cid` = 13 ) ORDER BY rand() LIMIT 4   [ RunTime:0.001478s ]
SQL: SELECT `gid`,`gname`,`pic`,`click`,`shopprice` FROM `ccshop_goods` WHERE ( `cid` = 13 ) ORDER BY rand() LIMIT 5   [ RunTime:0.001197s ]
SQL: SHOW COLUMNS FROM `ccshop_category` [ RunTime:0.007742s ]
SQL: SELECT `cid`,`cname` FROM `ccshop_category` WHERE ( `pid` = 4 )  [ RunTime:0.000870s ]
SQL: SELECT `cname` FROM `ccshop_category` WHERE ( `cid` = 4 ) LIMIT 1   [ RunTime:0.000598s ]
SQL: SELECT `pid`,`cname`,`cid` FROM `ccshop_category` WHERE ( `cid` = 4 )  [ RunTime:0.000701s ]
SQL: SELECT `pid`,`cname`,`cid` FROM `ccshop_category` WHERE ( `cid` = 1 )  [ RunTime:0.000577s ]
INFO: [ view_parse ] --START--
INFO: ParseTemplate Behavior ::run [ RunTime:0.113600s ]
INFO: [ view_parse ] --END-- [ RunTime:0.113975s ]
INFO: [ view_filter ] --START--
INFO: ContentReplace Behavior ::run [ RunTime:0.002326s ]
INFO: TokenBuild Behavior ::run [ RunTime:0.001404s ]
INFO: WriteHtmlCache Behavior ::run [ RunTime:0.000994s ]
INFO: ShowRuntime Behavior ::run [ RunTime:0.002065s ]
INFO: [ view_filter ] --END-- [ RunTime:0.007733s ]
INFO: [ view_end ] --START--
INFO: ShowPageTrace Behavior ::run [ RunTime:0.001893s ]
INFO: [ view_end ] --END-- [ RunTime:0.002179s ]

[ 2014-07-04T16:42:42+08:00 ] 0.0.0.0 /my/cc/admin/Type/index.html
INFO: [ route_check ] --START--
INFO: CheckRoute Behavior ::run [ RunTime:0.002507s ]
INFO: [ route_check ] --END-- [ RunTime:0.002896s ]
INFO: [ app_begin ] --START--
INFO: ReadHtmlCache Behavior ::run [ RunTime:0.001557s ]
INFO: [ app_begin ] --END-- [ RunTime:0.001914s ]
SQL: SHOW COLUMNS FROM `ccshop_type` [ RunTime:0.008048s ]
SQL: SELECT * FROM `ccshop_type`  [ RunTime:0.000757s ]
INFO: [ view_parse ] --START--
INFO: ParseTemplate Behavior ::run [ RunTime:0.039617s ]
INFO: [ view_parse ] --END-- [ RunTime:0.039981s ]
INFO: [ view_filter ] --START--
INFO: ContentReplace Behavior ::run [ RunTime:0.001385s ]
INFO: TokenBuild Behavior ::run [ RunTime:0.001226s ]
INFO: WriteHtmlCache Behavior ::run [ RunTime:0.000891s ]
INFO: ShowRuntime Behavior ::run [ RunTime:0.001582s ]
INFO: [ view_filter ] --END-- [ RunTime:0.005870s ]
INFO: [ view_end ] --START--
INFO: ShowPageTrace Behavior ::run [ RunTime:0.001751s ]
INFO: [ view_end ] --END-- [ RunTime:0.002036s ]

[ 2014-07-04T16:42:52+08:00 ] 0.0.0.0 /my/cc/admin/Category/add.html
INFO: [ route_check ] --START--
INFO: CheckRoute Behavior ::run [ RunTime:0.002491s ]
INFO: [ route_check ] --END-- [ RunTime:0.002827s ]
INFO: [ app_begin ] --START--
INFO: ReadHtmlCache Behavior ::run [ RunTime:0.001581s ]
INFO: [ app_begin ] --END-- [ RunTime:0.001961s ]
INFO: [ view_parse ] --START--
NOTIC: [8] Undefined variable: type F:\wamp\www\my\cc\App\Runtime\Cache\Admin\14250a49408d4fcb027399cf57f2bc2f.php 第 17 行.
INFO: ParseTemplate Behavior ::run [ RunTime:0.025604s ]
INFO: [ view_parse ] --END-- [ RunTime:0.025951s ]
INFO: [ view_filter ] --START--
INFO: ContentReplace Behavior ::run [ RunTime:0.001212s ]
INFO: TokenBuild Behavior ::run [ RunTime:0.001129s ]
INFO: WriteHtmlCache Behavior ::run [ RunTime:0.000793s ]
INFO: ShowRuntime Behavior ::run [ RunTime:0.001799s ]
INFO: [ view_filter ] --END-- [ RunTime:0.005920s ]
INFO: [ view_end ] --START--
INFO: ShowPageTrace Behavior ::run [ RunTime:0.001693s ]
INFO: [ view_end ] --END-- [ RunTime:0.001991s ]

[ 2014-07-04T17:04:10+08:00 ] 0.0.0.0 /my/cc/admin/Brand/add.html
INFO: [ route_check ] --START--
INFO: CheckRoute Behavior ::run [ RunTime:0.002909s ]
INFO: [ route_check ] --END-- [ RunTime:0.003476s ]
INFO: [ app_begin ] --START--
INFO: ReadHtmlCache Behavior ::run [ RunTime:0.002344s ]
INFO: [ app_begin ] --END-- [ RunTime:0.002700s ]
INFO: [ view_parse ] --START--
INFO: ParseTemplate Behavior ::run [ RunTime:0.046066s ]
INFO: [ view_parse ] --END-- [ RunTime:0.046420s ]
INFO: [ view_filter ] --START--
INFO: ContentReplace Behavior ::run [ RunTime:0.001736s ]
INFO: TokenBuild Behavior ::run [ RunTime:0.001719s ]
INFO: WriteHtmlCache Behavior ::run [ RunTime:0.001090s ]
INFO: ShowRuntime Behavior ::run [ RunTime:0.002751s ]
INFO: [ view_filter ] --END-- [ RunTime:0.008314s ]
INFO: [ view_end ] --START--
INFO: ShowPageTrace Behavior ::run [ RunTime:0.002605s ]
INFO: [ view_end ] --END-- [ RunTime:0.003099s ]

[ 2014-07-04T17:04:13+08:00 ] 0.0.0.0 /my/cc/admin/Brand/
INFO: [ route_check ] --START--
INFO: CheckRoute Behavior ::run [ RunTime:0.002151s ]
INFO: [ route_check ] --END-- [ RunTime:0.002487s ]
INFO: [ app_begin ] --START--
INFO: ReadHtmlCache Behavior ::run [ RunTime:0.001605s ]
INFO: [ app_begin ] --END-- [ RunTime:0.001895s ]
SQL: SHOW COLUMNS FROM `ccshop_brand` [ RunTime:0.009052s ]
SQL: SELECT * FROM `ccshop_brand` ORDER BY sort  [ RunTime:0.001589s ]
INFO: [ view_parse ] --START--
INFO: ParseTemplate Behavior ::run [ RunTime:0.040761s ]
INFO: [ view_parse ] --END-- [ RunTime:0.041272s ]
INFO: [ view_filter ] --START--
INFO: ContentReplace Behavior ::run [ RunTime:0.002302s ]
INFO: TokenBuild Behavior ::run [ RunTime:0.001971s ]
INFO: WriteHtmlCache Behavior ::run [ RunTime:0.001221s ]
INFO: ShowRuntime Behavior ::run [ RunTime:0.002478s ]
INFO: [ view_filter ] --END-- [ RunTime:0.009468s ]
INFO: [ view_end ] --START--
INFO: ShowPageTrace Behavior ::run [ RunTime:0.002763s ]
INFO: [ view_end ] --END-- [ RunTime:0.003254s ]

[ 2014-07-04T17:04:26+08:00 ] 0.0.0.0 /my/cc/admin/Goods/add.html
INFO: [ route_check ] --START--
INFO: CheckRoute Behavior ::run [ RunTime:0.002195s ]
INFO: [ route_check ] --END-- [ RunTime:0.002532s ]
INFO: [ app_begin ] --START--
INFO: ReadHtmlCache Behavior ::run [ RunTime:0.001513s ]
INFO: [ app_begin ] --END-- [ RunTime:0.001802s ]
SQL: SHOW COLUMNS FROM `ccshop_category` [ RunTime:0.007781s ]
SQL: SELECT * FROM `ccshop_category` ORDER BY sort  [ RunTime:0.000946s ]
SQL: SHOW COLUMNS FROM `ccshop_brand` [ RunTime:0.008268s ]
SQL: SELECT * FROM `ccshop_brand` ORDER BY sort  [ RunTime:0.000885s ]
INFO: [ view_parse ] --START--
INFO: ParseTemplate Behavior ::run [ RunTime:0.037842s ]
INFO: [ view_parse ] --END-- [ RunTime:0.038224s ]
INFO: [ view_filter ] --START--
INFO: ContentReplace Behavior ::run [ RunTime:0.001621s ]
INFO: TokenBuild Behavior ::run [ RunTime:0.001315s ]
INFO: WriteHtmlCache Behavior ::run [ RunTime:0.001258s ]
INFO: ShowRuntime Behavior ::run [ RunTime:0.002050s ]
INFO: [ view_filter ] --END-- [ RunTime:0.007146s ]
INFO: [ view_end ] --START--
INFO: ShowPageTrace Behavior ::run [ RunTime:0.001798s ]
INFO: [ view_end ] --END-- [ RunTime:0.002198s ]

[ 2014-07-04T17:04:30+08:00 ] 0.0.0.0 /my/cc/admin/Goods/
INFO: [ route_check ] --START--
INFO: CheckRoute Behavior ::run [ RunTime:0.002439s ]
INFO: [ route_check ] --END-- [ RunTime:0.002829s ]
INFO: [ app_begin ] --START--
INFO: ReadHtmlCache Behavior ::run [ RunTime:0.001504s ]
INFO: [ app_begin ] --END-- [ RunTime:0.001794s ]
SQL: SHOW COLUMNS FROM `ccshop_goods` [ RunTime:0.008066s ]
SQL: SELECT `gid`,`gname`,`gnumber`,`unit`,`marketprice`,`shopprice`,`click`,`time`,`tid` FROM `ccshop_goods`  [ RunTime:0.001040s ]
SQL: SHOW COLUMNS FROM `ccshop_goods_list` [ RunTime:0.008328s ]
SQL: SELECT `inventory` FROM `ccshop_goods_list` WHERE ( `gid` = 1 )  [ RunTime:0.000812s ]
SQL: SELECT `inventory` FROM `ccshop_goods_list` WHERE ( `gid` = 2 )  [ RunTime:0.000658s ]
SQL: SELECT `inventory` FROM `ccshop_goods_list` WHERE ( `gid` = 3 )  [ RunTime:0.000671s ]
SQL: SELECT `inventory` FROM `ccshop_goods_list` WHERE ( `gid` = 4 )  [ RunTime:0.000671s ]
SQL: SELECT `inventory` FROM `ccshop_goods_list` WHERE ( `gid` = 5 )  [ RunTime:0.000760s ]
SQL: SELECT `inventory` FROM `ccshop_goods_list` WHERE ( `gid` = 6 )  [ RunTime:0.000687s ]
SQL: SELECT `inventory` FROM `ccshop_goods_list` WHERE ( `gid` = 7 )  [ RunTime:0.000635s ]
SQL: SELECT `inventory` FROM `ccshop_goods_list` WHERE ( `gid` = 8 )  [ RunTime:0.000658s ]
SQL: SELECT `inventory` FROM `ccshop_goods_list` WHERE ( `gid` = 9 )  [ RunTime:0.000648s ]
SQL: SELECT `inventory` FROM `ccshop_goods_list` WHERE ( `gid` = 10 )  [ RunTime:0.000661s ]
SQL: SELECT `inventory` FROM `ccshop_goods_list` WHERE ( `gid` = 11 )  [ RunTime:0.000672s ]
SQL: SELECT `inventory` FROM `ccshop_goods_list` WHERE ( `gid` = 12 )  [ RunTime:0.000669s ]
INFO: [ view_parse ] --START--
INFO: ParseTemplate Behavior ::run [ RunTime:0.046156s ]
INFO: [ view_parse ] --END-- [ RunTime:0.046540s ]
INFO: [ view_filter ] --START--
INFO: ContentReplace Behavior ::run [ RunTime:0.001574s ]
INFO: TokenBuild Behavior ::run [ RunTime:0.001183s ]
INFO: WriteHtmlCache Behavior ::run [ RunTime:0.000817s ]
INFO: ShowRuntime Behavior ::run [ RunTime:0.001546s ]
INFO: [ view_filter ] --END-- [ RunTime:0.005988s ]
INFO: [ view_end ] --START--
INFO: ShowPageTrace Behavior ::run [ RunTime:0.002435s ]
INFO: [ view_end ] --END-- [ RunTime:0.002809s ]

[ 2014-07-04T17:04:31+08:00 ] 0.0.0.0 /my/cc/admin/Goods/
INFO: [ route_check ] --START--
INFO: CheckRoute Behavior ::run [ RunTime:0.003302s ]
INFO: [ route_check ] --END-- [ RunTime:0.003762s ]
INFO: [ app_begin ] --START--
INFO: ReadHtmlCache Behavior ::run [ RunTime:0.002343s ]
INFO: [ app_begin ] --END-- [ RunTime:0.002772s ]
SQL: SHOW COLUMNS FROM `ccshop_goods` [ RunTime:0.008747s ]
SQL: SELECT `gid`,`gname`,`gnumber`,`unit`,`marketprice`,`shopprice`,`click`,`time`,`tid` FROM `ccshop_goods`  [ RunTime:0.001256s ]
SQL: SHOW COLUMNS FROM `ccshop_goods_list` [ RunTime:0.007594s ]
SQL: SELECT `inventory` FROM `ccshop_goods_list` WHERE ( `gid` = 1 )  [ RunTime:0.000779s ]
SQL: SELECT `inventory` FROM `ccshop_goods_list` WHERE ( `gid` = 2 )  [ RunTime:0.000656s ]
SQL: SELECT `inventory` FROM `ccshop_goods_list` WHERE ( `gid` = 3 )  [ RunTime:0.000670s ]
SQL: SELECT `inventory` FROM `ccshop_goods_list` WHERE ( `gid` = 4 )  [ RunTime:0.000769s ]
SQL: SELECT `inventory` FROM `ccshop_goods_list` WHERE ( `gid` = 5 )  [ RunTime:0.000653s ]
SQL: SELECT `inventory` FROM `ccshop_goods_list` WHERE ( `gid` = 6 )  [ RunTime:0.000672s ]
SQL: SELECT `inventory` FROM `ccshop_goods_list` WHERE ( `gid` = 7 )  [ RunTime:0.000622s ]
SQL: SELECT `inventory` FROM `ccshop_goods_list` WHERE ( `gid` = 8 )  [ RunTime:0.000712s ]
SQL: SELECT `inventory` FROM `ccshop_goods_list` WHERE ( `gid` = 9 )  [ RunTime:0.000638s ]
SQL: SELECT `inventory` FROM `ccshop_goods_list` WHERE ( `gid` = 10 )  [ RunTime:0.000659s ]
SQL: SELECT `inventory` FROM `ccshop_goods_list` WHERE ( `gid` = 11 )  [ RunTime:0.000659s ]
SQL: SELECT `inventory` FROM `ccshop_goods_list` WHERE ( `gid` = 12 )  [ RunTime:0.000654s ]
INFO: [ view_parse ] --START--
INFO: ParseTemplate Behavior ::run [ RunTime:0.060660s ]
INFO: [ view_parse ] --END-- [ RunTime:0.061234s ]
INFO: [ view_filter ] --START--
INFO: ContentReplace Behavior ::run [ RunTime:0.002107s ]
INFO: TokenBuild Behavior ::run [ RunTime:0.001678s ]
INFO: WriteHtmlCache Behavior ::run [ RunTime:0.001718s ]
INFO: ShowRuntime Behavior ::run [ RunTime:0.001959s ]
INFO: [ view_filter ] --END-- [ RunTime:0.008302s ]
INFO: [ view_end ] --START--
INFO: ShowPageTrace Behavior ::run [ RunTime:0.002551s ]
INFO: [ view_end ] --END-- [ RunTime:0.002879s ]

[ 2014-07-04T17:04:33+08:00 ] 0.0.0.0 /my/cc/admin/Category/add.html
INFO: [ route_check ] --START--
INFO: CheckRoute Behavior ::run [ RunTime:0.003382s ]
INFO: [ route_check ] --END-- [ RunTime:0.003910s ]
INFO: [ app_begin ] --START--
INFO: ReadHtmlCache Behavior ::run [ RunTime:0.001641s ]
INFO: [ app_begin ] --END-- [ RunTime:0.001968s ]
INFO: [ view_parse ] --START--
NOTIC: [8] Undefined variable: type F:\wamp\www\my\cc\App\Runtime\Cache\Admin\14250a49408d4fcb027399cf57f2bc2f.php 第 17 行.
INFO: ParseTemplate Behavior ::run [ RunTime:0.027692s ]
INFO: [ view_parse ] --END-- [ RunTime:0.028120s ]
INFO: [ view_filter ] --START--
INFO: ContentReplace Behavior ::run [ RunTime:0.001180s ]
INFO: TokenBuild Behavior ::run [ RunTime:0.001147s ]
INFO: WriteHtmlCache Behavior ::run [ RunTime:0.000802s ]
INFO: ShowRuntime Behavior ::run [ RunTime:0.001412s ]
INFO: [ view_filter ] --END-- [ RunTime:0.005354s ]
INFO: [ view_end ] --START--
INFO: ShowPageTrace Behavior ::run [ RunTime:0.001590s ]
INFO: [ view_end ] --END-- [ RunTime:0.001886s ]

[ 2014-07-04T17:04:40+08:00 ] 0.0.0.0 /my/cc/admin/Type/add.html
INFO: [ route_check ] --START--
INFO: CheckRoute Behavior ::run [ RunTime:0.002226s ]
INFO: [ route_check ] --END-- [ RunTime:0.002578s ]
INFO: [ app_begin ] --START--
INFO: ReadHtmlCache Behavior ::run [ RunTime:0.001559s ]
INFO: [ app_begin ] --END-- [ RunTime:0.001875s ]
INFO: [ view_parse ] --START--
INFO: ParseTemplate Behavior ::run [ RunTime:0.024002s ]
INFO: [ view_parse ] --END-- [ RunTime:0.024544s ]
INFO: [ view_filter ] --START--
INFO: ContentReplace Behavior ::run [ RunTime:0.001755s ]
INFO: TokenBuild Behavior ::run [ RunTime:0.001752s ]
INFO: WriteHtmlCache Behavior ::run [ RunTime:0.001148s ]
INFO: ShowRuntime Behavior ::run [ RunTime:0.002224s ]
INFO: [ view_filter ] --END-- [ RunTime:0.008116s ]
INFO: [ view_end ] --START--
INFO: ShowPageTrace Behavior ::run [ RunTime:0.002525s ]
INFO: [ view_end ] --END-- [ RunTime:0.003112s ]

[ 2014-07-04T17:04:44+08:00 ] 0.0.0.0 /my/cc/admin/Type/index.html
INFO: [ route_check ] --START--
INFO: CheckRoute Behavior ::run [ RunTime:0.002640s ]
INFO: [ route_check ] --END-- [ RunTime:0.003102s ]
INFO: [ app_begin ] --START--
INFO: ReadHtmlCache Behavior ::run [ RunTime:0.001546s ]
INFO: [ app_begin ] --END-- [ RunTime:0.001862s ]
SQL: SHOW COLUMNS FROM `ccshop_type` [ RunTime:0.007548s ]
SQL: SELECT * FROM `ccshop_type`  [ RunTime:0.000749s ]
INFO: [ view_parse ] --START--
INFO: ParseTemplate Behavior ::run [ RunTime:0.038338s ]
INFO: [ view_parse ] --END-- [ RunTime:0.038994s ]
INFO: [ view_filter ] --START--
INFO: ContentReplace Behavior ::run [ RunTime:0.001508s ]
INFO: TokenBuild Behavior ::run [ RunTime:0.001331s ]
INFO: WriteHtmlCache Behavior ::run [ RunTime:0.000826s ]
INFO: ShowRuntime Behavior ::run [ RunTime:0.001631s ]
INFO: [ view_filter ] --END-- [ RunTime:0.006111s ]
INFO: [ view_end ] --START--
INFO: ShowPageTrace Behavior ::run [ RunTime:0.003130s ]
INFO: [ view_end ] --END-- [ RunTime:0.003486s ]

[ 2014-07-04T17:04:51+08:00 ] 0.0.0.0 /my/cc/admin/Type/add.html
INFO: [ route_check ] --START--
INFO: CheckRoute Behavior ::run [ RunTime:0.002313s ]
INFO: [ route_check ] --END-- [ RunTime:0.002655s ]
INFO: [ app_begin ] --START--
INFO: ReadHtmlCache Behavior ::run [ RunTime:0.001567s ]
INFO: [ app_begin ] --END-- [ RunTime:0.001946s ]
INFO: [ view_parse ] --START--
INFO: ParseTemplate Behavior ::run [ RunTime:0.020924s ]
INFO: [ view_parse ] --END-- [ RunTime:0.021361s ]
INFO: [ view_filter ] --START--
INFO: ContentReplace Behavior ::run [ RunTime:0.001400s ]
INFO: TokenBuild Behavior ::run [ RunTime:0.001876s ]
INFO: WriteHtmlCache Behavior ::run [ RunTime:0.001782s ]
INFO: ShowRuntime Behavior ::run [ RunTime:0.001793s ]
INFO: [ view_filter ] --END-- [ RunTime:0.007979s ]
INFO: [ view_end ] --START--
INFO: ShowPageTrace Behavior ::run [ RunTime:0.001869s ]
INFO: [ view_end ] --END-- [ RunTime:0.002173s ]

