[ 2015-09-16T14:04:22+08:00 ] 0.0.0.0 /cc-/
INFO: [ app_begin ] --START--
INFO: ReadHtmlCache Behavior ::run [ RunTime:0.000986s ]
INFO: [ app_begin ] --END-- [ RunTime:0.001169s ]
SQL: SHOW COLUMNS FROM `ccshop_goods` [ RunTime:0.010130s ]
SQL: SELECT `gid`,`gname`,`pic`,`click`,`shopprice` FROM `ccshop_goods` WHERE ( `cid` = 13 ) ORDER BY rand() LIMIT 10   [ RunTime:0.002324s ]
SQL: SELECT `gid`,`gname`,`pic`,`click`,`shopprice` FROM `ccshop_goods` WHERE ( `cid` = 13 ) ORDER BY rand() LIMIT 10   [ RunTime:0.000395s ]
SQL: SELECT `gid`,`gname`,`pic`,`click`,`shopprice` FROM `ccshop_goods` WHERE ( `cid` = 13 ) ORDER BY rand() LIMIT 10   [ RunTime:0.000324s ]
SQL: SHOW COLUMNS FROM `ccshop_category` [ RunTime:0.001631s ]
SQL: SELECT `cid`,`cname` FROM `ccshop_category` WHERE ( `pid` = 4 )  [ RunTime:0.003404s ]
INFO: [ view_parse ] --START--
INFO: ParseTemplate Behavior ::run [ RunTime:0.138314s ]
INFO: [ view_parse ] --END-- [ RunTime:0.138505s ]
INFO: [ view_filter ] --START--
INFO: ContentReplace Behavior ::run [ RunTime:0.001130s ]
INFO: TokenBuild Behavior ::run [ RunTime:0.000744s ]
INFO: WriteHtmlCache Behavior ::run [ RunTime:0.000523s ]
INFO: ShowRuntime Behavior ::run [ RunTime:0.000877s ]
INFO: [ view_filter ] --END-- [ RunTime:0.003514s ]
INFO: [ view_end ] --START--
INFO: ShowPageTrace Behavior ::run [ RunTime:0.002093s ]
INFO: [ view_end ] --END-- [ RunTime:0.002341s ]

[ 2015-09-16T14:04:25+08:00 ] 0.0.0.0 /cc-/admin
INFO: [ route_check ] --START--
INFO: CheckRoute Behavior ::run [ RunTime:0.001430s ]
INFO: [ route_check ] --END-- [ RunTime:0.001605s ]
INFO: [ app_begin ] --START--
INFO: ReadHtmlCache Behavior ::run [ RunTime:0.000680s ]
INFO: [ app_begin ] --END-- [ RunTime:0.000784s ]
INFO: [ view_parse ] --START--
NOTIC: [8] Undefined index: welcome /www/cc-/App/Runtime/Cache/admin/3337b40a3a45144ee3de62bbd03526a6.php 第 14 行.
INFO: ParseTemplate Behavior ::run [ RunTime:0.016424s ]
INFO: [ view_parse ] --END-- [ RunTime:0.016535s ]
INFO: [ view_filter ] --START--
INFO: ContentReplace Behavior ::run [ RunTime:0.000430s ]
INFO: TokenBuild Behavior ::run [ RunTime:0.000307s ]
INFO: WriteHtmlCache Behavior ::run [ RunTime:0.000159s ]
INFO: ShowRuntime Behavior ::run [ RunTime:0.000375s ]
INFO: [ view_filter ] --END-- [ RunTime:0.001465s ]
INFO: [ view_end ] --START--
INFO: ShowPageTrace Behavior ::run [ RunTime:0.000533s ]
INFO: [ view_end ] --END-- [ RunTime:0.000600s ]

[ 2015-09-16T14:04:25+08:00 ] 0.0.0.0 /cc-/admin/Index/info.html
INFO: [ route_check ] --START--
INFO: CheckRoute Behavior ::run [ RunTime:0.000675s ]
INFO: [ route_check ] --END-- [ RunTime:0.000762s ]
INFO: [ app_begin ] --START--
INFO: ReadHtmlCache Behavior ::run [ RunTime:0.000538s ]
INFO: [ app_begin ] --END-- [ RunTime:0.000616s ]
NOTIC: [2] mysql_get_server_info(): Can't connect to local MySQL server through socket '/Applications/MAMP/tmp/mysql/mysql.sock' (2) /www/cc-/App/Modules/admin/Action/IndexAction.class.php 第 43 行.
NOTIC: [2] mysql_get_server_info(): A link to the server could not be established /www/cc-/App/Modules/admin/Action/IndexAction.class.php 第 43 行.
INFO: [ view_parse ] --START--
INFO: ParseTemplate Behavior ::run [ RunTime:0.008928s ]
INFO: [ view_parse ] --END-- [ RunTime:0.009093s ]
INFO: [ view_filter ] --START--
INFO: ContentReplace Behavior ::run [ RunTime:0.000960s ]
INFO: TokenBuild Behavior ::run [ RunTime:0.000795s ]
INFO: WriteHtmlCache Behavior ::run [ RunTime:0.000696s ]
INFO: ShowRuntime Behavior ::run [ RunTime:0.000540s ]
INFO: [ view_filter ] --END-- [ RunTime:0.003453s ]
INFO: [ view_end ] --START--
INFO: ShowPageTrace Behavior ::run [ RunTime:0.000825s ]
INFO: [ view_end ] --END-- [ RunTime:0.000919s ]

[ 2015-09-16T14:04:27+08:00 ] 0.0.0.0 /cc-/admin/Goods/index.html
INFO: [ route_check ] --START--
INFO: CheckRoute Behavior ::run [ RunTime:0.001453s ]
INFO: [ route_check ] --END-- [ RunTime:0.001645s ]
INFO: [ app_begin ] --START--
INFO: ReadHtmlCache Behavior ::run [ RunTime:0.001079s ]
INFO: [ app_begin ] --END-- [ RunTime:0.001242s ]
SQL: SHOW COLUMNS FROM `ccshop_goods` [ RunTime:0.005439s ]
SQL: SELECT `gid`,`gname`,`gnumber`,`unit`,`marketprice`,`shopprice`,`click`,`time`,`tid` FROM `ccshop_goods`  [ RunTime:0.000469s ]
SQL: SHOW COLUMNS FROM `ccshop_goods_list` [ RunTime:0.002301s ]
SQL: SELECT `inventory` FROM `ccshop_goods_list` WHERE ( `gid` = 21 )  [ RunTime:0.000437s ]
NOTIC: [2] Invalid argument supplied for foreach() /www/cc-/App/Modules/admin/Action/GoodsAction.class.php 第 17 行.
SQL: SELECT `inventory` FROM `ccshop_goods_list` WHERE ( `gid` = 5 )  [ RunTime:0.000668s ]
SQL: SELECT `inventory` FROM `ccshop_goods_list` WHERE ( `gid` = 6 )  [ RunTime:0.000778s ]
SQL: SELECT `inventory` FROM `ccshop_goods_list` WHERE ( `gid` = 7 )  [ RunTime:0.000344s ]
SQL: SELECT `inventory` FROM `ccshop_goods_list` WHERE ( `gid` = 8 )  [ RunTime:0.000268s ]
SQL: SELECT `inventory` FROM `ccshop_goods_list` WHERE ( `gid` = 9 )  [ RunTime:0.000379s ]
SQL: SELECT `inventory` FROM `ccshop_goods_list` WHERE ( `gid` = 10 )  [ RunTime:0.000263s ]
SQL: SELECT `inventory` FROM `ccshop_goods_list` WHERE ( `gid` = 11 )  [ RunTime:0.000181s ]
SQL: SELECT `inventory` FROM `ccshop_goods_list` WHERE ( `gid` = 12 )  [ RunTime:0.000189s ]
SQL: SELECT `inventory` FROM `ccshop_goods_list` WHERE ( `gid` = 22 )  [ RunTime:0.000331s ]
NOTIC: [2] Invalid argument supplied for foreach() /www/cc-/App/Modules/admin/Action/GoodsAction.class.php 第 17 行.
SQL: SELECT `inventory` FROM `ccshop_goods_list` WHERE ( `gid` = 23 )  [ RunTime:0.000330s ]
NOTIC: [2] Invalid argument supplied for foreach() /www/cc-/App/Modules/admin/Action/GoodsAction.class.php 第 17 行.
SQL: SELECT `inventory` FROM `ccshop_goods_list` WHERE ( `gid` = 24 )  [ RunTime:0.000351s ]
NOTIC: [2] Invalid argument supplied for foreach() /www/cc-/App/Modules/admin/Action/GoodsAction.class.php 第 17 行.
SQL: SELECT `inventory` FROM `ccshop_goods_list` WHERE ( `gid` = 25 )  [ RunTime:0.000264s ]
NOTIC: [2] Invalid argument supplied for foreach() /www/cc-/App/Modules/admin/Action/GoodsAction.class.php 第 17 行.
SQL: SELECT `inventory` FROM `ccshop_goods_list` WHERE ( `gid` = 26 )  [ RunTime:0.000204s ]
NOTIC: [2] Invalid argument supplied for foreach() /www/cc-/App/Modules/admin/Action/GoodsAction.class.php 第 17 行.
SQL: SELECT `inventory` FROM `ccshop_goods_list` WHERE ( `gid` = 27 )  [ RunTime:0.000348s ]
NOTIC: [2] Invalid argument supplied for foreach() /www/cc-/App/Modules/admin/Action/GoodsAction.class.php 第 17 行.
SQL: SELECT `inventory` FROM `ccshop_goods_list` WHERE ( `gid` = 28 )  [ RunTime:0.000174s ]
NOTIC: [2] Invalid argument supplied for foreach() /www/cc-/App/Modules/admin/Action/GoodsAction.class.php 第 17 行.
INFO: [ view_parse ] --START--
INFO: ParseTemplate Behavior ::run [ RunTime:0.015241s ]
INFO: [ view_parse ] --END-- [ RunTime:0.015347s ]
INFO: [ view_filter ] --START--
INFO: ContentReplace Behavior ::run [ RunTime:0.000478s ]
INFO: TokenBuild Behavior ::run [ RunTime:0.000262s ]
INFO: WriteHtmlCache Behavior ::run [ RunTime:0.000141s ]
INFO: ShowRuntime Behavior ::run [ RunTime:0.000332s ]
INFO: [ view_filter ] --END-- [ RunTime:0.001370s ]
INFO: [ view_end ] --START--
INFO: ShowPageTrace Behavior ::run [ RunTime:0.000555s ]
INFO: [ view_end ] --END-- [ RunTime:0.000630s ]

[ 2015-09-16T14:04:28+08:00 ] 0.0.0.0 /cc-/admin/Goods/add.html
INFO: [ route_check ] --START--
INFO: CheckRoute Behavior ::run [ RunTime:0.000691s ]
INFO: [ route_check ] --END-- [ RunTime:0.000779s ]
INFO: [ app_begin ] --START--
INFO: ReadHtmlCache Behavior ::run [ RunTime:0.000486s ]
INFO: [ app_begin ] --END-- [ RunTime:0.000639s ]
SQL: SHOW COLUMNS FROM `ccshop_category` [ RunTime:0.009287s ]
SQL: SELECT * FROM `ccshop_category` ORDER BY sort  [ RunTime:0.000826s ]
SQL: SHOW COLUMNS FROM `ccshop_brand` [ RunTime:0.004526s ]
SQL: SELECT * FROM `ccshop_brand` ORDER BY sort  [ RunTime:0.002000s ]
INFO: [ view_parse ] --START--
INFO: ParseTemplate Behavior ::run [ RunTime:0.017858s ]
INFO: [ view_parse ] --END-- [ RunTime:0.017949s ]
INFO: [ view_filter ] --START--
INFO: ContentReplace Behavior ::run [ RunTime:0.001020s ]
INFO: TokenBuild Behavior ::run [ RunTime:0.000992s ]
INFO: WriteHtmlCache Behavior ::run [ RunTime:0.000468s ]
INFO: ShowRuntime Behavior ::run [ RunTime:0.000840s ]
INFO: [ view_filter ] --END-- [ RunTime:0.003857s ]
INFO: [ view_end ] --START--
INFO: ShowPageTrace Behavior ::run [ RunTime:0.001166s ]
INFO: [ view_end ] --END-- [ RunTime:0.001361s ]

[ 2015-09-16T14:04:30+08:00 ] 0.0.0.0 /cc-/admin/Goods/
INFO: [ route_check ] --START--
INFO: CheckRoute Behavior ::run [ RunTime:0.001361s ]
INFO: [ route_check ] --END-- [ RunTime:0.001495s ]
INFO: [ app_begin ] --START--
INFO: ReadHtmlCache Behavior ::run [ RunTime:0.001146s ]
INFO: [ app_begin ] --END-- [ RunTime:0.001298s ]
SQL: SHOW COLUMNS FROM `ccshop_goods` [ RunTime:0.001508s ]
SQL: SELECT `gid`,`gname`,`gnumber`,`unit`,`marketprice`,`shopprice`,`click`,`time`,`tid` FROM `ccshop_goods`  [ RunTime:0.000296s ]
SQL: SHOW COLUMNS FROM `ccshop_goods_list` [ RunTime:0.001586s ]
SQL: SELECT `inventory` FROM `ccshop_goods_list` WHERE ( `gid` = 21 )  [ RunTime:0.000408s ]
NOTIC: [2] Invalid argument supplied for foreach() /www/cc-/App/Modules/admin/Action/GoodsAction.class.php 第 17 行.
SQL: SELECT `inventory` FROM `ccshop_goods_list` WHERE ( `gid` = 5 )  [ RunTime:0.000311s ]
SQL: SELECT `inventory` FROM `ccshop_goods_list` WHERE ( `gid` = 6 )  [ RunTime:0.000231s ]
SQL: SELECT `inventory` FROM `ccshop_goods_list` WHERE ( `gid` = 7 )  [ RunTime:0.000224s ]
SQL: SELECT `inventory` FROM `ccshop_goods_list` WHERE ( `gid` = 8 )  [ RunTime:0.000357s ]
SQL: SELECT `inventory` FROM `ccshop_goods_list` WHERE ( `gid` = 9 )  [ RunTime:0.000431s ]
SQL: SELECT `inventory` FROM `ccshop_goods_list` WHERE ( `gid` = 10 )  [ RunTime:0.000360s ]
SQL: SELECT `inventory` FROM `ccshop_goods_list` WHERE ( `gid` = 11 )  [ RunTime:0.000313s ]
SQL: SELECT `inventory` FROM `ccshop_goods_list` WHERE ( `gid` = 12 )  [ RunTime:0.000289s ]
SQL: SELECT `inventory` FROM `ccshop_goods_list` WHERE ( `gid` = 22 )  [ RunTime:0.000544s ]
NOTIC: [2] Invalid argument supplied for foreach() /www/cc-/App/Modules/admin/Action/GoodsAction.class.php 第 17 行.
SQL: SELECT `inventory` FROM `ccshop_goods_list` WHERE ( `gid` = 23 )  [ RunTime:0.001026s ]
NOTIC: [2] Invalid argument supplied for foreach() /www/cc-/App/Modules/admin/Action/GoodsAction.class.php 第 17 行.
SQL: SELECT `inventory` FROM `ccshop_goods_list` WHERE ( `gid` = 24 )  [ RunTime:0.001624s ]
NOTIC: [2] Invalid argument supplied for foreach() /www/cc-/App/Modules/admin/Action/GoodsAction.class.php 第 17 行.
SQL: SELECT `inventory` FROM `ccshop_goods_list` WHERE ( `gid` = 25 )  [ RunTime:0.000352s ]
NOTIC: [2] Invalid argument supplied for foreach() /www/cc-/App/Modules/admin/Action/GoodsAction.class.php 第 17 行.
SQL: SELECT `inventory` FROM `ccshop_goods_list` WHERE ( `gid` = 26 )  [ RunTime:0.000255s ]
NOTIC: [2] Invalid argument supplied for foreach() /www/cc-/App/Modules/admin/Action/GoodsAction.class.php 第 17 行.
SQL: SELECT `inventory` FROM `ccshop_goods_list` WHERE ( `gid` = 27 )  [ RunTime:0.000262s ]
NOTIC: [2] Invalid argument supplied for foreach() /www/cc-/App/Modules/admin/Action/GoodsAction.class.php 第 17 行.
SQL: SELECT `inventory` FROM `ccshop_goods_list` WHERE ( `gid` = 28 )  [ RunTime:0.000407s ]
NOTIC: [2] Invalid argument supplied for foreach() /www/cc-/App/Modules/admin/Action/GoodsAction.class.php 第 17 行.
INFO: [ view_parse ] --START--
INFO: ParseTemplate Behavior ::run [ RunTime:0.018652s ]
INFO: [ view_parse ] --END-- [ RunTime:0.018736s ]
INFO: [ view_filter ] --START--
INFO: ContentReplace Behavior ::run [ RunTime:0.000340s ]
INFO: TokenBuild Behavior ::run [ RunTime:0.000256s ]
INFO: WriteHtmlCache Behavior ::run [ RunTime:0.000195s ]
INFO: ShowRuntime Behavior ::run [ RunTime:0.000318s ]
INFO: [ view_filter ] --END-- [ RunTime:0.001262s ]
INFO: [ view_end ] --START--
INFO: ShowPageTrace Behavior ::run [ RunTime:0.000560s ]
INFO: [ view_end ] --END-- [ RunTime:0.000643s ]

[ 2015-09-16T14:04:30+08:00 ] 0.0.0.0 /cc-/admin/Goods/
INFO: [ route_check ] --START--
INFO: CheckRoute Behavior ::run [ RunTime:0.001890s ]
INFO: [ route_check ] --END-- [ RunTime:0.002136s ]
INFO: [ app_begin ] --START--
INFO: ReadHtmlCache Behavior ::run [ RunTime:0.000992s ]
INFO: [ app_begin ] --END-- [ RunTime:0.001196s ]
SQL: SHOW COLUMNS FROM `ccshop_goods` [ RunTime:0.002169s ]
SQL: SELECT `gid`,`gname`,`gnumber`,`unit`,`marketprice`,`shopprice`,`click`,`time`,`tid` FROM `ccshop_goods`  [ RunTime:0.000676s ]
SQL: SHOW COLUMNS FROM `ccshop_goods_list` [ RunTime:0.002705s ]
SQL: SELECT `inventory` FROM `ccshop_goods_list` WHERE ( `gid` = 21 )  [ RunTime:0.001016s ]
NOTIC: [2] Invalid argument supplied for foreach() /www/cc-/App/Modules/admin/Action/GoodsAction.class.php 第 17 行.
SQL: SELECT `inventory` FROM `ccshop_goods_list` WHERE ( `gid` = 5 )  [ RunTime:0.003059s ]
SQL: SELECT `inventory` FROM `ccshop_goods_list` WHERE ( `gid` = 6 )  [ RunTime:0.002102s ]
SQL: SELECT `inventory` FROM `ccshop_goods_list` WHERE ( `gid` = 7 )  [ RunTime:0.000746s ]
SQL: SELECT `inventory` FROM `ccshop_goods_list` WHERE ( `gid` = 8 )  [ RunTime:0.000548s ]
SQL: SELECT `inventory` FROM `ccshop_goods_list` WHERE ( `gid` = 9 )  [ RunTime:0.000661s ]
SQL: SELECT `inventory` FROM `ccshop_goods_list` WHERE ( `gid` = 10 )  [ RunTime:0.000926s ]
SQL: SELECT `inventory` FROM `ccshop_goods_list` WHERE ( `gid` = 11 )  [ RunTime:0.001037s ]
SQL: SELECT `inventory` FROM `ccshop_goods_list` WHERE ( `gid` = 12 )  [ RunTime:0.000383s ]
SQL: SELECT `inventory` FROM `ccshop_goods_list` WHERE ( `gid` = 22 )  [ RunTime:0.000184s ]
NOTIC: [2] Invalid argument supplied for foreach() /www/cc-/App/Modules/admin/Action/GoodsAction.class.php 第 17 行.
SQL: SELECT `inventory` FROM `ccshop_goods_list` WHERE ( `gid` = 23 )  [ RunTime:0.000190s ]
NOTIC: [2] Invalid argument supplied for foreach() /www/cc-/App/Modules/admin/Action/GoodsAction.class.php 第 17 行.
SQL: SELECT `inventory` FROM `ccshop_goods_list` WHERE ( `gid` = 24 )  [ RunTime:0.000205s ]
NOTIC: [2] Invalid argument supplied for foreach() /www/cc-/App/Modules/admin/Action/GoodsAction.class.php 第 17 行.
SQL: SELECT `inventory` FROM `ccshop_goods_list` WHERE ( `gid` = 25 )  [ RunTime:0.000238s ]
NOTIC: [2] Invalid argument supplied for foreach() /www/cc-/App/Modules/admin/Action/GoodsAction.class.php 第 17 行.
SQL: SELECT `inventory` FROM `ccshop_goods_list` WHERE ( `gid` = 26 )  [ RunTime:0.000374s ]
NOTIC: [2] Invalid argument supplied for foreach() /www/cc-/App/Modules/admin/Action/GoodsAction.class.php 第 17 行.
SQL: SELECT `inventory` FROM `ccshop_goods_list` WHERE ( `gid` = 27 )  [ RunTime:0.000268s ]
NOTIC: [2] Invalid argument supplied for foreach() /www/cc-/App/Modules/admin/Action/GoodsAction.class.php 第 17 行.
SQL: SELECT `inventory` FROM `ccshop_goods_list` WHERE ( `gid` = 28 )  [ RunTime:0.000536s ]
NOTIC: [2] Invalid argument supplied for foreach() /www/cc-/App/Modules/admin/Action/GoodsAction.class.php 第 17 行.
INFO: [ view_parse ] --START--
INFO: ParseTemplate Behavior ::run [ RunTime:0.019934s ]
INFO: [ view_parse ] --END-- [ RunTime:0.020177s ]
INFO: [ view_filter ] --START--
INFO: ContentReplace Behavior ::run [ RunTime:0.000862s ]
INFO: TokenBuild Behavior ::run [ RunTime:0.000476s ]
INFO: WriteHtmlCache Behavior ::run [ RunTime:0.000224s ]
INFO: ShowRuntime Behavior ::run [ RunTime:0.000407s ]
INFO: [ view_filter ] --END-- [ RunTime:0.002224s ]
INFO: [ view_end ] --START--
INFO: ShowPageTrace Behavior ::run [ RunTime:0.000665s ]
INFO: [ view_end ] --END-- [ RunTime:0.000752s ]

[ 2015-09-16T14:28:58+08:00 ] 0.0.0.0 /cc-/
INFO: [ app_begin ] --START--
INFO: ReadHtmlCache Behavior ::run [ RunTime:0.001079s ]
INFO: [ app_begin ] --END-- [ RunTime:0.001249s ]
SQL: SHOW COLUMNS FROM `ccshop_goods` [ RunTime:0.001244s ]
SQL: SELECT `gid`,`gname`,`pic`,`click`,`shopprice` FROM `ccshop_goods` WHERE ( `cid` = 13 ) ORDER BY rand() LIMIT 10   [ RunTime:0.000365s ]
SQL: SELECT `gid`,`gname`,`pic`,`click`,`shopprice` FROM `ccshop_goods` WHERE ( `cid` = 13 ) ORDER BY rand() LIMIT 10   [ RunTime:0.000352s ]
SQL: SELECT `gid`,`gname`,`pic`,`click`,`shopprice` FROM `ccshop_goods` WHERE ( `cid` = 13 ) ORDER BY rand() LIMIT 10   [ RunTime:0.000351s ]
SQL: SHOW COLUMNS FROM `ccshop_category` [ RunTime:0.001076s ]
SQL: SELECT `cid`,`cname` FROM `ccshop_category` WHERE ( `pid` = 4 )  [ RunTime:0.000316s ]
INFO: [ view_parse ] --START--
INFO: ParseTemplate Behavior ::run [ RunTime:0.100567s ]
INFO: [ view_parse ] --END-- [ RunTime:0.100671s ]
INFO: [ view_filter ] --START--
INFO: ContentReplace Behavior ::run [ RunTime:0.001317s ]
INFO: TokenBuild Behavior ::run [ RunTime:0.000814s ]
INFO: WriteHtmlCache Behavior ::run [ RunTime:0.000663s ]
INFO: ShowRuntime Behavior ::run [ RunTime:0.000896s ]
INFO: [ view_filter ] --END-- [ RunTime:0.003942s ]
INFO: [ view_end ] --START--
INFO: ShowPageTrace Behavior ::run [ RunTime:0.001128s ]
INFO: [ view_end ] --END-- [ RunTime:0.001223s ]

[ 2015-09-16T14:29:00+08:00 ] 0.0.0.0 /cc-/admin
INFO: [ route_check ] --START--
INFO: CheckRoute Behavior ::run [ RunTime:0.001359s ]
INFO: [ route_check ] --END-- [ RunTime:0.001464s ]
INFO: [ app_begin ] --START--
INFO: ReadHtmlCache Behavior ::run [ RunTime:0.000577s ]
INFO: [ app_begin ] --END-- [ RunTime:0.000664s ]
INFO: [ view_parse ] --START--
INFO: ParseTemplate Behavior ::run [ RunTime:0.013163s ]
INFO: [ view_parse ] --END-- [ RunTime:0.013257s ]
INFO: [ view_filter ] --START--
INFO: ContentReplace Behavior ::run [ RunTime:0.000295s ]
INFO: TokenBuild Behavior ::run [ RunTime:0.000251s ]
INFO: WriteHtmlCache Behavior ::run [ RunTime:0.000145s ]
INFO: ShowRuntime Behavior ::run [ RunTime:0.000311s ]
INFO: [ view_filter ] --END-- [ RunTime:0.001148s ]
INFO: [ view_end ] --START--
INFO: ShowPageTrace Behavior ::run [ RunTime:0.000442s ]
INFO: [ view_end ] --END-- [ RunTime:0.000494s ]

[ 2015-09-16T14:29:00+08:00 ] 0.0.0.0 /cc-/admin/Index/info.html
INFO: [ route_check ] --START--
INFO: CheckRoute Behavior ::run [ RunTime:0.000675s ]
INFO: [ route_check ] --END-- [ RunTime:0.000766s ]
INFO: [ app_begin ] --START--
INFO: ReadHtmlCache Behavior ::run [ RunTime:0.000437s ]
INFO: [ app_begin ] --END-- [ RunTime:0.000511s ]
NOTIC: [2] mysql_get_server_info(): Can't connect to local MySQL server through socket '/Applications/MAMP/tmp/mysql/mysql.sock' (2) /www/cc-/App/Modules/admin/Action/IndexAction.class.php 第 43 行.
NOTIC: [2] mysql_get_server_info(): A link to the server could not be established /www/cc-/App/Modules/admin/Action/IndexAction.class.php 第 43 行.
INFO: [ view_parse ] --START--
INFO: ParseTemplate Behavior ::run [ RunTime:0.008638s ]
INFO: [ view_parse ] --END-- [ RunTime:0.008724s ]
INFO: [ view_filter ] --START--
INFO: ContentReplace Behavior ::run [ RunTime:0.000321s ]
INFO: TokenBuild Behavior ::run [ RunTime:0.000275s ]
INFO: WriteHtmlCache Behavior ::run [ RunTime:0.000162s ]
INFO: ShowRuntime Behavior ::run [ RunTime:0.000322s ]
INFO: [ view_filter ] --END-- [ RunTime:0.001242s ]
INFO: [ view_end ] --START--
INFO: ShowPageTrace Behavior ::run [ RunTime:0.000476s ]
INFO: [ view_end ] --END-- [ RunTime:0.000536s ]

[ 2015-09-16T14:29:02+08:00 ] 0.0.0.0 /cc-/admin/Goods/index.html
INFO: [ route_check ] --START--
INFO: CheckRoute Behavior ::run [ RunTime:0.001311s ]
INFO: [ route_check ] --END-- [ RunTime:0.001419s ]
INFO: [ app_begin ] --START--
INFO: ReadHtmlCache Behavior ::run [ RunTime:0.000557s ]
INFO: [ app_begin ] --END-- [ RunTime:0.000653s ]
SQL: SHOW COLUMNS FROM `ccshop_goods` [ RunTime:0.001653s ]
SQL: SELECT `gid`,`gname`,`gnumber`,`unit`,`marketprice`,`shopprice`,`click`,`time`,`tid` FROM `ccshop_goods`  [ RunTime:0.000506s ]
SQL: SHOW COLUMNS FROM `ccshop_goods_list` [ RunTime:0.001603s ]
SQL: SELECT `inventory` FROM `ccshop_goods_list` WHERE ( `gid` = 5 )  [ RunTime:0.000359s ]
SQL: SELECT `inventory` FROM `ccshop_goods_list` WHERE ( `gid` = 6 )  [ RunTime:0.000220s ]
SQL: SELECT `inventory` FROM `ccshop_goods_list` WHERE ( `gid` = 7 )  [ RunTime:0.000284s ]
SQL: SELECT `inventory` FROM `ccshop_goods_list` WHERE ( `gid` = 8 )  [ RunTime:0.000238s ]
SQL: SELECT `inventory` FROM `ccshop_goods_list` WHERE ( `gid` = 9 )  [ RunTime:0.000226s ]
SQL: SELECT `inventory` FROM `ccshop_goods_list` WHERE ( `gid` = 10 )  [ RunTime:0.000233s ]
SQL: SELECT `inventory` FROM `ccshop_goods_list` WHERE ( `gid` = 11 )  [ RunTime:0.000236s ]
SQL: SELECT `inventory` FROM `ccshop_goods_list` WHERE ( `gid` = 12 )  [ RunTime:0.000201s ]
INFO: [ view_parse ] --START--
INFO: ParseTemplate Behavior ::run [ RunTime:0.012157s ]
INFO: [ view_parse ] --END-- [ RunTime:0.012243s ]
INFO: [ view_filter ] --START--
INFO: ContentReplace Behavior ::run [ RunTime:0.000413s ]
INFO: TokenBuild Behavior ::run [ RunTime:0.000332s ]
INFO: WriteHtmlCache Behavior ::run [ RunTime:0.000210s ]
INFO: ShowRuntime Behavior ::run [ RunTime:0.000430s ]
INFO: [ view_filter ] --END-- [ RunTime:0.001587s ]
INFO: [ view_end ] --START--
INFO: ShowPageTrace Behavior ::run [ RunTime:0.000671s ]
INFO: [ view_end ] --END-- [ RunTime:0.000749s ]

[ 2015-09-16T14:29:04+08:00 ] 0.0.0.0 /cc-/admin/Goods/add.html
INFO: [ route_check ] --START--
INFO: CheckRoute Behavior ::run [ RunTime:0.000639s ]
INFO: [ route_check ] --END-- [ RunTime:0.000722s ]
INFO: [ app_begin ] --START--
INFO: ReadHtmlCache Behavior ::run [ RunTime:0.000389s ]
INFO: [ app_begin ] --END-- [ RunTime:0.000453s ]
SQL: SHOW COLUMNS FROM `ccshop_category` [ RunTime:0.001221s ]
SQL: SELECT * FROM `ccshop_category` ORDER BY sort  [ RunTime:0.000276s ]
SQL: SHOW COLUMNS FROM `ccshop_brand` [ RunTime:0.000992s ]
SQL: SELECT * FROM `ccshop_brand` ORDER BY sort  [ RunTime:0.000569s ]
INFO: [ view_parse ] --START--
INFO: ParseTemplate Behavior ::run [ RunTime:0.013401s ]
INFO: [ view_parse ] --END-- [ RunTime:0.013483s ]
INFO: [ view_filter ] --START--
INFO: ContentReplace Behavior ::run [ RunTime:0.000299s ]
INFO: TokenBuild Behavior ::run [ RunTime:0.000252s ]
INFO: WriteHtmlCache Behavior ::run [ RunTime:0.000143s ]
INFO: ShowRuntime Behavior ::run [ RunTime:0.000307s ]
INFO: [ view_filter ] --END-- [ RunTime:0.001147s ]
INFO: [ view_end ] --START--
INFO: ShowPageTrace Behavior ::run [ RunTime:0.000442s ]
INFO: [ view_end ] --END-- [ RunTime:0.000494s ]

[ 2015-09-16T14:29:05+08:00 ] 0.0.0.0 /cc-/admin/Goods/
INFO: [ route_check ] --START--
INFO: CheckRoute Behavior ::run [ RunTime:0.001104s ]
INFO: [ route_check ] --END-- [ RunTime:0.001336s ]
INFO: [ app_begin ] --START--
INFO: ReadHtmlCache Behavior ::run [ RunTime:0.000506s ]
INFO: [ app_begin ] --END-- [ RunTime:0.000626s ]
SQL: SHOW COLUMNS FROM `ccshop_goods` [ RunTime:0.001962s ]
SQL: SELECT `gid`,`gname`,`gnumber`,`unit`,`marketprice`,`shopprice`,`click`,`time`,`tid` FROM `ccshop_goods`  [ RunTime:0.000359s ]
SQL: SHOW COLUMNS FROM `ccshop_goods_list` [ RunTime:0.001394s ]
SQL: SELECT `inventory` FROM `ccshop_goods_list` WHERE ( `gid` = 5 )  [ RunTime:0.000283s ]
SQL: SELECT `inventory` FROM `ccshop_goods_list` WHERE ( `gid` = 6 )  [ RunTime:0.000206s ]
SQL: SELECT `inventory` FROM `ccshop_goods_list` WHERE ( `gid` = 7 )  [ RunTime:0.000282s ]
SQL: SELECT `inventory` FROM `ccshop_goods_list` WHERE ( `gid` = 8 )  [ RunTime:0.000308s ]
SQL: SELECT `inventory` FROM `ccshop_goods_list` WHERE ( `gid` = 9 )  [ RunTime:0.000314s ]
SQL: SELECT `inventory` FROM `ccshop_goods_list` WHERE ( `gid` = 10 )  [ RunTime:0.000339s ]
SQL: SELECT `inventory` FROM `ccshop_goods_list` WHERE ( `gid` = 11 )  [ RunTime:0.000339s ]
SQL: SELECT `inventory` FROM `ccshop_goods_list` WHERE ( `gid` = 12 )  [ RunTime:0.000403s ]
INFO: [ view_parse ] --START--
INFO: ParseTemplate Behavior ::run [ RunTime:0.015008s ]
INFO: [ view_parse ] --END-- [ RunTime:0.015120s ]
INFO: [ view_filter ] --START--
INFO: ContentReplace Behavior ::run [ RunTime:0.000407s ]
INFO: TokenBuild Behavior ::run [ RunTime:0.000436s ]
INFO: WriteHtmlCache Behavior ::run [ RunTime:0.000193s ]
INFO: ShowRuntime Behavior ::run [ RunTime:0.000392s ]
INFO: [ view_filter ] --END-- [ RunTime:0.001648s ]
INFO: [ view_end ] --START--
INFO: ShowPageTrace Behavior ::run [ RunTime:0.000998s ]
INFO: [ view_end ] --END-- [ RunTime:0.001182s ]

[ 2015-09-16T14:29:05+08:00 ] 0.0.0.0 /cc-/admin/Goods/
INFO: [ route_check ] --START--
INFO: CheckRoute Behavior ::run [ RunTime:0.000671s ]
INFO: [ route_check ] --END-- [ RunTime:0.000760s ]
INFO: [ app_begin ] --START--
INFO: ReadHtmlCache Behavior ::run [ RunTime:0.000501s ]
INFO: [ app_begin ] --END-- [ RunTime:0.000582s ]
SQL: SHOW COLUMNS FROM `ccshop_goods` [ RunTime:0.001227s ]
SQL: SELECT `gid`,`gname`,`gnumber`,`unit`,`marketprice`,`shopprice`,`click`,`time`,`tid` FROM `ccshop_goods`  [ RunTime:0.000260s ]
SQL: SHOW COLUMNS FROM `ccshop_goods_list` [ RunTime:0.000982s ]
SQL: SELECT `inventory` FROM `ccshop_goods_list` WHERE ( `gid` = 5 )  [ RunTime:0.000261s ]
SQL: SELECT `inventory` FROM `ccshop_goods_list` WHERE ( `gid` = 6 )  [ RunTime:0.000472s ]
SQL: SELECT `inventory` FROM `ccshop_goods_list` WHERE ( `gid` = 7 )  [ RunTime:0.000552s ]
SQL: SELECT `inventory` FROM `ccshop_goods_list` WHERE ( `gid` = 8 )  [ RunTime:0.000324s ]
SQL: SELECT `inventory` FROM `ccshop_goods_list` WHERE ( `gid` = 9 )  [ RunTime:0.000258s ]
SQL: SELECT `inventory` FROM `ccshop_goods_list` WHERE ( `gid` = 10 )  [ RunTime:0.000178s ]
SQL: SELECT `inventory` FROM `ccshop_goods_list` WHERE ( `gid` = 11 )  [ RunTime:0.000162s ]
SQL: SELECT `inventory` FROM `ccshop_goods_list` WHERE ( `gid` = 12 )  [ RunTime:0.000207s ]
INFO: [ view_parse ] --START--
INFO: ParseTemplate Behavior ::run [ RunTime:0.011014s ]
INFO: [ view_parse ] --END-- [ RunTime:0.011113s ]
INFO: [ view_filter ] --START--
INFO: ContentReplace Behavior ::run [ RunTime:0.000368s ]
INFO: TokenBuild Behavior ::run [ RunTime:0.000683s ]
INFO: WriteHtmlCache Behavior ::run [ RunTime:0.000250s ]
INFO: ShowRuntime Behavior ::run [ RunTime:0.000517s ]
INFO: [ view_filter ] --END-- [ RunTime:0.002073s ]
INFO: [ view_end ] --START--
INFO: ShowPageTrace Behavior ::run [ RunTime:0.000584s ]
INFO: [ view_end ] --END-- [ RunTime:0.000666s ]

[ 2015-09-16T14:29:08+08:00 ] 0.0.0.0 /cc-/admin/Goods/getAttr.html
INFO: [ route_check ] --START--
INFO: CheckRoute Behavior ::run [ RunTime:0.000705s ]
INFO: [ route_check ] --END-- [ RunTime:0.000815s ]
INFO: [ app_begin ] --START--
INFO: ReadHtmlCache Behavior ::run [ RunTime:0.000425s ]
INFO: [ app_begin ] --END-- [ RunTime:0.000485s ]
SQL: SHOW COLUMNS FROM `ccshop_type_attr` [ RunTime:0.009425s ]
SQL: SELECT * FROM `ccshop_type_attr` WHERE ( `tid` = 1 )  [ RunTime:0.000469s ]

[ 2015-09-16T14:42:54+08:00 ] 0.0.0.0 /cc-/admin/Goods/getAttr.html
INFO: [ route_check ] --START--
INFO: CheckRoute Behavior ::run [ RunTime:0.001412s ]
INFO: [ route_check ] --END-- [ RunTime:0.001607s ]
INFO: [ app_begin ] --START--
INFO: ReadHtmlCache Behavior ::run [ RunTime:0.001010s ]
INFO: [ app_begin ] --END-- [ RunTime:0.001113s ]
SQL: SHOW COLUMNS FROM `ccshop_type_attr` [ RunTime:0.002396s ]
SQL: SELECT * FROM `ccshop_type_attr` WHERE ( `tid` = 1 )  [ RunTime:0.000300s ]

