[ 2015-08-28T08:58:30+08:00 ] 0.0.0.0 /cc-/
INFO: [ app_begin ] --START--
INFO: ReadHtmlCache Behavior ::run [ RunTime:0.001633s ]
INFO: [ app_begin ] --END-- [ RunTime:0.003455s ]
SQL: SHOW COLUMNS FROM `ccshop_goods` [ RunTime:0.020364s ]
SQL: SELECT `gid`,`gname`,`pic`,`click`,`shopprice` FROM `ccshop_goods` WHERE ( `cid` = 13 ) ORDER BY rand() LIMIT 10   [ RunTime:0.008623s ]
SQL: SELECT `gid`,`gname`,`pic`,`click`,`shopprice` FROM `ccshop_goods` WHERE ( `cid` = 13 ) ORDER BY rand() LIMIT 10   [ RunTime:0.000422s ]
SQL: SELECT `gid`,`gname`,`pic`,`click`,`shopprice` FROM `ccshop_goods` WHERE ( `cid` = 13 ) ORDER BY rand() LIMIT 10   [ RunTime:0.000339s ]
SQL: SHOW COLUMNS FROM `ccshop_category` [ RunTime:0.001964s ]
SQL: SELECT `cid`,`cname` FROM `ccshop_category` WHERE ( `pid` = 4 )  [ RunTime:0.000633s ]
INFO: [ view_parse ] --START--
INFO: ParseTemplate Behavior ::run [ RunTime:0.110206s ]
INFO: [ view_parse ] --END-- [ RunTime:0.110321s ]
INFO: [ view_filter ] --START--
INFO: ContentReplace Behavior ::run [ RunTime:0.001481s ]
INFO: TokenBuild Behavior ::run [ RunTime:0.000849s ]
INFO: WriteHtmlCache Behavior ::run [ RunTime:0.000618s ]
INFO: ShowRuntime Behavior ::run [ RunTime:0.001023s ]
INFO: [ view_filter ] --END-- [ RunTime:0.004237s ]
INFO: [ view_end ] --START--
INFO: ShowPageTrace Behavior ::run [ RunTime:0.001070s ]
INFO: [ view_end ] --END-- [ RunTime:0.001173s ]

[ 2015-08-28T08:58:34+08:00 ] 0.0.0.0 /cc-/index.php/admin
INFO: [ route_check ] --START--
INFO: CheckRoute Behavior ::run [ RunTime:0.001691s ]
INFO: [ route_check ] --END-- [ RunTime:0.003224s ]
INFO: [ app_begin ] --START--
INFO: ReadHtmlCache Behavior ::run [ RunTime:0.000949s ]
INFO: [ app_begin ] --END-- [ RunTime:0.001371s ]
INFO: [ view_parse ] --START--
NOTIC: [8] Undefined index: welcome /www/cc-/App/Runtime/Cache/admin/3337b40a3a45144ee3de62bbd03526a6.php 第 14 行.
INFO: ParseTemplate Behavior ::run [ RunTime:0.019925s ]
INFO: [ view_parse ] --END-- [ RunTime:0.020065s ]
INFO: [ view_filter ] --START--
INFO: ContentReplace Behavior ::run [ RunTime:0.000362s ]
INFO: TokenBuild Behavior ::run [ RunTime:0.000326s ]
INFO: WriteHtmlCache Behavior ::run [ RunTime:0.000187s ]
INFO: ShowRuntime Behavior ::run [ RunTime:0.000442s ]
INFO: [ view_filter ] --END-- [ RunTime:0.001521s ]
INFO: [ view_end ] --START--
INFO: ShowPageTrace Behavior ::run [ RunTime:0.000593s ]
INFO: [ view_end ] --END-- [ RunTime:0.000670s ]

[ 2015-08-28T08:58:35+08:00 ] 0.0.0.0 /cc-/admin/Index/info.html
INFO: [ route_check ] --START--
INFO: CheckRoute Behavior ::run [ RunTime:0.000721s ]
INFO: [ route_check ] --END-- [ RunTime:0.000817s ]
INFO: [ app_begin ] --START--
INFO: ReadHtmlCache Behavior ::run [ RunTime:0.000468s ]
INFO: [ app_begin ] --END-- [ RunTime:0.000552s ]
NOTIC: [2] mysql_get_server_info(): Can't connect to local MySQL server through socket '/Applications/MAMP/tmp/mysql/mysql.sock' (2) /www/cc-/App/Modules/admin/Action/IndexAction.class.php 第 43 行.
NOTIC: [2] mysql_get_server_info(): A link to the server could not be established /www/cc-/App/Modules/admin/Action/IndexAction.class.php 第 43 行.
INFO: [ view_parse ] --START--
INFO: ParseTemplate Behavior ::run [ RunTime:0.009761s ]
INFO: [ view_parse ] --END-- [ RunTime:0.009950s ]
INFO: [ view_filter ] --START--
INFO: ContentReplace Behavior ::run [ RunTime:0.000423s ]
INFO: TokenBuild Behavior ::run [ RunTime:0.000319s ]
INFO: WriteHtmlCache Behavior ::run [ RunTime:0.000155s ]
INFO: ShowRuntime Behavior ::run [ RunTime:0.000323s ]
INFO: [ view_filter ] --END-- [ RunTime:0.001422s ]
INFO: [ view_end ] --START--
INFO: ShowPageTrace Behavior ::run [ RunTime:0.000469s ]
INFO: [ view_end ] --END-- [ RunTime:0.000523s ]

[ 2015-08-28T08:58:36+08:00 ] 0.0.0.0 /cc-/admin/Goods/index.html
INFO: [ route_check ] --START--
INFO: CheckRoute Behavior ::run [ RunTime:0.001152s ]
INFO: [ route_check ] --END-- [ RunTime:0.001259s ]
INFO: [ app_begin ] --START--
INFO: ReadHtmlCache Behavior ::run [ RunTime:0.000563s ]
INFO: [ app_begin ] --END-- [ RunTime:0.000644s ]
SQL: SHOW COLUMNS FROM `ccshop_goods` [ RunTime:0.007664s ]
SQL: SELECT `gid`,`gname`,`gnumber`,`unit`,`marketprice`,`shopprice`,`click`,`time`,`tid` FROM `ccshop_goods`  [ RunTime:0.000728s ]
SQL: SHOW COLUMNS FROM `ccshop_goods_list` [ RunTime:0.035965s ]
SQL: SELECT `inventory` FROM `ccshop_goods_list` WHERE ( `gid` = 4 )  [ RunTime:0.005152s ]
SQL: SELECT `inventory` FROM `ccshop_goods_list` WHERE ( `gid` = 5 )  [ RunTime:0.000369s ]
SQL: SELECT `inventory` FROM `ccshop_goods_list` WHERE ( `gid` = 6 )  [ RunTime:0.000720s ]
SQL: SELECT `inventory` FROM `ccshop_goods_list` WHERE ( `gid` = 7 )  [ RunTime:0.000387s ]
SQL: SELECT `inventory` FROM `ccshop_goods_list` WHERE ( `gid` = 8 )  [ RunTime:0.000333s ]
SQL: SELECT `inventory` FROM `ccshop_goods_list` WHERE ( `gid` = 9 )  [ RunTime:0.000255s ]
SQL: SELECT `inventory` FROM `ccshop_goods_list` WHERE ( `gid` = 10 )  [ RunTime:0.000461s ]
SQL: SELECT `inventory` FROM `ccshop_goods_list` WHERE ( `gid` = 11 )  [ RunTime:0.000406s ]
SQL: SELECT `inventory` FROM `ccshop_goods_list` WHERE ( `gid` = 12 )  [ RunTime:0.000805s ]
INFO: [ view_parse ] --START--
INFO: ParseTemplate Behavior ::run [ RunTime:0.014467s ]
INFO: [ view_parse ] --END-- [ RunTime:0.014627s ]
INFO: [ view_filter ] --START--
INFO: ContentReplace Behavior ::run [ RunTime:0.000703s ]
INFO: TokenBuild Behavior ::run [ RunTime:0.001120s ]
INFO: WriteHtmlCache Behavior ::run [ RunTime:0.000329s ]
INFO: ShowRuntime Behavior ::run [ RunTime:0.000481s ]
INFO: [ view_filter ] --END-- [ RunTime:0.003115s ]
INFO: [ view_end ] --START--
INFO: ShowPageTrace Behavior ::run [ RunTime:0.000925s ]
INFO: [ view_end ] --END-- [ RunTime:0.001025s ]

[ 2015-08-28T08:58:39+08:00 ] 0.0.0.0 /cc-/admin/Goods/index.html
INFO: [ route_check ] --START--
INFO: CheckRoute Behavior ::run [ RunTime:0.000658s ]
INFO: [ route_check ] --END-- [ RunTime:0.000745s ]
INFO: [ app_begin ] --START--
INFO: ReadHtmlCache Behavior ::run [ RunTime:0.000388s ]
INFO: [ app_begin ] --END-- [ RunTime:0.000450s ]
SQL: SHOW COLUMNS FROM `ccshop_goods` [ RunTime:0.009751s ]
SQL: SELECT `gid`,`gname`,`gnumber`,`unit`,`marketprice`,`shopprice`,`click`,`time`,`tid` FROM `ccshop_goods`  [ RunTime:0.000450s ]
SQL: SHOW COLUMNS FROM `ccshop_goods_list` [ RunTime:0.002913s ]
SQL: SELECT `inventory` FROM `ccshop_goods_list` WHERE ( `gid` = 4 )  [ RunTime:0.000350s ]
SQL: SELECT `inventory` FROM `ccshop_goods_list` WHERE ( `gid` = 5 )  [ RunTime:0.000302s ]
SQL: SELECT `inventory` FROM `ccshop_goods_list` WHERE ( `gid` = 6 )  [ RunTime:0.000255s ]
SQL: SELECT `inventory` FROM `ccshop_goods_list` WHERE ( `gid` = 7 )  [ RunTime:0.000217s ]
SQL: SELECT `inventory` FROM `ccshop_goods_list` WHERE ( `gid` = 8 )  [ RunTime:0.000220s ]
SQL: SELECT `inventory` FROM `ccshop_goods_list` WHERE ( `gid` = 9 )  [ RunTime:0.000215s ]
SQL: SELECT `inventory` FROM `ccshop_goods_list` WHERE ( `gid` = 10 )  [ RunTime:0.000213s ]
SQL: SELECT `inventory` FROM `ccshop_goods_list` WHERE ( `gid` = 11 )  [ RunTime:0.000214s ]
SQL: SELECT `inventory` FROM `ccshop_goods_list` WHERE ( `gid` = 12 )  [ RunTime:0.000202s ]
INFO: [ view_parse ] --START--
INFO: ParseTemplate Behavior ::run [ RunTime:0.011957s ]
INFO: [ view_parse ] --END-- [ RunTime:0.012059s ]
INFO: [ view_filter ] --START--
INFO: ContentReplace Behavior ::run [ RunTime:0.000401s ]
INFO: TokenBuild Behavior ::run [ RunTime:0.000270s ]
INFO: WriteHtmlCache Behavior ::run [ RunTime:0.000139s ]
INFO: ShowRuntime Behavior ::run [ RunTime:0.000309s ]
INFO: [ view_filter ] --END-- [ RunTime:0.001275s ]
INFO: [ view_end ] --START--
INFO: ShowPageTrace Behavior ::run [ RunTime:0.000444s ]
INFO: [ view_end ] --END-- [ RunTime:0.000496s ]

[ 2015-08-28T08:58:41+08:00 ] 0.0.0.0 /cc-/admin/Goods/index.html
INFO: [ route_check ] --START--
INFO: CheckRoute Behavior ::run [ RunTime:0.000632s ]
INFO: [ route_check ] --END-- [ RunTime:0.000714s ]
INFO: [ app_begin ] --START--
INFO: ReadHtmlCache Behavior ::run [ RunTime:0.000401s ]
INFO: [ app_begin ] --END-- [ RunTime:0.000463s ]
SQL: SHOW COLUMNS FROM `ccshop_goods` [ RunTime:0.009531s ]
SQL: SELECT `gid`,`gname`,`gnumber`,`unit`,`marketprice`,`shopprice`,`click`,`time`,`tid` FROM `ccshop_goods`  [ RunTime:0.000499s ]
SQL: SHOW COLUMNS FROM `ccshop_goods_list` [ RunTime:0.001981s ]
SQL: SELECT `inventory` FROM `ccshop_goods_list` WHERE ( `gid` = 4 )  [ RunTime:0.000322s ]
SQL: SELECT `inventory` FROM `ccshop_goods_list` WHERE ( `gid` = 5 )  [ RunTime:0.000224s ]
SQL: SELECT `inventory` FROM `ccshop_goods_list` WHERE ( `gid` = 6 )  [ RunTime:0.000249s ]
SQL: SELECT `inventory` FROM `ccshop_goods_list` WHERE ( `gid` = 7 )  [ RunTime:0.000234s ]
SQL: SELECT `inventory` FROM `ccshop_goods_list` WHERE ( `gid` = 8 )  [ RunTime:0.000175s ]
SQL: SELECT `inventory` FROM `ccshop_goods_list` WHERE ( `gid` = 9 )  [ RunTime:0.000200s ]
SQL: SELECT `inventory` FROM `ccshop_goods_list` WHERE ( `gid` = 10 )  [ RunTime:0.000248s ]
SQL: SELECT `inventory` FROM `ccshop_goods_list` WHERE ( `gid` = 11 )  [ RunTime:0.000205s ]
SQL: SELECT `inventory` FROM `ccshop_goods_list` WHERE ( `gid` = 12 )  [ RunTime:0.000177s ]
INFO: [ view_parse ] --START--
INFO: ParseTemplate Behavior ::run [ RunTime:0.011904s ]
INFO: [ view_parse ] --END-- [ RunTime:0.011988s ]
INFO: [ view_filter ] --START--
INFO: ContentReplace Behavior ::run [ RunTime:0.000501s ]
INFO: TokenBuild Behavior ::run [ RunTime:0.000295s ]
INFO: WriteHtmlCache Behavior ::run [ RunTime:0.000157s ]
INFO: ShowRuntime Behavior ::run [ RunTime:0.000323s ]
INFO: [ view_filter ] --END-- [ RunTime:0.001456s ]
INFO: [ view_end ] --START--
INFO: ShowPageTrace Behavior ::run [ RunTime:0.000450s ]
INFO: [ view_end ] --END-- [ RunTime:0.000503s ]

[ 2015-08-28T08:59:04+08:00 ] 0.0.0.0 /cc-/admin/GoodsList/index/gid/4/tid/1.html
INFO: [ route_check ] --START--
INFO: CheckRoute Behavior ::run [ RunTime:0.000835s ]
INFO: [ route_check ] --END-- [ RunTime:0.001005s ]
INFO: [ app_begin ] --START--
INFO: ReadHtmlCache Behavior ::run [ RunTime:0.000450s ]
INFO: [ app_begin ] --END-- [ RunTime:0.000524s ]
SQL: SHOW COLUMNS FROM `ccshop_type_attr` [ RunTime:0.001401s ]
SQL: SELECT `taid`,`taname` FROM `ccshop_type_attr` WHERE ( `tid` = 1 ) AND ( `class` = 1 )  [ RunTime:0.000943s ]
SQL: SHOW COLUMNS FROM `ccshop_goods_attr` [ RunTime:0.001067s ]
SQL: SELECT `gtid`,`gtvalue` FROM `ccshop_goods_attr` WHERE ( `gid` = 4 ) AND ( `taid` = 12 )  [ RunTime:0.001122s ]
SQL: SELECT `gtid`,`gtvalue` FROM `ccshop_goods_attr` WHERE ( `gid` = 4 ) AND ( `taid` = 13 )  [ RunTime:0.001896s ]
SQL: SHOW COLUMNS FROM `ccshop_goods_list` [ RunTime:0.002692s ]
SQL: SELECT * FROM `ccshop_goods_list` WHERE ( `gid` = 4 )  [ RunTime:0.000302s ]
SQL: SELECT `gtvalue` FROM `ccshop_goods_attr` WHERE ( `gtid` IN ('67','70') )  [ RunTime:0.000630s ]
SQL: SELECT `gtvalue` FROM `ccshop_goods_attr` WHERE ( `gtid` IN ('67','71') )  [ RunTime:0.000260s ]
SQL: SELECT `gtvalue` FROM `ccshop_goods_attr` WHERE ( `gtid` IN ('68','70') )  [ RunTime:0.000278s ]
INFO: [ view_parse ] --START--
INFO: ParseTemplate Behavior ::run [ RunTime:0.016482s ]
INFO: [ view_parse ] --END-- [ RunTime:0.016588s ]
INFO: [ view_filter ] --START--
INFO: ContentReplace Behavior ::run [ RunTime:0.000347s ]
INFO: TokenBuild Behavior ::run [ RunTime:0.000303s ]
INFO: WriteHtmlCache Behavior ::run [ RunTime:0.000185s ]
INFO: ShowRuntime Behavior ::run [ RunTime:0.000434s ]
INFO: [ view_filter ] --END-- [ RunTime:0.001444s ]
INFO: [ view_end ] --START--
INFO: ShowPageTrace Behavior ::run [ RunTime:0.000565s ]
INFO: [ view_end ] --END-- [ RunTime:0.000636s ]

[ 2015-08-28T09:01:53+08:00 ] 0.0.0.0 /cc-/admin/GoodsList/check.html?gid=4&spec%5B0%5D=67&spec%5B1%5D=70
INFO: [ route_check ] --START--
INFO: CheckRoute Behavior ::run [ RunTime:0.000945s ]
INFO: [ route_check ] --END-- [ RunTime:0.001129s ]
INFO: [ app_begin ] --START--
INFO: ReadHtmlCache Behavior ::run [ RunTime:0.000503s ]
INFO: [ app_begin ] --END-- [ RunTime:0.000569s ]
SQL: SHOW COLUMNS FROM `ccshop_goods_list` [ RunTime:0.001310s ]
SQL: SELECT COUNT(*) AS tp_count FROM `ccshop_goods_list` WHERE ( `gid` = 4 ) AND ( `combine` = '67,70' ) LIMIT 1   [ RunTime:0.000308s ]

[ 2015-08-28T09:01:57+08:00 ] 0.0.0.0 /cc-/admin/GoodsList/check.html?gid=4&spec%5B0%5D=67&spec%5B1%5D=69
INFO: [ route_check ] --START--
INFO: CheckRoute Behavior ::run [ RunTime:0.000627s ]
INFO: [ route_check ] --END-- [ RunTime:0.000709s ]
INFO: [ app_begin ] --START--
INFO: ReadHtmlCache Behavior ::run [ RunTime:0.000385s ]
INFO: [ app_begin ] --END-- [ RunTime:0.000436s ]
SQL: SHOW COLUMNS FROM `ccshop_goods_list` [ RunTime:0.009493s ]
SQL: SELECT COUNT(*) AS tp_count FROM `ccshop_goods_list` WHERE ( `gid` = 4 ) AND ( `combine` = '67,69' ) LIMIT 1   [ RunTime:0.000343s ]

[ 2015-08-28T09:40:04+08:00 ] 0.0.0.0 /cc-/
INFO: [ app_begin ] --START--
INFO: ReadHtmlCache Behavior ::run [ RunTime:0.001007s ]
INFO: [ app_begin ] --END-- [ RunTime:0.001114s ]
SQL: SHOW COLUMNS FROM `ccshop_goods` [ RunTime:0.001946s ]
SQL: SELECT `gid`,`gname`,`pic`,`click`,`shopprice` FROM `ccshop_goods` WHERE ( `cid` = 13 ) ORDER BY rand() LIMIT 10   [ RunTime:0.000387s ]
SQL: SELECT `gid`,`gname`,`pic`,`click`,`shopprice` FROM `ccshop_goods` WHERE ( `cid` = 13 ) ORDER BY rand() LIMIT 10   [ RunTime:0.000361s ]
SQL: SELECT `gid`,`gname`,`pic`,`click`,`shopprice` FROM `ccshop_goods` WHERE ( `cid` = 13 ) ORDER BY rand() LIMIT 10   [ RunTime:0.000301s ]
SQL: SHOW COLUMNS FROM `ccshop_category` [ RunTime:0.001075s ]
SQL: SELECT `cid`,`cname` FROM `ccshop_category` WHERE ( `pid` = 4 )  [ RunTime:0.000259s ]
INFO: [ view_parse ] --START--
INFO: ParseTemplate Behavior ::run [ RunTime:0.092905s ]
INFO: [ view_parse ] --END-- [ RunTime:0.092993s ]
INFO: [ view_filter ] --START--
INFO: ContentReplace Behavior ::run [ RunTime:0.001566s ]
INFO: TokenBuild Behavior ::run [ RunTime:0.000793s ]
INFO: WriteHtmlCache Behavior ::run [ RunTime:0.000557s ]
INFO: ShowRuntime Behavior ::run [ RunTime:0.000802s ]
INFO: [ view_filter ] --END-- [ RunTime:0.003999s ]
INFO: [ view_end ] --START--
INFO: ShowPageTrace Behavior ::run [ RunTime:0.001079s ]
INFO: [ view_end ] --END-- [ RunTime:0.001177s ]

[ 2015-08-28T09:40:37+08:00 ] 0.0.0.0 /cc-/c/4_0.html
INFO: [ route_check ] --START--
INFO: CheckRoute Behavior ::run [ RunTime:0.002335s ]
INFO: [ route_check ] --END-- [ RunTime:0.002458s ]
INFO: [ app_begin ] --START--
INFO: ReadHtmlCache Behavior ::run [ RunTime:0.001051s ]
INFO: [ app_begin ] --END-- [ RunTime:0.001153s ]
SQL: SHOW COLUMNS FROM `ccshop_category` [ RunTime:0.001585s ]
SQL: SELECT `cid`,`pid` FROM `ccshop_category`  [ RunTime:0.000236s ]
NOTIC: [8] Undefined index: id /www/cc-/App/Lib/Class/Unlimited.class.php 第 125 行.
NOTIC: [8] Undefined index: id /www/cc-/App/Lib/Class/Unlimited.class.php 第 125 行.
NOTIC: [8] Undefined index: id /www/cc-/App/Lib/Class/Unlimited.class.php 第 125 行.
NOTIC: [8] Undefined index: id /www/cc-/App/Lib/Class/Unlimited.class.php 第 125 行.
NOTIC: [8] Undefined index: id /www/cc-/App/Lib/Class/Unlimited.class.php 第 125 行.
NOTIC: [8] Undefined index: id /www/cc-/App/Lib/Class/Unlimited.class.php 第 125 行.
NOTIC: [8] Undefined index: id /www/cc-/App/Lib/Class/Unlimited.class.php 第 125 行.
NOTIC: [8] Undefined index: id /www/cc-/App/Lib/Class/Unlimited.class.php 第 125 行.
NOTIC: [8] Undefined index: id /www/cc-/App/Lib/Class/Unlimited.class.php 第 125 行.
NOTIC: [8] Undefined index: id /www/cc-/App/Lib/Class/Unlimited.class.php 第 125 行.
NOTIC: [8] Undefined index: id /www/cc-/App/Lib/Class/Unlimited.class.php 第 125 行.
NOTIC: [8] Undefined index: id /www/cc-/App/Lib/Class/Unlimited.class.php 第 125 行.
NOTIC: [8] Undefined index: id /www/cc-/App/Lib/Class/Unlimited.class.php 第 125 行.
NOTIC: [8] Undefined index: id /www/cc-/App/Lib/Class/Unlimited.class.php 第 125 行.
NOTIC: [8] Undefined index: id /www/cc-/App/Lib/Class/Unlimited.class.php 第 125 行.
NOTIC: [8] Undefined index: id /www/cc-/App/Lib/Class/Unlimited.class.php 第 125 行.
SQL: SHOW COLUMNS FROM `ccshop_goods` [ RunTime:0.001195s ]
SQL: SELECT `gid` FROM `ccshop_goods` WHERE ( `cid` IN ('13','14','15','16','17','18','19','20','21','22','23','24','25','26','27','28',4) )  [ RunTime:0.000278s ]
SQL: SHOW COLUMNS FROM `ccshop_goods_attr` [ RunTime:0.001425s ]
SQL: SELECT `gtid`,`gtvalue`,`taid` FROM `ccshop_goods_attr` WHERE ( `gid` IN ('4','5','6','7','8','9','10','11','12') ) GROUP BY gtvalue  [ RunTime:0.001461s ]
SQL: SHOW COLUMNS FROM `ccshop_type_attr` [ RunTime:0.001381s ]
SQL: SELECT `taname` FROM `ccshop_type_attr` WHERE ( `taid` = 12 ) LIMIT 1   [ RunTime:0.000251s ]
SQL: SELECT `taname` FROM `ccshop_type_attr` WHERE ( `taid` = 13 ) LIMIT 1   [ RunTime:0.000220s ]
SQL: SELECT `taname` FROM `ccshop_type_attr` WHERE ( `taid` = 5 ) LIMIT 1   [ RunTime:0.000426s ]
SQL: SELECT `taname` FROM `ccshop_type_attr` WHERE ( `taid` = 1 ) LIMIT 1   [ RunTime:0.000236s ]
SQL: SELECT `taname` FROM `ccshop_type_attr` WHERE ( `taid` = 3 ) LIMIT 1   [ RunTime:0.000204s ]
SQL: SELECT `taname` FROM `ccshop_type_attr` WHERE ( `taid` = 6 ) LIMIT 1   [ RunTime:0.000675s ]
SQL: SELECT `taname` FROM `ccshop_type_attr` WHERE ( `taid` = 2 ) LIMIT 1   [ RunTime:0.000221s ]
SQL: SELECT `taname` FROM `ccshop_type_attr` WHERE ( `taid` = 7 ) LIMIT 1   [ RunTime:0.000180s ]
SQL: SELECT `taname` FROM `ccshop_type_attr` WHERE ( `taid` = 8 ) LIMIT 1   [ RunTime:0.000200s ]
SQL: SELECT `taname` FROM `ccshop_type_attr` WHERE ( `taid` = 4 ) LIMIT 1   [ RunTime:0.000197s ]
SQL: SELECT `taname` FROM `ccshop_type_attr` WHERE ( `taid` = 9 ) LIMIT 1   [ RunTime:0.000147s ]
SQL: SELECT `taname` FROM `ccshop_type_attr` WHERE ( `taid` = 10 ) LIMIT 1   [ RunTime:0.000145s ]
SQL: SELECT `taname` FROM `ccshop_type_attr` WHERE ( `taid` = 11 ) LIMIT 1   [ RunTime:0.000172s ]
SQL: SELECT COUNT(*) AS tp_count FROM `ccshop_goods` WHERE ( `gid` IN(4,5,6,7,8,9,10,11,12) ) LIMIT 1   [ RunTime:0.000414s ]
SQL: SELECT `gid`,`gname`,`marketprice`,`shopprice`,`pic` FROM `ccshop_goods` WHERE ( `gid` IN(4,5,6,7,8,9,10,11,12) ) ORDER BY time DESC LIMIT 0,8   [ RunTime:0.000420s ]
SQL: SELECT `gid`,`gname`,`pic`,`click`,`shopprice` FROM `ccshop_goods` WHERE ( `cid` = 13 ) ORDER BY rand() LIMIT 4   [ RunTime:0.000467s ]
SQL: SELECT `gid`,`gname`,`pic`,`click`,`shopprice` FROM `ccshop_goods` WHERE ( `cid` = 13 ) ORDER BY rand() LIMIT 5   [ RunTime:0.000321s ]
SQL: SELECT `cid`,`cname` FROM `ccshop_category` WHERE ( `pid` = 4 )  [ RunTime:0.000222s ]
SQL: SELECT `cname` FROM `ccshop_category` WHERE ( `cid` = 4 ) LIMIT 1   [ RunTime:0.000174s ]
SQL: SELECT `pid`,`cname`,`cid` FROM `ccshop_category` WHERE ( `cid` = 4 )  [ RunTime:0.000200s ]
SQL: SELECT `pid`,`cname`,`cid` FROM `ccshop_category` WHERE ( `cid` = 1 )  [ RunTime:0.000148s ]
INFO: [ view_parse ] --START--
INFO: ParseTemplate Behavior ::run [ RunTime:0.032532s ]
INFO: [ view_parse ] --END-- [ RunTime:0.032660s ]
INFO: [ view_filter ] --START--
INFO: ContentReplace Behavior ::run [ RunTime:0.000523s ]
INFO: TokenBuild Behavior ::run [ RunTime:0.000265s ]
INFO: WriteHtmlCache Behavior ::run [ RunTime:0.000149s ]
INFO: ShowRuntime Behavior ::run [ RunTime:0.000399s ]
INFO: [ view_filter ] --END-- [ RunTime:0.001493s ]
INFO: [ view_end ] --START--
INFO: ShowPageTrace Behavior ::run [ RunTime:0.000572s ]
INFO: [ view_end ] --END-- [ RunTime:0.000653s ]

[ 2015-08-28T09:41:13+08:00 ] 0.0.0.0 /cc-/12.html
INFO: [ route_check ] --START--
INFO: CheckRoute Behavior ::run [ RunTime:0.000691s ]
INFO: [ route_check ] --END-- [ RunTime:0.000772s ]
INFO: [ app_begin ] --START--
INFO: ReadHtmlCache Behavior ::run [ RunTime:0.000393s ]
INFO: [ app_begin ] --END-- [ RunTime:0.000454s ]
SQL: SHOW COLUMNS FROM `ccshop_goods` [ RunTime:0.001439s ]
SQL: SHOW COLUMNS FROM `ccshop_detail` [ RunTime:0.001030s ]
SQL: SHOW COLUMNS FROM `ccshop_brand` [ RunTime:0.001383s ]
SQL: SELECT goods.gid AS gid,goods.gname AS gname,goods.unit AS unit,goods.marketprice AS marketprice,goods.shopprice AS shopprice,goods.click AS click,goods.time AS time,detail.small AS small,detail.medium AS medium,detail.big AS big,detail.intro AS intro,detail.service AS service,brand.logo AS logo FROM ccshop_goods goods LEFT JOIN ccshop_detail detail ON goods.gid = detail.gid LEFT JOIN ccshop_brand brand ON goods.bid = brand.bid WHERE ( goods.gid = 12 ) LIMIT 1   [ RunTime:0.000266s ]
ERR: 1054:Unknown column 'detail.small' in 'field list'
 [ SQL语句 ] : SELECT goods.gid AS gid,goods.gname AS gname,goods.unit AS unit,goods.marketprice AS marketprice,goods.shopprice AS shopprice,goods.click AS click,goods.time AS time,detail.small AS small,detail.medium AS medium,detail.big AS big,detail.intro AS intro,detail.service AS service,brand.logo AS logo FROM ccshop_goods goods LEFT JOIN ccshop_detail detail ON goods.gid = detail.gid LEFT JOIN ccshop_brand brand ON goods.bid = brand.bid WHERE ( goods.gid = 12 ) LIMIT 1  
NOTIC: [8] Undefined index: medium /www/cc-/App/Modules/Index/Action/ShowAction.class.php 第 31 行.
NOTIC: [8] Undefined index: big /www/cc-/App/Modules/Index/Action/ShowAction.class.php 第 32 行.
SQL: SHOW COLUMNS FROM `ccshop_goods_attr` [ RunTime:0.001124s ]
SQL: SELECT `gtid`,`gtvalue`,`added`,`taid` FROM `ccshop_goods_attr` WHERE ( `gid` = 12 )  [ RunTime:0.000284s ]
SQL: SHOW COLUMNS FROM `ccshop_type_attr` [ RunTime:0.000929s ]
SQL: SELECT `taname`,`class` FROM `ccshop_type_attr` WHERE ( `taid` = 1 ) LIMIT 1   [ RunTime:0.000344s ]
SQL: SELECT `taname`,`class` FROM `ccshop_type_attr` WHERE ( `taid` = 2 ) LIMIT 1   [ RunTime:0.000206s ]
SQL: SELECT `taname`,`class` FROM `ccshop_type_attr` WHERE ( `taid` = 3 ) LIMIT 1   [ RunTime:0.000176s ]
SQL: SELECT `taname`,`class` FROM `ccshop_type_attr` WHERE ( `taid` = 4 ) LIMIT 1   [ RunTime:0.000173s ]
SQL: SELECT `taname`,`class` FROM `ccshop_type_attr` WHERE ( `taid` = 5 ) LIMIT 1   [ RunTime:0.000234s ]
SQL: SELECT `taname`,`class` FROM `ccshop_type_attr` WHERE ( `taid` = 6 ) LIMIT 1   [ RunTime:0.000189s ]
SQL: SELECT `taname`,`class` FROM `ccshop_type_attr` WHERE ( `taid` = 7 ) LIMIT 1   [ RunTime:0.000196s ]
SQL: SELECT `taname`,`class` FROM `ccshop_type_attr` WHERE ( `taid` = 8 ) LIMIT 1   [ RunTime:0.000240s ]
SQL: SELECT `taname`,`class` FROM `ccshop_type_attr` WHERE ( `taid` = 9 ) LIMIT 1   [ RunTime:0.000205s ]
SQL: SELECT `taname`,`class` FROM `ccshop_type_attr` WHERE ( `taid` = 10 ) LIMIT 1   [ RunTime:0.000186s ]
SQL: SELECT `taname`,`class` FROM `ccshop_type_attr` WHERE ( `taid` = 11 ) LIMIT 1   [ RunTime:0.000208s ]
SQL: SELECT `taname`,`class` FROM `ccshop_type_attr` WHERE ( `taid` = 12 ) LIMIT 1   [ RunTime:0.000166s ]
SQL: SELECT `taname`,`class` FROM `ccshop_type_attr` WHERE ( `taid` = 13 ) LIMIT 1   [ RunTime:0.000175s ]
SQL: SHOW COLUMNS FROM `ccshop_goods_list` [ RunTime:0.001146s ]
SQL: SELECT `inventory` FROM `ccshop_goods_list` WHERE ( `gid` = 12 )  [ RunTime:0.000277s ]
SQL: SHOW COLUMNS FROM `ccshop_remark` [ RunTime:0.001348s ]
SQL: SELECT COUNT(*) AS tp_count FROM `ccshop_remark` WHERE ( `gid` = 12 ) LIMIT 1   [ RunTime:0.000564s ]
SQL: SELECT `content`,`uname`,`time` FROM `ccshop_remark` WHERE ( `gid` = 12 ) ORDER BY time DESC LIMIT 0,5   [ RunTime:0.000650s ]
SQL: SELECT `cid` FROM `ccshop_goods` WHERE ( `gid` = 12 ) LIMIT 1   [ RunTime:0.000239s ]
SQL: SHOW COLUMNS FROM `ccshop_category` [ RunTime:0.001236s ]
SQL: SELECT `pid`,`cname`,`cid` FROM `ccshop_category` WHERE ( `cid` = 13 )  [ RunTime:0.000256s ]
SQL: SELECT `pid`,`cname`,`cid` FROM `ccshop_category` WHERE ( `cid` = 4 )  [ RunTime:0.000175s ]
SQL: SELECT `pid`,`cname`,`cid` FROM `ccshop_category` WHERE ( `cid` = 1 )  [ RunTime:0.000214s ]
SQL: SELECT `gid`,`gname`,`pic`,`click`,`shopprice` FROM `ccshop_goods` WHERE ( `cid` = 13 ) ORDER BY rand() LIMIT 10   [ RunTime:0.000340s ]
INFO: [ view_parse ] --START--
NOTIC: [8] Undefined index: shopprice /www/cc-/App/Runtime/Cache/Index/9bbf32912e20c4cc3024eb9794364a85.php 第 17 行.
NOTIC: [8] Undefined index: gname /www/cc-/App/Runtime/Cache/Index/9bbf32912e20c4cc3024eb9794364a85.php 第 92 行.
NOTIC: [8] Undefined index: gname /www/cc-/App/Runtime/Cache/Index/9bbf32912e20c4cc3024eb9794364a85.php 第 127 行.
NOTIC: [8] Undefined index: logo /www/cc-/App/Runtime/Cache/Index/9bbf32912e20c4cc3024eb9794364a85.php 第 130 行.
NOTIC: [8] Undefined index: marketprice /www/cc-/App/Runtime/Cache/Index/9bbf32912e20c4cc3024eb9794364a85.php 第 136 行.
NOTIC: [8] Undefined index: shopprice /www/cc-/App/Runtime/Cache/Index/9bbf32912e20c4cc3024eb9794364a85.php 第 139 行.
NOTIC: [8] Undefined index: intro /www/cc-/App/Runtime/Cache/Index/9bbf32912e20c4cc3024eb9794364a85.php 第 250 行.
NOTIC: [8] Undefined index: service /www/cc-/App/Runtime/Cache/Index/9bbf32912e20c4cc3024eb9794364a85.php 第 256 行.
INFO: ParseTemplate Behavior ::run [ RunTime:0.028154s ]
INFO: [ view_parse ] --END-- [ RunTime:0.028230s ]
INFO: [ view_filter ] --START--
INFO: ContentReplace Behavior ::run [ RunTime:0.000354s ]
INFO: TokenBuild Behavior ::run [ RunTime:0.000285s ]
INFO: WriteHtmlCache Behavior ::run [ RunTime:0.000160s ]
INFO: ShowRuntime Behavior ::run [ RunTime:0.000347s ]
INFO: [ view_filter ] --END-- [ RunTime:0.001299s ]
INFO: [ view_end ] --START--
INFO: ShowPageTrace Behavior ::run [ RunTime:0.000559s ]
INFO: [ view_end ] --END-- [ RunTime:0.000634s ]

[ 2015-08-28T09:41:13+08:00 ] 0.0.0.0 /cc-/Show/verify.html
INFO: [ route_check ] --START--
INFO: CheckRoute Behavior ::run [ RunTime:0.000757s ]
INFO: [ route_check ] --END-- [ RunTime:0.000928s ]
INFO: [ app_begin ] --START--
INFO: ReadHtmlCache Behavior ::run [ RunTime:0.000635s ]
INFO: [ app_begin ] --END-- [ RunTime:0.000736s ]

[ 2015-08-28T09:43:27+08:00 ] 0.0.0.0 /cc-/c/4_0.html
INFO: [ route_check ] --START--
INFO: CheckRoute Behavior ::run [ RunTime:0.000696s ]
INFO: [ route_check ] --END-- [ RunTime:0.000777s ]
INFO: [ app_begin ] --START--
INFO: ReadHtmlCache Behavior ::run [ RunTime:0.000387s ]
INFO: [ app_begin ] --END-- [ RunTime:0.000449s ]
SQL: SHOW COLUMNS FROM `ccshop_goods` [ RunTime:0.001014s ]
SQL: SELECT COUNT(*) AS tp_count FROM `ccshop_goods` WHERE ( `gid` IN(4,5,6,7,8,9,10,11,12) ) LIMIT 1   [ RunTime:0.000554s ]
SQL: SELECT `gid`,`gname`,`marketprice`,`shopprice`,`pic` FROM `ccshop_goods` WHERE ( `gid` IN(4,5,6,7,8,9,10,11,12) ) ORDER BY time DESC LIMIT 0,8   [ RunTime:0.000245s ]
SQL: SELECT `gid`,`gname`,`pic`,`click`,`shopprice` FROM `ccshop_goods` WHERE ( `cid` = 13 ) ORDER BY rand() LIMIT 4   [ RunTime:0.000299s ]
SQL: SELECT `gid`,`gname`,`pic`,`click`,`shopprice` FROM `ccshop_goods` WHERE ( `cid` = 13 ) ORDER BY rand() LIMIT 5   [ RunTime:0.000292s ]
SQL: SHOW COLUMNS FROM `ccshop_category` [ RunTime:0.001138s ]
SQL: SELECT `cid`,`cname` FROM `ccshop_category` WHERE ( `pid` = 4 )  [ RunTime:0.000261s ]
SQL: SELECT `cname` FROM `ccshop_category` WHERE ( `cid` = 4 ) LIMIT 1   [ RunTime:0.000198s ]
SQL: SELECT `pid`,`cname`,`cid` FROM `ccshop_category` WHERE ( `cid` = 4 )  [ RunTime:0.000203s ]
SQL: SELECT `pid`,`cname`,`cid` FROM `ccshop_category` WHERE ( `cid` = 1 )  [ RunTime:0.000196s ]
INFO: [ view_parse ] --START--
INFO: ParseTemplate Behavior ::run [ RunTime:0.030893s ]
INFO: [ view_parse ] --END-- [ RunTime:0.030982s ]
INFO: [ view_filter ] --START--
INFO: ContentReplace Behavior ::run [ RunTime:0.000574s ]
INFO: TokenBuild Behavior ::run [ RunTime:0.000262s ]
INFO: WriteHtmlCache Behavior ::run [ RunTime:0.000143s ]
INFO: ShowRuntime Behavior ::run [ RunTime:0.000320s ]
INFO: [ view_filter ] --END-- [ RunTime:0.001453s ]
INFO: [ view_end ] --START--
INFO: ShowPageTrace Behavior ::run [ RunTime:0.000532s ]
INFO: [ view_end ] --END-- [ RunTime:0.000619s ]

[ 2015-08-28T09:43:30+08:00 ] 0.0.0.0 /cc-/11.html
INFO: [ route_check ] --START--
INFO: CheckRoute Behavior ::run [ RunTime:0.000662s ]
INFO: [ route_check ] --END-- [ RunTime:0.000743s ]
INFO: [ app_begin ] --START--
INFO: ReadHtmlCache Behavior ::run [ RunTime:0.000377s ]
INFO: [ app_begin ] --END-- [ RunTime:0.000439s ]
SQL: SHOW COLUMNS FROM `ccshop_goods` [ RunTime:0.010228s ]
SQL: SHOW COLUMNS FROM `ccshop_detail` [ RunTime:0.001259s ]
SQL: SHOW COLUMNS FROM `ccshop_brand` [ RunTime:0.001371s ]
SQL: SELECT goods.gid AS gid,goods.gname AS gname,goods.unit AS unit,goods.marketprice AS marketprice,goods.shopprice AS shopprice,goods.click AS click,goods.time AS time,detail.small AS small,detail.medium AS medium,detail.big AS big,detail.intro AS intro,detail.service AS service,brand.logo AS logo FROM ccshop_goods goods LEFT JOIN ccshop_detail detail ON goods.gid = detail.gid LEFT JOIN ccshop_brand brand ON goods.bid = brand.bid WHERE ( goods.gid = 11 ) LIMIT 1   [ RunTime:0.000285s ]
ERR: 1054:Unknown column 'detail.small' in 'field list'
 [ SQL语句 ] : SELECT goods.gid AS gid,goods.gname AS gname,goods.unit AS unit,goods.marketprice AS marketprice,goods.shopprice AS shopprice,goods.click AS click,goods.time AS time,detail.small AS small,detail.medium AS medium,detail.big AS big,detail.intro AS intro,detail.service AS service,brand.logo AS logo FROM ccshop_goods goods LEFT JOIN ccshop_detail detail ON goods.gid = detail.gid LEFT JOIN ccshop_brand brand ON goods.bid = brand.bid WHERE ( goods.gid = 11 ) LIMIT 1  
NOTIC: [8] Undefined index: medium /www/cc-/App/Modules/Index/Action/ShowAction.class.php 第 31 行.
NOTIC: [8] Undefined index: big /www/cc-/App/Modules/Index/Action/ShowAction.class.php 第 32 行.
SQL: SHOW COLUMNS FROM `ccshop_goods_attr` [ RunTime:0.001468s ]
SQL: SELECT `gtid`,`gtvalue`,`added`,`taid` FROM `ccshop_goods_attr` WHERE ( `gid` = 11 )  [ RunTime:0.000338s ]
SQL: SHOW COLUMNS FROM `ccshop_type_attr` [ RunTime:0.001053s ]
SQL: SELECT `taname`,`class` FROM `ccshop_type_attr` WHERE ( `taid` = 1 ) LIMIT 1   [ RunTime:0.000234s ]
SQL: SELECT `taname`,`class` FROM `ccshop_type_attr` WHERE ( `taid` = 2 ) LIMIT 1   [ RunTime:0.000191s ]
SQL: SELECT `taname`,`class` FROM `ccshop_type_attr` WHERE ( `taid` = 3 ) LIMIT 1   [ RunTime:0.000242s ]
SQL: SELECT `taname`,`class` FROM `ccshop_type_attr` WHERE ( `taid` = 4 ) LIMIT 1   [ RunTime:0.000196s ]
SQL: SELECT `taname`,`class` FROM `ccshop_type_attr` WHERE ( `taid` = 5 ) LIMIT 1   [ RunTime:0.000216s ]
SQL: SELECT `taname`,`class` FROM `ccshop_type_attr` WHERE ( `taid` = 6 ) LIMIT 1   [ RunTime:0.000204s ]
SQL: SELECT `taname`,`class` FROM `ccshop_type_attr` WHERE ( `taid` = 7 ) LIMIT 1   [ RunTime:0.000227s ]
SQL: SELECT `taname`,`class` FROM `ccshop_type_attr` WHERE ( `taid` = 8 ) LIMIT 1   [ RunTime:0.000233s ]
SQL: SELECT `taname`,`class` FROM `ccshop_type_attr` WHERE ( `taid` = 9 ) LIMIT 1   [ RunTime:0.000234s ]
SQL: SELECT `taname`,`class` FROM `ccshop_type_attr` WHERE ( `taid` = 10 ) LIMIT 1   [ RunTime:0.000169s ]
SQL: SELECT `taname`,`class` FROM `ccshop_type_attr` WHERE ( `taid` = 11 ) LIMIT 1   [ RunTime:0.000149s ]
SQL: SELECT `taname`,`class` FROM `ccshop_type_attr` WHERE ( `taid` = 12 ) LIMIT 1   [ RunTime:0.000186s ]
SQL: SELECT `taname`,`class` FROM `ccshop_type_attr` WHERE ( `taid` = 13 ) LIMIT 1   [ RunTime:0.000172s ]
SQL: SHOW COLUMNS FROM `ccshop_goods_list` [ RunTime:0.001316s ]
SQL: SELECT `inventory` FROM `ccshop_goods_list` WHERE ( `gid` = 11 )  [ RunTime:0.000255s ]
SQL: SHOW COLUMNS FROM `ccshop_remark` [ RunTime:0.001197s ]
SQL: SELECT COUNT(*) AS tp_count FROM `ccshop_remark` WHERE ( `gid` = 11 ) LIMIT 1   [ RunTime:0.000796s ]
SQL: SELECT `content`,`uname`,`time` FROM `ccshop_remark` WHERE ( `gid` = 11 ) ORDER BY time DESC LIMIT 0,5   [ RunTime:0.000273s ]
SQL: SELECT `cid` FROM `ccshop_goods` WHERE ( `gid` = 11 ) LIMIT 1   [ RunTime:0.000243s ]
SQL: SHOW COLUMNS FROM `ccshop_category` [ RunTime:0.001154s ]
SQL: SELECT `pid`,`cname`,`cid` FROM `ccshop_category` WHERE ( `cid` = 13 )  [ RunTime:0.000247s ]
SQL: SELECT `pid`,`cname`,`cid` FROM `ccshop_category` WHERE ( `cid` = 4 )  [ RunTime:0.000201s ]
SQL: SELECT `pid`,`cname`,`cid` FROM `ccshop_category` WHERE ( `cid` = 1 )  [ RunTime:0.000197s ]
SQL: SELECT `gid`,`gname`,`pic`,`click`,`shopprice` FROM `ccshop_goods` WHERE ( `cid` = 13 ) ORDER BY rand() LIMIT 10   [ RunTime:0.000394s ]
INFO: [ view_parse ] --START--
NOTIC: [8] Undefined index: shopprice /www/cc-/App/Runtime/Cache/Index/9bbf32912e20c4cc3024eb9794364a85.php 第 17 行.
NOTIC: [8] Undefined index: gname /www/cc-/App/Runtime/Cache/Index/9bbf32912e20c4cc3024eb9794364a85.php 第 92 行.
NOTIC: [8] Undefined index: gname /www/cc-/App/Runtime/Cache/Index/9bbf32912e20c4cc3024eb9794364a85.php 第 127 行.
NOTIC: [8] Undefined index: logo /www/cc-/App/Runtime/Cache/Index/9bbf32912e20c4cc3024eb9794364a85.php 第 130 行.
NOTIC: [8] Undefined index: marketprice /www/cc-/App/Runtime/Cache/Index/9bbf32912e20c4cc3024eb9794364a85.php 第 136 行.
NOTIC: [8] Undefined index: shopprice /www/cc-/App/Runtime/Cache/Index/9bbf32912e20c4cc3024eb9794364a85.php 第 139 行.
NOTIC: [8] Undefined index: intro /www/cc-/App/Runtime/Cache/Index/9bbf32912e20c4cc3024eb9794364a85.php 第 250 行.
NOTIC: [8] Undefined index: service /www/cc-/App/Runtime/Cache/Index/9bbf32912e20c4cc3024eb9794364a85.php 第 256 行.
INFO: ParseTemplate Behavior ::run [ RunTime:0.025722s ]
INFO: [ view_parse ] --END-- [ RunTime:0.025799s ]
INFO: [ view_filter ] --START--
INFO: ContentReplace Behavior ::run [ RunTime:0.000319s ]
INFO: TokenBuild Behavior ::run [ RunTime:0.000264s ]
INFO: WriteHtmlCache Behavior ::run [ RunTime:0.000144s ]
INFO: ShowRuntime Behavior ::run [ RunTime:0.000316s ]
INFO: [ view_filter ] --END-- [ RunTime:0.001194s ]
INFO: [ view_end ] --START--
INFO: ShowPageTrace Behavior ::run [ RunTime:0.000545s ]
INFO: [ view_end ] --END-- [ RunTime:0.000621s ]

[ 2015-08-28T09:43:30+08:00 ] 0.0.0.0 /cc-/Show/verify.html
INFO: [ route_check ] --START--
INFO: CheckRoute Behavior ::run [ RunTime:0.000818s ]
INFO: [ route_check ] --END-- [ RunTime:0.000919s ]
INFO: [ app_begin ] --START--
INFO: ReadHtmlCache Behavior ::run [ RunTime:0.000429s ]
INFO: [ app_begin ] --END-- [ RunTime:0.000501s ]

[ 2015-08-28T09:43:33+08:00 ] 0.0.0.0 /cc-/c/4_0.html
INFO: [ route_check ] --START--
INFO: CheckRoute Behavior ::run [ RunTime:0.000696s ]
INFO: [ route_check ] --END-- [ RunTime:0.000781s ]
INFO: [ app_begin ] --START--
INFO: ReadHtmlCache Behavior ::run [ RunTime:0.000517s ]
INFO: [ app_begin ] --END-- [ RunTime:0.000616s ]
SQL: SHOW COLUMNS FROM `ccshop_goods` [ RunTime:0.009440s ]
SQL: SELECT COUNT(*) AS tp_count FROM `ccshop_goods` WHERE ( `gid` IN(4,5,6,7,8,9,10,11,12) ) LIMIT 1   [ RunTime:0.000490s ]
SQL: SELECT `gid`,`gname`,`marketprice`,`shopprice`,`pic` FROM `ccshop_goods` WHERE ( `gid` IN(4,5,6,7,8,9,10,11,12) ) ORDER BY time DESC LIMIT 0,8   [ RunTime:0.000452s ]
SQL: SELECT `gid`,`gname`,`pic`,`click`,`shopprice` FROM `ccshop_goods` WHERE ( `cid` = 13 ) ORDER BY rand() LIMIT 4   [ RunTime:0.000391s ]
SQL: SELECT `gid`,`gname`,`pic`,`click`,`shopprice` FROM `ccshop_goods` WHERE ( `cid` = 13 ) ORDER BY rand() LIMIT 5   [ RunTime:0.000338s ]
SQL: SHOW COLUMNS FROM `ccshop_category` [ RunTime:0.001539s ]
SQL: SELECT `cid`,`cname` FROM `ccshop_category` WHERE ( `pid` = 4 )  [ RunTime:0.000404s ]
SQL: SELECT `cname` FROM `ccshop_category` WHERE ( `cid` = 4 ) LIMIT 1   [ RunTime:0.000231s ]
SQL: SELECT `pid`,`cname`,`cid` FROM `ccshop_category` WHERE ( `cid` = 4 )  [ RunTime:0.000196s ]
SQL: SELECT `pid`,`cname`,`cid` FROM `ccshop_category` WHERE ( `cid` = 1 )  [ RunTime:0.000187s ]
INFO: [ view_parse ] --START--
INFO: ParseTemplate Behavior ::run [ RunTime:0.035552s ]
INFO: [ view_parse ] --END-- [ RunTime:0.035655s ]
INFO: [ view_filter ] --START--
INFO: ContentReplace Behavior ::run [ RunTime:0.000623s ]
INFO: TokenBuild Behavior ::run [ RunTime:0.000312s ]
INFO: WriteHtmlCache Behavior ::run [ RunTime:0.000168s ]
INFO: ShowRuntime Behavior ::run [ RunTime:0.000464s ]
INFO: [ view_filter ] --END-- [ RunTime:0.001758s ]
INFO: [ view_end ] --START--
INFO: ShowPageTrace Behavior ::run [ RunTime:0.001293s ]
INFO: [ view_end ] --END-- [ RunTime:0.001391s ]

[ 2015-08-28T09:43:35+08:00 ] 0.0.0.0 /cc-/10.html
INFO: [ route_check ] --START--
INFO: CheckRoute Behavior ::run [ RunTime:0.000792s ]
INFO: [ route_check ] --END-- [ RunTime:0.000892s ]
INFO: [ app_begin ] --START--
INFO: ReadHtmlCache Behavior ::run [ RunTime:0.000438s ]
INFO: [ app_begin ] --END-- [ RunTime:0.000507s ]
SQL: SHOW COLUMNS FROM `ccshop_goods` [ RunTime:0.009341s ]
SQL: SHOW COLUMNS FROM `ccshop_detail` [ RunTime:0.001818s ]
SQL: SHOW COLUMNS FROM `ccshop_brand` [ RunTime:0.001307s ]
SQL: SELECT goods.gid AS gid,goods.gname AS gname,goods.unit AS unit,goods.marketprice AS marketprice,goods.shopprice AS shopprice,goods.click AS click,goods.time AS time,detail.small AS small,detail.medium AS medium,detail.big AS big,detail.intro AS intro,detail.service AS service,brand.logo AS logo FROM ccshop_goods goods LEFT JOIN ccshop_detail detail ON goods.gid = detail.gid LEFT JOIN ccshop_brand brand ON goods.bid = brand.bid WHERE ( goods.gid = 10 ) LIMIT 1   [ RunTime:0.000246s ]
ERR: 1054:Unknown column 'detail.small' in 'field list'
 [ SQL语句 ] : SELECT goods.gid AS gid,goods.gname AS gname,goods.unit AS unit,goods.marketprice AS marketprice,goods.shopprice AS shopprice,goods.click AS click,goods.time AS time,detail.small AS small,detail.medium AS medium,detail.big AS big,detail.intro AS intro,detail.service AS service,brand.logo AS logo FROM ccshop_goods goods LEFT JOIN ccshop_detail detail ON goods.gid = detail.gid LEFT JOIN ccshop_brand brand ON goods.bid = brand.bid WHERE ( goods.gid = 10 ) LIMIT 1  
NOTIC: [8] Undefined index: medium /www/cc-/App/Modules/Index/Action/ShowAction.class.php 第 31 行.
NOTIC: [8] Undefined index: big /www/cc-/App/Modules/Index/Action/ShowAction.class.php 第 32 行.
SQL: SHOW COLUMNS FROM `ccshop_goods_attr` [ RunTime:0.001400s ]
SQL: SELECT `gtid`,`gtvalue`,`added`,`taid` FROM `ccshop_goods_attr` WHERE ( `gid` = 10 )  [ RunTime:0.000265s ]
SQL: SHOW COLUMNS FROM `ccshop_type_attr` [ RunTime:0.001479s ]
SQL: SELECT `taname`,`class` FROM `ccshop_type_attr` WHERE ( `taid` = 1 ) LIMIT 1   [ RunTime:0.000457s ]
SQL: SELECT `taname`,`class` FROM `ccshop_type_attr` WHERE ( `taid` = 2 ) LIMIT 1   [ RunTime:0.000211s ]
SQL: SELECT `taname`,`class` FROM `ccshop_type_attr` WHERE ( `taid` = 3 ) LIMIT 1   [ RunTime:0.000201s ]
SQL: SELECT `taname`,`class` FROM `ccshop_type_attr` WHERE ( `taid` = 4 ) LIMIT 1   [ RunTime:0.000184s ]
SQL: SELECT `taname`,`class` FROM `ccshop_type_attr` WHERE ( `taid` = 5 ) LIMIT 1   [ RunTime:0.000250s ]
SQL: SELECT `taname`,`class` FROM `ccshop_type_attr` WHERE ( `taid` = 6 ) LIMIT 1   [ RunTime:0.000234s ]
SQL: SELECT `taname`,`class` FROM `ccshop_type_attr` WHERE ( `taid` = 7 ) LIMIT 1   [ RunTime:0.000164s ]
SQL: SELECT `taname`,`class` FROM `ccshop_type_attr` WHERE ( `taid` = 8 ) LIMIT 1   [ RunTime:0.000153s ]
SQL: SELECT `taname`,`class` FROM `ccshop_type_attr` WHERE ( `taid` = 9 ) LIMIT 1   [ RunTime:0.000185s ]
SQL: SELECT `taname`,`class` FROM `ccshop_type_attr` WHERE ( `taid` = 10 ) LIMIT 1   [ RunTime:0.000175s ]
SQL: SELECT `taname`,`class` FROM `ccshop_type_attr` WHERE ( `taid` = 11 ) LIMIT 1   [ RunTime:0.000217s ]
SQL: SELECT `taname`,`class` FROM `ccshop_type_attr` WHERE ( `taid` = 12 ) LIMIT 1   [ RunTime:0.000179s ]
SQL: SELECT `taname`,`class` FROM `ccshop_type_attr` WHERE ( `taid` = 13 ) LIMIT 1   [ RunTime:0.000179s ]
SQL: SHOW COLUMNS FROM `ccshop_goods_list` [ RunTime:0.001161s ]
SQL: SELECT `inventory` FROM `ccshop_goods_list` WHERE ( `gid` = 10 )  [ RunTime:0.000245s ]
SQL: SHOW COLUMNS FROM `ccshop_remark` [ RunTime:0.001892s ]
SQL: SELECT COUNT(*) AS tp_count FROM `ccshop_remark` WHERE ( `gid` = 10 ) LIMIT 1   [ RunTime:0.000269s ]
SQL: SELECT `content`,`uname`,`time` FROM `ccshop_remark` WHERE ( `gid` = 10 ) ORDER BY time DESC LIMIT 0,5   [ RunTime:0.000254s ]
SQL: SELECT `cid` FROM `ccshop_goods` WHERE ( `gid` = 10 ) LIMIT 1   [ RunTime:0.000232s ]
SQL: SHOW COLUMNS FROM `ccshop_category` [ RunTime:0.001145s ]
SQL: SELECT `pid`,`cname`,`cid` FROM `ccshop_category` WHERE ( `cid` = 13 )  [ RunTime:0.000215s ]
SQL: SELECT `pid`,`cname`,`cid` FROM `ccshop_category` WHERE ( `cid` = 4 )  [ RunTime:0.000244s ]
SQL: SELECT `pid`,`cname`,`cid` FROM `ccshop_category` WHERE ( `cid` = 1 )  [ RunTime:0.000212s ]
SQL: SELECT `gid`,`gname`,`pic`,`click`,`shopprice` FROM `ccshop_goods` WHERE ( `cid` = 13 ) ORDER BY rand() LIMIT 10   [ RunTime:0.000371s ]
INFO: [ view_parse ] --START--
NOTIC: [8] Undefined index: shopprice /www/cc-/App/Runtime/Cache/Index/9bbf32912e20c4cc3024eb9794364a85.php 第 17 行.
NOTIC: [8] Undefined index: gname /www/cc-/App/Runtime/Cache/Index/9bbf32912e20c4cc3024eb9794364a85.php 第 92 行.
NOTIC: [8] Undefined index: gname /www/cc-/App/Runtime/Cache/Index/9bbf32912e20c4cc3024eb9794364a85.php 第 127 行.
NOTIC: [8] Undefined index: logo /www/cc-/App/Runtime/Cache/Index/9bbf32912e20c4cc3024eb9794364a85.php 第 130 行.
NOTIC: [8] Undefined index: marketprice /www/cc-/App/Runtime/Cache/Index/9bbf32912e20c4cc3024eb9794364a85.php 第 136 行.
NOTIC: [8] Undefined index: shopprice /www/cc-/App/Runtime/Cache/Index/9bbf32912e20c4cc3024eb9794364a85.php 第 139 行.
NOTIC: [8] Undefined index: intro /www/cc-/App/Runtime/Cache/Index/9bbf32912e20c4cc3024eb9794364a85.php 第 250 行.
NOTIC: [8] Undefined index: service /www/cc-/App/Runtime/Cache/Index/9bbf32912e20c4cc3024eb9794364a85.php 第 256 行.
INFO: ParseTemplate Behavior ::run [ RunTime:0.029703s ]
INFO: [ view_parse ] --END-- [ RunTime:0.029777s ]
INFO: [ view_filter ] --START--
INFO: ContentReplace Behavior ::run [ RunTime:0.000343s ]
INFO: TokenBuild Behavior ::run [ RunTime:0.000288s ]
INFO: WriteHtmlCache Behavior ::run [ RunTime:0.000176s ]
INFO: ShowRuntime Behavior ::run [ RunTime:0.000349s ]
INFO: [ view_filter ] --END-- [ RunTime:0.001329s ]
INFO: [ view_end ] --START--
INFO: ShowPageTrace Behavior ::run [ RunTime:0.000565s ]
INFO: [ view_end ] --END-- [ RunTime:0.000640s ]

[ 2015-08-28T09:43:35+08:00 ] 0.0.0.0 /cc-/Show/verify.html
INFO: [ route_check ] --START--
INFO: CheckRoute Behavior ::run [ RunTime:0.000787s ]
INFO: [ route_check ] --END-- [ RunTime:0.000889s ]
INFO: [ app_begin ] --START--
INFO: ReadHtmlCache Behavior ::run [ RunTime:0.000474s ]
INFO: [ app_begin ] --END-- [ RunTime:0.000547s ]

[ 2015-08-28T09:43:40+08:00 ] 0.0.0.0 /cc-/Show/index/gid/6.html
INFO: [ route_check ] --START--
INFO: CheckRoute Behavior ::run [ RunTime:0.000658s ]
INFO: [ route_check ] --END-- [ RunTime:0.000751s ]
INFO: [ app_begin ] --START--
INFO: ReadHtmlCache Behavior ::run [ RunTime:0.000397s ]
INFO: [ app_begin ] --END-- [ RunTime:0.000461s ]
SQL: SHOW COLUMNS FROM `ccshop_goods` [ RunTime:0.009133s ]
SQL: SHOW COLUMNS FROM `ccshop_detail` [ RunTime:0.001704s ]
SQL: SHOW COLUMNS FROM `ccshop_brand` [ RunTime:0.001377s ]
SQL: SELECT goods.gid AS gid,goods.gname AS gname,goods.unit AS unit,goods.marketprice AS marketprice,goods.shopprice AS shopprice,goods.click AS click,goods.time AS time,detail.small AS small,detail.medium AS medium,detail.big AS big,detail.intro AS intro,detail.service AS service,brand.logo AS logo FROM ccshop_goods goods LEFT JOIN ccshop_detail detail ON goods.gid = detail.gid LEFT JOIN ccshop_brand brand ON goods.bid = brand.bid WHERE ( goods.gid = 6 ) LIMIT 1   [ RunTime:0.000275s ]
ERR: 1054:Unknown column 'detail.small' in 'field list'
 [ SQL语句 ] : SELECT goods.gid AS gid,goods.gname AS gname,goods.unit AS unit,goods.marketprice AS marketprice,goods.shopprice AS shopprice,goods.click AS click,goods.time AS time,detail.small AS small,detail.medium AS medium,detail.big AS big,detail.intro AS intro,detail.service AS service,brand.logo AS logo FROM ccshop_goods goods LEFT JOIN ccshop_detail detail ON goods.gid = detail.gid LEFT JOIN ccshop_brand brand ON goods.bid = brand.bid WHERE ( goods.gid = 6 ) LIMIT 1  
NOTIC: [8] Undefined index: medium /www/cc-/App/Modules/Index/Action/ShowAction.class.php 第 31 行.
NOTIC: [8] Undefined index: big /www/cc-/App/Modules/Index/Action/ShowAction.class.php 第 32 行.
SQL: SHOW COLUMNS FROM `ccshop_goods_attr` [ RunTime:0.001348s ]
SQL: SELECT `gtid`,`gtvalue`,`added`,`taid` FROM `ccshop_goods_attr` WHERE ( `gid` = 6 )  [ RunTime:0.000282s ]
SQL: SHOW COLUMNS FROM `ccshop_type_attr` [ RunTime:0.001092s ]
SQL: SELECT `taname`,`class` FROM `ccshop_type_attr` WHERE ( `taid` = 1 ) LIMIT 1   [ RunTime:0.000233s ]
SQL: SELECT `taname`,`class` FROM `ccshop_type_attr` WHERE ( `taid` = 2 ) LIMIT 1   [ RunTime:0.000290s ]
SQL: SELECT `taname`,`class` FROM `ccshop_type_attr` WHERE ( `taid` = 3 ) LIMIT 1   [ RunTime:0.000201s ]
SQL: SELECT `taname`,`class` FROM `ccshop_type_attr` WHERE ( `taid` = 4 ) LIMIT 1   [ RunTime:0.000248s ]
SQL: SELECT `taname`,`class` FROM `ccshop_type_attr` WHERE ( `taid` = 5 ) LIMIT 1   [ RunTime:0.000223s ]
SQL: SELECT `taname`,`class` FROM `ccshop_type_attr` WHERE ( `taid` = 6 ) LIMIT 1   [ RunTime:0.000408s ]
SQL: SELECT `taname`,`class` FROM `ccshop_type_attr` WHERE ( `taid` = 7 ) LIMIT 1   [ RunTime:0.000277s ]
SQL: SELECT `taname`,`class` FROM `ccshop_type_attr` WHERE ( `taid` = 8 ) LIMIT 1   [ RunTime:0.000225s ]
SQL: SELECT `taname`,`class` FROM `ccshop_type_attr` WHERE ( `taid` = 9 ) LIMIT 1   [ RunTime:0.000211s ]
SQL: SELECT `taname`,`class` FROM `ccshop_type_attr` WHERE ( `taid` = 10 ) LIMIT 1   [ RunTime:0.000208s ]
SQL: SELECT `taname`,`class` FROM `ccshop_type_attr` WHERE ( `taid` = 11 ) LIMIT 1   [ RunTime:0.000215s ]
SQL: SELECT `taname`,`class` FROM `ccshop_type_attr` WHERE ( `taid` = 12 ) LIMIT 1   [ RunTime:0.000604s ]
SQL: SELECT `taname`,`class` FROM `ccshop_type_attr` WHERE ( `taid` = 13 ) LIMIT 1   [ RunTime:0.000285s ]
SQL: SHOW COLUMNS FROM `ccshop_goods_list` [ RunTime:0.000996s ]
SQL: SELECT `inventory` FROM `ccshop_goods_list` WHERE ( `gid` = 6 )  [ RunTime:0.000272s ]
SQL: SHOW COLUMNS FROM `ccshop_remark` [ RunTime:0.000970s ]
SQL: SELECT COUNT(*) AS tp_count FROM `ccshop_remark` WHERE ( `gid` = 6 ) LIMIT 1   [ RunTime:0.000249s ]
SQL: SELECT `content`,`uname`,`time` FROM `ccshop_remark` WHERE ( `gid` = 6 ) ORDER BY time DESC LIMIT 0,5   [ RunTime:0.000261s ]
SQL: SELECT `cid` FROM `ccshop_goods` WHERE ( `gid` = 6 ) LIMIT 1   [ RunTime:0.000212s ]
SQL: SHOW COLUMNS FROM `ccshop_category` [ RunTime:0.001110s ]
SQL: SELECT `pid`,`cname`,`cid` FROM `ccshop_category` WHERE ( `cid` = 13 )  [ RunTime:0.000220s ]
SQL: SELECT `pid`,`cname`,`cid` FROM `ccshop_category` WHERE ( `cid` = 4 )  [ RunTime:0.000188s ]
SQL: SELECT `pid`,`cname`,`cid` FROM `ccshop_category` WHERE ( `cid` = 1 )  [ RunTime:0.000218s ]
SQL: SELECT `gid`,`gname`,`pic`,`click`,`shopprice` FROM `ccshop_goods` WHERE ( `cid` = 13 ) ORDER BY rand() LIMIT 10   [ RunTime:0.000324s ]
INFO: [ view_parse ] --START--
NOTIC: [8] Undefined index: shopprice /www/cc-/App/Runtime/Cache/Index/9bbf32912e20c4cc3024eb9794364a85.php 第 17 行.
NOTIC: [8] Undefined index: gname /www/cc-/App/Runtime/Cache/Index/9bbf32912e20c4cc3024eb9794364a85.php 第 92 行.
NOTIC: [8] Undefined index: gname /www/cc-/App/Runtime/Cache/Index/9bbf32912e20c4cc3024eb9794364a85.php 第 127 行.
NOTIC: [8] Undefined index: logo /www/cc-/App/Runtime/Cache/Index/9bbf32912e20c4cc3024eb9794364a85.php 第 130 行.
NOTIC: [8] Undefined index: marketprice /www/cc-/App/Runtime/Cache/Index/9bbf32912e20c4cc3024eb9794364a85.php 第 136 行.
NOTIC: [8] Undefined index: shopprice /www/cc-/App/Runtime/Cache/Index/9bbf32912e20c4cc3024eb9794364a85.php 第 139 行.
NOTIC: [8] Undefined index: intro /www/cc-/App/Runtime/Cache/Index/9bbf32912e20c4cc3024eb9794364a85.php 第 250 行.
NOTIC: [8] Undefined index: service /www/cc-/App/Runtime/Cache/Index/9bbf32912e20c4cc3024eb9794364a85.php 第 256 行.
INFO: ParseTemplate Behavior ::run [ RunTime:0.028889s ]
INFO: [ view_parse ] --END-- [ RunTime:0.028973s ]
INFO: [ view_filter ] --START--
INFO: ContentReplace Behavior ::run [ RunTime:0.000375s ]
INFO: TokenBuild Behavior ::run [ RunTime:0.000311s ]
INFO: WriteHtmlCache Behavior ::run [ RunTime:0.000162s ]
INFO: ShowRuntime Behavior ::run [ RunTime:0.000354s ]
INFO: [ view_filter ] --END-- [ RunTime:0.001373s ]
INFO: [ view_end ] --START--
INFO: ShowPageTrace Behavior ::run [ RunTime:0.000597s ]
INFO: [ view_end ] --END-- [ RunTime:0.000680s ]

[ 2015-08-28T09:43:40+08:00 ] 0.0.0.0 /cc-/Show/verify.html
INFO: [ route_check ] --START--
INFO: CheckRoute Behavior ::run [ RunTime:0.000639s ]
INFO: [ route_check ] --END-- [ RunTime:0.000724s ]
INFO: [ app_begin ] --START--
INFO: ReadHtmlCache Behavior ::run [ RunTime:0.000437s ]
INFO: [ app_begin ] --END-- [ RunTime:0.000510s ]

[ 2015-08-28T09:43:48+08:00 ] 0.0.0.0 /cc-/12.html
INFO: [ route_check ] --START--
INFO: CheckRoute Behavior ::run [ RunTime:0.000804s ]
INFO: [ route_check ] --END-- [ RunTime:0.000961s ]
INFO: [ app_begin ] --START--
INFO: ReadHtmlCache Behavior ::run [ RunTime:0.000409s ]
INFO: [ app_begin ] --END-- [ RunTime:0.000488s ]
SQL: SHOW COLUMNS FROM `ccshop_goods` [ RunTime:0.001435s ]
SQL: SHOW COLUMNS FROM `ccshop_detail` [ RunTime:0.001191s ]
SQL: SHOW COLUMNS FROM `ccshop_brand` [ RunTime:0.001175s ]
SQL: SELECT goods.gid AS gid,goods.gname AS gname,goods.unit AS unit,goods.marketprice AS marketprice,goods.shopprice AS shopprice,goods.click AS click,goods.time AS time,detail.small AS small,detail.medium AS medium,detail.big AS big,detail.intro AS intro,detail.service AS service,brand.logo AS logo FROM ccshop_goods goods LEFT JOIN ccshop_detail detail ON goods.gid = detail.gid LEFT JOIN ccshop_brand brand ON goods.bid = brand.bid WHERE ( goods.gid = 12 ) LIMIT 1   [ RunTime:0.000236s ]
ERR: 1054:Unknown column 'detail.small' in 'field list'
 [ SQL语句 ] : SELECT goods.gid AS gid,goods.gname AS gname,goods.unit AS unit,goods.marketprice AS marketprice,goods.shopprice AS shopprice,goods.click AS click,goods.time AS time,detail.small AS small,detail.medium AS medium,detail.big AS big,detail.intro AS intro,detail.service AS service,brand.logo AS logo FROM ccshop_goods goods LEFT JOIN ccshop_detail detail ON goods.gid = detail.gid LEFT JOIN ccshop_brand brand ON goods.bid = brand.bid WHERE ( goods.gid = 12 ) LIMIT 1  
NOTIC: [8] Undefined index: medium /www/cc-/App/Modules/Index/Action/ShowAction.class.php 第 31 行.
NOTIC: [8] Undefined index: big /www/cc-/App/Modules/Index/Action/ShowAction.class.php 第 32 行.
SQL: SHOW COLUMNS FROM `ccshop_goods_attr` [ RunTime:0.001317s ]
SQL: SELECT `gtid`,`gtvalue`,`added`,`taid` FROM `ccshop_goods_attr` WHERE ( `gid` = 12 )  [ RunTime:0.000275s ]
SQL: SHOW COLUMNS FROM `ccshop_type_attr` [ RunTime:0.000895s ]
SQL: SELECT `taname`,`class` FROM `ccshop_type_attr` WHERE ( `taid` = 1 ) LIMIT 1   [ RunTime:0.000241s ]
SQL: SELECT `taname`,`class` FROM `ccshop_type_attr` WHERE ( `taid` = 2 ) LIMIT 1   [ RunTime:0.000219s ]
SQL: SELECT `taname`,`class` FROM `ccshop_type_attr` WHERE ( `taid` = 3 ) LIMIT 1   [ RunTime:0.000253s ]
SQL: SELECT `taname`,`class` FROM `ccshop_type_attr` WHERE ( `taid` = 4 ) LIMIT 1   [ RunTime:0.000275s ]
SQL: SELECT `taname`,`class` FROM `ccshop_type_attr` WHERE ( `taid` = 5 ) LIMIT 1   [ RunTime:0.000964s ]
SQL: SELECT `taname`,`class` FROM `ccshop_type_attr` WHERE ( `taid` = 6 ) LIMIT 1   [ RunTime:0.000349s ]
SQL: SELECT `taname`,`class` FROM `ccshop_type_attr` WHERE ( `taid` = 7 ) LIMIT 1   [ RunTime:0.000230s ]
SQL: SELECT `taname`,`class` FROM `ccshop_type_attr` WHERE ( `taid` = 8 ) LIMIT 1   [ RunTime:0.000209s ]
SQL: SELECT `taname`,`class` FROM `ccshop_type_attr` WHERE ( `taid` = 9 ) LIMIT 1   [ RunTime:0.000188s ]
SQL: SELECT `taname`,`class` FROM `ccshop_type_attr` WHERE ( `taid` = 10 ) LIMIT 1   [ RunTime:0.000210s ]
SQL: SELECT `taname`,`class` FROM `ccshop_type_attr` WHERE ( `taid` = 11 ) LIMIT 1   [ RunTime:0.000206s ]
SQL: SELECT `taname`,`class` FROM `ccshop_type_attr` WHERE ( `taid` = 12 ) LIMIT 1   [ RunTime:0.000206s ]
SQL: SELECT `taname`,`class` FROM `ccshop_type_attr` WHERE ( `taid` = 13 ) LIMIT 1   [ RunTime:0.000203s ]
SQL: SHOW COLUMNS FROM `ccshop_goods_list` [ RunTime:0.001029s ]
SQL: SELECT `inventory` FROM `ccshop_goods_list` WHERE ( `gid` = 12 )  [ RunTime:0.000240s ]
SQL: SHOW COLUMNS FROM `ccshop_remark` [ RunTime:0.001227s ]
SQL: SELECT COUNT(*) AS tp_count FROM `ccshop_remark` WHERE ( `gid` = 12 ) LIMIT 1   [ RunTime:0.000255s ]
SQL: SELECT `content`,`uname`,`time` FROM `ccshop_remark` WHERE ( `gid` = 12 ) ORDER BY time DESC LIMIT 0,5   [ RunTime:0.000284s ]
SQL: SELECT `cid` FROM `ccshop_goods` WHERE ( `gid` = 12 ) LIMIT 1   [ RunTime:0.000210s ]
SQL: SHOW COLUMNS FROM `ccshop_category` [ RunTime:0.000988s ]
SQL: SELECT `pid`,`cname`,`cid` FROM `ccshop_category` WHERE ( `cid` = 13 )  [ RunTime:0.000214s ]
SQL: SELECT `pid`,`cname`,`cid` FROM `ccshop_category` WHERE ( `cid` = 4 )  [ RunTime:0.000213s ]
SQL: SELECT `pid`,`cname`,`cid` FROM `ccshop_category` WHERE ( `cid` = 1 )  [ RunTime:0.000182s ]
SQL: SELECT `gid`,`gname`,`pic`,`click`,`shopprice` FROM `ccshop_goods` WHERE ( `cid` = 13 ) ORDER BY rand() LIMIT 10   [ RunTime:0.000338s ]
INFO: [ view_parse ] --START--
NOTIC: [8] Undefined index: shopprice /www/cc-/App/Runtime/Cache/Index/9bbf32912e20c4cc3024eb9794364a85.php 第 17 行.
NOTIC: [8] Undefined index: gname /www/cc-/App/Runtime/Cache/Index/9bbf32912e20c4cc3024eb9794364a85.php 第 92 行.
NOTIC: [8] Undefined index: gname /www/cc-/App/Runtime/Cache/Index/9bbf32912e20c4cc3024eb9794364a85.php 第 127 行.
NOTIC: [8] Undefined index: logo /www/cc-/App/Runtime/Cache/Index/9bbf32912e20c4cc3024eb9794364a85.php 第 130 行.
NOTIC: [8] Undefined index: marketprice /www/cc-/App/Runtime/Cache/Index/9bbf32912e20c4cc3024eb9794364a85.php 第 136 行.
NOTIC: [8] Undefined index: shopprice /www/cc-/App/Runtime/Cache/Index/9bbf32912e20c4cc3024eb9794364a85.php 第 139 行.
NOTIC: [8] Undefined index: intro /www/cc-/App/Runtime/Cache/Index/9bbf32912e20c4cc3024eb9794364a85.php 第 250 行.
NOTIC: [8] Undefined index: service /www/cc-/App/Runtime/Cache/Index/9bbf32912e20c4cc3024eb9794364a85.php 第 256 行.
INFO: ParseTemplate Behavior ::run [ RunTime:0.029175s ]
INFO: [ view_parse ] --END-- [ RunTime:0.029252s ]
INFO: [ view_filter ] --START--
INFO: ContentReplace Behavior ::run [ RunTime:0.000320s ]
INFO: TokenBuild Behavior ::run [ RunTime:0.000377s ]
INFO: WriteHtmlCache Behavior ::run [ RunTime:0.000177s ]
INFO: ShowRuntime Behavior ::run [ RunTime:0.000373s ]
INFO: [ view_filter ] --END-- [ RunTime:0.001408s ]
INFO: [ view_end ] --START--
INFO: ShowPageTrace Behavior ::run [ RunTime:0.000632s ]
INFO: [ view_end ] --END-- [ RunTime:0.000722s ]

[ 2015-08-28T09:43:48+08:00 ] 0.0.0.0 /cc-/Show/verify.html
INFO: [ route_check ] --START--
INFO: CheckRoute Behavior ::run [ RunTime:0.000661s ]
INFO: [ route_check ] --END-- [ RunTime:0.000750s ]
INFO: [ app_begin ] --START--
INFO: ReadHtmlCache Behavior ::run [ RunTime:0.000407s ]
INFO: [ app_begin ] --END-- [ RunTime:0.000473s ]

[ 2015-08-28T09:44:11+08:00 ] 0.0.0.0 /cc-/
INFO: [ app_begin ] --START--
INFO: ReadHtmlCache Behavior ::run [ RunTime:0.000446s ]
INFO: [ app_begin ] --END-- [ RunTime:0.000530s ]
SQL: SHOW COLUMNS FROM `ccshop_goods` [ RunTime:0.008608s ]
SQL: SELECT `gid`,`gname`,`pic`,`click`,`shopprice` FROM `ccshop_goods` WHERE ( `cid` = 13 ) ORDER BY rand() LIMIT 10   [ RunTime:0.000362s ]
SQL: SELECT `gid`,`gname`,`pic`,`click`,`shopprice` FROM `ccshop_goods` WHERE ( `cid` = 13 ) ORDER BY rand() LIMIT 10   [ RunTime:0.000313s ]
SQL: SELECT `gid`,`gname`,`pic`,`click`,`shopprice` FROM `ccshop_goods` WHERE ( `cid` = 13 ) ORDER BY rand() LIMIT 10   [ RunTime:0.000347s ]
SQL: SHOW COLUMNS FROM `ccshop_category` [ RunTime:0.001215s ]
SQL: SELECT `cid`,`cname` FROM `ccshop_category` WHERE ( `pid` = 4 )  [ RunTime:0.000243s ]
INFO: [ view_parse ] --START--
INFO: ParseTemplate Behavior ::run [ RunTime:0.095657s ]
INFO: [ view_parse ] --END-- [ RunTime:0.095749s ]
INFO: [ view_filter ] --START--
INFO: ContentReplace Behavior ::run [ RunTime:0.000921s ]
INFO: TokenBuild Behavior ::run [ RunTime:0.000340s ]
INFO: WriteHtmlCache Behavior ::run [ RunTime:0.000176s ]
INFO: ShowRuntime Behavior ::run [ RunTime:0.000405s ]
INFO: [ view_filter ] --END-- [ RunTime:0.002021s ]
INFO: [ view_end ] --START--
INFO: ShowPageTrace Behavior ::run [ RunTime:0.000676s ]
INFO: [ view_end ] --END-- [ RunTime:0.000775s ]

[ 2015-08-28T09:44:17+08:00 ] 0.0.0.0 /cc-/c/18_0.html
INFO: [ route_check ] --START--
INFO: CheckRoute Behavior ::run [ RunTime:0.000708s ]
INFO: [ route_check ] --END-- [ RunTime:0.000789s ]
INFO: [ app_begin ] --START--
INFO: ReadHtmlCache Behavior ::run [ RunTime:0.000390s ]
INFO: [ app_begin ] --END-- [ RunTime:0.000451s ]
SQL: SHOW COLUMNS FROM `ccshop_category` [ RunTime:0.001132s ]
SQL: SELECT `cid`,`pid` FROM `ccshop_category`  [ RunTime:0.000229s ]
SQL: SHOW COLUMNS FROM `ccshop_goods` [ RunTime:0.001324s ]
SQL: SELECT `gid` FROM `ccshop_goods` WHERE ( `cid` IN (18) )  [ RunTime:0.000245s ]
NOTIC: [2] unlink(./App/Runtime/Temp/e9964dc4f75db462a6f86a20c6232199.php): No such file or directory /www/cc-/ThinkPHP/Lib/Driver/Cache/CacheFile.class.php 第 160 行.
SQL: SHOW COLUMNS FROM `ccshop_goods_attr` [ RunTime:0.001816s ]
NOTIC: [2] implode(): Invalid arguments passed /www/cc-/ThinkPHP/Lib/Core/Db.class.php 第 497 行.
SQL: SELECT `gtid`,`gtvalue`,`taid` FROM `ccshop_goods_attr` WHERE ( `gid` IN () ) GROUP BY gtvalue  [ RunTime:0.000393s ]
ERR: 1064:You have an error in your SQL syntax; check the manual that corresponds to your MySQL server version for the right syntax to use near ') ) GROUP BY gtvalue' at line 1
 [ SQL语句 ] : SELECT `gtid`,`gtvalue`,`taid` FROM `ccshop_goods_attr` WHERE ( `gid` IN () ) GROUP BY gtvalue 
NOTIC: [2] Invalid argument supplied for foreach() /www/cc-/App/Modules/Index/Action/ListAction.class.php 第 160 行.
NOTIC: [2] array_fill(): Number of elements must be positive /www/cc-/App/Modules/Index/Action/ListAction.class.php 第 50 行.
NOTIC: [2] Invalid argument supplied for foreach() /www/cc-/App/Modules/Index/Action/ListAction.class.php 第 57 行.
NOTIC: [2] implode(): Invalid arguments passed /www/cc-/App/Modules/Index/Action/ListAction.class.php 第 67 行.
SQL: SELECT COUNT(*) AS tp_count FROM `ccshop_goods` WHERE ( `gid` IN() ) LIMIT 1   [ RunTime:0.000182s ]
ERR: 1064:You have an error in your SQL syntax; check the manual that corresponds to your MySQL server version for the right syntax to use near ') ) LIMIT 1' at line 1
 [ SQL语句 ] : SELECT COUNT(*) AS tp_count FROM `ccshop_goods` WHERE ( `gid` IN() ) LIMIT 1  
SQL: SELECT `gid`,`gname`,`marketprice`,`shopprice`,`pic` FROM `ccshop_goods` WHERE ( `gid` IN() ) ORDER BY time DESC LIMIT 0,8   [ RunTime:0.000219s ]
ERR: 1064:You have an error in your SQL syntax; check the manual that corresponds to your MySQL server version for the right syntax to use near ') ) ORDER BY time DESC LIMIT 0,8' at line 1
 [ SQL语句 ] : SELECT `gid`,`gname`,`marketprice`,`shopprice`,`pic` FROM `ccshop_goods` WHERE ( `gid` IN() ) ORDER BY time DESC LIMIT 0,8  
NOTIC: [2] implode(): Invalid arguments passed /www/cc-/App/Modules/Index/Action/ListAction.class.php 第 92 行.
SQL: SELECT `gid`,`gname`,`pic`,`click`,`shopprice` FROM `ccshop_goods` WHERE ( `cid` = 13 ) ORDER BY rand() LIMIT 4   [ RunTime:0.000380s ]
SQL: SELECT `gid`,`gname`,`pic`,`click`,`shopprice` FROM `ccshop_goods` WHERE ( `cid` = 13 ) ORDER BY rand() LIMIT 5   [ RunTime:0.000325s ]
SQL: SELECT `cid`,`cname` FROM `ccshop_category` WHERE ( `pid` = 4 )  [ RunTime:0.000253s ]
SQL: SELECT `cname` FROM `ccshop_category` WHERE ( `cid` = 18 ) LIMIT 1   [ RunTime:0.000199s ]
SQL: SELECT `pid`,`cname`,`cid` FROM `ccshop_category` WHERE ( `cid` = 18 )  [ RunTime:0.000202s ]
SQL: SELECT `pid`,`cname`,`cid` FROM `ccshop_category` WHERE ( `cid` = 4 )  [ RunTime:0.000168s ]
SQL: SELECT `pid`,`cname`,`cid` FROM `ccshop_category` WHERE ( `cid` = 1 )  [ RunTime:0.000178s ]
INFO: [ view_parse ] --START--
INFO: ParseTemplate Behavior ::run [ RunTime:0.030959s ]
INFO: [ view_parse ] --END-- [ RunTime:0.031044s ]
INFO: [ view_filter ] --START--
INFO: ContentReplace Behavior ::run [ RunTime:0.000339s ]
INFO: TokenBuild Behavior ::run [ RunTime:0.000280s ]
INFO: WriteHtmlCache Behavior ::run [ RunTime:0.000156s ]
INFO: ShowRuntime Behavior ::run [ RunTime:0.000361s ]
INFO: [ view_filter ] --END-- [ RunTime:0.001297s ]
INFO: [ view_end ] --START--
INFO: ShowPageTrace Behavior ::run [ RunTime:0.000605s ]
INFO: [ view_end ] --END-- [ RunTime:0.000693s ]

