[ 2015-08-25T08:33:53+08:00 ] 0.0.0.0 /c51/project/cc-/
INFO: [ app_begin ] --START--
INFO: ReadHtmlCache Behavior ::run [ RunTime:0.001204s ]
INFO: [ app_begin ] --END-- [ RunTime:0.001438s ]
SQL: SHOW COLUMNS FROM `ccshop_goods` [ RunTime:0.004715s ]
SQL: SELECT `gid`,`gname`,`pic`,`click`,`shopprice` FROM `ccshop_goods` WHERE ( `cid` = 13 ) ORDER BY rand() LIMIT 10   [ RunTime:0.004403s ]
SQL: SELECT `gid`,`gname`,`pic`,`click`,`shopprice` FROM `ccshop_goods` WHERE ( `cid` = 13 ) ORDER BY rand() LIMIT 10   [ RunTime:0.000470s ]
SQL: SELECT `gid`,`gname`,`pic`,`click`,`shopprice` FROM `ccshop_goods` WHERE ( `cid` = 13 ) ORDER BY rand() LIMIT 10   [ RunTime:0.000403s ]
SQL: SHOW COLUMNS FROM `ccshop_category` [ RunTime:0.002750s ]
SQL: SELECT `cid`,`cname` FROM `ccshop_category` WHERE ( `pid` = 4 )  [ RunTime:0.000945s ]
INFO: [ view_parse ] --START--
INFO: ParseTemplate Behavior ::run [ RunTime:0.110316s ]
INFO: [ view_parse ] --END-- [ RunTime:0.110417s ]
INFO: [ view_filter ] --START--
INFO: ContentReplace Behavior ::run [ RunTime:0.001906s ]
INFO: TokenBuild Behavior ::run [ RunTime:0.000937s ]
INFO: WriteHtmlCache Behavior ::run [ RunTime:0.000966s ]
INFO: ShowRuntime Behavior ::run [ RunTime:0.001127s ]
INFO: [ view_filter ] --END-- [ RunTime:0.005229s ]
INFO: [ view_end ] --START--
INFO: ShowPageTrace Behavior ::run [ RunTime:0.001343s ]
INFO: [ view_end ] --END-- [ RunTime:0.001440s ]

[ 2015-08-25T08:33:56+08:00 ] 0.0.0.0 /c51/project/cc-/admin
INFO: [ route_check ] --START--
INFO: CheckRoute Behavior ::run [ RunTime:0.001142s ]
INFO: [ route_check ] --END-- [ RunTime:0.001233s ]
INFO: [ app_begin ] --START--
INFO: ReadHtmlCache Behavior ::run [ RunTime:0.000481s ]
INFO: [ app_begin ] --END-- [ RunTime:0.000560s ]
INFO: [ view_parse ] --START--
NOTIC: [8] Undefined index: welcome /www/c51/project/cc-/App/Runtime/Cache/admin/3337b40a3a45144ee3de62bbd03526a6.php 第 14 行.
INFO: ParseTemplate Behavior ::run [ RunTime:0.013934s ]
INFO: [ view_parse ] --END-- [ RunTime:0.014031s ]
INFO: [ view_filter ] --START--
INFO: ContentReplace Behavior ::run [ RunTime:0.000379s ]
INFO: TokenBuild Behavior ::run [ RunTime:0.000309s ]
INFO: WriteHtmlCache Behavior ::run [ RunTime:0.000151s ]
INFO: ShowRuntime Behavior ::run [ RunTime:0.000314s ]
INFO: [ view_filter ] --END-- [ RunTime:0.001320s ]
INFO: [ view_end ] --START--
INFO: ShowPageTrace Behavior ::run [ RunTime:0.000457s ]
INFO: [ view_end ] --END-- [ RunTime:0.000512s ]

[ 2015-08-25T08:33:56+08:00 ] 0.0.0.0 /c51/project/cc-/admin/Index/info.html
INFO: [ route_check ] --START--
INFO: CheckRoute Behavior ::run [ RunTime:0.001037s ]
INFO: [ route_check ] --END-- [ RunTime:0.001155s ]
INFO: [ app_begin ] --START--
INFO: ReadHtmlCache Behavior ::run [ RunTime:0.002210s ]
INFO: [ app_begin ] --END-- [ RunTime:0.002688s ]
NOTIC: [2] mysql_get_server_info(): Can't connect to local MySQL server through socket '/Applications/MAMP/tmp/mysql/mysql.sock' (2) /www/c51/project/cc-/App/Modules/admin/Action/IndexAction.class.php 第 43 行.
NOTIC: [2] mysql_get_server_info(): A link to the server could not be established /www/c51/project/cc-/App/Modules/admin/Action/IndexAction.class.php 第 43 行.
INFO: [ view_parse ] --START--
INFO: ParseTemplate Behavior ::run [ RunTime:0.008488s ]
INFO: [ view_parse ] --END-- [ RunTime:0.008574s ]
INFO: [ view_filter ] --START--
INFO: ContentReplace Behavior ::run [ RunTime:0.000316s ]
INFO: TokenBuild Behavior ::run [ RunTime:0.000274s ]
INFO: WriteHtmlCache Behavior ::run [ RunTime:0.000154s ]
INFO: ShowRuntime Behavior ::run [ RunTime:0.000437s ]
INFO: [ view_filter ] --END-- [ RunTime:0.001340s ]
INFO: [ view_end ] --START--
INFO: ShowPageTrace Behavior ::run [ RunTime:0.000490s ]
INFO: [ view_end ] --END-- [ RunTime:0.000551s ]

[ 2015-08-25T08:33:58+08:00 ] 0.0.0.0 /c51/project/cc-/admin/Goods/index.html
INFO: [ route_check ] --START--
INFO: CheckRoute Behavior ::run [ RunTime:0.001327s ]
INFO: [ route_check ] --END-- [ RunTime:0.001601s ]
INFO: [ app_begin ] --START--
INFO: ReadHtmlCache Behavior ::run [ RunTime:0.001762s ]
INFO: [ app_begin ] --END-- [ RunTime:0.002363s ]
SQL: SHOW COLUMNS FROM `ccshop_goods` [ RunTime:0.001723s ]
SQL: SELECT `gid`,`gname`,`gnumber`,`unit`,`marketprice`,`shopprice`,`click`,`time`,`tid` FROM `ccshop_goods`  [ RunTime:0.000317s ]
SQL: SHOW COLUMNS FROM `ccshop_goods_list` [ RunTime:0.001479s ]
SQL: SELECT `inventory` FROM `ccshop_goods_list` WHERE ( `gid` = 3 )  [ RunTime:0.000585s ]
SQL: SELECT `inventory` FROM `ccshop_goods_list` WHERE ( `gid` = 4 )  [ RunTime:0.000399s ]
SQL: SELECT `inventory` FROM `ccshop_goods_list` WHERE ( `gid` = 5 )  [ RunTime:0.000265s ]
SQL: SELECT `inventory` FROM `ccshop_goods_list` WHERE ( `gid` = 6 )  [ RunTime:0.001575s ]
SQL: SELECT `inventory` FROM `ccshop_goods_list` WHERE ( `gid` = 7 )  [ RunTime:0.000348s ]
SQL: SELECT `inventory` FROM `ccshop_goods_list` WHERE ( `gid` = 8 )  [ RunTime:0.000209s ]
SQL: SELECT `inventory` FROM `ccshop_goods_list` WHERE ( `gid` = 9 )  [ RunTime:0.000193s ]
SQL: SELECT `inventory` FROM `ccshop_goods_list` WHERE ( `gid` = 10 )  [ RunTime:0.000168s ]
SQL: SELECT `inventory` FROM `ccshop_goods_list` WHERE ( `gid` = 11 )  [ RunTime:0.000187s ]
SQL: SELECT `inventory` FROM `ccshop_goods_list` WHERE ( `gid` = 12 )  [ RunTime:0.000165s ]
INFO: [ view_parse ] --START--
INFO: ParseTemplate Behavior ::run [ RunTime:0.019465s ]
INFO: [ view_parse ] --END-- [ RunTime:0.019573s ]
INFO: [ view_filter ] --START--
INFO: ContentReplace Behavior ::run [ RunTime:0.001418s ]
INFO: TokenBuild Behavior ::run [ RunTime:0.000944s ]
INFO: WriteHtmlCache Behavior ::run [ RunTime:0.000469s ]
INFO: ShowRuntime Behavior ::run [ RunTime:0.000415s ]
INFO: [ view_filter ] --END-- [ RunTime:0.003577s ]
INFO: [ view_end ] --START--
INFO: ShowPageTrace Behavior ::run [ RunTime:0.000969s ]
INFO: [ view_end ] --END-- [ RunTime:0.001104s ]

[ 2015-08-25T08:34:00+08:00 ] 0.0.0.0 /c51/project/cc-/admin/Goods/add.html
INFO: [ route_check ] --START--
INFO: CheckRoute Behavior ::run [ RunTime:0.000720s ]
INFO: [ route_check ] --END-- [ RunTime:0.000806s ]
INFO: [ app_begin ] --START--
INFO: ReadHtmlCache Behavior ::run [ RunTime:0.000417s ]
INFO: [ app_begin ] --END-- [ RunTime:0.000479s ]
SQL: SHOW COLUMNS FROM `ccshop_category` [ RunTime:0.011225s ]
SQL: SELECT * FROM `ccshop_category` ORDER BY sort  [ RunTime:0.001359s ]
SQL: SHOW COLUMNS FROM `ccshop_brand` [ RunTime:0.001748s ]
SQL: SELECT * FROM `ccshop_brand` ORDER BY sort  [ RunTime:0.000589s ]
INFO: [ view_parse ] --START--
INFO: ParseTemplate Behavior ::run [ RunTime:0.016344s ]
INFO: [ view_parse ] --END-- [ RunTime:0.016427s ]
INFO: [ view_filter ] --START--
INFO: ContentReplace Behavior ::run [ RunTime:0.000359s ]
INFO: TokenBuild Behavior ::run [ RunTime:0.000301s ]
INFO: WriteHtmlCache Behavior ::run [ RunTime:0.000185s ]
INFO: ShowRuntime Behavior ::run [ RunTime:0.000326s ]
INFO: [ view_filter ] --END-- [ RunTime:0.001331s ]
INFO: [ view_end ] --START--
INFO: ShowPageTrace Behavior ::run [ RunTime:0.000455s ]
INFO: [ view_end ] --END-- [ RunTime:0.000511s ]

[ 2015-08-25T08:34:01+08:00 ] 0.0.0.0 /c51/project/cc-/admin/Goods/
INFO: [ route_check ] --START--
INFO: CheckRoute Behavior ::run [ RunTime:0.001423s ]
INFO: [ route_check ] --END-- [ RunTime:0.001694s ]
INFO: [ app_begin ] --START--
INFO: ReadHtmlCache Behavior ::run [ RunTime:0.000800s ]
INFO: [ app_begin ] --END-- [ RunTime:0.001001s ]
SQL: SHOW COLUMNS FROM `ccshop_goods` [ RunTime:0.001572s ]
SQL: SELECT `gid`,`gname`,`gnumber`,`unit`,`marketprice`,`shopprice`,`click`,`time`,`tid` FROM `ccshop_goods`  [ RunTime:0.000404s ]
SQL: SHOW COLUMNS FROM `ccshop_goods_list` [ RunTime:0.001583s ]
SQL: SELECT `inventory` FROM `ccshop_goods_list` WHERE ( `gid` = 3 )  [ RunTime:0.000272s ]
SQL: SELECT `inventory` FROM `ccshop_goods_list` WHERE ( `gid` = 4 )  [ RunTime:0.000195s ]
SQL: SELECT `inventory` FROM `ccshop_goods_list` WHERE ( `gid` = 5 )  [ RunTime:0.000167s ]
SQL: SELECT `inventory` FROM `ccshop_goods_list` WHERE ( `gid` = 6 )  [ RunTime:0.000211s ]
SQL: SELECT `inventory` FROM `ccshop_goods_list` WHERE ( `gid` = 7 )  [ RunTime:0.000194s ]
SQL: SELECT `inventory` FROM `ccshop_goods_list` WHERE ( `gid` = 8 )  [ RunTime:0.000196s ]
SQL: SELECT `inventory` FROM `ccshop_goods_list` WHERE ( `gid` = 9 )  [ RunTime:0.000192s ]
SQL: SELECT `inventory` FROM `ccshop_goods_list` WHERE ( `gid` = 10 )  [ RunTime:0.000160s ]
SQL: SELECT `inventory` FROM `ccshop_goods_list` WHERE ( `gid` = 11 )  [ RunTime:0.000169s ]
SQL: SELECT `inventory` FROM `ccshop_goods_list` WHERE ( `gid` = 12 )  [ RunTime:0.000165s ]
INFO: [ view_parse ] --START--
INFO: ParseTemplate Behavior ::run [ RunTime:0.014490s ]
INFO: [ view_parse ] --END-- [ RunTime:0.014649s ]
INFO: [ view_filter ] --START--
INFO: ContentReplace Behavior ::run [ RunTime:0.000436s ]
INFO: TokenBuild Behavior ::run [ RunTime:0.000375s ]
INFO: WriteHtmlCache Behavior ::run [ RunTime:0.000229s ]
INFO: ShowRuntime Behavior ::run [ RunTime:0.000347s ]
INFO: [ view_filter ] --END-- [ RunTime:0.001557s ]
INFO: [ view_end ] --START--
INFO: ShowPageTrace Behavior ::run [ RunTime:0.000528s ]
INFO: [ view_end ] --END-- [ RunTime:0.000599s ]

[ 2015-08-25T08:34:01+08:00 ] 0.0.0.0 /c51/project/cc-/admin/Goods/
INFO: [ route_check ] --START--
INFO: CheckRoute Behavior ::run [ RunTime:0.001986s ]
INFO: [ route_check ] --END-- [ RunTime:0.002660s ]
INFO: [ app_begin ] --START--
INFO: ReadHtmlCache Behavior ::run [ RunTime:0.000625s ]
INFO: [ app_begin ] --END-- [ RunTime:0.000729s ]
SQL: SHOW COLUMNS FROM `ccshop_goods` [ RunTime:0.001246s ]
SQL: SELECT `gid`,`gname`,`gnumber`,`unit`,`marketprice`,`shopprice`,`click`,`time`,`tid` FROM `ccshop_goods`  [ RunTime:0.000253s ]
SQL: SHOW COLUMNS FROM `ccshop_goods_list` [ RunTime:0.001329s ]
SQL: SELECT `inventory` FROM `ccshop_goods_list` WHERE ( `gid` = 3 )  [ RunTime:0.000283s ]
SQL: SELECT `inventory` FROM `ccshop_goods_list` WHERE ( `gid` = 4 )  [ RunTime:0.000297s ]
SQL: SELECT `inventory` FROM `ccshop_goods_list` WHERE ( `gid` = 5 )  [ RunTime:0.000195s ]
SQL: SELECT `inventory` FROM `ccshop_goods_list` WHERE ( `gid` = 6 )  [ RunTime:0.000168s ]
SQL: SELECT `inventory` FROM `ccshop_goods_list` WHERE ( `gid` = 7 )  [ RunTime:0.000155s ]
SQL: SELECT `inventory` FROM `ccshop_goods_list` WHERE ( `gid` = 8 )  [ RunTime:0.000175s ]
SQL: SELECT `inventory` FROM `ccshop_goods_list` WHERE ( `gid` = 9 )  [ RunTime:0.000159s ]
SQL: SELECT `inventory` FROM `ccshop_goods_list` WHERE ( `gid` = 10 )  [ RunTime:0.000181s ]
SQL: SELECT `inventory` FROM `ccshop_goods_list` WHERE ( `gid` = 11 )  [ RunTime:0.000242s ]
SQL: SELECT `inventory` FROM `ccshop_goods_list` WHERE ( `gid` = 12 )  [ RunTime:0.000182s ]
INFO: [ view_parse ] --START--
INFO: ParseTemplate Behavior ::run [ RunTime:0.012593s ]
INFO: [ view_parse ] --END-- [ RunTime:0.012690s ]
INFO: [ view_filter ] --START--
INFO: ContentReplace Behavior ::run [ RunTime:0.000484s ]
INFO: TokenBuild Behavior ::run [ RunTime:0.000383s ]
INFO: WriteHtmlCache Behavior ::run [ RunTime:0.000290s ]
INFO: ShowRuntime Behavior ::run [ RunTime:0.000663s ]
INFO: [ view_filter ] --END-- [ RunTime:0.002093s ]
INFO: [ view_end ] --START--
INFO: ShowPageTrace Behavior ::run [ RunTime:0.000788s ]
INFO: [ view_end ] --END-- [ RunTime:0.000886s ]

[ 2015-08-25T08:54:05+08:00 ] 0.0.0.0 /c51/project/cc-/admin/Goods/getAttr.html
INFO: [ route_check ] --START--
INFO: CheckRoute Behavior ::run [ RunTime:0.001913s ]
INFO: [ route_check ] --END-- [ RunTime:0.002170s ]
INFO: [ app_begin ] --START--
INFO: ReadHtmlCache Behavior ::run [ RunTime:0.001199s ]
INFO: [ app_begin ] --END-- [ RunTime:0.001346s ]
SQL: SHOW COLUMNS FROM `ccshop_type_attr` [ RunTime:0.002615s ]
SQL: SELECT * FROM `ccshop_type_attr` WHERE ( `tid` = 2 )  [ RunTime:0.000620s ]

[ 2015-08-25T08:54:11+08:00 ] 0.0.0.0 /c51/project/cc-/admin/Goods/getAttr.html
INFO: [ route_check ] --START--
INFO: CheckRoute Behavior ::run [ RunTime:0.000998s ]
INFO: [ route_check ] --END-- [ RunTime:0.001142s ]
INFO: [ app_begin ] --START--
INFO: ReadHtmlCache Behavior ::run [ RunTime:0.001658s ]
INFO: [ app_begin ] --END-- [ RunTime:0.001772s ]
SQL: SHOW COLUMNS FROM `ccshop_type_attr` [ RunTime:0.001587s ]
SQL: SELECT * FROM `ccshop_type_attr` WHERE ( `tid` = 1 )  [ RunTime:0.000271s ]

[ 2015-08-25T09:36:55+08:00 ] 0.0.0.0 /c51/project/cc-/
INFO: [ app_begin ] --START--
INFO: ReadHtmlCache Behavior ::run [ RunTime:0.001086s ]
INFO: [ app_begin ] --END-- [ RunTime:0.001216s ]
SQL: SHOW COLUMNS FROM `ccshop_goods` [ RunTime:0.001306s ]
SQL: SELECT `gid`,`gname`,`pic`,`click`,`shopprice` FROM `ccshop_goods` WHERE ( `cid` = 13 ) ORDER BY rand() LIMIT 10   [ RunTime:0.000456s ]
SQL: SELECT `gid`,`gname`,`pic`,`click`,`shopprice` FROM `ccshop_goods` WHERE ( `cid` = 13 ) ORDER BY rand() LIMIT 10   [ RunTime:0.000343s ]
SQL: SELECT `gid`,`gname`,`pic`,`click`,`shopprice` FROM `ccshop_goods` WHERE ( `cid` = 13 ) ORDER BY rand() LIMIT 10   [ RunTime:0.000375s ]
SQL: SHOW COLUMNS FROM `ccshop_category` [ RunTime:0.002165s ]
SQL: SELECT `cid`,`cname` FROM `ccshop_category` WHERE ( `pid` = 4 )  [ RunTime:0.000354s ]
INFO: [ view_parse ] --START--
INFO: ParseTemplate Behavior ::run [ RunTime:0.100570s ]
INFO: [ view_parse ] --END-- [ RunTime:0.100667s ]
INFO: [ view_filter ] --START--
INFO: ContentReplace Behavior ::run [ RunTime:0.002029s ]
INFO: TokenBuild Behavior ::run [ RunTime:0.000902s ]
INFO: WriteHtmlCache Behavior ::run [ RunTime:0.000495s ]
INFO: ShowRuntime Behavior ::run [ RunTime:0.000901s ]
INFO: [ view_filter ] --END-- [ RunTime:0.004590s ]
INFO: [ view_end ] --START--
INFO: ShowPageTrace Behavior ::run [ RunTime:0.001260s ]
INFO: [ view_end ] --END-- [ RunTime:0.001358s ]

[ 2015-08-25T09:36:57+08:00 ] 0.0.0.0 /c51/project/cc-/admin
INFO: [ route_check ] --START--
INFO: CheckRoute Behavior ::run [ RunTime:0.001259s ]
INFO: [ route_check ] --END-- [ RunTime:0.001355s ]
INFO: [ app_begin ] --START--
INFO: ReadHtmlCache Behavior ::run [ RunTime:0.000563s ]
INFO: [ app_begin ] --END-- [ RunTime:0.000660s ]
INFO: [ view_parse ] --START--
INFO: ParseTemplate Behavior ::run [ RunTime:0.011538s ]
INFO: [ view_parse ] --END-- [ RunTime:0.011630s ]
INFO: [ view_filter ] --START--
INFO: ContentReplace Behavior ::run [ RunTime:0.000287s ]
INFO: TokenBuild Behavior ::run [ RunTime:0.000250s ]
INFO: WriteHtmlCache Behavior ::run [ RunTime:0.000146s ]
INFO: ShowRuntime Behavior ::run [ RunTime:0.000311s ]
INFO: [ view_filter ] --END-- [ RunTime:0.001141s ]
INFO: [ view_end ] --START--
INFO: ShowPageTrace Behavior ::run [ RunTime:0.000448s ]
INFO: [ view_end ] --END-- [ RunTime:0.000502s ]

[ 2015-08-25T09:36:57+08:00 ] 0.0.0.0 /c51/project/cc-/admin/Index/info.html
INFO: [ route_check ] --START--
INFO: CheckRoute Behavior ::run [ RunTime:0.000706s ]
INFO: [ route_check ] --END-- [ RunTime:0.000799s ]
INFO: [ app_begin ] --START--
INFO: ReadHtmlCache Behavior ::run [ RunTime:0.000697s ]
INFO: [ app_begin ] --END-- [ RunTime:0.000878s ]
NOTIC: [2] mysql_get_server_info(): Can't connect to local MySQL server through socket '/Applications/MAMP/tmp/mysql/mysql.sock' (2) /www/c51/project/cc-/App/Modules/admin/Action/IndexAction.class.php 第 43 行.
NOTIC: [2] mysql_get_server_info(): A link to the server could not be established /www/c51/project/cc-/App/Modules/admin/Action/IndexAction.class.php 第 43 行.
INFO: [ view_parse ] --START--
INFO: ParseTemplate Behavior ::run [ RunTime:0.008201s ]
INFO: [ view_parse ] --END-- [ RunTime:0.008289s ]
INFO: [ view_filter ] --START--
INFO: ContentReplace Behavior ::run [ RunTime:0.000321s ]
INFO: TokenBuild Behavior ::run [ RunTime:0.000276s ]
INFO: WriteHtmlCache Behavior ::run [ RunTime:0.000161s ]
INFO: ShowRuntime Behavior ::run [ RunTime:0.000324s ]
INFO: [ view_filter ] --END-- [ RunTime:0.001240s ]
INFO: [ view_end ] --START--
INFO: ShowPageTrace Behavior ::run [ RunTime:0.000476s ]
INFO: [ view_end ] --END-- [ RunTime:0.000532s ]

[ 2015-08-25T09:37:00+08:00 ] 0.0.0.0 /c51/project/cc-/admin/Goods/index.html
INFO: [ route_check ] --START--
INFO: CheckRoute Behavior ::run [ RunTime:0.000712s ]
INFO: [ route_check ] --END-- [ RunTime:0.000803s ]
INFO: [ app_begin ] --START--
INFO: ReadHtmlCache Behavior ::run [ RunTime:0.000454s ]
INFO: [ app_begin ] --END-- [ RunTime:0.000554s ]
SQL: SHOW COLUMNS FROM `ccshop_goods` [ RunTime:0.001423s ]
SQL: SELECT `gid`,`gname`,`gnumber`,`unit`,`marketprice`,`shopprice`,`click`,`time`,`tid` FROM `ccshop_goods`  [ RunTime:0.000266s ]
SQL: SHOW COLUMNS FROM `ccshop_goods_list` [ RunTime:0.001679s ]
SQL: SELECT `inventory` FROM `ccshop_goods_list` WHERE ( `gid` = 3 )  [ RunTime:0.000286s ]
SQL: SELECT `inventory` FROM `ccshop_goods_list` WHERE ( `gid` = 4 )  [ RunTime:0.000193s ]
SQL: SELECT `inventory` FROM `ccshop_goods_list` WHERE ( `gid` = 5 )  [ RunTime:0.000172s ]
SQL: SELECT `inventory` FROM `ccshop_goods_list` WHERE ( `gid` = 6 )  [ RunTime:0.000164s ]
SQL: SELECT `inventory` FROM `ccshop_goods_list` WHERE ( `gid` = 7 )  [ RunTime:0.000182s ]
SQL: SELECT `inventory` FROM `ccshop_goods_list` WHERE ( `gid` = 8 )  [ RunTime:0.000205s ]
SQL: SELECT `inventory` FROM `ccshop_goods_list` WHERE ( `gid` = 9 )  [ RunTime:0.000246s ]
SQL: SELECT `inventory` FROM `ccshop_goods_list` WHERE ( `gid` = 10 )  [ RunTime:0.000279s ]
SQL: SELECT `inventory` FROM `ccshop_goods_list` WHERE ( `gid` = 11 )  [ RunTime:0.000180s ]
SQL: SELECT `inventory` FROM `ccshop_goods_list` WHERE ( `gid` = 12 )  [ RunTime:0.000169s ]
INFO: [ view_parse ] --START--
INFO: ParseTemplate Behavior ::run [ RunTime:0.013444s ]
INFO: [ view_parse ] --END-- [ RunTime:0.013550s ]
INFO: [ view_filter ] --START--
INFO: ContentReplace Behavior ::run [ RunTime:0.000548s ]
INFO: TokenBuild Behavior ::run [ RunTime:0.000614s ]
INFO: WriteHtmlCache Behavior ::run [ RunTime:0.000264s ]
INFO: ShowRuntime Behavior ::run [ RunTime:0.000424s ]
INFO: [ view_filter ] --END-- [ RunTime:0.002089s ]
INFO: [ view_end ] --START--
INFO: ShowPageTrace Behavior ::run [ RunTime:0.000976s ]
INFO: [ view_end ] --END-- [ RunTime:0.001164s ]

[ 2015-08-25T09:37:02+08:00 ] 0.0.0.0 /c51/project/cc-/admin/Goods/add.html
INFO: [ route_check ] --START--
INFO: CheckRoute Behavior ::run [ RunTime:0.000807s ]
INFO: [ route_check ] --END-- [ RunTime:0.000903s ]
INFO: [ app_begin ] --START--
INFO: ReadHtmlCache Behavior ::run [ RunTime:0.000509s ]
INFO: [ app_begin ] --END-- [ RunTime:0.000588s ]
SQL: SHOW COLUMNS FROM `ccshop_category` [ RunTime:0.001677s ]
SQL: SELECT * FROM `ccshop_category` ORDER BY sort  [ RunTime:0.000497s ]
SQL: SHOW COLUMNS FROM `ccshop_brand` [ RunTime:0.001793s ]
SQL: SELECT * FROM `ccshop_brand` ORDER BY sort  [ RunTime:0.000761s ]
INFO: [ view_parse ] --START--
INFO: ParseTemplate Behavior ::run [ RunTime:0.018744s ]
INFO: [ view_parse ] --END-- [ RunTime:0.018936s ]
INFO: [ view_filter ] --START--
INFO: ContentReplace Behavior ::run [ RunTime:0.000433s ]
INFO: TokenBuild Behavior ::run [ RunTime:0.000353s ]
INFO: WriteHtmlCache Behavior ::run [ RunTime:0.000217s ]
INFO: ShowRuntime Behavior ::run [ RunTime:0.000464s ]
INFO: [ view_filter ] --END-- [ RunTime:0.001682s ]
INFO: [ view_end ] --START--
INFO: ShowPageTrace Behavior ::run [ RunTime:0.000727s ]
INFO: [ view_end ] --END-- [ RunTime:0.000817s ]

[ 2015-08-25T09:37:04+08:00 ] 0.0.0.0 /c51/project/cc-/admin/Goods/
INFO: [ route_check ] --START--
INFO: CheckRoute Behavior ::run [ RunTime:0.000663s ]
INFO: [ route_check ] --END-- [ RunTime:0.000752s ]
INFO: [ app_begin ] --START--
INFO: ReadHtmlCache Behavior ::run [ RunTime:0.000541s ]
INFO: [ app_begin ] --END-- [ RunTime:0.000623s ]
SQL: SHOW COLUMNS FROM `ccshop_goods` [ RunTime:0.001496s ]
SQL: SELECT `gid`,`gname`,`gnumber`,`unit`,`marketprice`,`shopprice`,`click`,`time`,`tid` FROM `ccshop_goods`  [ RunTime:0.000324s ]
SQL: SHOW COLUMNS FROM `ccshop_goods_list` [ RunTime:0.001204s ]
SQL: SELECT `inventory` FROM `ccshop_goods_list` WHERE ( `gid` = 3 )  [ RunTime:0.000261s ]
SQL: SELECT `inventory` FROM `ccshop_goods_list` WHERE ( `gid` = 4 )  [ RunTime:0.000190s ]
SQL: SELECT `inventory` FROM `ccshop_goods_list` WHERE ( `gid` = 5 )  [ RunTime:0.000192s ]
SQL: SELECT `inventory` FROM `ccshop_goods_list` WHERE ( `gid` = 6 )  [ RunTime:0.000173s ]
SQL: SELECT `inventory` FROM `ccshop_goods_list` WHERE ( `gid` = 7 )  [ RunTime:0.000173s ]
SQL: SELECT `inventory` FROM `ccshop_goods_list` WHERE ( `gid` = 8 )  [ RunTime:0.000259s ]
SQL: SELECT `inventory` FROM `ccshop_goods_list` WHERE ( `gid` = 9 )  [ RunTime:0.000193s ]
SQL: SELECT `inventory` FROM `ccshop_goods_list` WHERE ( `gid` = 10 )  [ RunTime:0.000178s ]
SQL: SELECT `inventory` FROM `ccshop_goods_list` WHERE ( `gid` = 11 )  [ RunTime:0.000166s ]
SQL: SELECT `inventory` FROM `ccshop_goods_list` WHERE ( `gid` = 12 )  [ RunTime:0.000174s ]
INFO: [ view_parse ] --START--
INFO: ParseTemplate Behavior ::run [ RunTime:0.013969s ]
INFO: [ view_parse ] --END-- [ RunTime:0.014064s ]
INFO: [ view_filter ] --START--
INFO: ContentReplace Behavior ::run [ RunTime:0.000507s ]
INFO: TokenBuild Behavior ::run [ RunTime:0.000381s ]
INFO: WriteHtmlCache Behavior ::run [ RunTime:0.000210s ]
INFO: ShowRuntime Behavior ::run [ RunTime:0.000449s ]
INFO: [ view_filter ] --END-- [ RunTime:0.001763s ]
INFO: [ view_end ] --START--
INFO: ShowPageTrace Behavior ::run [ RunTime:0.000711s ]
INFO: [ view_end ] --END-- [ RunTime:0.000801s ]

[ 2015-08-25T09:37:04+08:00 ] 0.0.0.0 /c51/project/cc-/admin/Goods/add.html
INFO: [ route_check ] --START--
INFO: CheckRoute Behavior ::run [ RunTime:0.000688s ]
INFO: [ route_check ] --END-- [ RunTime:0.000783s ]
INFO: [ app_begin ] --START--
INFO: ReadHtmlCache Behavior ::run [ RunTime:0.000430s ]
INFO: [ app_begin ] --END-- [ RunTime:0.000499s ]
SQL: SHOW COLUMNS FROM `ccshop_category` [ RunTime:0.001092s ]
SQL: SELECT * FROM `ccshop_category` ORDER BY sort  [ RunTime:0.000264s ]
SQL: SHOW COLUMNS FROM `ccshop_brand` [ RunTime:0.001858s ]
SQL: SELECT * FROM `ccshop_brand` ORDER BY sort  [ RunTime:0.000852s ]
INFO: [ view_parse ] --START--
INFO: ParseTemplate Behavior ::run [ RunTime:0.014363s ]
INFO: [ view_parse ] --END-- [ RunTime:0.014461s ]
INFO: [ view_filter ] --START--
INFO: ContentReplace Behavior ::run [ RunTime:0.000406s ]
INFO: TokenBuild Behavior ::run [ RunTime:0.000329s ]
INFO: WriteHtmlCache Behavior ::run [ RunTime:0.000218s ]
INFO: ShowRuntime Behavior ::run [ RunTime:0.000647s ]
INFO: [ view_filter ] --END-- [ RunTime:0.001818s ]
INFO: [ view_end ] --START--
INFO: ShowPageTrace Behavior ::run [ RunTime:0.000898s ]
INFO: [ view_end ] --END-- [ RunTime:0.001002s ]

[ 2015-08-25T09:37:04+08:00 ] 0.0.0.0 /c51/project/cc-/admin/Goods/
INFO: [ route_check ] --START--
INFO: CheckRoute Behavior ::run [ RunTime:0.001481s ]
INFO: [ route_check ] --END-- [ RunTime:0.001673s ]
INFO: [ app_begin ] --START--
INFO: ReadHtmlCache Behavior ::run [ RunTime:0.000483s ]
INFO: [ app_begin ] --END-- [ RunTime:0.000576s ]
SQL: SHOW COLUMNS FROM `ccshop_goods` [ RunTime:0.001602s ]
SQL: SELECT `gid`,`gname`,`gnumber`,`unit`,`marketprice`,`shopprice`,`click`,`time`,`tid` FROM `ccshop_goods`  [ RunTime:0.000332s ]
SQL: SHOW COLUMNS FROM `ccshop_goods_list` [ RunTime:0.001355s ]
SQL: SELECT `inventory` FROM `ccshop_goods_list` WHERE ( `gid` = 3 )  [ RunTime:0.000260s ]
SQL: SELECT `inventory` FROM `ccshop_goods_list` WHERE ( `gid` = 4 )  [ RunTime:0.000286s ]
SQL: SELECT `inventory` FROM `ccshop_goods_list` WHERE ( `gid` = 5 )  [ RunTime:0.000358s ]
SQL: SELECT `inventory` FROM `ccshop_goods_list` WHERE ( `gid` = 6 )  [ RunTime:0.000203s ]
SQL: SELECT `inventory` FROM `ccshop_goods_list` WHERE ( `gid` = 7 )  [ RunTime:0.000177s ]
SQL: SELECT `inventory` FROM `ccshop_goods_list` WHERE ( `gid` = 8 )  [ RunTime:0.000175s ]
SQL: SELECT `inventory` FROM `ccshop_goods_list` WHERE ( `gid` = 9 )  [ RunTime:0.000175s ]
SQL: SELECT `inventory` FROM `ccshop_goods_list` WHERE ( `gid` = 10 )  [ RunTime:0.000185s ]
SQL: SELECT `inventory` FROM `ccshop_goods_list` WHERE ( `gid` = 11 )  [ RunTime:0.000154s ]
SQL: SELECT `inventory` FROM `ccshop_goods_list` WHERE ( `gid` = 12 )  [ RunTime:0.000149s ]
INFO: [ view_parse ] --START--
INFO: ParseTemplate Behavior ::run [ RunTime:0.013797s ]
INFO: [ view_parse ] --END-- [ RunTime:0.013894s ]
INFO: [ view_filter ] --START--
INFO: ContentReplace Behavior ::run [ RunTime:0.000400s ]
INFO: TokenBuild Behavior ::run [ RunTime:0.000342s ]
INFO: WriteHtmlCache Behavior ::run [ RunTime:0.000185s ]
INFO: ShowRuntime Behavior ::run [ RunTime:0.000356s ]
INFO: [ view_filter ] --END-- [ RunTime:0.001471s ]
INFO: [ view_end ] --START--
INFO: ShowPageTrace Behavior ::run [ RunTime:0.000581s ]
INFO: [ view_end ] --END-- [ RunTime:0.000690s ]

[ 2015-08-25T09:37:04+08:00 ] 0.0.0.0 /c51/project/cc-/admin/Goods/
INFO: [ route_check ] --START--
INFO: CheckRoute Behavior ::run [ RunTime:0.001070s ]
INFO: [ route_check ] --END-- [ RunTime:0.001200s ]
INFO: [ app_begin ] --START--
INFO: ReadHtmlCache Behavior ::run [ RunTime:0.000688s ]
INFO: [ app_begin ] --END-- [ RunTime:0.000802s ]
SQL: SHOW COLUMNS FROM `ccshop_goods` [ RunTime:0.009402s ]
SQL: SELECT `gid`,`gname`,`gnumber`,`unit`,`marketprice`,`shopprice`,`click`,`time`,`tid` FROM `ccshop_goods`  [ RunTime:0.000249s ]
SQL: SHOW COLUMNS FROM `ccshop_goods_list` [ RunTime:0.001487s ]
SQL: SELECT `inventory` FROM `ccshop_goods_list` WHERE ( `gid` = 3 )  [ RunTime:0.000456s ]
SQL: SELECT `inventory` FROM `ccshop_goods_list` WHERE ( `gid` = 4 )  [ RunTime:0.000276s ]
SQL: SELECT `inventory` FROM `ccshop_goods_list` WHERE ( `gid` = 5 )  [ RunTime:0.000231s ]
SQL: SELECT `inventory` FROM `ccshop_goods_list` WHERE ( `gid` = 6 )  [ RunTime:0.000251s ]
SQL: SELECT `inventory` FROM `ccshop_goods_list` WHERE ( `gid` = 7 )  [ RunTime:0.000220s ]
SQL: SELECT `inventory` FROM `ccshop_goods_list` WHERE ( `gid` = 8 )  [ RunTime:0.000474s ]
SQL: SELECT `inventory` FROM `ccshop_goods_list` WHERE ( `gid` = 9 )  [ RunTime:0.000257s ]
SQL: SELECT `inventory` FROM `ccshop_goods_list` WHERE ( `gid` = 10 )  [ RunTime:0.000193s ]
SQL: SELECT `inventory` FROM `ccshop_goods_list` WHERE ( `gid` = 11 )  [ RunTime:0.000167s ]
SQL: SELECT `inventory` FROM `ccshop_goods_list` WHERE ( `gid` = 12 )  [ RunTime:0.000211s ]
INFO: [ view_parse ] --START--
INFO: ParseTemplate Behavior ::run [ RunTime:0.012685s ]
INFO: [ view_parse ] --END-- [ RunTime:0.012785s ]
INFO: [ view_filter ] --START--
INFO: ContentReplace Behavior ::run [ RunTime:0.000566s ]
INFO: TokenBuild Behavior ::run [ RunTime:0.000404s ]
INFO: WriteHtmlCache Behavior ::run [ RunTime:0.000221s ]
INFO: ShowRuntime Behavior ::run [ RunTime:0.000451s ]
INFO: [ view_filter ] --END-- [ RunTime:0.001866s ]
INFO: [ view_end ] --START--
INFO: ShowPageTrace Behavior ::run [ RunTime:0.000855s ]
INFO: [ view_end ] --END-- [ RunTime:0.000997s ]

[ 2015-08-25T09:37:04+08:00 ] 0.0.0.0 /c51/project/cc-/admin/Goods/
INFO: [ route_check ] --START--
INFO: CheckRoute Behavior ::run [ RunTime:0.000702s ]
INFO: [ route_check ] --END-- [ RunTime:0.000792s ]
INFO: [ app_begin ] --START--
INFO: ReadHtmlCache Behavior ::run [ RunTime:0.000421s ]
INFO: [ app_begin ] --END-- [ RunTime:0.000501s ]
SQL: SHOW COLUMNS FROM `ccshop_goods` [ RunTime:0.001224s ]
SQL: SELECT `gid`,`gname`,`gnumber`,`unit`,`marketprice`,`shopprice`,`click`,`time`,`tid` FROM `ccshop_goods`  [ RunTime:0.000233s ]
SQL: SHOW COLUMNS FROM `ccshop_goods_list` [ RunTime:0.001110s ]
SQL: SELECT `inventory` FROM `ccshop_goods_list` WHERE ( `gid` = 3 )  [ RunTime:0.000264s ]
SQL: SELECT `inventory` FROM `ccshop_goods_list` WHERE ( `gid` = 4 )  [ RunTime:0.000357s ]
SQL: SELECT `inventory` FROM `ccshop_goods_list` WHERE ( `gid` = 5 )  [ RunTime:0.000670s ]
SQL: SELECT `inventory` FROM `ccshop_goods_list` WHERE ( `gid` = 6 )  [ RunTime:0.000206s ]
SQL: SELECT `inventory` FROM `ccshop_goods_list` WHERE ( `gid` = 7 )  [ RunTime:0.000170s ]
SQL: SELECT `inventory` FROM `ccshop_goods_list` WHERE ( `gid` = 8 )  [ RunTime:0.000161s ]
SQL: SELECT `inventory` FROM `ccshop_goods_list` WHERE ( `gid` = 9 )  [ RunTime:0.000162s ]
SQL: SELECT `inventory` FROM `ccshop_goods_list` WHERE ( `gid` = 10 )  [ RunTime:0.000278s ]
SQL: SELECT `inventory` FROM `ccshop_goods_list` WHERE ( `gid` = 11 )  [ RunTime:0.000244s ]
SQL: SELECT `inventory` FROM `ccshop_goods_list` WHERE ( `gid` = 12 )  [ RunTime:0.000215s ]
INFO: [ view_parse ] --START--
INFO: ParseTemplate Behavior ::run [ RunTime:0.011377s ]
INFO: [ view_parse ] --END-- [ RunTime:0.011461s ]
INFO: [ view_filter ] --START--
INFO: ContentReplace Behavior ::run [ RunTime:0.000653s ]
INFO: TokenBuild Behavior ::run [ RunTime:0.000765s ]
INFO: WriteHtmlCache Behavior ::run [ RunTime:0.000211s ]
INFO: ShowRuntime Behavior ::run [ RunTime:0.000342s ]
INFO: [ view_filter ] --END-- [ RunTime:0.002256s ]
INFO: [ view_end ] --START--
INFO: ShowPageTrace Behavior ::run [ RunTime:0.000510s ]
INFO: [ view_end ] --END-- [ RunTime:0.000574s ]

[ 2015-08-25T09:37:24+08:00 ] 0.0.0.0 /c51/project/cc-/admin/Type/index.html
INFO: [ route_check ] --START--
INFO: CheckRoute Behavior ::run [ RunTime:0.000688s ]
INFO: [ route_check ] --END-- [ RunTime:0.000782s ]
INFO: [ app_begin ] --START--
INFO: ReadHtmlCache Behavior ::run [ RunTime:0.000399s ]
INFO: [ app_begin ] --END-- [ RunTime:0.000461s ]
SQL: SHOW COLUMNS FROM `ccshop_type` [ RunTime:0.001549s ]
SQL: SELECT * FROM `ccshop_type`  [ RunTime:0.000653s ]
INFO: [ view_parse ] --START--
INFO: ParseTemplate Behavior ::run [ RunTime:0.013205s ]
INFO: [ view_parse ] --END-- [ RunTime:0.013314s ]
INFO: [ view_filter ] --START--
INFO: ContentReplace Behavior ::run [ RunTime:0.000491s ]
INFO: TokenBuild Behavior ::run [ RunTime:0.000362s ]
INFO: WriteHtmlCache Behavior ::run [ RunTime:0.000186s ]
INFO: ShowRuntime Behavior ::run [ RunTime:0.000379s ]
INFO: [ view_filter ] --END-- [ RunTime:0.001618s ]
INFO: [ view_end ] --START--
INFO: ShowPageTrace Behavior ::run [ RunTime:0.000491s ]
INFO: [ view_end ] --END-- [ RunTime:0.000551s ]

[ 2015-08-25T09:37:27+08:00 ] 0.0.0.0 /c51/project/cc-/admin/TypeAttr/index/tid/1.html
INFO: [ route_check ] --START--
INFO: CheckRoute Behavior ::run [ RunTime:0.000764s ]
INFO: [ route_check ] --END-- [ RunTime:0.000850s ]
INFO: [ app_begin ] --START--
INFO: ReadHtmlCache Behavior ::run [ RunTime:0.000421s ]
INFO: [ app_begin ] --END-- [ RunTime:0.000483s ]
SQL: SHOW COLUMNS FROM `ccshop_type_attr` [ RunTime:0.001479s ]
SQL: SELECT * FROM `ccshop_type_attr` WHERE ( `tid` = 1 )  [ RunTime:0.000380s ]
INFO: [ view_parse ] --START--
INFO: ParseTemplate Behavior ::run [ RunTime:0.011570s ]
INFO: [ view_parse ] --END-- [ RunTime:0.011824s ]
INFO: [ view_filter ] --START--
INFO: ContentReplace Behavior ::run [ RunTime:0.000481s ]
INFO: TokenBuild Behavior ::run [ RunTime:0.000368s ]
INFO: WriteHtmlCache Behavior ::run [ RunTime:0.000221s ]
INFO: ShowRuntime Behavior ::run [ RunTime:0.000419s ]
INFO: [ view_filter ] --END-- [ RunTime:0.001688s ]
INFO: [ view_end ] --START--
INFO: ShowPageTrace Behavior ::run [ RunTime:0.000687s ]
INFO: [ view_end ] --END-- [ RunTime:0.000816s ]

[ 2015-08-25T09:37:40+08:00 ] 0.0.0.0 /c51/project/cc-/admin/Goods/getAttr.html
INFO: [ route_check ] --START--
INFO: CheckRoute Behavior ::run [ RunTime:0.001034s ]
INFO: [ route_check ] --END-- [ RunTime:0.001158s ]
INFO: [ app_begin ] --START--
INFO: ReadHtmlCache Behavior ::run [ RunTime:0.000720s ]
INFO: [ app_begin ] --END-- [ RunTime:0.000822s ]
SQL: SHOW COLUMNS FROM `ccshop_type_attr` [ RunTime:0.004699s ]
SQL: SELECT * FROM `ccshop_type_attr` WHERE ( `tid` = 2 )  [ RunTime:0.000280s ]

[ 2015-08-25T09:37:42+08:00 ] 0.0.0.0 /c51/project/cc-/admin/Goods/getAttr.html
INFO: [ route_check ] --START--
INFO: CheckRoute Behavior ::run [ RunTime:0.000898s ]
INFO: [ route_check ] --END-- [ RunTime:0.001006s ]
INFO: [ app_begin ] --START--
INFO: ReadHtmlCache Behavior ::run [ RunTime:0.000483s ]
INFO: [ app_begin ] --END-- [ RunTime:0.000562s ]
SQL: SHOW COLUMNS FROM `ccshop_type_attr` [ RunTime:0.009223s ]
SQL: SELECT * FROM `ccshop_type_attr` WHERE ( `tid` = 1 )  [ RunTime:0.000379s ]

[ 2015-08-25T09:40:39+08:00 ] 0.0.0.0 /c51/project/cc-/admin/Goods/add.html
INFO: [ route_check ] --START--
INFO: CheckRoute Behavior ::run [ RunTime:0.000764s ]
INFO: [ route_check ] --END-- [ RunTime:0.000857s ]
INFO: [ app_begin ] --START--
INFO: ReadHtmlCache Behavior ::run [ RunTime:0.000449s ]
INFO: [ app_begin ] --END-- [ RunTime:0.000519s ]
SQL: SHOW COLUMNS FROM `ccshop_category` [ RunTime:0.009027s ]
SQL: SELECT * FROM `ccshop_category` ORDER BY sort  [ RunTime:0.000470s ]
SQL: SHOW COLUMNS FROM `ccshop_brand` [ RunTime:0.001350s ]
SQL: SELECT * FROM `ccshop_brand` ORDER BY sort  [ RunTime:0.000266s ]
INFO: [ view_parse ] --START--
INFO: ParseTemplate Behavior ::run [ RunTime:0.011913s ]
INFO: [ view_parse ] --END-- [ RunTime:0.012023s ]
INFO: [ view_filter ] --START--
INFO: ContentReplace Behavior ::run [ RunTime:0.000415s ]
INFO: TokenBuild Behavior ::run [ RunTime:0.000275s ]
INFO: WriteHtmlCache Behavior ::run [ RunTime:0.000189s ]
INFO: ShowRuntime Behavior ::run [ RunTime:0.000497s ]
INFO: [ view_filter ] --END-- [ RunTime:0.001574s ]
INFO: [ view_end ] --START--
INFO: ShowPageTrace Behavior ::run [ RunTime:0.000515s ]
INFO: [ view_end ] --END-- [ RunTime:0.000575s ]

[ 2015-08-25T09:40:39+08:00 ] 0.0.0.0 /c51/project/cc-/admin/Goods/
INFO: [ route_check ] --START--
INFO: CheckRoute Behavior ::run [ RunTime:0.000783s ]
INFO: [ route_check ] --END-- [ RunTime:0.000883s ]
INFO: [ app_begin ] --START--
INFO: ReadHtmlCache Behavior ::run [ RunTime:0.000448s ]
INFO: [ app_begin ] --END-- [ RunTime:0.000520s ]
SQL: SHOW COLUMNS FROM `ccshop_goods` [ RunTime:0.001487s ]
SQL: SELECT `gid`,`gname`,`gnumber`,`unit`,`marketprice`,`shopprice`,`click`,`time`,`tid` FROM `ccshop_goods`  [ RunTime:0.000418s ]
SQL: SHOW COLUMNS FROM `ccshop_goods_list` [ RunTime:0.001348s ]
SQL: SELECT `inventory` FROM `ccshop_goods_list` WHERE ( `gid` = 3 )  [ RunTime:0.000372s ]
SQL: SELECT `inventory` FROM `ccshop_goods_list` WHERE ( `gid` = 4 )  [ RunTime:0.000334s ]
SQL: SELECT `inventory` FROM `ccshop_goods_list` WHERE ( `gid` = 5 )  [ RunTime:0.000214s ]
SQL: SELECT `inventory` FROM `ccshop_goods_list` WHERE ( `gid` = 6 )  [ RunTime:0.000185s ]
SQL: SELECT `inventory` FROM `ccshop_goods_list` WHERE ( `gid` = 7 )  [ RunTime:0.000180s ]
SQL: SELECT `inventory` FROM `ccshop_goods_list` WHERE ( `gid` = 8 )  [ RunTime:0.000171s ]
SQL: SELECT `inventory` FROM `ccshop_goods_list` WHERE ( `gid` = 9 )  [ RunTime:0.000173s ]
SQL: SELECT `inventory` FROM `ccshop_goods_list` WHERE ( `gid` = 10 )  [ RunTime:0.000409s ]
SQL: SELECT `inventory` FROM `ccshop_goods_list` WHERE ( `gid` = 11 )  [ RunTime:0.000739s ]
SQL: SELECT `inventory` FROM `ccshop_goods_list` WHERE ( `gid` = 12 )  [ RunTime:0.000408s ]
INFO: [ view_parse ] --START--
INFO: ParseTemplate Behavior ::run [ RunTime:0.011654s ]
INFO: [ view_parse ] --END-- [ RunTime:0.011747s ]
INFO: [ view_filter ] --START--
INFO: ContentReplace Behavior ::run [ RunTime:0.000507s ]
INFO: TokenBuild Behavior ::run [ RunTime:0.000307s ]
INFO: WriteHtmlCache Behavior ::run [ RunTime:0.000162s ]
INFO: ShowRuntime Behavior ::run [ RunTime:0.000323s ]
INFO: [ view_filter ] --END-- [ RunTime:0.001464s ]
INFO: [ view_end ] --START--
INFO: ShowPageTrace Behavior ::run [ RunTime:0.000600s ]
INFO: [ view_end ] --END-- [ RunTime:0.000718s ]

[ 2015-08-25T09:40:39+08:00 ] 0.0.0.0 /c51/project/cc-/admin/Goods/
INFO: [ route_check ] --START--
INFO: CheckRoute Behavior ::run [ RunTime:0.000711s ]
INFO: [ route_check ] --END-- [ RunTime:0.000804s ]
INFO: [ app_begin ] --START--
INFO: ReadHtmlCache Behavior ::run [ RunTime:0.000518s ]
INFO: [ app_begin ] --END-- [ RunTime:0.000614s ]
SQL: SHOW COLUMNS FROM `ccshop_goods` [ RunTime:0.001199s ]
SQL: SELECT `gid`,`gname`,`gnumber`,`unit`,`marketprice`,`shopprice`,`click`,`time`,`tid` FROM `ccshop_goods`  [ RunTime:0.000272s ]
SQL: SHOW COLUMNS FROM `ccshop_goods_list` [ RunTime:0.001122s ]
SQL: SELECT `inventory` FROM `ccshop_goods_list` WHERE ( `gid` = 3 )  [ RunTime:0.000275s ]
SQL: SELECT `inventory` FROM `ccshop_goods_list` WHERE ( `gid` = 4 )  [ RunTime:0.000205s ]
SQL: SELECT `inventory` FROM `ccshop_goods_list` WHERE ( `gid` = 5 )  [ RunTime:0.000258s ]
SQL: SELECT `inventory` FROM `ccshop_goods_list` WHERE ( `gid` = 6 )  [ RunTime:0.000176s ]
SQL: SELECT `inventory` FROM `ccshop_goods_list` WHERE ( `gid` = 7 )  [ RunTime:0.000252s ]
SQL: SELECT `inventory` FROM `ccshop_goods_list` WHERE ( `gid` = 8 )  [ RunTime:0.000171s ]
SQL: SELECT `inventory` FROM `ccshop_goods_list` WHERE ( `gid` = 9 )  [ RunTime:0.000177s ]
SQL: SELECT `inventory` FROM `ccshop_goods_list` WHERE ( `gid` = 10 )  [ RunTime:0.000163s ]
SQL: SELECT `inventory` FROM `ccshop_goods_list` WHERE ( `gid` = 11 )  [ RunTime:0.000195s ]
SQL: SELECT `inventory` FROM `ccshop_goods_list` WHERE ( `gid` = 12 )  [ RunTime:0.000164s ]
INFO: [ view_parse ] --START--
INFO: ParseTemplate Behavior ::run [ RunTime:0.013527s ]
INFO: [ view_parse ] --END-- [ RunTime:0.013629s ]
INFO: [ view_filter ] --START--
INFO: ContentReplace Behavior ::run [ RunTime:0.000384s ]
INFO: TokenBuild Behavior ::run [ RunTime:0.000265s ]
INFO: WriteHtmlCache Behavior ::run [ RunTime:0.000162s ]
INFO: ShowRuntime Behavior ::run [ RunTime:0.000349s ]
INFO: [ view_filter ] --END-- [ RunTime:0.001321s ]
INFO: [ view_end ] --START--
INFO: ShowPageTrace Behavior ::run [ RunTime:0.000530s ]
INFO: [ view_end ] --END-- [ RunTime:0.000592s ]

[ 2015-08-25T09:46:38+08:00 ] 0.0.0.0 /c51/project/cc-/admin/Goods/getAttr.html
INFO: [ route_check ] --START--
INFO: CheckRoute Behavior ::run [ RunTime:0.000783s ]
INFO: [ route_check ] --END-- [ RunTime:0.000909s ]
INFO: [ app_begin ] --START--
INFO: ReadHtmlCache Behavior ::run [ RunTime:0.000420s ]
INFO: [ app_begin ] --END-- [ RunTime:0.000476s ]
SQL: SHOW COLUMNS FROM `ccshop_type_attr` [ RunTime:0.009160s ]
SQL: SELECT * FROM `ccshop_type_attr` WHERE ( `tid` = 1 )  [ RunTime:0.000444s ]

[ 2015-08-25T10:17:49+08:00 ] 0.0.0.0 /c51/project/cc-/admin/Goods/getAttr.html
INFO: [ route_check ] --START--
INFO: CheckRoute Behavior ::run [ RunTime:0.000713s ]
INFO: [ route_check ] --END-- [ RunTime:0.000807s ]
INFO: [ app_begin ] --START--
INFO: ReadHtmlCache Behavior ::run [ RunTime:0.001105s ]
INFO: [ app_begin ] --END-- [ RunTime:0.001254s ]
SQL: SHOW COLUMNS FROM `ccshop_type_attr` [ RunTime:0.008555s ]
SQL: SELECT * FROM `ccshop_type_attr` WHERE ( `tid` = 1 )  [ RunTime:0.000417s ]

[ 2015-08-25T10:17:51+08:00 ] 0.0.0.0 /c51/project/cc-/admin/Goods/getAttr.html
INFO: [ route_check ] --START--
INFO: CheckRoute Behavior ::run [ RunTime:0.000813s ]
INFO: [ route_check ] --END-- [ RunTime:0.000926s ]
INFO: [ app_begin ] --START--
INFO: ReadHtmlCache Behavior ::run [ RunTime:0.000552s ]
INFO: [ app_begin ] --END-- [ RunTime:0.000626s ]
SQL: SHOW COLUMNS FROM `ccshop_type_attr` [ RunTime:0.001234s ]
SQL: SELECT * FROM `ccshop_type_attr` WHERE ( `tid` = 1 )  [ RunTime:0.000257s ]

[ 2015-08-25T10:17:56+08:00 ] 0.0.0.0 /c51/project/cc-/admin/Goods/add.html
INFO: [ route_check ] --START--
INFO: CheckRoute Behavior ::run [ RunTime:0.000970s ]
INFO: [ route_check ] --END-- [ RunTime:0.001086s ]
INFO: [ app_begin ] --START--
INFO: ReadHtmlCache Behavior ::run [ RunTime:0.000570s ]
INFO: [ app_begin ] --END-- [ RunTime:0.000664s ]
SQL: SHOW COLUMNS FROM `ccshop_category` [ RunTime:0.001808s ]
SQL: SELECT * FROM `ccshop_category` ORDER BY sort  [ RunTime:0.000270s ]
SQL: SHOW COLUMNS FROM `ccshop_brand` [ RunTime:0.001081s ]
SQL: SELECT * FROM `ccshop_brand` ORDER BY sort  [ RunTime:0.000220s ]
INFO: [ view_parse ] --START--
INFO: ParseTemplate Behavior ::run [ RunTime:0.012410s ]
INFO: [ view_parse ] --END-- [ RunTime:0.012491s ]
INFO: [ view_filter ] --START--
INFO: ContentReplace Behavior ::run [ RunTime:0.000320s ]
INFO: TokenBuild Behavior ::run [ RunTime:0.000285s ]
INFO: WriteHtmlCache Behavior ::run [ RunTime:0.000168s ]
INFO: ShowRuntime Behavior ::run [ RunTime:0.000330s ]
INFO: [ view_filter ] --END-- [ RunTime:0.001266s ]
INFO: [ view_end ] --START--
INFO: ShowPageTrace Behavior ::run [ RunTime:0.000466s ]
INFO: [ view_end ] --END-- [ RunTime:0.000520s ]

[ 2015-08-25T10:17:57+08:00 ] 0.0.0.0 /c51/project/cc-/admin/Goods/
INFO: [ route_check ] --START--
INFO: CheckRoute Behavior ::run [ RunTime:0.000708s ]
INFO: [ route_check ] --END-- [ RunTime:0.000803s ]
INFO: [ app_begin ] --START--
INFO: ReadHtmlCache Behavior ::run [ RunTime:0.000438s ]
INFO: [ app_begin ] --END-- [ RunTime:0.000511s ]
SQL: SHOW COLUMNS FROM `ccshop_goods` [ RunTime:0.001157s ]
SQL: SELECT `gid`,`gname`,`gnumber`,`unit`,`marketprice`,`shopprice`,`click`,`time`,`tid` FROM `ccshop_goods`  [ RunTime:0.000246s ]
SQL: SHOW COLUMNS FROM `ccshop_goods_list` [ RunTime:0.001996s ]
SQL: SELECT `inventory` FROM `ccshop_goods_list` WHERE ( `gid` = 3 )  [ RunTime:0.000262s ]
SQL: SELECT `inventory` FROM `ccshop_goods_list` WHERE ( `gid` = 4 )  [ RunTime:0.000188s ]
SQL: SELECT `inventory` FROM `ccshop_goods_list` WHERE ( `gid` = 5 )  [ RunTime:0.000295s ]
SQL: SELECT `inventory` FROM `ccshop_goods_list` WHERE ( `gid` = 6 )  [ RunTime:0.000259s ]
SQL: SELECT `inventory` FROM `ccshop_goods_list` WHERE ( `gid` = 7 )  [ RunTime:0.000199s ]
SQL: SELECT `inventory` FROM `ccshop_goods_list` WHERE ( `gid` = 8 )  [ RunTime:0.000243s ]
SQL: SELECT `inventory` FROM `ccshop_goods_list` WHERE ( `gid` = 9 )  [ RunTime:0.000203s ]
SQL: SELECT `inventory` FROM `ccshop_goods_list` WHERE ( `gid` = 10 )  [ RunTime:0.000170s ]
SQL: SELECT `inventory` FROM `ccshop_goods_list` WHERE ( `gid` = 11 )  [ RunTime:0.000169s ]
SQL: SELECT `inventory` FROM `ccshop_goods_list` WHERE ( `gid` = 12 )  [ RunTime:0.000168s ]
INFO: [ view_parse ] --START--
INFO: ParseTemplate Behavior ::run [ RunTime:0.011650s ]
INFO: [ view_parse ] --END-- [ RunTime:0.011729s ]
INFO: [ view_filter ] --START--
INFO: ContentReplace Behavior ::run [ RunTime:0.000348s ]
INFO: TokenBuild Behavior ::run [ RunTime:0.000265s ]
INFO: WriteHtmlCache Behavior ::run [ RunTime:0.000148s ]
INFO: ShowRuntime Behavior ::run [ RunTime:0.000318s ]
INFO: [ view_filter ] --END-- [ RunTime:0.001231s ]
INFO: [ view_end ] --START--
INFO: ShowPageTrace Behavior ::run [ RunTime:0.000499s ]
INFO: [ view_end ] --END-- [ RunTime:0.000564s ]

[ 2015-08-25T10:17:57+08:00 ] 0.0.0.0 /c51/project/cc-/admin/Goods/
INFO: [ route_check ] --START--
INFO: CheckRoute Behavior ::run [ RunTime:0.000911s ]
INFO: [ route_check ] --END-- [ RunTime:0.001033s ]
INFO: [ app_begin ] --START--
INFO: ReadHtmlCache Behavior ::run [ RunTime:0.000487s ]
INFO: [ app_begin ] --END-- [ RunTime:0.000566s ]
SQL: SHOW COLUMNS FROM `ccshop_goods` [ RunTime:0.001406s ]
SQL: SELECT `gid`,`gname`,`gnumber`,`unit`,`marketprice`,`shopprice`,`click`,`time`,`tid` FROM `ccshop_goods`  [ RunTime:0.000248s ]
SQL: SHOW COLUMNS FROM `ccshop_goods_list` [ RunTime:0.001380s ]
SQL: SELECT `inventory` FROM `ccshop_goods_list` WHERE ( `gid` = 3 )  [ RunTime:0.000260s ]
SQL: SELECT `inventory` FROM `ccshop_goods_list` WHERE ( `gid` = 4 )  [ RunTime:0.000197s ]
SQL: SELECT `inventory` FROM `ccshop_goods_list` WHERE ( `gid` = 5 )  [ RunTime:0.000222s ]
SQL: SELECT `inventory` FROM `ccshop_goods_list` WHERE ( `gid` = 6 )  [ RunTime:0.000209s ]
SQL: SELECT `inventory` FROM `ccshop_goods_list` WHERE ( `gid` = 7 )  [ RunTime:0.000256s ]
SQL: SELECT `inventory` FROM `ccshop_goods_list` WHERE ( `gid` = 8 )  [ RunTime:0.000207s ]
SQL: SELECT `inventory` FROM `ccshop_goods_list` WHERE ( `gid` = 9 )  [ RunTime:0.000193s ]
SQL: SELECT `inventory` FROM `ccshop_goods_list` WHERE ( `gid` = 10 )  [ RunTime:0.000217s ]
SQL: SELECT `inventory` FROM `ccshop_goods_list` WHERE ( `gid` = 11 )  [ RunTime:0.000279s ]
SQL: SELECT `inventory` FROM `ccshop_goods_list` WHERE ( `gid` = 12 )  [ RunTime:0.000221s ]
INFO: [ view_parse ] --START--
INFO: ParseTemplate Behavior ::run [ RunTime:0.012353s ]
INFO: [ view_parse ] --END-- [ RunTime:0.012433s ]
INFO: [ view_filter ] --START--
INFO: ContentReplace Behavior ::run [ RunTime:0.000390s ]
INFO: TokenBuild Behavior ::run [ RunTime:0.000282s ]
INFO: WriteHtmlCache Behavior ::run [ RunTime:0.000178s ]
INFO: ShowRuntime Behavior ::run [ RunTime:0.000437s ]
INFO: [ view_filter ] --END-- [ RunTime:0.001477s ]
INFO: [ view_end ] --START--
INFO: ShowPageTrace Behavior ::run [ RunTime:0.000634s ]
INFO: [ view_end ] --END-- [ RunTime:0.000704s ]

[ 2015-08-25T10:20:01+08:00 ] 0.0.0.0 /c51/project/cc-/admin/Goods/getAttr.html
INFO: [ route_check ] --START--
INFO: CheckRoute Behavior ::run [ RunTime:0.000710s ]
INFO: [ route_check ] --END-- [ RunTime:0.000806s ]
INFO: [ app_begin ] --START--
INFO: ReadHtmlCache Behavior ::run [ RunTime:0.000404s ]
INFO: [ app_begin ] --END-- [ RunTime:0.000457s ]
SQL: SHOW COLUMNS FROM `ccshop_type_attr` [ RunTime:0.009519s ]
SQL: SELECT * FROM `ccshop_type_attr` WHERE ( `tid` = 1 )  [ RunTime:0.000366s ]

[ 2015-08-25T10:57:46+08:00 ] 0.0.0.0 /cc-/admin/Goods/add.html
INFO: [ route_check ] --START--
INFO: CheckRoute Behavior ::run [ RunTime:0.000715s ]
INFO: [ route_check ] --END-- [ RunTime:0.000803s ]
INFO: [ app_begin ] --START--
INFO: ReadHtmlCache Behavior ::run [ RunTime:0.000481s ]
INFO: [ app_begin ] --END-- [ RunTime:0.000549s ]
SQL: SHOW COLUMNS FROM `ccshop_category` [ RunTime:0.001553s ]
SQL: SELECT * FROM `ccshop_category` ORDER BY sort  [ RunTime:0.000432s ]
SQL: SHOW COLUMNS FROM `ccshop_brand` [ RunTime:0.001106s ]
SQL: SELECT * FROM `ccshop_brand` ORDER BY sort  [ RunTime:0.000232s ]
INFO: [ view_parse ] --START--
INFO: ParseTemplate Behavior ::run [ RunTime:0.011560s ]
INFO: [ view_parse ] --END-- [ RunTime:0.011641s ]
INFO: [ view_filter ] --START--
INFO: ContentReplace Behavior ::run [ RunTime:0.000311s ]
INFO: TokenBuild Behavior ::run [ RunTime:0.000274s ]
INFO: WriteHtmlCache Behavior ::run [ RunTime:0.000157s ]
INFO: ShowRuntime Behavior ::run [ RunTime:0.000426s ]
INFO: [ view_filter ] --END-- [ RunTime:0.001324s ]
INFO: [ view_end ] --START--
INFO: ShowPageTrace Behavior ::run [ RunTime:0.000486s ]
INFO: [ view_end ] --END-- [ RunTime:0.000548s ]

[ 2015-08-25T10:57:47+08:00 ] 0.0.0.0 /cc-/admin/Goods/
INFO: [ route_check ] --START--
INFO: CheckRoute Behavior ::run [ RunTime:0.000785s ]
INFO: [ route_check ] --END-- [ RunTime:0.000881s ]
INFO: [ app_begin ] --START--
INFO: ReadHtmlCache Behavior ::run [ RunTime:0.000450s ]
INFO: [ app_begin ] --END-- [ RunTime:0.000523s ]
SQL: SHOW COLUMNS FROM `ccshop_goods` [ RunTime:0.001756s ]
SQL: SELECT `gid`,`gname`,`gnumber`,`unit`,`marketprice`,`shopprice`,`click`,`time`,`tid` FROM `ccshop_goods`  [ RunTime:0.000261s ]
SQL: SHOW COLUMNS FROM `ccshop_goods_list` [ RunTime:0.001031s ]
SQL: SELECT `inventory` FROM `ccshop_goods_list` WHERE ( `gid` = 3 )  [ RunTime:0.000211s ]
SQL: SELECT `inventory` FROM `ccshop_goods_list` WHERE ( `gid` = 4 )  [ RunTime:0.000159s ]
SQL: SELECT `inventory` FROM `ccshop_goods_list` WHERE ( `gid` = 5 )  [ RunTime:0.000169s ]
SQL: SELECT `inventory` FROM `ccshop_goods_list` WHERE ( `gid` = 6 )  [ RunTime:0.000176s ]
SQL: SELECT `inventory` FROM `ccshop_goods_list` WHERE ( `gid` = 7 )  [ RunTime:0.000170s ]
SQL: SELECT `inventory` FROM `ccshop_goods_list` WHERE ( `gid` = 8 )  [ RunTime:0.000337s ]
SQL: SELECT `inventory` FROM `ccshop_goods_list` WHERE ( `gid` = 9 )  [ RunTime:0.000467s ]
SQL: SELECT `inventory` FROM `ccshop_goods_list` WHERE ( `gid` = 10 )  [ RunTime:0.000424s ]
SQL: SELECT `inventory` FROM `ccshop_goods_list` WHERE ( `gid` = 11 )  [ RunTime:0.000319s ]
SQL: SELECT `inventory` FROM `ccshop_goods_list` WHERE ( `gid` = 12 )  [ RunTime:0.000338s ]
INFO: [ view_parse ] --START--
INFO: ParseTemplate Behavior ::run [ RunTime:0.018194s ]
INFO: [ view_parse ] --END-- [ RunTime:0.018293s ]
INFO: [ view_filter ] --START--
INFO: ContentReplace Behavior ::run [ RunTime:0.000390s ]
INFO: TokenBuild Behavior ::run [ RunTime:0.000319s ]
INFO: WriteHtmlCache Behavior ::run [ RunTime:0.000183s ]
INFO: ShowRuntime Behavior ::run [ RunTime:0.000380s ]
INFO: [ view_filter ] --END-- [ RunTime:0.001485s ]
INFO: [ view_end ] --START--
INFO: ShowPageTrace Behavior ::run [ RunTime:0.000502s ]
INFO: [ view_end ] --END-- [ RunTime:0.000567s ]

[ 2015-08-25T10:57:47+08:00 ] 0.0.0.0 /cc-/admin/Goods/
INFO: [ route_check ] --START--
INFO: CheckRoute Behavior ::run [ RunTime:0.000725s ]
INFO: [ route_check ] --END-- [ RunTime:0.000818s ]
INFO: [ app_begin ] --START--
INFO: ReadHtmlCache Behavior ::run [ RunTime:0.000507s ]
INFO: [ app_begin ] --END-- [ RunTime:0.000588s ]
SQL: SHOW COLUMNS FROM `ccshop_goods` [ RunTime:0.001665s ]
SQL: SELECT `gid`,`gname`,`gnumber`,`unit`,`marketprice`,`shopprice`,`click`,`time`,`tid` FROM `ccshop_goods`  [ RunTime:0.000543s ]
SQL: SHOW COLUMNS FROM `ccshop_goods_list` [ RunTime:0.001450s ]
SQL: SELECT `inventory` FROM `ccshop_goods_list` WHERE ( `gid` = 3 )  [ RunTime:0.000292s ]
SQL: SELECT `inventory` FROM `ccshop_goods_list` WHERE ( `gid` = 4 )  [ RunTime:0.000200s ]
SQL: SELECT `inventory` FROM `ccshop_goods_list` WHERE ( `gid` = 5 )  [ RunTime:0.000190s ]
SQL: SELECT `inventory` FROM `ccshop_goods_list` WHERE ( `gid` = 6 )  [ RunTime:0.000198s ]
SQL: SELECT `inventory` FROM `ccshop_goods_list` WHERE ( `gid` = 7 )  [ RunTime:0.000162s ]
SQL: SELECT `inventory` FROM `ccshop_goods_list` WHERE ( `gid` = 8 )  [ RunTime:0.000185s ]
SQL: SELECT `inventory` FROM `ccshop_goods_list` WHERE ( `gid` = 9 )  [ RunTime:0.000168s ]
SQL: SELECT `inventory` FROM `ccshop_goods_list` WHERE ( `gid` = 10 )  [ RunTime:0.000223s ]
SQL: SELECT `inventory` FROM `ccshop_goods_list` WHERE ( `gid` = 11 )  [ RunTime:0.000182s ]
SQL: SELECT `inventory` FROM `ccshop_goods_list` WHERE ( `gid` = 12 )  [ RunTime:0.000234s ]
INFO: [ view_parse ] --START--
INFO: ParseTemplate Behavior ::run [ RunTime:0.011996s ]
INFO: [ view_parse ] --END-- [ RunTime:0.012079s ]
INFO: [ view_filter ] --START--
INFO: ContentReplace Behavior ::run [ RunTime:0.000389s ]
INFO: TokenBuild Behavior ::run [ RunTime:0.000303s ]
INFO: WriteHtmlCache Behavior ::run [ RunTime:0.000169s ]
INFO: ShowRuntime Behavior ::run [ RunTime:0.000333s ]
INFO: [ view_filter ] --END-- [ RunTime:0.001347s ]
INFO: [ view_end ] --START--
INFO: ShowPageTrace Behavior ::run [ RunTime:0.000638s ]
INFO: [ view_end ] --END-- [ RunTime:0.000727s ]

[ 2015-08-25T11:23:20+08:00 ] 0.0.0.0 /cc-/admin/Goods/getAttr.html
INFO: [ route_check ] --START--
INFO: CheckRoute Behavior ::run [ RunTime:0.001787s ]
INFO: [ route_check ] --END-- [ RunTime:0.001943s ]
INFO: [ app_begin ] --START--
INFO: ReadHtmlCache Behavior ::run [ RunTime:0.000866s ]
INFO: [ app_begin ] --END-- [ RunTime:0.000967s ]
SQL: SHOW COLUMNS FROM `ccshop_type_attr` [ RunTime:0.001009s ]
SQL: SELECT * FROM `ccshop_type_attr` WHERE ( `tid` = 1 )  [ RunTime:0.000288s ]

