[ 2015-09-01T10:39:58+08:00 ] 0.0.0.0 /cc-/
INFO: [ app_begin ] --START--
INFO: ReadHtmlCache Behavior ::run [ RunTime:0.001042s ]
INFO: [ app_begin ] --END-- [ RunTime:0.001163s ]
SQL: SHOW COLUMNS FROM `ccshop_goods` [ RunTime:0.001472s ]
SQL: SELECT `gid`,`gname`,`pic`,`click`,`shopprice` FROM `ccshop_goods` WHERE ( `cid` = 13 ) ORDER BY rand() LIMIT 10   [ RunTime:0.032787s ]
SQL: SELECT `gid`,`gname`,`pic`,`click`,`shopprice` FROM `ccshop_goods` WHERE ( `cid` = 13 ) ORDER BY rand() LIMIT 10   [ RunTime:0.000865s ]
SQL: SELECT `gid`,`gname`,`pic`,`click`,`shopprice` FROM `ccshop_goods` WHERE ( `cid` = 13 ) ORDER BY rand() LIMIT 10   [ RunTime:0.001963s ]
SQL: SHOW COLUMNS FROM `ccshop_category` [ RunTime:0.001520s ]
SQL: SELECT `cid`,`cname` FROM `ccshop_category` WHERE ( `pid` = 4 )  [ RunTime:0.000307s ]
INFO: [ view_parse ] --START--
INFO: ParseTemplate Behavior ::run [ RunTime:0.109745s ]
INFO: [ view_parse ] --END-- [ RunTime:0.109867s ]
INFO: [ view_filter ] --START--
INFO: ContentReplace Behavior ::run [ RunTime:0.001640s ]
INFO: TokenBuild Behavior ::run [ RunTime:0.000676s ]
INFO: WriteHtmlCache Behavior ::run [ RunTime:0.000421s ]
INFO: ShowRuntime Behavior ::run [ RunTime:0.000705s ]
INFO: [ view_filter ] --END-- [ RunTime:0.003678s ]
INFO: [ view_end ] --START--
INFO: ShowPageTrace Behavior ::run [ RunTime:0.000884s ]
INFO: [ view_end ] --END-- [ RunTime:0.000969s ]

[ 2015-09-01T10:40:00+08:00 ] 0.0.0.0 /cc-/c/4_0.html
INFO: [ route_check ] --START--
INFO: CheckRoute Behavior ::run [ RunTime:0.008676s ]
INFO: [ route_check ] --END-- [ RunTime:0.008801s ]
INFO: [ app_begin ] --START--
INFO: ReadHtmlCache Behavior ::run [ RunTime:0.000480s ]
INFO: [ app_begin ] --END-- [ RunTime:0.000582s ]
SQL: SHOW COLUMNS FROM `ccshop_category` [ RunTime:0.001027s ]
SQL: SELECT `cid`,`pid` FROM `ccshop_category`  [ RunTime:0.000222s ]
NOTIC: [8] Undefined index: id /www/cc-/App/Lib/Class/Unlimited.class.php 第 125 行.
NOTIC: [8] Undefined index: id /www/cc-/App/Lib/Class/Unlimited.class.php 第 125 行.
NOTIC: [8] Undefined index: id /www/cc-/App/Lib/Class/Unlimited.class.php 第 125 行.
NOTIC: [8] Undefined index: id /www/cc-/App/Lib/Class/Unlimited.class.php 第 125 行.
NOTIC: [8] Undefined index: id /www/cc-/App/Lib/Class/Unlimited.class.php 第 125 行.
NOTIC: [8] Undefined index: id /www/cc-/App/Lib/Class/Unlimited.class.php 第 125 行.
NOTIC: [8] Undefined index: id /www/cc-/App/Lib/Class/Unlimited.class.php 第 125 行.
NOTIC: [8] Undefined index: id /www/cc-/App/Lib/Class/Unlimited.class.php 第 125 行.
NOTIC: [8] Undefined index: id /www/cc-/App/Lib/Class/Unlimited.class.php 第 125 行.
NOTIC: [8] Undefined index: id /www/cc-/App/Lib/Class/Unlimited.class.php 第 125 行.
NOTIC: [8] Undefined index: id /www/cc-/App/Lib/Class/Unlimited.class.php 第 125 行.
NOTIC: [8] Undefined index: id /www/cc-/App/Lib/Class/Unlimited.class.php 第 125 行.
NOTIC: [8] Undefined index: id /www/cc-/App/Lib/Class/Unlimited.class.php 第 125 行.
NOTIC: [8] Undefined index: id /www/cc-/App/Lib/Class/Unlimited.class.php 第 125 行.
NOTIC: [8] Undefined index: id /www/cc-/App/Lib/Class/Unlimited.class.php 第 125 行.
NOTIC: [8] Undefined index: id /www/cc-/App/Lib/Class/Unlimited.class.php 第 125 行.
SQL: SHOW COLUMNS FROM `ccshop_goods` [ RunTime:0.001832s ]
SQL: SELECT `gid` FROM `ccshop_goods` WHERE ( `cid` IN ('13','14','15','16','17','18','19','20','21','22','23','24','25','26','27','28',4) )  [ RunTime:0.000697s ]
SQL: SHOW COLUMNS FROM `ccshop_goods_attr` [ RunTime:0.001398s ]
SQL: SELECT `gtid`,`gtvalue`,`taid` FROM `ccshop_goods_attr` WHERE ( `gid` IN ('21','5','6','7','8','9','10','11','12') ) GROUP BY gtvalue  [ RunTime:0.000792s ]
SQL: SHOW COLUMNS FROM `ccshop_type_attr` [ RunTime:0.001726s ]
SQL: SELECT `taname` FROM `ccshop_type_attr` WHERE ( `taid` = 12 ) LIMIT 1   [ RunTime:0.000250s ]
SQL: SELECT `taname` FROM `ccshop_type_attr` WHERE ( `taid` = 13 ) LIMIT 1   [ RunTime:0.000302s ]
SQL: SELECT `taname` FROM `ccshop_type_attr` WHERE ( `taid` = 5 ) LIMIT 1   [ RunTime:0.000251s ]
SQL: SELECT `taname` FROM `ccshop_type_attr` WHERE ( `taid` = 1 ) LIMIT 1   [ RunTime:0.000222s ]
SQL: SELECT `taname` FROM `ccshop_type_attr` WHERE ( `taid` = 3 ) LIMIT 1   [ RunTime:0.000186s ]
SQL: SELECT `taname` FROM `ccshop_type_attr` WHERE ( `taid` = 6 ) LIMIT 1   [ RunTime:0.000192s ]
SQL: SELECT `taname` FROM `ccshop_type_attr` WHERE ( `taid` = 2 ) LIMIT 1   [ RunTime:0.000200s ]
SQL: SELECT `taname` FROM `ccshop_type_attr` WHERE ( `taid` = 7 ) LIMIT 1   [ RunTime:0.000204s ]
SQL: SELECT `taname` FROM `ccshop_type_attr` WHERE ( `taid` = 8 ) LIMIT 1   [ RunTime:0.000214s ]
SQL: SELECT `taname` FROM `ccshop_type_attr` WHERE ( `taid` = 4 ) LIMIT 1   [ RunTime:0.000162s ]
SQL: SELECT `taname` FROM `ccshop_type_attr` WHERE ( `taid` = 9 ) LIMIT 1   [ RunTime:0.000163s ]
SQL: SELECT `taname` FROM `ccshop_type_attr` WHERE ( `taid` = 10 ) LIMIT 1   [ RunTime:0.000131s ]
SQL: SELECT `taname` FROM `ccshop_type_attr` WHERE ( `taid` = 11 ) LIMIT 1   [ RunTime:0.000147s ]
SQL: SELECT COUNT(*) AS tp_count FROM `ccshop_goods` WHERE ( `gid` IN(21,5,6,7,8,9,10,11,12) ) LIMIT 1   [ RunTime:0.002667s ]
SQL: SELECT `gid`,`gname`,`marketprice`,`shopprice`,`pic` FROM `ccshop_goods` WHERE ( `gid` IN(21,5,6,7,8,9,10,11,12) ) ORDER BY time DESC LIMIT 0,8   [ RunTime:0.000449s ]
SQL: SELECT `gid`,`gname`,`pic`,`click`,`shopprice` FROM `ccshop_goods` WHERE ( `cid` = 13 ) ORDER BY rand() LIMIT 4   [ RunTime:0.000534s ]
SQL: SELECT `gid`,`gname`,`pic`,`click`,`shopprice` FROM `ccshop_goods` WHERE ( `cid` = 13 ) ORDER BY rand() LIMIT 5   [ RunTime:0.000314s ]
SQL: SELECT `cid`,`cname` FROM `ccshop_category` WHERE ( `pid` = 4 )  [ RunTime:0.000301s ]
SQL: SELECT `cname` FROM `ccshop_category` WHERE ( `cid` = 4 ) LIMIT 1   [ RunTime:0.000189s ]
SQL: SELECT `pid`,`cname`,`cid` FROM `ccshop_category` WHERE ( `cid` = 4 )  [ RunTime:0.000225s ]
SQL: SELECT `pid`,`cname`,`cid` FROM `ccshop_category` WHERE ( `cid` = 1 )  [ RunTime:0.000161s ]
INFO: [ view_parse ] --START--
INFO: ParseTemplate Behavior ::run [ RunTime:0.032685s ]
INFO: [ view_parse ] --END-- [ RunTime:0.032779s ]
INFO: [ view_filter ] --START--
INFO: ContentReplace Behavior ::run [ RunTime:0.000716s ]
INFO: TokenBuild Behavior ::run [ RunTime:0.000339s ]
INFO: WriteHtmlCache Behavior ::run [ RunTime:0.000181s ]
INFO: ShowRuntime Behavior ::run [ RunTime:0.000391s ]
INFO: [ view_filter ] --END-- [ RunTime:0.001824s ]
INFO: [ view_end ] --START--
INFO: ShowPageTrace Behavior ::run [ RunTime:0.000603s ]
INFO: [ view_end ] --END-- [ RunTime:0.000696s ]

[ 2015-09-01T10:40:07+08:00 ] 0.0.0.0 /cc-/
INFO: [ app_begin ] --START--
INFO: ReadHtmlCache Behavior ::run [ RunTime:0.000497s ]
INFO: [ app_begin ] --END-- [ RunTime:0.000598s ]
SQL: SHOW COLUMNS FROM `ccshop_goods` [ RunTime:0.001631s ]
SQL: SELECT `gid`,`gname`,`pic`,`click`,`shopprice` FROM `ccshop_goods` WHERE ( `cid` = 13 ) ORDER BY rand() LIMIT 10   [ RunTime:0.000443s ]
SQL: SELECT `gid`,`gname`,`pic`,`click`,`shopprice` FROM `ccshop_goods` WHERE ( `cid` = 13 ) ORDER BY rand() LIMIT 10   [ RunTime:0.000305s ]
SQL: SELECT `gid`,`gname`,`pic`,`click`,`shopprice` FROM `ccshop_goods` WHERE ( `cid` = 13 ) ORDER BY rand() LIMIT 10   [ RunTime:0.000339s ]
SQL: SHOW COLUMNS FROM `ccshop_category` [ RunTime:0.001237s ]
SQL: SELECT `cid`,`cname` FROM `ccshop_category` WHERE ( `pid` = 4 )  [ RunTime:0.000315s ]
INFO: [ view_parse ] --START--
INFO: ParseTemplate Behavior ::run [ RunTime:0.096195s ]
INFO: [ view_parse ] --END-- [ RunTime:0.096286s ]
INFO: [ view_filter ] --START--
INFO: ContentReplace Behavior ::run [ RunTime:0.000819s ]
INFO: TokenBuild Behavior ::run [ RunTime:0.000292s ]
INFO: WriteHtmlCache Behavior ::run [ RunTime:0.000157s ]
INFO: ShowRuntime Behavior ::run [ RunTime:0.000451s ]
INFO: [ view_filter ] --END-- [ RunTime:0.001883s ]
INFO: [ view_end ] --START--
INFO: ShowPageTrace Behavior ::run [ RunTime:0.000617s ]
INFO: [ view_end ] --END-- [ RunTime:0.000716s ]

[ 2015-09-01T10:40:10+08:00 ] 0.0.0.0 /cc-/c/4_0.html
INFO: [ route_check ] --START--
INFO: CheckRoute Behavior ::run [ RunTime:0.000828s ]
INFO: [ route_check ] --END-- [ RunTime:0.000929s ]
INFO: [ app_begin ] --START--
INFO: ReadHtmlCache Behavior ::run [ RunTime:0.000497s ]
INFO: [ app_begin ] --END-- [ RunTime:0.000592s ]
SQL: SHOW COLUMNS FROM `ccshop_goods` [ RunTime:0.009248s ]
SQL: SELECT COUNT(*) AS tp_count FROM `ccshop_goods` WHERE ( `gid` IN(21,5,6,7,8,9,10,11,12) ) LIMIT 1   [ RunTime:0.000265s ]
SQL: SELECT `gid`,`gname`,`marketprice`,`shopprice`,`pic` FROM `ccshop_goods` WHERE ( `gid` IN(21,5,6,7,8,9,10,11,12) ) ORDER BY time DESC LIMIT 0,8   [ RunTime:0.000319s ]
SQL: SELECT `gid`,`gname`,`pic`,`click`,`shopprice` FROM `ccshop_goods` WHERE ( `cid` = 13 ) ORDER BY rand() LIMIT 4   [ RunTime:0.000354s ]
SQL: SELECT `gid`,`gname`,`pic`,`click`,`shopprice` FROM `ccshop_goods` WHERE ( `cid` = 13 ) ORDER BY rand() LIMIT 5   [ RunTime:0.000262s ]
SQL: SHOW COLUMNS FROM `ccshop_category` [ RunTime:0.001154s ]
SQL: SELECT `cid`,`cname` FROM `ccshop_category` WHERE ( `pid` = 4 )  [ RunTime:0.000269s ]
SQL: SELECT `cname` FROM `ccshop_category` WHERE ( `cid` = 4 ) LIMIT 1   [ RunTime:0.000199s ]
SQL: SELECT `pid`,`cname`,`cid` FROM `ccshop_category` WHERE ( `cid` = 4 )  [ RunTime:0.000198s ]
SQL: SELECT `pid`,`cname`,`cid` FROM `ccshop_category` WHERE ( `cid` = 1 )  [ RunTime:0.000201s ]
INFO: [ view_parse ] --START--
INFO: ParseTemplate Behavior ::run [ RunTime:0.030404s ]
INFO: [ view_parse ] --END-- [ RunTime:0.030493s ]
INFO: [ view_filter ] --START--
INFO: ContentReplace Behavior ::run [ RunTime:0.000499s ]
INFO: TokenBuild Behavior ::run [ RunTime:0.000259s ]
INFO: WriteHtmlCache Behavior ::run [ RunTime:0.000143s ]
INFO: ShowRuntime Behavior ::run [ RunTime:0.000321s ]
INFO: [ view_filter ] --END-- [ RunTime:0.001373s ]
INFO: [ view_end ] --START--
INFO: ShowPageTrace Behavior ::run [ RunTime:0.000596s ]
INFO: [ view_end ] --END-- [ RunTime:0.000678s ]

[ 2015-09-01T10:40:12+08:00 ] 0.0.0.0 /cc-/c/5_0.html
INFO: [ route_check ] --START--
INFO: CheckRoute Behavior ::run [ RunTime:0.000822s ]
INFO: [ route_check ] --END-- [ RunTime:0.000914s ]
INFO: [ app_begin ] --START--
INFO: ReadHtmlCache Behavior ::run [ RunTime:0.000401s ]
INFO: [ app_begin ] --END-- [ RunTime:0.000465s ]
SQL: SHOW COLUMNS FROM `ccshop_category` [ RunTime:0.009377s ]
SQL: SELECT `cid`,`pid` FROM `ccshop_category`  [ RunTime:0.000268s ]
SQL: SHOW COLUMNS FROM `ccshop_goods` [ RunTime:0.001186s ]
SQL: SELECT `gid` FROM `ccshop_goods` WHERE ( `cid` IN (5) )  [ RunTime:0.000231s ]
NOTIC: [2] unlink(./App/Runtime/Temp/5450c2df11b58198fe131ccedf2576b1.php): No such file or directory /www/cc-/ThinkPHP/Lib/Driver/Cache/CacheFile.class.php 第 160 行.
SQL: SHOW COLUMNS FROM `ccshop_goods_attr` [ RunTime:0.001287s ]
NOTIC: [2] implode(): Invalid arguments passed /www/cc-/ThinkPHP/Lib/Core/Db.class.php 第 497 行.
SQL: SELECT `gtid`,`gtvalue`,`taid` FROM `ccshop_goods_attr` WHERE ( `gid` IN () ) GROUP BY gtvalue  [ RunTime:0.000353s ]
ERR: 1064:You have an error in your SQL syntax; check the manual that corresponds to your MySQL server version for the right syntax to use near ') ) GROUP BY gtvalue' at line 1
 [ SQL语句 ] : SELECT `gtid`,`gtvalue`,`taid` FROM `ccshop_goods_attr` WHERE ( `gid` IN () ) GROUP BY gtvalue 
NOTIC: [2] Invalid argument supplied for foreach() /www/cc-/App/Modules/Index/Action/ListAction.class.php 第 160 行.
NOTIC: [2] array_fill(): Number of elements must be positive /www/cc-/App/Modules/Index/Action/ListAction.class.php 第 50 行.
NOTIC: [2] Invalid argument supplied for foreach() /www/cc-/App/Modules/Index/Action/ListAction.class.php 第 57 行.
NOTIC: [2] implode(): Invalid arguments passed /www/cc-/App/Modules/Index/Action/ListAction.class.php 第 67 行.
SQL: SELECT COUNT(*) AS tp_count FROM `ccshop_goods` WHERE ( `gid` IN() ) LIMIT 1   [ RunTime:0.000198s ]
ERR: 1064:You have an error in your SQL syntax; check the manual that corresponds to your MySQL server version for the right syntax to use near ') ) LIMIT 1' at line 1
 [ SQL语句 ] : SELECT COUNT(*) AS tp_count FROM `ccshop_goods` WHERE ( `gid` IN() ) LIMIT 1  
SQL: SELECT `gid`,`gname`,`marketprice`,`shopprice`,`pic` FROM `ccshop_goods` WHERE ( `gid` IN() ) ORDER BY time DESC LIMIT 0,8   [ RunTime:0.000153s ]
ERR: 1064:You have an error in your SQL syntax; check the manual that corresponds to your MySQL server version for the right syntax to use near ') ) ORDER BY time DESC LIMIT 0,8' at line 1
 [ SQL语句 ] : SELECT `gid`,`gname`,`marketprice`,`shopprice`,`pic` FROM `ccshop_goods` WHERE ( `gid` IN() ) ORDER BY time DESC LIMIT 0,8  
NOTIC: [2] implode(): Invalid arguments passed /www/cc-/App/Modules/Index/Action/ListAction.class.php 第 92 行.
SQL: SELECT `gid`,`gname`,`pic`,`click`,`shopprice` FROM `ccshop_goods` WHERE ( `cid` = 13 ) ORDER BY rand() LIMIT 4   [ RunTime:0.000471s ]
SQL: SELECT `gid`,`gname`,`pic`,`click`,`shopprice` FROM `ccshop_goods` WHERE ( `cid` = 13 ) ORDER BY rand() LIMIT 5   [ RunTime:0.000358s ]
SQL: SELECT `cid`,`cname` FROM `ccshop_category` WHERE ( `pid` = 4 )  [ RunTime:0.000255s ]
SQL: SELECT `cname` FROM `ccshop_category` WHERE ( `cid` = 5 ) LIMIT 1   [ RunTime:0.000167s ]
SQL: SELECT `pid`,`cname`,`cid` FROM `ccshop_category` WHERE ( `cid` = 5 )  [ RunTime:0.000195s ]
SQL: SELECT `pid`,`cname`,`cid` FROM `ccshop_category` WHERE ( `cid` = 1 )  [ RunTime:0.000166s ]
INFO: [ view_parse ] --START--
INFO: ParseTemplate Behavior ::run [ RunTime:0.029005s ]
INFO: [ view_parse ] --END-- [ RunTime:0.029108s ]
INFO: [ view_filter ] --START--
INFO: ContentReplace Behavior ::run [ RunTime:0.000456s ]
INFO: TokenBuild Behavior ::run [ RunTime:0.000344s ]
INFO: WriteHtmlCache Behavior ::run [ RunTime:0.000217s ]
INFO: ShowRuntime Behavior ::run [ RunTime:0.000401s ]
INFO: [ view_filter ] --END-- [ RunTime:0.001624s ]
INFO: [ view_end ] --START--
INFO: ShowPageTrace Behavior ::run [ RunTime:0.000585s ]
INFO: [ view_end ] --END-- [ RunTime:0.000661s ]

[ 2015-09-01T10:40:15+08:00 ] 0.0.0.0 /cc-/c/4_0.html
INFO: [ route_check ] --START--
INFO: CheckRoute Behavior ::run [ RunTime:0.000680s ]
INFO: [ route_check ] --END-- [ RunTime:0.000760s ]
INFO: [ app_begin ] --START--
INFO: ReadHtmlCache Behavior ::run [ RunTime:0.000440s ]
INFO: [ app_begin ] --END-- [ RunTime:0.000511s ]
SQL: SHOW COLUMNS FROM `ccshop_goods` [ RunTime:0.009525s ]
SQL: SELECT COUNT(*) AS tp_count FROM `ccshop_goods` WHERE ( `gid` IN(21,5,6,7,8,9,10,11,12) ) LIMIT 1   [ RunTime:0.000752s ]
SQL: SELECT `gid`,`gname`,`marketprice`,`shopprice`,`pic` FROM `ccshop_goods` WHERE ( `gid` IN(21,5,6,7,8,9,10,11,12) ) ORDER BY time DESC LIMIT 0,8   [ RunTime:0.000278s ]
SQL: SELECT `gid`,`gname`,`pic`,`click`,`shopprice` FROM `ccshop_goods` WHERE ( `cid` = 13 ) ORDER BY rand() LIMIT 4   [ RunTime:0.000315s ]
SQL: SELECT `gid`,`gname`,`pic`,`click`,`shopprice` FROM `ccshop_goods` WHERE ( `cid` = 13 ) ORDER BY rand() LIMIT 5   [ RunTime:0.000309s ]
SQL: SHOW COLUMNS FROM `ccshop_category` [ RunTime:0.001451s ]
SQL: SELECT `cid`,`cname` FROM `ccshop_category` WHERE ( `pid` = 4 )  [ RunTime:0.000290s ]
SQL: SELECT `cname` FROM `ccshop_category` WHERE ( `cid` = 4 ) LIMIT 1   [ RunTime:0.000201s ]
SQL: SELECT `pid`,`cname`,`cid` FROM `ccshop_category` WHERE ( `cid` = 4 )  [ RunTime:0.000210s ]
SQL: SELECT `pid`,`cname`,`cid` FROM `ccshop_category` WHERE ( `cid` = 1 )  [ RunTime:0.000216s ]
INFO: [ view_parse ] --START--
INFO: ParseTemplate Behavior ::run [ RunTime:0.029309s ]
INFO: [ view_parse ] --END-- [ RunTime:0.029405s ]
INFO: [ view_filter ] --START--
INFO: ContentReplace Behavior ::run [ RunTime:0.000655s ]
INFO: TokenBuild Behavior ::run [ RunTime:0.000332s ]
INFO: WriteHtmlCache Behavior ::run [ RunTime:0.000170s ]
INFO: ShowRuntime Behavior ::run [ RunTime:0.000382s ]
INFO: [ view_filter ] --END-- [ RunTime:0.001727s ]
INFO: [ view_end ] --START--
INFO: ShowPageTrace Behavior ::run [ RunTime:0.000917s ]
INFO: [ view_end ] --END-- [ RunTime:0.001006s ]

[ 2015-09-01T10:40:46+08:00 ] 0.0.0.0 /cc-/c/4_165_0_0_0_0_0_0_0_0_0_0_0_0.html
INFO: [ route_check ] --START--
INFO: CheckRoute Behavior ::run [ RunTime:0.000799s ]
INFO: [ route_check ] --END-- [ RunTime:0.000888s ]
INFO: [ app_begin ] --START--
INFO: ReadHtmlCache Behavior ::run [ RunTime:0.000450s ]
INFO: [ app_begin ] --END-- [ RunTime:0.000530s ]
SQL: SELECT DISTINCT a.`gid` FROM `ccshop_goods_attr` a INNER JOIN `ccshop_goods_attr` b WHERE a.`gtvalue` = b.`gtvalue` AND b.gtid = 165 [ RunTime:0.000300s ]
SQL: SHOW COLUMNS FROM `ccshop_goods` [ RunTime:0.009458s ]
SQL: SELECT COUNT(*) AS tp_count FROM `ccshop_goods` WHERE ( `gid` IN(21,5,6,7,8,9,10,11,12) AND `gid` IN(10) ) LIMIT 1   [ RunTime:0.000412s ]
SQL: SELECT `gid`,`gname`,`marketprice`,`shopprice`,`pic` FROM `ccshop_goods` WHERE ( `gid` IN(21,5,6,7,8,9,10,11,12) AND `gid` IN(10) ) ORDER BY time DESC LIMIT 0,8   [ RunTime:0.000370s ]
SQL: SELECT `gid`,`gname`,`pic`,`click`,`shopprice` FROM `ccshop_goods` WHERE ( `cid` = 13 ) ORDER BY rand() LIMIT 4   [ RunTime:0.000393s ]
SQL: SELECT `gid`,`gname`,`pic`,`click`,`shopprice` FROM `ccshop_goods` WHERE ( `cid` = 13 ) ORDER BY rand() LIMIT 5   [ RunTime:0.000315s ]
SQL: SHOW COLUMNS FROM `ccshop_category` [ RunTime:0.001221s ]
SQL: SELECT `cid`,`cname` FROM `ccshop_category` WHERE ( `pid` = 4 )  [ RunTime:0.000278s ]
SQL: SELECT `cname` FROM `ccshop_category` WHERE ( `cid` = 4 ) LIMIT 1   [ RunTime:0.000198s ]
SQL: SELECT `pid`,`cname`,`cid` FROM `ccshop_category` WHERE ( `cid` = 4 )  [ RunTime:0.000199s ]
SQL: SELECT `pid`,`cname`,`cid` FROM `ccshop_category` WHERE ( `cid` = 1 )  [ RunTime:0.000198s ]
INFO: [ view_parse ] --START--
INFO: ParseTemplate Behavior ::run [ RunTime:0.028410s ]
INFO: [ view_parse ] --END-- [ RunTime:0.028513s ]
INFO: [ view_filter ] --START--
INFO: ContentReplace Behavior ::run [ RunTime:0.000467s ]
INFO: TokenBuild Behavior ::run [ RunTime:0.000253s ]
INFO: WriteHtmlCache Behavior ::run [ RunTime:0.000140s ]
INFO: ShowRuntime Behavior ::run [ RunTime:0.000318s ]
INFO: [ view_filter ] --END-- [ RunTime:0.001327s ]
INFO: [ view_end ] --START--
INFO: ShowPageTrace Behavior ::run [ RunTime:0.000585s ]
INFO: [ view_end ] --END-- [ RunTime:0.000654s ]

[ 2015-09-01T10:40:47+08:00 ] 0.0.0.0 /cc-/c/4_165_103_0_0_0_0_0_0_0_0_0_0_0.html
INFO: [ route_check ] --START--
INFO: CheckRoute Behavior ::run [ RunTime:0.000783s ]
INFO: [ route_check ] --END-- [ RunTime:0.000877s ]
INFO: [ app_begin ] --START--
INFO: ReadHtmlCache Behavior ::run [ RunTime:0.000409s ]
INFO: [ app_begin ] --END-- [ RunTime:0.000474s ]
SQL: SELECT DISTINCT a.`gid` FROM `ccshop_goods_attr` a INNER JOIN `ccshop_goods_attr` b WHERE a.`gtvalue` = b.`gtvalue` AND b.gtid = 165 [ RunTime:0.000427s ]
SQL: SELECT DISTINCT a.`gid` FROM `ccshop_goods_attr` a INNER JOIN `ccshop_goods_attr` b WHERE a.`gtvalue` = b.`gtvalue` AND b.gtid = 103 [ RunTime:0.000333s ]
SQL: SHOW COLUMNS FROM `ccshop_goods` [ RunTime:0.009930s ]
SQL: SELECT COUNT(*) AS tp_count FROM `ccshop_goods` WHERE ( `gid` IN(21,5,6,7,8,9,10,11,12) AND `gid` IN(10) AND `gid` IN(1,3,4,6,9,12,100,17) ) LIMIT 1   [ RunTime:0.000405s ]
SQL: SELECT `gid`,`gname`,`marketprice`,`shopprice`,`pic` FROM `ccshop_goods` WHERE ( `gid` IN(21,5,6,7,8,9,10,11,12) AND `gid` IN(10) AND `gid` IN(1,3,4,6,9,12,100,17) ) ORDER BY time DESC LIMIT 0,8   [ RunTime:0.000258s ]
SQL: SELECT `gid`,`gname`,`pic`,`click`,`shopprice` FROM `ccshop_goods` WHERE ( `cid` = 13 ) ORDER BY rand() LIMIT 4   [ RunTime:0.000456s ]
SQL: SELECT `gid`,`gname`,`pic`,`click`,`shopprice` FROM `ccshop_goods` WHERE ( `cid` = 13 ) ORDER BY rand() LIMIT 5   [ RunTime:0.000392s ]
SQL: SHOW COLUMNS FROM `ccshop_category` [ RunTime:0.001153s ]
SQL: SELECT `cid`,`cname` FROM `ccshop_category` WHERE ( `pid` = 4 )  [ RunTime:0.000281s ]
SQL: SELECT `cname` FROM `ccshop_category` WHERE ( `cid` = 4 ) LIMIT 1   [ RunTime:0.000394s ]
SQL: SELECT `pid`,`cname`,`cid` FROM `ccshop_category` WHERE ( `cid` = 4 )  [ RunTime:0.000238s ]
SQL: SELECT `pid`,`cname`,`cid` FROM `ccshop_category` WHERE ( `cid` = 1 )  [ RunTime:0.000205s ]
INFO: [ view_parse ] --START--
INFO: ParseTemplate Behavior ::run [ RunTime:0.027616s ]
INFO: [ view_parse ] --END-- [ RunTime:0.027698s ]
INFO: [ view_filter ] --START--
INFO: ContentReplace Behavior ::run [ RunTime:0.000464s ]
INFO: TokenBuild Behavior ::run [ RunTime:0.000253s ]
INFO: WriteHtmlCache Behavior ::run [ RunTime:0.000205s ]
INFO: ShowRuntime Behavior ::run [ RunTime:0.000317s ]
INFO: [ view_filter ] --END-- [ RunTime:0.001390s ]
INFO: [ view_end ] --START--
INFO: ShowPageTrace Behavior ::run [ RunTime:0.000527s ]
INFO: [ view_end ] --END-- [ RunTime:0.000605s ]

[ 2015-09-01T10:40:49+08:00 ] 0.0.0.0 /cc-/c/4_0_103_0_0_0_0_0_0_0_0_0_0_0.html
INFO: [ route_check ] --START--
INFO: CheckRoute Behavior ::run [ RunTime:0.000696s ]
INFO: [ route_check ] --END-- [ RunTime:0.000802s ]
INFO: [ app_begin ] --START--
INFO: ReadHtmlCache Behavior ::run [ RunTime:0.000412s ]
INFO: [ app_begin ] --END-- [ RunTime:0.000479s ]
SQL: SELECT DISTINCT a.`gid` FROM `ccshop_goods_attr` a INNER JOIN `ccshop_goods_attr` b WHERE a.`gtvalue` = b.`gtvalue` AND b.gtid = 103 [ RunTime:0.000381s ]
SQL: SHOW COLUMNS FROM `ccshop_goods` [ RunTime:0.009702s ]
SQL: SELECT COUNT(*) AS tp_count FROM `ccshop_goods` WHERE ( `gid` IN(21,5,6,7,8,9,10,11,12) AND `gid` IN(1,3,4,6,9,12,100,17) ) LIMIT 1   [ RunTime:0.001009s ]
SQL: SELECT `gid`,`gname`,`marketprice`,`shopprice`,`pic` FROM `ccshop_goods` WHERE ( `gid` IN(21,5,6,7,8,9,10,11,12) AND `gid` IN(1,3,4,6,9,12,100,17) ) ORDER BY time DESC LIMIT 0,8   [ RunTime:0.000400s ]
SQL: SELECT `gid`,`gname`,`pic`,`click`,`shopprice` FROM `ccshop_goods` WHERE ( `cid` = 13 ) ORDER BY rand() LIMIT 4   [ RunTime:0.000480s ]
SQL: SELECT `gid`,`gname`,`pic`,`click`,`shopprice` FROM `ccshop_goods` WHERE ( `cid` = 13 ) ORDER BY rand() LIMIT 5   [ RunTime:0.000392s ]
SQL: SHOW COLUMNS FROM `ccshop_category` [ RunTime:0.001573s ]
SQL: SELECT `cid`,`cname` FROM `ccshop_category` WHERE ( `pid` = 4 )  [ RunTime:0.000354s ]
SQL: SELECT `cname` FROM `ccshop_category` WHERE ( `cid` = 4 ) LIMIT 1   [ RunTime:0.000185s ]
SQL: SELECT `pid`,`cname`,`cid` FROM `ccshop_category` WHERE ( `cid` = 4 )  [ RunTime:0.000204s ]
SQL: SELECT `pid`,`cname`,`cid` FROM `ccshop_category` WHERE ( `cid` = 1 )  [ RunTime:0.000200s ]
INFO: [ view_parse ] --START--
INFO: ParseTemplate Behavior ::run [ RunTime:0.030679s ]
INFO: [ view_parse ] --END-- [ RunTime:0.030769s ]
INFO: [ view_filter ] --START--
INFO: ContentReplace Behavior ::run [ RunTime:0.000705s ]
INFO: TokenBuild Behavior ::run [ RunTime:0.000518s ]
INFO: WriteHtmlCache Behavior ::run [ RunTime:0.000209s ]
INFO: ShowRuntime Behavior ::run [ RunTime:0.000389s ]
INFO: [ view_filter ] --END-- [ RunTime:0.002031s ]
INFO: [ view_end ] --START--
INFO: ShowPageTrace Behavior ::run [ RunTime:0.000632s ]
INFO: [ view_end ] --END-- [ RunTime:0.000719s ]

[ 2015-09-01T10:40:50+08:00 ] 0.0.0.0 /cc-/c/4_0_0_0_0_0_0_0_0_0_0_0_0_0.html
INFO: [ route_check ] --START--
INFO: CheckRoute Behavior ::run [ RunTime:0.000815s ]
INFO: [ route_check ] --END-- [ RunTime:0.000909s ]
INFO: [ app_begin ] --START--
INFO: ReadHtmlCache Behavior ::run [ RunTime:0.000470s ]
INFO: [ app_begin ] --END-- [ RunTime:0.000552s ]
SQL: SHOW COLUMNS FROM `ccshop_goods` [ RunTime:0.009741s ]
SQL: SELECT COUNT(*) AS tp_count FROM `ccshop_goods` WHERE ( `gid` IN(21,5,6,7,8,9,10,11,12) ) LIMIT 1   [ RunTime:0.000452s ]
SQL: SELECT `gid`,`gname`,`marketprice`,`shopprice`,`pic` FROM `ccshop_goods` WHERE ( `gid` IN(21,5,6,7,8,9,10,11,12) ) ORDER BY time DESC LIMIT 0,8   [ RunTime:0.000399s ]
SQL: SELECT `gid`,`gname`,`pic`,`click`,`shopprice` FROM `ccshop_goods` WHERE ( `cid` = 13 ) ORDER BY rand() LIMIT 4   [ RunTime:0.000339s ]
SQL: SELECT `gid`,`gname`,`pic`,`click`,`shopprice` FROM `ccshop_goods` WHERE ( `cid` = 13 ) ORDER BY rand() LIMIT 5   [ RunTime:0.000372s ]
SQL: SHOW COLUMNS FROM `ccshop_category` [ RunTime:0.001439s ]
SQL: SELECT `cid`,`cname` FROM `ccshop_category` WHERE ( `pid` = 4 )  [ RunTime:0.000527s ]
SQL: SELECT `cname` FROM `ccshop_category` WHERE ( `cid` = 4 ) LIMIT 1   [ RunTime:0.000272s ]
SQL: SELECT `pid`,`cname`,`cid` FROM `ccshop_category` WHERE ( `cid` = 4 )  [ RunTime:0.000266s ]
SQL: SELECT `pid`,`cname`,`cid` FROM `ccshop_category` WHERE ( `cid` = 1 )  [ RunTime:0.000200s ]
INFO: [ view_parse ] --START--
INFO: ParseTemplate Behavior ::run [ RunTime:0.030949s ]
INFO: [ view_parse ] --END-- [ RunTime:0.031077s ]
INFO: [ view_filter ] --START--
INFO: ContentReplace Behavior ::run [ RunTime:0.001323s ]
INFO: TokenBuild Behavior ::run [ RunTime:0.000349s ]
INFO: WriteHtmlCache Behavior ::run [ RunTime:0.000206s ]
INFO: ShowRuntime Behavior ::run [ RunTime:0.000369s ]
INFO: [ view_filter ] --END-- [ RunTime:0.002450s ]
INFO: [ view_end ] --START--
INFO: ShowPageTrace Behavior ::run [ RunTime:0.000568s ]
INFO: [ view_end ] --END-- [ RunTime:0.000646s ]

[ 2015-09-01T10:41:37+08:00 ] 0.0.0.0 /cc-/c/4_86_0_0_0_0_0_0_0_0_0_0_0_0.html
INFO: [ route_check ] --START--
INFO: CheckRoute Behavior ::run [ RunTime:0.000763s ]
INFO: [ route_check ] --END-- [ RunTime:0.000855s ]
INFO: [ app_begin ] --START--
INFO: ReadHtmlCache Behavior ::run [ RunTime:0.000488s ]
INFO: [ app_begin ] --END-- [ RunTime:0.000555s ]
SQL: SELECT DISTINCT a.`gid` FROM `ccshop_goods_attr` a INNER JOIN `ccshop_goods_attr` b WHERE a.`gtvalue` = b.`gtvalue` AND b.gtid = 86 [ RunTime:0.000345s ]
SQL: SHOW COLUMNS FROM `ccshop_goods` [ RunTime:0.011123s ]
SQL: SELECT COUNT(*) AS tp_count FROM `ccshop_goods` WHERE ( `gid` IN(21,5,6,7,8,9,10,11,12) AND `gid` IN(5) ) LIMIT 1   [ RunTime:0.000334s ]
SQL: SELECT `gid`,`gname`,`marketprice`,`shopprice`,`pic` FROM `ccshop_goods` WHERE ( `gid` IN(21,5,6,7,8,9,10,11,12) AND `gid` IN(5) ) ORDER BY time DESC LIMIT 0,8   [ RunTime:0.000243s ]
SQL: SELECT `gid`,`gname`,`pic`,`click`,`shopprice` FROM `ccshop_goods` WHERE ( `cid` = 13 ) ORDER BY rand() LIMIT 4   [ RunTime:0.000337s ]
SQL: SELECT `gid`,`gname`,`pic`,`click`,`shopprice` FROM `ccshop_goods` WHERE ( `cid` = 13 ) ORDER BY rand() LIMIT 5   [ RunTime:0.000305s ]
SQL: SHOW COLUMNS FROM `ccshop_category` [ RunTime:0.001176s ]
SQL: SELECT `cid`,`cname` FROM `ccshop_category` WHERE ( `pid` = 4 )  [ RunTime:0.000268s ]
SQL: SELECT `cname` FROM `ccshop_category` WHERE ( `cid` = 4 ) LIMIT 1   [ RunTime:0.000203s ]
SQL: SELECT `pid`,`cname`,`cid` FROM `ccshop_category` WHERE ( `cid` = 4 )  [ RunTime:0.000201s ]
SQL: SELECT `pid`,`cname`,`cid` FROM `ccshop_category` WHERE ( `cid` = 1 )  [ RunTime:0.000262s ]
INFO: [ view_parse ] --START--
INFO: ParseTemplate Behavior ::run [ RunTime:0.034135s ]
INFO: [ view_parse ] --END-- [ RunTime:0.034264s ]
INFO: [ view_filter ] --START--
INFO: ContentReplace Behavior ::run [ RunTime:0.000623s ]
INFO: TokenBuild Behavior ::run [ RunTime:0.000328s ]
INFO: WriteHtmlCache Behavior ::run [ RunTime:0.000183s ]
INFO: ShowRuntime Behavior ::run [ RunTime:0.000399s ]
INFO: [ view_filter ] --END-- [ RunTime:0.001720s ]
INFO: [ view_end ] --START--
INFO: ShowPageTrace Behavior ::run [ RunTime:0.000678s ]
INFO: [ view_end ] --END-- [ RunTime:0.000768s ]

[ 2015-09-01T10:41:40+08:00 ] 0.0.0.0 /cc-/c/4_86_0_173_0_0_0_0_0_0_0_0_0_0.html
INFO: [ route_check ] --START--
INFO: CheckRoute Behavior ::run [ RunTime:0.000714s ]
INFO: [ route_check ] --END-- [ RunTime:0.000797s ]
INFO: [ app_begin ] --START--
INFO: ReadHtmlCache Behavior ::run [ RunTime:0.000389s ]
INFO: [ app_begin ] --END-- [ RunTime:0.000451s ]
SQL: SELECT DISTINCT a.`gid` FROM `ccshop_goods_attr` a INNER JOIN `ccshop_goods_attr` b WHERE a.`gtvalue` = b.`gtvalue` AND b.gtid = 86 [ RunTime:0.000845s ]
SQL: SELECT DISTINCT a.`gid` FROM `ccshop_goods_attr` a INNER JOIN `ccshop_goods_attr` b WHERE a.`gtvalue` = b.`gtvalue` AND b.gtid = 173 [ RunTime:0.000410s ]
SQL: SHOW COLUMNS FROM `ccshop_goods` [ RunTime:0.011112s ]
SQL: SELECT COUNT(*) AS tp_count FROM `ccshop_goods` WHERE ( `gid` IN(21,5,6,7,8,9,10,11,12) AND `gid` IN(5) AND `gid` IN(11) ) LIMIT 1   [ RunTime:0.000370s ]
SQL: SELECT `gid`,`gname`,`marketprice`,`shopprice`,`pic` FROM `ccshop_goods` WHERE ( `gid` IN(21,5,6,7,8,9,10,11,12) AND `gid` IN(5) AND `gid` IN(11) ) ORDER BY time DESC LIMIT 0,8   [ RunTime:0.000399s ]
SQL: SELECT `gid`,`gname`,`pic`,`click`,`shopprice` FROM `ccshop_goods` WHERE ( `cid` = 13 ) ORDER BY rand() LIMIT 4   [ RunTime:0.000959s ]
SQL: SELECT `gid`,`gname`,`pic`,`click`,`shopprice` FROM `ccshop_goods` WHERE ( `cid` = 13 ) ORDER BY rand() LIMIT 5   [ RunTime:0.000374s ]
SQL: SHOW COLUMNS FROM `ccshop_category` [ RunTime:0.001257s ]
SQL: SELECT `cid`,`cname` FROM `ccshop_category` WHERE ( `pid` = 4 )  [ RunTime:0.000298s ]
SQL: SELECT `cname` FROM `ccshop_category` WHERE ( `cid` = 4 ) LIMIT 1   [ RunTime:0.000200s ]
SQL: SELECT `pid`,`cname`,`cid` FROM `ccshop_category` WHERE ( `cid` = 4 )  [ RunTime:0.000202s ]
SQL: SELECT `pid`,`cname`,`cid` FROM `ccshop_category` WHERE ( `cid` = 1 )  [ RunTime:0.000199s ]
INFO: [ view_parse ] --START--
INFO: ParseTemplate Behavior ::run [ RunTime:0.031765s ]
INFO: [ view_parse ] --END-- [ RunTime:0.031853s ]
INFO: [ view_filter ] --START--
INFO: ContentReplace Behavior ::run [ RunTime:0.000518s ]
INFO: TokenBuild Behavior ::run [ RunTime:0.000327s ]
INFO: WriteHtmlCache Behavior ::run [ RunTime:0.000164s ]
INFO: ShowRuntime Behavior ::run [ RunTime:0.000362s ]
INFO: [ view_filter ] --END-- [ RunTime:0.001536s ]
INFO: [ view_end ] --START--
INFO: ShowPageTrace Behavior ::run [ RunTime:0.000583s ]
INFO: [ view_end ] --END-- [ RunTime:0.000659s ]

[ 2015-09-01T10:41:57+08:00 ] 0.0.0.0 /cc-/c/4_86_89_173_0_0_0_0_0_0_0_0_0_0.html
INFO: [ route_check ] --START--
INFO: CheckRoute Behavior ::run [ RunTime:0.000758s ]
INFO: [ route_check ] --END-- [ RunTime:0.000841s ]
INFO: [ app_begin ] --START--
INFO: ReadHtmlCache Behavior ::run [ RunTime:0.000381s ]
INFO: [ app_begin ] --END-- [ RunTime:0.000443s ]
SQL: SELECT DISTINCT a.`gid` FROM `ccshop_goods_attr` a INNER JOIN `ccshop_goods_attr` b WHERE a.`gtvalue` = b.`gtvalue` AND b.gtid = 86 [ RunTime:0.000353s ]
SQL: SELECT DISTINCT a.`gid` FROM `ccshop_goods_attr` a INNER JOIN `ccshop_goods_attr` b WHERE a.`gtvalue` = b.`gtvalue` AND b.gtid = 89 [ RunTime:0.000334s ]
SQL: SELECT DISTINCT a.`gid` FROM `ccshop_goods_attr` a INNER JOIN `ccshop_goods_attr` b WHERE a.`gtvalue` = b.`gtvalue` AND b.gtid = 173 [ RunTime:0.000337s ]
SQL: SHOW COLUMNS FROM `ccshop_goods` [ RunTime:0.010203s ]
SQL: SELECT COUNT(*) AS tp_count FROM `ccshop_goods` WHERE ( `gid` IN(21,5,6,7,8,9,10,11,12) AND `gid` IN(5) AND `gid` IN(1,3,4,5,6,10,15) AND `gid` IN(11) ) LIMIT 1   [ RunTime:0.000466s ]
SQL: SELECT `gid`,`gname`,`marketprice`,`shopprice`,`pic` FROM `ccshop_goods` WHERE ( `gid` IN(21,5,6,7,8,9,10,11,12) AND `gid` IN(5) AND `gid` IN(1,3,4,5,6,10,15) AND `gid` IN(11) ) ORDER BY time DESC LIMIT 0,8   [ RunTime:0.000231s ]
SQL: SELECT `gid`,`gname`,`pic`,`click`,`shopprice` FROM `ccshop_goods` WHERE ( `cid` = 13 ) ORDER BY rand() LIMIT 4   [ RunTime:0.000454s ]
SQL: SELECT `gid`,`gname`,`pic`,`click`,`shopprice` FROM `ccshop_goods` WHERE ( `cid` = 13 ) ORDER BY rand() LIMIT 5   [ RunTime:0.000330s ]
SQL: SHOW COLUMNS FROM `ccshop_category` [ RunTime:0.001951s ]
SQL: SELECT `cid`,`cname` FROM `ccshop_category` WHERE ( `pid` = 4 )  [ RunTime:0.000369s ]
SQL: SELECT `cname` FROM `ccshop_category` WHERE ( `cid` = 4 ) LIMIT 1   [ RunTime:0.000231s ]
SQL: SELECT `pid`,`cname`,`cid` FROM `ccshop_category` WHERE ( `cid` = 4 )  [ RunTime:0.000256s ]
SQL: SELECT `pid`,`cname`,`cid` FROM `ccshop_category` WHERE ( `cid` = 1 )  [ RunTime:0.000205s ]
INFO: [ view_parse ] --START--
INFO: ParseTemplate Behavior ::run [ RunTime:0.033941s ]
INFO: [ view_parse ] --END-- [ RunTime:0.034026s ]
INFO: [ view_filter ] --START--
INFO: ContentReplace Behavior ::run [ RunTime:0.000613s ]
INFO: TokenBuild Behavior ::run [ RunTime:0.000269s ]
INFO: WriteHtmlCache Behavior ::run [ RunTime:0.000151s ]
INFO: ShowRuntime Behavior ::run [ RunTime:0.000334s ]
INFO: [ view_filter ] --END-- [ RunTime:0.001521s ]
INFO: [ view_end ] --START--
INFO: ShowPageTrace Behavior ::run [ RunTime:0.000555s ]
INFO: [ view_end ] --END-- [ RunTime:0.000631s ]

[ 2015-09-01T10:44:13+08:00 ] 0.0.0.0 /cc-/c/4_0.html
INFO: [ route_check ] --START--
INFO: CheckRoute Behavior ::run [ RunTime:0.000735s ]
INFO: [ route_check ] --END-- [ RunTime:0.000829s ]
INFO: [ app_begin ] --START--
INFO: ReadHtmlCache Behavior ::run [ RunTime:0.000480s ]
INFO: [ app_begin ] --END-- [ RunTime:0.000549s ]
SQL: SHOW COLUMNS FROM `ccshop_goods` [ RunTime:0.010111s ]
SQL: SELECT COUNT(*) AS tp_count FROM `ccshop_goods` WHERE ( `gid` IN(21,5,6,7,8,9,10,11,12) ) LIMIT 1   [ RunTime:0.000423s ]
SQL: SELECT `gid`,`gname`,`marketprice`,`shopprice`,`pic` FROM `ccshop_goods` WHERE ( `gid` IN(21,5,6,7,8,9,10,11,12) ) ORDER BY time DESC LIMIT 0,8   [ RunTime:0.000406s ]
SQL: SELECT `gid`,`gname`,`pic`,`click`,`shopprice` FROM `ccshop_goods` WHERE ( `cid` = 13 ) ORDER BY rand() LIMIT 4   [ RunTime:0.000356s ]
SQL: SELECT `gid`,`gname`,`pic`,`click`,`shopprice` FROM `ccshop_goods` WHERE ( `cid` = 13 ) ORDER BY rand() LIMIT 5   [ RunTime:0.000320s ]
SQL: SHOW COLUMNS FROM `ccshop_category` [ RunTime:0.001145s ]
SQL: SELECT `cid`,`cname` FROM `ccshop_category` WHERE ( `pid` = 4 )  [ RunTime:0.000250s ]
SQL: SELECT `cname` FROM `ccshop_category` WHERE ( `cid` = 4 ) LIMIT 1   [ RunTime:0.000201s ]
SQL: SELECT `pid`,`cname`,`cid` FROM `ccshop_category` WHERE ( `cid` = 4 )  [ RunTime:0.000167s ]
SQL: SELECT `pid`,`cname`,`cid` FROM `ccshop_category` WHERE ( `cid` = 1 )  [ RunTime:0.000229s ]
INFO: [ view_parse ] --START--
INFO: ParseTemplate Behavior ::run [ RunTime:0.031551s ]
INFO: [ view_parse ] --END-- [ RunTime:0.031636s ]
INFO: [ view_filter ] --START--
INFO: ContentReplace Behavior ::run [ RunTime:0.000534s ]
INFO: TokenBuild Behavior ::run [ RunTime:0.000281s ]
INFO: WriteHtmlCache Behavior ::run [ RunTime:0.000158s ]
INFO: ShowRuntime Behavior ::run [ RunTime:0.000401s ]
INFO: [ view_filter ] --END-- [ RunTime:0.001533s ]
INFO: [ view_end ] --START--
INFO: ShowPageTrace Behavior ::run [ RunTime:0.000557s ]
INFO: [ view_end ] --END-- [ RunTime:0.000646s ]

[ 2015-09-01T11:18:12+08:00 ] 0.0.0.0 /cc-/c/4_165_0_0_0_0_0_0_0_0_0_0_0_0.html
INFO: [ route_check ] --START--
INFO: CheckRoute Behavior ::run [ RunTime:0.000874s ]
INFO: [ route_check ] --END-- [ RunTime:0.000979s ]
INFO: [ app_begin ] --START--
INFO: ReadHtmlCache Behavior ::run [ RunTime:0.000422s ]
INFO: [ app_begin ] --END-- [ RunTime:0.000491s ]
SQL: SELECT DISTINCT a.`gid` FROM `ccshop_goods_attr` a INNER JOIN `ccshop_goods_attr` b WHERE a.`gtvalue` = b.`gtvalue` AND b.gtid = 165 [ RunTime:0.000393s ]
SQL: SHOW COLUMNS FROM `ccshop_goods` [ RunTime:0.001439s ]
SQL: SELECT COUNT(*) AS tp_count FROM `ccshop_goods` WHERE ( `gid` IN(21,5,6,7,8,9,10,11,12) AND `gid` IN(10) ) LIMIT 1   [ RunTime:0.000243s ]
SQL: SELECT `gid`,`gname`,`marketprice`,`shopprice`,`pic` FROM `ccshop_goods` WHERE ( `gid` IN(21,5,6,7,8,9,10,11,12) AND `gid` IN(10) ) ORDER BY time DESC LIMIT 0,8   [ RunTime:0.000231s ]
SQL: SELECT `gid`,`gname`,`pic`,`click`,`shopprice` FROM `ccshop_goods` WHERE ( `cid` = 13 ) ORDER BY rand() LIMIT 4   [ RunTime:0.000329s ]
SQL: SELECT `gid`,`gname`,`pic`,`click`,`shopprice` FROM `ccshop_goods` WHERE ( `cid` = 13 ) ORDER BY rand() LIMIT 5   [ RunTime:0.000316s ]
SQL: SHOW COLUMNS FROM `ccshop_category` [ RunTime:0.001182s ]
SQL: SELECT `cid`,`cname` FROM `ccshop_category` WHERE ( `pid` = 4 )  [ RunTime:0.000259s ]
SQL: SELECT `cname` FROM `ccshop_category` WHERE ( `cid` = 4 ) LIMIT 1   [ RunTime:0.000207s ]
SQL: SELECT `pid`,`cname`,`cid` FROM `ccshop_category` WHERE ( `cid` = 4 )  [ RunTime:0.000243s ]
SQL: SELECT `pid`,`cname`,`cid` FROM `ccshop_category` WHERE ( `cid` = 1 )  [ RunTime:0.000220s ]
INFO: [ view_parse ] --START--
INFO: ParseTemplate Behavior ::run [ RunTime:0.033733s ]
INFO: [ view_parse ] --END-- [ RunTime:0.033823s ]
INFO: [ view_filter ] --START--
INFO: ContentReplace Behavior ::run [ RunTime:0.000911s ]
INFO: TokenBuild Behavior ::run [ RunTime:0.000947s ]
INFO: WriteHtmlCache Behavior ::run [ RunTime:0.000356s ]
INFO: ShowRuntime Behavior ::run [ RunTime:0.001014s ]
INFO: [ view_filter ] --END-- [ RunTime:0.003570s ]
INFO: [ view_end ] --START--
INFO: ShowPageTrace Behavior ::run [ RunTime:0.000721s ]
INFO: [ view_end ] --END-- [ RunTime:0.000837s ]

[ 2015-09-01T11:18:13+08:00 ] 0.0.0.0 /cc-/c/4_165_89_0_0_0_0_0_0_0_0_0_0_0.html
INFO: [ route_check ] --START--
INFO: CheckRoute Behavior ::run [ RunTime:0.001244s ]
INFO: [ route_check ] --END-- [ RunTime:0.001361s ]
INFO: [ app_begin ] --START--
INFO: ReadHtmlCache Behavior ::run [ RunTime:0.000734s ]
INFO: [ app_begin ] --END-- [ RunTime:0.001088s ]
SQL: SELECT DISTINCT a.`gid` FROM `ccshop_goods_attr` a INNER JOIN `ccshop_goods_attr` b WHERE a.`gtvalue` = b.`gtvalue` AND b.gtid = 165 [ RunTime:0.000307s ]
SQL: SELECT DISTINCT a.`gid` FROM `ccshop_goods_attr` a INNER JOIN `ccshop_goods_attr` b WHERE a.`gtvalue` = b.`gtvalue` AND b.gtid = 89 [ RunTime:0.000306s ]
SQL: SHOW COLUMNS FROM `ccshop_goods` [ RunTime:0.008703s ]
SQL: SELECT COUNT(*) AS tp_count FROM `ccshop_goods` WHERE ( `gid` IN(21,5,6,7,8,9,10,11,12) AND `gid` IN(10) AND `gid` IN(1,3,4,5,6,10,15) ) LIMIT 1   [ RunTime:0.000251s ]
SQL: SELECT `gid`,`gname`,`marketprice`,`shopprice`,`pic` FROM `ccshop_goods` WHERE ( `gid` IN(21,5,6,7,8,9,10,11,12) AND `gid` IN(10) AND `gid` IN(1,3,4,5,6,10,15) ) ORDER BY time DESC LIMIT 0,8   [ RunTime:0.000229s ]
SQL: SELECT `gid`,`gname`,`pic`,`click`,`shopprice` FROM `ccshop_goods` WHERE ( `cid` = 13 ) ORDER BY rand() LIMIT 4   [ RunTime:0.000439s ]
SQL: SELECT `gid`,`gname`,`pic`,`click`,`shopprice` FROM `ccshop_goods` WHERE ( `cid` = 13 ) ORDER BY rand() LIMIT 5   [ RunTime:0.000355s ]
SQL: SHOW COLUMNS FROM `ccshop_category` [ RunTime:0.000958s ]
SQL: SELECT `cid`,`cname` FROM `ccshop_category` WHERE ( `pid` = 4 )  [ RunTime:0.000259s ]
SQL: SELECT `cname` FROM `ccshop_category` WHERE ( `cid` = 4 ) LIMIT 1   [ RunTime:0.000202s ]
SQL: SELECT `pid`,`cname`,`cid` FROM `ccshop_category` WHERE ( `cid` = 4 )  [ RunTime:0.000199s ]
SQL: SELECT `pid`,`cname`,`cid` FROM `ccshop_category` WHERE ( `cid` = 1 )  [ RunTime:0.000200s ]
INFO: [ view_parse ] --START--
INFO: ParseTemplate Behavior ::run [ RunTime:0.029135s ]
INFO: [ view_parse ] --END-- [ RunTime:0.029221s ]
INFO: [ view_filter ] --START--
INFO: ContentReplace Behavior ::run [ RunTime:0.000499s ]
INFO: TokenBuild Behavior ::run [ RunTime:0.000261s ]
INFO: WriteHtmlCache Behavior ::run [ RunTime:0.000144s ]
INFO: ShowRuntime Behavior ::run [ RunTime:0.000320s ]
INFO: [ view_filter ] --END-- [ RunTime:0.001373s ]
INFO: [ view_end ] --START--
INFO: ShowPageTrace Behavior ::run [ RunTime:0.000515s ]
INFO: [ view_end ] --END-- [ RunTime:0.000587s ]

[ 2015-09-01T11:57:18+08:00 ] 0.0.0.0 /cc-/c/4_165_89_79_0_0_0_0_0_0_0_0_0_0.html
INFO: [ route_check ] --START--
INFO: CheckRoute Behavior ::run [ RunTime:0.000708s ]
INFO: [ route_check ] --END-- [ RunTime:0.000789s ]
INFO: [ app_begin ] --START--
INFO: ReadHtmlCache Behavior ::run [ RunTime:0.000551s ]
INFO: [ app_begin ] --END-- [ RunTime:0.000641s ]
SQL: SHOW COLUMNS FROM `ccshop_category` [ RunTime:0.001436s ]
SQL: SELECT `cid`,`pid` FROM `ccshop_category`  [ RunTime:0.000281s ]
NOTIC: [8] Undefined index: id /www/cc-/App/Lib/Class/Unlimited.class.php 第 125 行.
NOTIC: [8] Undefined index: id /www/cc-/App/Lib/Class/Unlimited.class.php 第 125 行.
NOTIC: [8] Undefined index: id /www/cc-/App/Lib/Class/Unlimited.class.php 第 125 行.
NOTIC: [8] Undefined index: id /www/cc-/App/Lib/Class/Unlimited.class.php 第 125 行.
NOTIC: [8] Undefined index: id /www/cc-/App/Lib/Class/Unlimited.class.php 第 125 行.
NOTIC: [8] Undefined index: id /www/cc-/App/Lib/Class/Unlimited.class.php 第 125 行.
NOTIC: [8] Undefined index: id /www/cc-/App/Lib/Class/Unlimited.class.php 第 125 行.
NOTIC: [8] Undefined index: id /www/cc-/App/Lib/Class/Unlimited.class.php 第 125 行.
NOTIC: [8] Undefined index: id /www/cc-/App/Lib/Class/Unlimited.class.php 第 125 行.
NOTIC: [8] Undefined index: id /www/cc-/App/Lib/Class/Unlimited.class.php 第 125 行.
NOTIC: [8] Undefined index: id /www/cc-/App/Lib/Class/Unlimited.class.php 第 125 行.
NOTIC: [8] Undefined index: id /www/cc-/App/Lib/Class/Unlimited.class.php 第 125 行.
NOTIC: [8] Undefined index: id /www/cc-/App/Lib/Class/Unlimited.class.php 第 125 行.
NOTIC: [8] Undefined index: id /www/cc-/App/Lib/Class/Unlimited.class.php 第 125 行.
NOTIC: [8] Undefined index: id /www/cc-/App/Lib/Class/Unlimited.class.php 第 125 行.
NOTIC: [8] Undefined index: id /www/cc-/App/Lib/Class/Unlimited.class.php 第 125 行.
SQL: SHOW COLUMNS FROM `ccshop_goods` [ RunTime:0.001034s ]
SQL: SELECT `gid` FROM `ccshop_goods` WHERE ( `cid` IN ('13','14','15','16','17','18','19','20','21','22','23','24','25','26','27','28',4) )  [ RunTime:0.000259s ]
SQL: SHOW COLUMNS FROM `ccshop_goods_attr` [ RunTime:0.001187s ]
SQL: SELECT `gtid`,`gtvalue`,`taid` FROM `ccshop_goods_attr` WHERE ( `gid` IN ('21','5','6','7','8','9','10','11','12') ) GROUP BY gtvalue  [ RunTime:0.000708s ]
SQL: SHOW COLUMNS FROM `ccshop_type_attr` [ RunTime:0.001013s ]
SQL: SELECT `taname` FROM `ccshop_type_attr` WHERE ( `taid` = 12 ) LIMIT 1   [ RunTime:0.000253s ]
SQL: SELECT `taname` FROM `ccshop_type_attr` WHERE ( `taid` = 13 ) LIMIT 1   [ RunTime:0.000179s ]
SQL: SELECT `taname` FROM `ccshop_type_attr` WHERE ( `taid` = 5 ) LIMIT 1   [ RunTime:0.000177s ]
SQL: SELECT `taname` FROM `ccshop_type_attr` WHERE ( `taid` = 1 ) LIMIT 1   [ RunTime:0.000179s ]
SQL: SELECT `taname` FROM `ccshop_type_attr` WHERE ( `taid` = 3 ) LIMIT 1   [ RunTime:0.000210s ]
SQL: SELECT `taname` FROM `ccshop_type_attr` WHERE ( `taid` = 6 ) LIMIT 1   [ RunTime:0.000172s ]
SQL: SELECT `taname` FROM `ccshop_type_attr` WHERE ( `taid` = 2 ) LIMIT 1   [ RunTime:0.000172s ]
SQL: SELECT `taname` FROM `ccshop_type_attr` WHERE ( `taid` = 7 ) LIMIT 1   [ RunTime:0.000166s ]
SQL: SELECT `taname` FROM `ccshop_type_attr` WHERE ( `taid` = 8 ) LIMIT 1   [ RunTime:0.000211s ]
SQL: SELECT `taname` FROM `ccshop_type_attr` WHERE ( `taid` = 4 ) LIMIT 1   [ RunTime:0.000166s ]
SQL: SELECT `taname` FROM `ccshop_type_attr` WHERE ( `taid` = 9 ) LIMIT 1   [ RunTime:0.000242s ]
SQL: SELECT `taname` FROM `ccshop_type_attr` WHERE ( `taid` = 10 ) LIMIT 1   [ RunTime:0.000242s ]
SQL: SELECT `taname` FROM `ccshop_type_attr` WHERE ( `taid` = 11 ) LIMIT 1   [ RunTime:0.000186s ]
SQL: SELECT DISTINCT a.`gid` FROM `ccshop_goods_attr` a INNER JOIN `ccshop_goods_attr` b WHERE a.`gtvalue` = b.`gtvalue` AND b.gtid = 165 [ RunTime:0.000320s ]
SQL: SELECT DISTINCT a.`gid` FROM `ccshop_goods_attr` a INNER JOIN `ccshop_goods_attr` b WHERE a.`gtvalue` = b.`gtvalue` AND b.gtid = 89 [ RunTime:0.000298s ]
SQL: SELECT DISTINCT a.`gid` FROM `ccshop_goods_attr` a INNER JOIN `ccshop_goods_attr` b WHERE a.`gtvalue` = b.`gtvalue` AND b.gtid = 79 [ RunTime:0.000244s ]
SQL: SELECT COUNT(*) AS tp_count FROM `ccshop_goods` WHERE ( `gid` IN(21,5,6,7,8,9,10,11,12) AND `gid` IN(10) AND `gid` IN(1,3,4,5,6,10,15) AND `gid` IN(1,2,3,4,5,6,8,10,12) ) LIMIT 1   [ RunTime:0.000270s ]
SQL: SELECT `gid`,`gname`,`marketprice`,`shopprice`,`pic` FROM `ccshop_goods` WHERE ( `gid` IN(21,5,6,7,8,9,10,11,12) AND `gid` IN(10) AND `gid` IN(1,3,4,5,6,10,15) AND `gid` IN(1,2,3,4,5,6,8,10,12) ) ORDER BY time DESC LIMIT 0,8   [ RunTime:0.000278s ]
SQL: SELECT `gid`,`gname`,`pic`,`click`,`shopprice` FROM `ccshop_goods` WHERE ( `cid` = 13 ) ORDER BY rand() LIMIT 4   [ RunTime:0.000369s ]
SQL: SELECT `gid`,`gname`,`pic`,`click`,`shopprice` FROM `ccshop_goods` WHERE ( `cid` = 13 ) ORDER BY rand() LIMIT 5   [ RunTime:0.000308s ]
SQL: SELECT `cid`,`cname` FROM `ccshop_category` WHERE ( `pid` = 4 )  [ RunTime:0.000240s ]
SQL: SELECT `cname` FROM `ccshop_category` WHERE ( `cid` = 4 ) LIMIT 1   [ RunTime:0.000197s ]
SQL: SELECT `pid`,`cname`,`cid` FROM `ccshop_category` WHERE ( `cid` = 4 )  [ RunTime:0.000250s ]
SQL: SELECT `pid`,`cname`,`cid` FROM `ccshop_category` WHERE ( `cid` = 1 )  [ RunTime:0.000206s ]
INFO: [ view_parse ] --START--
INFO: ParseTemplate Behavior ::run [ RunTime:0.030942s ]
INFO: [ view_parse ] --END-- [ RunTime:0.031039s ]
INFO: [ view_filter ] --START--
INFO: ContentReplace Behavior ::run [ RunTime:0.000524s ]
INFO: TokenBuild Behavior ::run [ RunTime:0.000289s ]
INFO: WriteHtmlCache Behavior ::run [ RunTime:0.000163s ]
INFO: ShowRuntime Behavior ::run [ RunTime:0.000354s ]
INFO: [ view_filter ] --END-- [ RunTime:0.001497s ]
INFO: [ view_end ] --START--
INFO: ShowPageTrace Behavior ::run [ RunTime:0.000690s ]
INFO: [ view_end ] --END-- [ RunTime:0.000775s ]

[ 2015-09-01T11:57:20+08:00 ] 0.0.0.0 /cc-/c/4_165_89_79_0_77_0_0_0_0_0_0_0_0.html
INFO: [ route_check ] --START--
INFO: CheckRoute Behavior ::run [ RunTime:0.000799s ]
INFO: [ route_check ] --END-- [ RunTime:0.000891s ]
INFO: [ app_begin ] --START--
INFO: ReadHtmlCache Behavior ::run [ RunTime:0.000432s ]
INFO: [ app_begin ] --END-- [ RunTime:0.000501s ]
SQL: SELECT DISTINCT a.`gid` FROM `ccshop_goods_attr` a INNER JOIN `ccshop_goods_attr` b WHERE a.`gtvalue` = b.`gtvalue` AND b.gtid = 165 [ RunTime:0.000357s ]
SQL: SELECT DISTINCT a.`gid` FROM `ccshop_goods_attr` a INNER JOIN `ccshop_goods_attr` b WHERE a.`gtvalue` = b.`gtvalue` AND b.gtid = 89 [ RunTime:0.000404s ]
SQL: SELECT DISTINCT a.`gid` FROM `ccshop_goods_attr` a INNER JOIN `ccshop_goods_attr` b WHERE a.`gtvalue` = b.`gtvalue` AND b.gtid = 79 [ RunTime:0.000712s ]
SQL: SELECT DISTINCT a.`gid` FROM `ccshop_goods_attr` a INNER JOIN `ccshop_goods_attr` b WHERE a.`gtvalue` = b.`gtvalue` AND b.gtid = 77 [ RunTime:0.008120s ]
SQL: SHOW COLUMNS FROM `ccshop_goods` [ RunTime:0.001892s ]
SQL: SELECT COUNT(*) AS tp_count FROM `ccshop_goods` WHERE ( `gid` IN(21,5,6,7,8,9,10,11,12) AND `gid` IN(10) AND `gid` IN(1,3,4,5,6,10,15) AND `gid` IN(1,2,3,4,5,6,8,10,12) AND `gid` IN(1,3,4,5,7,8,12,18) ) LIMIT 1   [ RunTime:0.000245s ]
SQL: SELECT `gid`,`gname`,`marketprice`,`shopprice`,`pic` FROM `ccshop_goods` WHERE ( `gid` IN(21,5,6,7,8,9,10,11,12) AND `gid` IN(10) AND `gid` IN(1,3,4,5,6,10,15) AND `gid` IN(1,2,3,4,5,6,8,10,12) AND `gid` IN(1,3,4,5,7,8,12,18) ) ORDER BY time DESC LIMIT 0,8   [ RunTime:0.000256s ]
SQL: SELECT `gid`,`gname`,`pic`,`click`,`shopprice` FROM `ccshop_goods` WHERE ( `cid` = 13 ) ORDER BY rand() LIMIT 4   [ RunTime:0.000336s ]
SQL: SELECT `gid`,`gname`,`pic`,`click`,`shopprice` FROM `ccshop_goods` WHERE ( `cid` = 13 ) ORDER BY rand() LIMIT 5   [ RunTime:0.000308s ]
SQL: SHOW COLUMNS FROM `ccshop_category` [ RunTime:0.002165s ]
SQL: SELECT `cid`,`cname` FROM `ccshop_category` WHERE ( `pid` = 4 )  [ RunTime:0.000275s ]
SQL: SELECT `cname` FROM `ccshop_category` WHERE ( `cid` = 4 ) LIMIT 1   [ RunTime:0.000170s ]
SQL: SELECT `pid`,`cname`,`cid` FROM `ccshop_category` WHERE ( `cid` = 4 )  [ RunTime:0.000195s ]
SQL: SELECT `pid`,`cname`,`cid` FROM `ccshop_category` WHERE ( `cid` = 1 )  [ RunTime:0.000216s ]
INFO: [ view_parse ] --START--
INFO: ParseTemplate Behavior ::run [ RunTime:0.032483s ]
INFO: [ view_parse ] --END-- [ RunTime:0.032567s ]
INFO: [ view_filter ] --START--
INFO: ContentReplace Behavior ::run [ RunTime:0.000559s ]
INFO: TokenBuild Behavior ::run [ RunTime:0.000287s ]
INFO: WriteHtmlCache Behavior ::run [ RunTime:0.000157s ]
INFO: ShowRuntime Behavior ::run [ RunTime:0.000507s ]
INFO: [ view_filter ] --END-- [ RunTime:0.001719s ]
INFO: [ view_end ] --START--
INFO: ShowPageTrace Behavior ::run [ RunTime:0.000632s ]
INFO: [ view_end ] --END-- [ RunTime:0.000715s ]

[ 2015-09-01T11:57:23+08:00 ] 0.0.0.0 /cc-/c/4_86_89_79_0_77_0_0_0_0_0_0_0_0.html
INFO: [ route_check ] --START--
INFO: CheckRoute Behavior ::run [ RunTime:0.000723s ]
INFO: [ route_check ] --END-- [ RunTime:0.000806s ]
INFO: [ app_begin ] --START--
INFO: ReadHtmlCache Behavior ::run [ RunTime:0.000390s ]
INFO: [ app_begin ] --END-- [ RunTime:0.000453s ]
SQL: SELECT DISTINCT a.`gid` FROM `ccshop_goods_attr` a INNER JOIN `ccshop_goods_attr` b WHERE a.`gtvalue` = b.`gtvalue` AND b.gtid = 86 [ RunTime:0.000426s ]
SQL: SELECT DISTINCT a.`gid` FROM `ccshop_goods_attr` a INNER JOIN `ccshop_goods_attr` b WHERE a.`gtvalue` = b.`gtvalue` AND b.gtid = 89 [ RunTime:0.000541s ]
SQL: SELECT DISTINCT a.`gid` FROM `ccshop_goods_attr` a INNER JOIN `ccshop_goods_attr` b WHERE a.`gtvalue` = b.`gtvalue` AND b.gtid = 79 [ RunTime:0.000289s ]
SQL: SELECT DISTINCT a.`gid` FROM `ccshop_goods_attr` a INNER JOIN `ccshop_goods_attr` b WHERE a.`gtvalue` = b.`gtvalue` AND b.gtid = 77 [ RunTime:0.000269s ]
SQL: SHOW COLUMNS FROM `ccshop_goods` [ RunTime:0.001265s ]
SQL: SELECT COUNT(*) AS tp_count FROM `ccshop_goods` WHERE ( `gid` IN(21,5,6,7,8,9,10,11,12) AND `gid` IN(5) AND `gid` IN(1,3,4,5,6,10,15) AND `gid` IN(1,2,3,4,5,6,8,10,12) AND `gid` IN(1,3,4,5,7,8,12,18) ) LIMIT 1   [ RunTime:0.000287s ]
SQL: SELECT `gid`,`gname`,`marketprice`,`shopprice`,`pic` FROM `ccshop_goods` WHERE ( `gid` IN(21,5,6,7,8,9,10,11,12) AND `gid` IN(5) AND `gid` IN(1,3,4,5,6,10,15) AND `gid` IN(1,2,3,4,5,6,8,10,12) AND `gid` IN(1,3,4,5,7,8,12,18) ) ORDER BY time DESC LIMIT 0,8   [ RunTime:0.000255s ]
SQL: SELECT `gid`,`gname`,`pic`,`click`,`shopprice` FROM `ccshop_goods` WHERE ( `cid` = 13 ) ORDER BY rand() LIMIT 4   [ RunTime:0.000330s ]
SQL: SELECT `gid`,`gname`,`pic`,`click`,`shopprice` FROM `ccshop_goods` WHERE ( `cid` = 13 ) ORDER BY rand() LIMIT 5   [ RunTime:0.000261s ]
SQL: SHOW COLUMNS FROM `ccshop_category` [ RunTime:0.001074s ]
SQL: SELECT `cid`,`cname` FROM `ccshop_category` WHERE ( `pid` = 4 )  [ RunTime:0.000272s ]
SQL: SELECT `cname` FROM `ccshop_category` WHERE ( `cid` = 4 ) LIMIT 1   [ RunTime:0.000199s ]
SQL: SELECT `pid`,`cname`,`cid` FROM `ccshop_category` WHERE ( `cid` = 4 )  [ RunTime:0.000194s ]
SQL: SELECT `pid`,`cname`,`cid` FROM `ccshop_category` WHERE ( `cid` = 1 )  [ RunTime:0.000175s ]
INFO: [ view_parse ] --START--
INFO: ParseTemplate Behavior ::run [ RunTime:0.029430s ]
INFO: [ view_parse ] --END-- [ RunTime:0.029513s ]
INFO: [ view_filter ] --START--
INFO: ContentReplace Behavior ::run [ RunTime:0.000480s ]
INFO: TokenBuild Behavior ::run [ RunTime:0.000255s ]
INFO: WriteHtmlCache Behavior ::run [ RunTime:0.000139s ]
INFO: ShowRuntime Behavior ::run [ RunTime:0.000317s ]
INFO: [ view_filter ] --END-- [ RunTime:0.001347s ]
INFO: [ view_end ] --START--
INFO: ShowPageTrace Behavior ::run [ RunTime:0.000534s ]
INFO: [ view_end ] --END-- [ RunTime:0.000611s ]

[ 2015-09-01T11:57:25+08:00 ] 0.0.0.0 /cc-/c/4_86_87_79_0_77_0_0_0_0_0_0_0_0.html
INFO: [ route_check ] --START--
INFO: CheckRoute Behavior ::run [ RunTime:0.000774s ]
INFO: [ route_check ] --END-- [ RunTime:0.000861s ]
INFO: [ app_begin ] --START--
INFO: ReadHtmlCache Behavior ::run [ RunTime:0.000442s ]
INFO: [ app_begin ] --END-- [ RunTime:0.000520s ]
SQL: SELECT DISTINCT a.`gid` FROM `ccshop_goods_attr` a INNER JOIN `ccshop_goods_attr` b WHERE a.`gtvalue` = b.`gtvalue` AND b.gtid = 86 [ RunTime:0.000344s ]
SQL: SELECT DISTINCT a.`gid` FROM `ccshop_goods_attr` a INNER JOIN `ccshop_goods_attr` b WHERE a.`gtvalue` = b.`gtvalue` AND b.gtid = 87 [ RunTime:0.000292s ]
SQL: SELECT DISTINCT a.`gid` FROM `ccshop_goods_attr` a INNER JOIN `ccshop_goods_attr` b WHERE a.`gtvalue` = b.`gtvalue` AND b.gtid = 79 [ RunTime:0.000276s ]
SQL: SELECT DISTINCT a.`gid` FROM `ccshop_goods_attr` a INNER JOIN `ccshop_goods_attr` b WHERE a.`gtvalue` = b.`gtvalue` AND b.gtid = 77 [ RunTime:0.000278s ]
SQL: SHOW COLUMNS FROM `ccshop_goods` [ RunTime:0.009941s ]
SQL: SELECT COUNT(*) AS tp_count FROM `ccshop_goods` WHERE ( `gid` IN(21,5,6,7,8,9,10,11,12) AND `gid` IN(5) AND `gid` IN(1,2,3,4,5,6,7,8,9,10,11,12,100,14) AND `gid` IN(1,2,3,4,5,6,8,10,12) AND `gid` IN(1,3,4,5,7,8,12,18) ) LIMIT 1   [ RunTime:0.000409s ]
SQL: SELECT `gid`,`gname`,`marketprice`,`shopprice`,`pic` FROM `ccshop_goods` WHERE ( `gid` IN(21,5,6,7,8,9,10,11,12) AND `gid` IN(5) AND `gid` IN(1,2,3,4,5,6,7,8,9,10,11,12,100,14) AND `gid` IN(1,2,3,4,5,6,8,10,12) AND `gid` IN(1,3,4,5,7,8,12,18) ) ORDER BY time DESC LIMIT 0,8   [ RunTime:0.000286s ]
SQL: SELECT `gid`,`gname`,`pic`,`click`,`shopprice` FROM `ccshop_goods` WHERE ( `cid` = 13 ) ORDER BY rand() LIMIT 4   [ RunTime:0.000369s ]
SQL: SELECT `gid`,`gname`,`pic`,`click`,`shopprice` FROM `ccshop_goods` WHERE ( `cid` = 13 ) ORDER BY rand() LIMIT 5   [ RunTime:0.000291s ]
SQL: SHOW COLUMNS FROM `ccshop_category` [ RunTime:0.001031s ]
SQL: SELECT `cid`,`cname` FROM `ccshop_category` WHERE ( `pid` = 4 )  [ RunTime:0.000262s ]
SQL: SELECT `cname` FROM `ccshop_category` WHERE ( `cid` = 4 ) LIMIT 1   [ RunTime:0.000243s ]
SQL: SELECT `pid`,`cname`,`cid` FROM `ccshop_category` WHERE ( `cid` = 4 )  [ RunTime:0.000203s ]
SQL: SELECT `pid`,`cname`,`cid` FROM `ccshop_category` WHERE ( `cid` = 1 )  [ RunTime:0.000200s ]
INFO: [ view_parse ] --START--
INFO: ParseTemplate Behavior ::run [ RunTime:0.028352s ]
INFO: [ view_parse ] --END-- [ RunTime:0.028437s ]
INFO: [ view_filter ] --START--
INFO: ContentReplace Behavior ::run [ RunTime:0.000475s ]
INFO: TokenBuild Behavior ::run [ RunTime:0.000253s ]
INFO: WriteHtmlCache Behavior ::run [ RunTime:0.000140s ]
INFO: ShowRuntime Behavior ::run [ RunTime:0.000317s ]
INFO: [ view_filter ] --END-- [ RunTime:0.001340s ]
INFO: [ view_end ] --START--
INFO: ShowPageTrace Behavior ::run [ RunTime:0.000521s ]
INFO: [ view_end ] --END-- [ RunTime:0.000602s ]

[ 2015-09-01T11:57:27+08:00 ] 0.0.0.0 /cc-/c/4_86_87_173_0_77_0_0_0_0_0_0_0_0.html
INFO: [ route_check ] --START--
INFO: CheckRoute Behavior ::run [ RunTime:0.000772s ]
INFO: [ route_check ] --END-- [ RunTime:0.000863s ]
INFO: [ app_begin ] --START--
INFO: ReadHtmlCache Behavior ::run [ RunTime:0.000437s ]
INFO: [ app_begin ] --END-- [ RunTime:0.000508s ]
SQL: SELECT DISTINCT a.`gid` FROM `ccshop_goods_attr` a INNER JOIN `ccshop_goods_attr` b WHERE a.`gtvalue` = b.`gtvalue` AND b.gtid = 86 [ RunTime:0.000324s ]
SQL: SELECT DISTINCT a.`gid` FROM `ccshop_goods_attr` a INNER JOIN `ccshop_goods_attr` b WHERE a.`gtvalue` = b.`gtvalue` AND b.gtid = 87 [ RunTime:0.000254s ]
SQL: SELECT DISTINCT a.`gid` FROM `ccshop_goods_attr` a INNER JOIN `ccshop_goods_attr` b WHERE a.`gtvalue` = b.`gtvalue` AND b.gtid = 173 [ RunTime:0.000268s ]
SQL: SELECT DISTINCT a.`gid` FROM `ccshop_goods_attr` a INNER JOIN `ccshop_goods_attr` b WHERE a.`gtvalue` = b.`gtvalue` AND b.gtid = 77 [ RunTime:0.000316s ]
SQL: SHOW COLUMNS FROM `ccshop_goods` [ RunTime:0.001270s ]
SQL: SELECT COUNT(*) AS tp_count FROM `ccshop_goods` WHERE ( `gid` IN(21,5,6,7,8,9,10,11,12) AND `gid` IN(5) AND `gid` IN(1,2,3,4,5,6,7,8,9,10,11,12,100,14) AND `gid` IN(11) AND `gid` IN(1,3,4,5,7,8,12,18) ) LIMIT 1   [ RunTime:0.000270s ]
SQL: SELECT `gid`,`gname`,`marketprice`,`shopprice`,`pic` FROM `ccshop_goods` WHERE ( `gid` IN(21,5,6,7,8,9,10,11,12) AND `gid` IN(5) AND `gid` IN(1,2,3,4,5,6,7,8,9,10,11,12,100,14) AND `gid` IN(11) AND `gid` IN(1,3,4,5,7,8,12,18) ) ORDER BY time DESC LIMIT 0,8   [ RunTime:0.000267s ]
SQL: SELECT `gid`,`gname`,`pic`,`click`,`shopprice` FROM `ccshop_goods` WHERE ( `cid` = 13 ) ORDER BY rand() LIMIT 4   [ RunTime:0.000365s ]
SQL: SELECT `gid`,`gname`,`pic`,`click`,`shopprice` FROM `ccshop_goods` WHERE ( `cid` = 13 ) ORDER BY rand() LIMIT 5   [ RunTime:0.000355s ]
SQL: SHOW COLUMNS FROM `ccshop_category` [ RunTime:0.000973s ]
SQL: SELECT `cid`,`cname` FROM `ccshop_category` WHERE ( `pid` = 4 )  [ RunTime:0.000275s ]
SQL: SELECT `cname` FROM `ccshop_category` WHERE ( `cid` = 4 ) LIMIT 1   [ RunTime:0.000199s ]
SQL: SELECT `pid`,`cname`,`cid` FROM `ccshop_category` WHERE ( `cid` = 4 )  [ RunTime:0.000203s ]
SQL: SELECT `pid`,`cname`,`cid` FROM `ccshop_category` WHERE ( `cid` = 1 )  [ RunTime:0.000201s ]
INFO: [ view_parse ] --START--
INFO: ParseTemplate Behavior ::run [ RunTime:0.028418s ]
INFO: [ view_parse ] --END-- [ RunTime:0.028502s ]
INFO: [ view_filter ] --START--
INFO: ContentReplace Behavior ::run [ RunTime:0.000466s ]
INFO: TokenBuild Behavior ::run [ RunTime:0.000253s ]
INFO: WriteHtmlCache Behavior ::run [ RunTime:0.000141s ]
INFO: ShowRuntime Behavior ::run [ RunTime:0.000311s ]
INFO: [ view_filter ] --END-- [ RunTime:0.001318s ]
INFO: [ view_end ] --START--
INFO: ShowPageTrace Behavior ::run [ RunTime:0.000528s ]
INFO: [ view_end ] --END-- [ RunTime:0.000604s ]

[ 2015-09-01T11:57:29+08:00 ] 0.0.0.0 /cc-/c/4_86_87_173_0_77_0_124_0_0_0_0_0_0.html
INFO: [ route_check ] --START--
INFO: CheckRoute Behavior ::run [ RunTime:0.000783s ]
INFO: [ route_check ] --END-- [ RunTime:0.000871s ]
INFO: [ app_begin ] --START--
INFO: ReadHtmlCache Behavior ::run [ RunTime:0.000385s ]
INFO: [ app_begin ] --END-- [ RunTime:0.000448s ]
SQL: SELECT DISTINCT a.`gid` FROM `ccshop_goods_attr` a INNER JOIN `ccshop_goods_attr` b WHERE a.`gtvalue` = b.`gtvalue` AND b.gtid = 86 [ RunTime:0.000530s ]
SQL: SELECT DISTINCT a.`gid` FROM `ccshop_goods_attr` a INNER JOIN `ccshop_goods_attr` b WHERE a.`gtvalue` = b.`gtvalue` AND b.gtid = 87 [ RunTime:0.000354s ]
SQL: SELECT DISTINCT a.`gid` FROM `ccshop_goods_attr` a INNER JOIN `ccshop_goods_attr` b WHERE a.`gtvalue` = b.`gtvalue` AND b.gtid = 173 [ RunTime:0.000300s ]
SQL: SELECT DISTINCT a.`gid` FROM `ccshop_goods_attr` a INNER JOIN `ccshop_goods_attr` b WHERE a.`gtvalue` = b.`gtvalue` AND b.gtid = 77 [ RunTime:0.000366s ]
SQL: SELECT DISTINCT a.`gid` FROM `ccshop_goods_attr` a INNER JOIN `ccshop_goods_attr` b WHERE a.`gtvalue` = b.`gtvalue` AND b.gtid = 124 [ RunTime:0.000303s ]
SQL: SHOW COLUMNS FROM `ccshop_goods` [ RunTime:0.010007s ]
SQL: SELECT COUNT(*) AS tp_count FROM `ccshop_goods` WHERE ( `gid` IN(21,5,6,7,8,9,10,11,12) AND `gid` IN(5) AND `gid` IN(1,2,3,4,5,6,7,8,9,10,11,12,100,14) AND `gid` IN(11) AND `gid` IN(1,3,4,5,7,8,12,18) AND `gid` IN(2,8,11,12,100,18) ) LIMIT 1   [ RunTime:0.000393s ]
SQL: SELECT `gid`,`gname`,`marketprice`,`shopprice`,`pic` FROM `ccshop_goods` WHERE ( `gid` IN(21,5,6,7,8,9,10,11,12) AND `gid` IN(5) AND `gid` IN(1,2,3,4,5,6,7,8,9,10,11,12,100,14) AND `gid` IN(11) AND `gid` IN(1,3,4,5,7,8,12,18) AND `gid` IN(2,8,11,12,100,18) ) ORDER BY time DESC LIMIT 0,8   [ RunTime:0.000298s ]
SQL: SELECT `gid`,`gname`,`pic`,`click`,`shopprice` FROM `ccshop_goods` WHERE ( `cid` = 13 ) ORDER BY rand() LIMIT 4   [ RunTime:0.000423s ]
SQL: SELECT `gid`,`gname`,`pic`,`click`,`shopprice` FROM `ccshop_goods` WHERE ( `cid` = 13 ) ORDER BY rand() LIMIT 5   [ RunTime:0.000294s ]
SQL: SHOW COLUMNS FROM `ccshop_category` [ RunTime:0.001140s ]
SQL: SELECT `cid`,`cname` FROM `ccshop_category` WHERE ( `pid` = 4 )  [ RunTime:0.000264s ]
SQL: SELECT `cname` FROM `ccshop_category` WHERE ( `cid` = 4 ) LIMIT 1   [ RunTime:0.000198s ]
SQL: SELECT `pid`,`cname`,`cid` FROM `ccshop_category` WHERE ( `cid` = 4 )  [ RunTime:0.000201s ]
SQL: SELECT `pid`,`cname`,`cid` FROM `ccshop_category` WHERE ( `cid` = 1 )  [ RunTime:0.000201s ]
INFO: [ view_parse ] --START--
INFO: ParseTemplate Behavior ::run [ RunTime:0.031660s ]
INFO: [ view_parse ] --END-- [ RunTime:0.031747s ]
INFO: [ view_filter ] --START--
INFO: ContentReplace Behavior ::run [ RunTime:0.000520s ]
INFO: TokenBuild Behavior ::run [ RunTime:0.000265s ]
INFO: WriteHtmlCache Behavior ::run [ RunTime:0.000143s ]
INFO: ShowRuntime Behavior ::run [ RunTime:0.000319s ]
INFO: [ view_filter ] --END-- [ RunTime:0.001398s ]
INFO: [ view_end ] --START--
INFO: ShowPageTrace Behavior ::run [ RunTime:0.000552s ]
INFO: [ view_end ] --END-- [ RunTime:0.000627s ]

[ 2015-09-01T11:57:50+08:00 ] 0.0.0.0 /cc-/c/4_86_89_173_0_77_0_124_0_0_0_0_0_0.html
INFO: [ route_check ] --START--
INFO: CheckRoute Behavior ::run [ RunTime:0.000922s ]
INFO: [ route_check ] --END-- [ RunTime:0.001027s ]
INFO: [ app_begin ] --START--
INFO: ReadHtmlCache Behavior ::run [ RunTime:0.000406s ]
INFO: [ app_begin ] --END-- [ RunTime:0.000471s ]
SQL: SELECT DISTINCT a.`gid` FROM `ccshop_goods_attr` a INNER JOIN `ccshop_goods_attr` b WHERE a.`gtvalue` = b.`gtvalue` AND b.gtid = 86 [ RunTime:0.000381s ]
SQL: SELECT DISTINCT a.`gid` FROM `ccshop_goods_attr` a INNER JOIN `ccshop_goods_attr` b WHERE a.`gtvalue` = b.`gtvalue` AND b.gtid = 89 [ RunTime:0.000316s ]
SQL: SELECT DISTINCT a.`gid` FROM `ccshop_goods_attr` a INNER JOIN `ccshop_goods_attr` b WHERE a.`gtvalue` = b.`gtvalue` AND b.gtid = 173 [ RunTime:0.000593s ]
SQL: SELECT DISTINCT a.`gid` FROM `ccshop_goods_attr` a INNER JOIN `ccshop_goods_attr` b WHERE a.`gtvalue` = b.`gtvalue` AND b.gtid = 77 [ RunTime:0.000320s ]
SQL: SELECT DISTINCT a.`gid` FROM `ccshop_goods_attr` a INNER JOIN `ccshop_goods_attr` b WHERE a.`gtvalue` = b.`gtvalue` AND b.gtid = 124 [ RunTime:0.000289s ]
SQL: SHOW COLUMNS FROM `ccshop_goods` [ RunTime:0.009255s ]
SQL: SELECT COUNT(*) AS tp_count FROM `ccshop_goods` WHERE ( `gid` IN(21,5,6,7,8,9,10,11,12) AND `gid` IN(5) AND `gid` IN(1,3,4,5,6,10,15) AND `gid` IN(11) AND `gid` IN(1,3,4,5,7,8,12,18) AND `gid` IN(2,8,11,12,100,18) ) LIMIT 1   [ RunTime:0.000348s ]
SQL: SELECT `gid`,`gname`,`marketprice`,`shopprice`,`pic` FROM `ccshop_goods` WHERE ( `gid` IN(21,5,6,7,8,9,10,11,12) AND `gid` IN(5) AND `gid` IN(1,3,4,5,6,10,15) AND `gid` IN(11) AND `gid` IN(1,3,4,5,7,8,12,18) AND `gid` IN(2,8,11,12,100,18) ) ORDER BY time DESC LIMIT 0,8   [ RunTime:0.000391s ]
SQL: SELECT `gid`,`gname`,`pic`,`click`,`shopprice` FROM `ccshop_goods` WHERE ( `cid` = 13 ) ORDER BY rand() LIMIT 4   [ RunTime:0.000361s ]
SQL: SELECT `gid`,`gname`,`pic`,`click`,`shopprice` FROM `ccshop_goods` WHERE ( `cid` = 13 ) ORDER BY rand() LIMIT 5   [ RunTime:0.000387s ]
SQL: SHOW COLUMNS FROM `ccshop_category` [ RunTime:0.001357s ]
SQL: SELECT `cid`,`cname` FROM `ccshop_category` WHERE ( `pid` = 4 )  [ RunTime:0.000335s ]
SQL: SELECT `cname` FROM `ccshop_category` WHERE ( `cid` = 4 ) LIMIT 1   [ RunTime:0.000176s ]
SQL: SELECT `pid`,`cname`,`cid` FROM `ccshop_category` WHERE ( `cid` = 4 )  [ RunTime:0.000195s ]
SQL: SELECT `pid`,`cname`,`cid` FROM `ccshop_category` WHERE ( `cid` = 1 )  [ RunTime:0.000161s ]
INFO: [ view_parse ] --START--
INFO: ParseTemplate Behavior ::run [ RunTime:0.034957s ]
INFO: [ view_parse ] --END-- [ RunTime:0.035038s ]
INFO: [ view_filter ] --START--
INFO: ContentReplace Behavior ::run [ RunTime:0.000509s ]
INFO: TokenBuild Behavior ::run [ RunTime:0.000268s ]
INFO: WriteHtmlCache Behavior ::run [ RunTime:0.000152s ]
INFO: ShowRuntime Behavior ::run [ RunTime:0.000333s ]
INFO: [ view_filter ] --END-- [ RunTime:0.001413s ]
INFO: [ view_end ] --START--
INFO: ShowPageTrace Behavior ::run [ RunTime:0.000551s ]
INFO: [ view_end ] --END-- [ RunTime:0.000625s ]

[ 2015-09-01T11:57:52+08:00 ] 0.0.0.0 /cc-/c/4_165_89_173_0_77_0_124_0_0_0_0_0_0.html
INFO: [ route_check ] --START--
INFO: CheckRoute Behavior ::run [ RunTime:0.000753s ]
INFO: [ route_check ] --END-- [ RunTime:0.000841s ]
INFO: [ app_begin ] --START--
INFO: ReadHtmlCache Behavior ::run [ RunTime:0.000515s ]
INFO: [ app_begin ] --END-- [ RunTime:0.000640s ]
SQL: SELECT DISTINCT a.`gid` FROM `ccshop_goods_attr` a INNER JOIN `ccshop_goods_attr` b WHERE a.`gtvalue` = b.`gtvalue` AND b.gtid = 165 [ RunTime:0.000304s ]
SQL: SELECT DISTINCT a.`gid` FROM `ccshop_goods_attr` a INNER JOIN `ccshop_goods_attr` b WHERE a.`gtvalue` = b.`gtvalue` AND b.gtid = 89 [ RunTime:0.000393s ]
SQL: SELECT DISTINCT a.`gid` FROM `ccshop_goods_attr` a INNER JOIN `ccshop_goods_attr` b WHERE a.`gtvalue` = b.`gtvalue` AND b.gtid = 173 [ RunTime:0.000383s ]
SQL: SELECT DISTINCT a.`gid` FROM `ccshop_goods_attr` a INNER JOIN `ccshop_goods_attr` b WHERE a.`gtvalue` = b.`gtvalue` AND b.gtid = 77 [ RunTime:0.000878s ]
SQL: SELECT DISTINCT a.`gid` FROM `ccshop_goods_attr` a INNER JOIN `ccshop_goods_attr` b WHERE a.`gtvalue` = b.`gtvalue` AND b.gtid = 124 [ RunTime:0.000413s ]
SQL: SHOW COLUMNS FROM `ccshop_goods` [ RunTime:0.009325s ]
SQL: SELECT COUNT(*) AS tp_count FROM `ccshop_goods` WHERE ( `gid` IN(21,5,6,7,8,9,10,11,12) AND `gid` IN(10) AND `gid` IN(1,3,4,5,6,10,15) AND `gid` IN(11) AND `gid` IN(1,3,4,5,7,8,12,18) AND `gid` IN(2,8,11,12,100,18) ) LIMIT 1   [ RunTime:0.000283s ]
SQL: SELECT `gid`,`gname`,`marketprice`,`shopprice`,`pic` FROM `ccshop_goods` WHERE ( `gid` IN(21,5,6,7,8,9,10,11,12) AND `gid` IN(10) AND `gid` IN(1,3,4,5,6,10,15) AND `gid` IN(11) AND `gid` IN(1,3,4,5,7,8,12,18) AND `gid` IN(2,8,11,12,100,18) ) ORDER BY time DESC LIMIT 0,8   [ RunTime:0.000293s ]
SQL: SELECT `gid`,`gname`,`pic`,`click`,`shopprice` FROM `ccshop_goods` WHERE ( `cid` = 13 ) ORDER BY rand() LIMIT 4   [ RunTime:0.000356s ]
SQL: SELECT `gid`,`gname`,`pic`,`click`,`shopprice` FROM `ccshop_goods` WHERE ( `cid` = 13 ) ORDER BY rand() LIMIT 5   [ RunTime:0.000309s ]
SQL: SHOW COLUMNS FROM `ccshop_category` [ RunTime:0.001273s ]
SQL: SELECT `cid`,`cname` FROM `ccshop_category` WHERE ( `pid` = 4 )  [ RunTime:0.000509s ]
SQL: SELECT `cname` FROM `ccshop_category` WHERE ( `cid` = 4 ) LIMIT 1   [ RunTime:0.000202s ]
SQL: SELECT `pid`,`cname`,`cid` FROM `ccshop_category` WHERE ( `cid` = 4 )  [ RunTime:0.000182s ]
SQL: SELECT `pid`,`cname`,`cid` FROM `ccshop_category` WHERE ( `cid` = 1 )  [ RunTime:0.000180s ]
INFO: [ view_parse ] --START--
INFO: ParseTemplate Behavior ::run [ RunTime:0.033998s ]
INFO: [ view_parse ] --END-- [ RunTime:0.034088s ]
INFO: [ view_filter ] --START--
INFO: ContentReplace Behavior ::run [ RunTime:0.000576s ]
INFO: TokenBuild Behavior ::run [ RunTime:0.000266s ]
INFO: WriteHtmlCache Behavior ::run [ RunTime:0.000146s ]
INFO: ShowRuntime Behavior ::run [ RunTime:0.000333s ]
INFO: [ view_filter ] --END-- [ RunTime:0.001478s ]
INFO: [ view_end ] --START--
INFO: ShowPageTrace Behavior ::run [ RunTime:0.000860s ]
INFO: [ view_end ] --END-- [ RunTime:0.000979s ]

[ 2015-09-01T11:57:53+08:00 ] 0.0.0.0 /cc-/c/4_165_88_173_0_77_0_124_0_0_0_0_0_0.html
INFO: [ route_check ] --START--
INFO: CheckRoute Behavior ::run [ RunTime:0.000762s ]
INFO: [ route_check ] --END-- [ RunTime:0.000848s ]
INFO: [ app_begin ] --START--
INFO: ReadHtmlCache Behavior ::run [ RunTime:0.000427s ]
INFO: [ app_begin ] --END-- [ RunTime:0.000496s ]
SQL: SELECT DISTINCT a.`gid` FROM `ccshop_goods_attr` a INNER JOIN `ccshop_goods_attr` b WHERE a.`gtvalue` = b.`gtvalue` AND b.gtid = 165 [ RunTime:0.000301s ]
SQL: SELECT DISTINCT a.`gid` FROM `ccshop_goods_attr` a INNER JOIN `ccshop_goods_attr` b WHERE a.`gtvalue` = b.`gtvalue` AND b.gtid = 88 [ RunTime:0.000280s ]
SQL: SELECT DISTINCT a.`gid` FROM `ccshop_goods_attr` a INNER JOIN `ccshop_goods_attr` b WHERE a.`gtvalue` = b.`gtvalue` AND b.gtid = 173 [ RunTime:0.000279s ]
SQL: SELECT DISTINCT a.`gid` FROM `ccshop_goods_attr` a INNER JOIN `ccshop_goods_attr` b WHERE a.`gtvalue` = b.`gtvalue` AND b.gtid = 77 [ RunTime:0.000325s ]
SQL: SELECT DISTINCT a.`gid` FROM `ccshop_goods_attr` a INNER JOIN `ccshop_goods_attr` b WHERE a.`gtvalue` = b.`gtvalue` AND b.gtid = 124 [ RunTime:0.000374s ]
SQL: SHOW COLUMNS FROM `ccshop_goods` [ RunTime:0.001070s ]
SQL: SELECT COUNT(*) AS tp_count FROM `ccshop_goods` WHERE ( `gid` IN(21,5,6,7,8,9,10,11,12) AND `gid` IN(10) AND `gid` IN(1,2,3,4,5,6,9,10,100,16,18,19,20,21) AND `gid` IN(11) AND `gid` IN(1,3,4,5,7,8,12,18) AND `gid` IN(2,8,11,12,100,18) ) LIMIT 1   [ RunTime:0.000258s ]
SQL: SELECT `gid`,`gname`,`marketprice`,`shopprice`,`pic` FROM `ccshop_goods` WHERE ( `gid` IN(21,5,6,7,8,9,10,11,12) AND `gid` IN(10) AND `gid` IN(1,2,3,4,5,6,9,10,100,16,18,19,20,21) AND `gid` IN(11) AND `gid` IN(1,3,4,5,7,8,12,18) AND `gid` IN(2,8,11,12,100,18) ) ORDER BY time DESC LIMIT 0,8   [ RunTime:0.000227s ]
SQL: SELECT `gid`,`gname`,`pic`,`click`,`shopprice` FROM `ccshop_goods` WHERE ( `cid` = 13 ) ORDER BY rand() LIMIT 4   [ RunTime:0.000370s ]
SQL: SELECT `gid`,`gname`,`pic`,`click`,`shopprice` FROM `ccshop_goods` WHERE ( `cid` = 13 ) ORDER BY rand() LIMIT 5   [ RunTime:0.000340s ]
SQL: SHOW COLUMNS FROM `ccshop_category` [ RunTime:0.001668s ]
SQL: SELECT `cid`,`cname` FROM `ccshop_category` WHERE ( `pid` = 4 )  [ RunTime:0.000263s ]
SQL: SELECT `cname` FROM `ccshop_category` WHERE ( `cid` = 4 ) LIMIT 1   [ RunTime:0.000175s ]
SQL: SELECT `pid`,`cname`,`cid` FROM `ccshop_category` WHERE ( `cid` = 4 )  [ RunTime:0.000162s ]
SQL: SELECT `pid`,`cname`,`cid` FROM `ccshop_category` WHERE ( `cid` = 1 )  [ RunTime:0.000165s ]
INFO: [ view_parse ] --START--
INFO: ParseTemplate Behavior ::run [ RunTime:0.029396s ]
INFO: [ view_parse ] --END-- [ RunTime:0.029472s ]
INFO: [ view_filter ] --START--
INFO: ContentReplace Behavior ::run [ RunTime:0.000495s ]
INFO: TokenBuild Behavior ::run [ RunTime:0.000305s ]
INFO: WriteHtmlCache Behavior ::run [ RunTime:0.000156s ]
INFO: ShowRuntime Behavior ::run [ RunTime:0.000326s ]
INFO: [ view_filter ] --END-- [ RunTime:0.001449s ]
INFO: [ view_end ] --START--
INFO: ShowPageTrace Behavior ::run [ RunTime:0.000514s ]
INFO: [ view_end ] --END-- [ RunTime:0.000594s ]

[ 2015-09-01T11:58:04+08:00 ] 0.0.0.0 /cc-/c/4_0.html
INFO: [ route_check ] --START--
INFO: CheckRoute Behavior ::run [ RunTime:0.000691s ]
INFO: [ route_check ] --END-- [ RunTime:0.000770s ]
INFO: [ app_begin ] --START--
INFO: ReadHtmlCache Behavior ::run [ RunTime:0.000387s ]
INFO: [ app_begin ] --END-- [ RunTime:0.000448s ]
SQL: SHOW COLUMNS FROM `ccshop_goods` [ RunTime:0.001571s ]
SQL: SELECT COUNT(*) AS tp_count FROM `ccshop_goods` WHERE ( `gid` IN(21,5,6,7,8,9,10,11,12) ) LIMIT 1   [ RunTime:0.000306s ]
SQL: SELECT `gid`,`gname`,`marketprice`,`shopprice`,`pic` FROM `ccshop_goods` WHERE ( `gid` IN(21,5,6,7,8,9,10,11,12) ) ORDER BY time DESC LIMIT 0,8   [ RunTime:0.000268s ]
SQL: SELECT `gid`,`gname`,`pic`,`click`,`shopprice` FROM `ccshop_goods` WHERE ( `cid` = 13 ) ORDER BY rand() LIMIT 4   [ RunTime:0.000531s ]
SQL: SELECT `gid`,`gname`,`pic`,`click`,`shopprice` FROM `ccshop_goods` WHERE ( `cid` = 13 ) ORDER BY rand() LIMIT 5   [ RunTime:0.000267s ]
SQL: SHOW COLUMNS FROM `ccshop_category` [ RunTime:0.001266s ]
SQL: SELECT `cid`,`cname` FROM `ccshop_category` WHERE ( `pid` = 4 )  [ RunTime:0.000210s ]
SQL: SELECT `cname` FROM `ccshop_category` WHERE ( `cid` = 4 ) LIMIT 1   [ RunTime:0.000147s ]
SQL: SELECT `pid`,`cname`,`cid` FROM `ccshop_category` WHERE ( `cid` = 4 )  [ RunTime:0.000182s ]
SQL: SELECT `pid`,`cname`,`cid` FROM `ccshop_category` WHERE ( `cid` = 1 )  [ RunTime:0.000175s ]
INFO: [ view_parse ] --START--
INFO: ParseTemplate Behavior ::run [ RunTime:0.030542s ]
INFO: [ view_parse ] --END-- [ RunTime:0.030625s ]
INFO: [ view_filter ] --START--
INFO: ContentReplace Behavior ::run [ RunTime:0.000509s ]
INFO: TokenBuild Behavior ::run [ RunTime:0.000269s ]
INFO: WriteHtmlCache Behavior ::run [ RunTime:0.000148s ]
INFO: ShowRuntime Behavior ::run [ RunTime:0.000323s ]
INFO: [ view_filter ] --END-- [ RunTime:0.001408s ]
INFO: [ view_end ] --START--
INFO: ShowPageTrace Behavior ::run [ RunTime:0.000574s ]
INFO: [ view_end ] --END-- [ RunTime:0.000677s ]

[ 2015-09-01T11:58:08+08:00 ] 0.0.0.0 /cc-/c/4_0_88_0_0_0_0_0_0_0_0_0_0_0.html
INFO: [ route_check ] --START--
INFO: CheckRoute Behavior ::run [ RunTime:0.000720s ]
INFO: [ route_check ] --END-- [ RunTime:0.000796s ]
INFO: [ app_begin ] --START--
INFO: ReadHtmlCache Behavior ::run [ RunTime:0.000546s ]
INFO: [ app_begin ] --END-- [ RunTime:0.000652s ]
SQL: SELECT DISTINCT a.`gid` FROM `ccshop_goods_attr` a INNER JOIN `ccshop_goods_attr` b WHERE a.`gtvalue` = b.`gtvalue` AND b.gtid = 88 [ RunTime:0.000306s ]
SQL: SHOW COLUMNS FROM `ccshop_goods` [ RunTime:0.009496s ]
SQL: SELECT COUNT(*) AS tp_count FROM `ccshop_goods` WHERE ( `gid` IN(21,5,6,7,8,9,10,11,12) AND `gid` IN(1,2,3,4,5,6,9,10,100,16,18,19,20,21) ) LIMIT 1   [ RunTime:0.000292s ]
SQL: SELECT `gid`,`gname`,`marketprice`,`shopprice`,`pic` FROM `ccshop_goods` WHERE ( `gid` IN(21,5,6,7,8,9,10,11,12) AND `gid` IN(1,2,3,4,5,6,9,10,100,16,18,19,20,21) ) ORDER BY time DESC LIMIT 0,8   [ RunTime:0.000384s ]
SQL: SELECT `gid`,`gname`,`pic`,`click`,`shopprice` FROM `ccshop_goods` WHERE ( `cid` = 13 ) ORDER BY rand() LIMIT 4   [ RunTime:0.000379s ]
SQL: SELECT `gid`,`gname`,`pic`,`click`,`shopprice` FROM `ccshop_goods` WHERE ( `cid` = 13 ) ORDER BY rand() LIMIT 5   [ RunTime:0.000285s ]
SQL: SHOW COLUMNS FROM `ccshop_category` [ RunTime:0.001026s ]
SQL: SELECT `cid`,`cname` FROM `ccshop_category` WHERE ( `pid` = 4 )  [ RunTime:0.000261s ]
SQL: SELECT `cname` FROM `ccshop_category` WHERE ( `cid` = 4 ) LIMIT 1   [ RunTime:0.000199s ]
SQL: SELECT `pid`,`cname`,`cid` FROM `ccshop_category` WHERE ( `cid` = 4 )  [ RunTime:0.000279s ]
SQL: SELECT `pid`,`cname`,`cid` FROM `ccshop_category` WHERE ( `cid` = 1 )  [ RunTime:0.000208s ]
INFO: [ view_parse ] --START--
INFO: ParseTemplate Behavior ::run [ RunTime:0.030112s ]
INFO: [ view_parse ] --END-- [ RunTime:0.030198s ]
INFO: [ view_filter ] --START--
INFO: ContentReplace Behavior ::run [ RunTime:0.000522s ]
INFO: TokenBuild Behavior ::run [ RunTime:0.000255s ]
INFO: WriteHtmlCache Behavior ::run [ RunTime:0.000142s ]
INFO: ShowRuntime Behavior ::run [ RunTime:0.000318s ]
INFO: [ view_filter ] --END-- [ RunTime:0.001387s ]
INFO: [ view_end ] --START--
INFO: ShowPageTrace Behavior ::run [ RunTime:0.000519s ]
INFO: [ view_end ] --END-- [ RunTime:0.000591s ]

[ 2015-09-01T11:58:09+08:00 ] 0.0.0.0 /cc-/c/4_0_0_0_0_0_0_0_0_0_0_0_0_0.html
INFO: [ route_check ] --START--
INFO: CheckRoute Behavior ::run [ RunTime:0.000806s ]
INFO: [ route_check ] --END-- [ RunTime:0.000892s ]
INFO: [ app_begin ] --START--
INFO: ReadHtmlCache Behavior ::run [ RunTime:0.000433s ]
INFO: [ app_begin ] --END-- [ RunTime:0.000499s ]
SQL: SHOW COLUMNS FROM `ccshop_goods` [ RunTime:0.001335s ]
SQL: SELECT COUNT(*) AS tp_count FROM `ccshop_goods` WHERE ( `gid` IN(21,5,6,7,8,9,10,11,12) ) LIMIT 1   [ RunTime:0.000246s ]
SQL: SELECT `gid`,`gname`,`marketprice`,`shopprice`,`pic` FROM `ccshop_goods` WHERE ( `gid` IN(21,5,6,7,8,9,10,11,12) ) ORDER BY time DESC LIMIT 0,8   [ RunTime:0.000257s ]
SQL: SELECT `gid`,`gname`,`pic`,`click`,`shopprice` FROM `ccshop_goods` WHERE ( `cid` = 13 ) ORDER BY rand() LIMIT 4   [ RunTime:0.000323s ]
SQL: SELECT `gid`,`gname`,`pic`,`click`,`shopprice` FROM `ccshop_goods` WHERE ( `cid` = 13 ) ORDER BY rand() LIMIT 5   [ RunTime:0.000334s ]
SQL: SHOW COLUMNS FROM `ccshop_category` [ RunTime:0.001121s ]
SQL: SELECT `cid`,`cname` FROM `ccshop_category` WHERE ( `pid` = 4 )  [ RunTime:0.000236s ]
SQL: SELECT `cname` FROM `ccshop_category` WHERE ( `cid` = 4 ) LIMIT 1   [ RunTime:0.000166s ]
SQL: SELECT `pid`,`cname`,`cid` FROM `ccshop_category` WHERE ( `cid` = 4 )  [ RunTime:0.000493s ]
SQL: SELECT `pid`,`cname`,`cid` FROM `ccshop_category` WHERE ( `cid` = 1 )  [ RunTime:0.000207s ]
INFO: [ view_parse ] --START--
INFO: ParseTemplate Behavior ::run [ RunTime:0.031554s ]
INFO: [ view_parse ] --END-- [ RunTime:0.031645s ]
INFO: [ view_filter ] --START--
INFO: ContentReplace Behavior ::run [ RunTime:0.000580s ]
INFO: TokenBuild Behavior ::run [ RunTime:0.000360s ]
INFO: WriteHtmlCache Behavior ::run [ RunTime:0.000291s ]
INFO: ShowRuntime Behavior ::run [ RunTime:0.000404s ]
INFO: [ view_filter ] --END-- [ RunTime:0.001855s ]
INFO: [ view_end ] --START--
INFO: ShowPageTrace Behavior ::run [ RunTime:0.000607s ]
INFO: [ view_end ] --END-- [ RunTime:0.000683s ]

[ 2015-09-01T11:58:26+08:00 ] 0.0.0.0 /cc-/c/4_165_0_0_0_0_0_0_0_0_0_0_0_0.html
INFO: [ route_check ] --START--
INFO: CheckRoute Behavior ::run [ RunTime:0.000931s ]
INFO: [ route_check ] --END-- [ RunTime:0.001093s ]
INFO: [ app_begin ] --START--
INFO: ReadHtmlCache Behavior ::run [ RunTime:0.000415s ]
INFO: [ app_begin ] --END-- [ RunTime:0.000499s ]
SQL: SELECT DISTINCT a.`gid` FROM `ccshop_goods_attr` a INNER JOIN `ccshop_goods_attr` b WHERE a.`gtvalue` = b.`gtvalue` AND b.gtid = 165 [ RunTime:0.000357s ]
SQL: SHOW COLUMNS FROM `ccshop_goods` [ RunTime:0.001096s ]
SQL: SELECT COUNT(*) AS tp_count FROM `ccshop_goods` WHERE ( `gid` IN(21,5,6,7,8,9,10,11,12) AND `gid` IN(10) ) LIMIT 1   [ RunTime:0.000213s ]
SQL: SELECT `gid`,`gname`,`marketprice`,`shopprice`,`pic` FROM `ccshop_goods` WHERE ( `gid` IN(21,5,6,7,8,9,10,11,12) AND `gid` IN(10) ) ORDER BY time DESC LIMIT 0,8   [ RunTime:0.000286s ]
SQL: SELECT `gid`,`gname`,`pic`,`click`,`shopprice` FROM `ccshop_goods` WHERE ( `cid` = 13 ) ORDER BY rand() LIMIT 4   [ RunTime:0.000391s ]
SQL: SELECT `gid`,`gname`,`pic`,`click`,`shopprice` FROM `ccshop_goods` WHERE ( `cid` = 13 ) ORDER BY rand() LIMIT 5   [ RunTime:0.000278s ]
SQL: SHOW COLUMNS FROM `ccshop_category` [ RunTime:0.001176s ]
SQL: SELECT `cid`,`cname` FROM `ccshop_category` WHERE ( `pid` = 4 )  [ RunTime:0.000268s ]
SQL: SELECT `cname` FROM `ccshop_category` WHERE ( `cid` = 4 ) LIMIT 1   [ RunTime:0.000166s ]
SQL: SELECT `pid`,`cname`,`cid` FROM `ccshop_category` WHERE ( `cid` = 4 )  [ RunTime:0.000180s ]
SQL: SELECT `pid`,`cname`,`cid` FROM `ccshop_category` WHERE ( `cid` = 1 )  [ RunTime:0.000149s ]
INFO: [ view_parse ] --START--
INFO: ParseTemplate Behavior ::run [ RunTime:0.032707s ]
INFO: [ view_parse ] --END-- [ RunTime:0.032797s ]
INFO: [ view_filter ] --START--
INFO: ContentReplace Behavior ::run [ RunTime:0.000567s ]
INFO: TokenBuild Behavior ::run [ RunTime:0.000327s ]
INFO: WriteHtmlCache Behavior ::run [ RunTime:0.000236s ]
INFO: ShowRuntime Behavior ::run [ RunTime:0.000422s ]
INFO: [ view_filter ] --END-- [ RunTime:0.001775s ]
INFO: [ view_end ] --START--
INFO: ShowPageTrace Behavior ::run [ RunTime:0.000772s ]
INFO: [ view_end ] --END-- [ RunTime:0.000899s ]

[ 2015-09-01T11:58:32+08:00 ] 0.0.0.0 /cc-/c/4_101_0_0_0_0_0_0_0_0_0_0_0_0.html
INFO: [ route_check ] --START--
INFO: CheckRoute Behavior ::run [ RunTime:0.001374s ]
INFO: [ route_check ] --END-- [ RunTime:0.001625s ]
INFO: [ app_begin ] --START--
INFO: ReadHtmlCache Behavior ::run [ RunTime:0.000633s ]
INFO: [ app_begin ] --END-- [ RunTime:0.000827s ]
SQL: SELECT DISTINCT a.`gid` FROM `ccshop_goods_attr` a INNER JOIN `ccshop_goods_attr` b WHERE a.`gtvalue` = b.`gtvalue` AND b.gtid = 101 [ RunTime:0.000408s ]
SQL: SHOW COLUMNS FROM `ccshop_goods` [ RunTime:0.009515s ]
SQL: SELECT COUNT(*) AS tp_count FROM `ccshop_goods` WHERE ( `gid` IN(21,5,6,7,8,9,10,11,12) AND `gid` IN(1,2,6,7,9,11,12) ) LIMIT 1   [ RunTime:0.000309s ]
SQL: SELECT `gid`,`gname`,`marketprice`,`shopprice`,`pic` FROM `ccshop_goods` WHERE ( `gid` IN(21,5,6,7,8,9,10,11,12) AND `gid` IN(1,2,6,7,9,11,12) ) ORDER BY time DESC LIMIT 0,8   [ RunTime:0.000361s ]
SQL: SELECT `gid`,`gname`,`pic`,`click`,`shopprice` FROM `ccshop_goods` WHERE ( `cid` = 13 ) ORDER BY rand() LIMIT 4   [ RunTime:0.000378s ]
SQL: SELECT `gid`,`gname`,`pic`,`click`,`shopprice` FROM `ccshop_goods` WHERE ( `cid` = 13 ) ORDER BY rand() LIMIT 5   [ RunTime:0.000306s ]
SQL: SHOW COLUMNS FROM `ccshop_category` [ RunTime:0.001315s ]
SQL: SELECT `cid`,`cname` FROM `ccshop_category` WHERE ( `pid` = 4 )  [ RunTime:0.000273s ]
SQL: SELECT `cname` FROM `ccshop_category` WHERE ( `cid` = 4 ) LIMIT 1   [ RunTime:0.000235s ]
SQL: SELECT `pid`,`cname`,`cid` FROM `ccshop_category` WHERE ( `cid` = 4 )  [ RunTime:0.000422s ]
SQL: SELECT `pid`,`cname`,`cid` FROM `ccshop_category` WHERE ( `cid` = 1 )  [ RunTime:0.000179s ]
INFO: [ view_parse ] --START--
INFO: ParseTemplate Behavior ::run [ RunTime:0.033560s ]
INFO: [ view_parse ] --END-- [ RunTime:0.033657s ]
INFO: [ view_filter ] --START--
INFO: ContentReplace Behavior ::run [ RunTime:0.000624s ]
INFO: TokenBuild Behavior ::run [ RunTime:0.000316s ]
INFO: WriteHtmlCache Behavior ::run [ RunTime:0.000219s ]
INFO: ShowRuntime Behavior ::run [ RunTime:0.000422s ]
INFO: [ view_filter ] --END-- [ RunTime:0.001762s ]
INFO: [ view_end ] --START--
INFO: ShowPageTrace Behavior ::run [ RunTime:0.000704s ]
INFO: [ view_end ] --END-- [ RunTime:0.000866s ]

[ 2015-09-01T11:58:46+08:00 ] 0.0.0.0 /cc-/c/4_101_87_0_0_0_0_0_0_0_0_0_0_0.html
INFO: [ route_check ] --START--
INFO: CheckRoute Behavior ::run [ RunTime:0.001145s ]
INFO: [ route_check ] --END-- [ RunTime:0.001336s ]
INFO: [ app_begin ] --START--
INFO: ReadHtmlCache Behavior ::run [ RunTime:0.000468s ]
INFO: [ app_begin ] --END-- [ RunTime:0.000563s ]
SQL: SELECT DISTINCT a.`gid` FROM `ccshop_goods_attr` a INNER JOIN `ccshop_goods_attr` b WHERE a.`gtvalue` = b.`gtvalue` AND b.gtid = 101 [ RunTime:0.000404s ]
SQL: SELECT DISTINCT a.`gid` FROM `ccshop_goods_attr` a INNER JOIN `ccshop_goods_attr` b WHERE a.`gtvalue` = b.`gtvalue` AND b.gtid = 87 [ RunTime:0.000288s ]
SQL: SHOW COLUMNS FROM `ccshop_goods` [ RunTime:0.009039s ]
SQL: SELECT COUNT(*) AS tp_count FROM `ccshop_goods` WHERE ( `gid` IN(21,5,6,7,8,9,10,11,12) AND `gid` IN(1,2,6,7,9,11,12) AND `gid` IN(1,2,3,4,5,6,7,8,9,10,11,12,100,14) ) LIMIT 1   [ RunTime:0.000386s ]
SQL: SELECT `gid`,`gname`,`marketprice`,`shopprice`,`pic` FROM `ccshop_goods` WHERE ( `gid` IN(21,5,6,7,8,9,10,11,12) AND `gid` IN(1,2,6,7,9,11,12) AND `gid` IN(1,2,3,4,5,6,7,8,9,10,11,12,100,14) ) ORDER BY time DESC LIMIT 0,8   [ RunTime:0.000558s ]
SQL: SELECT `gid`,`gname`,`pic`,`click`,`shopprice` FROM `ccshop_goods` WHERE ( `cid` = 13 ) ORDER BY rand() LIMIT 4   [ RunTime:0.000408s ]
SQL: SELECT `gid`,`gname`,`pic`,`click`,`shopprice` FROM `ccshop_goods` WHERE ( `cid` = 13 ) ORDER BY rand() LIMIT 5   [ RunTime:0.000321s ]
SQL: SHOW COLUMNS FROM `ccshop_category` [ RunTime:0.001047s ]
SQL: SELECT `cid`,`cname` FROM `ccshop_category` WHERE ( `pid` = 4 )  [ RunTime:0.000262s ]
SQL: SELECT `cname` FROM `ccshop_category` WHERE ( `cid` = 4 ) LIMIT 1   [ RunTime:0.000202s ]
SQL: SELECT `pid`,`cname`,`cid` FROM `ccshop_category` WHERE ( `cid` = 4 )  [ RunTime:0.000199s ]
SQL: SELECT `pid`,`cname`,`cid` FROM `ccshop_category` WHERE ( `cid` = 1 )  [ RunTime:0.000210s ]
INFO: [ view_parse ] --START--
INFO: ParseTemplate Behavior ::run [ RunTime:0.032726s ]
INFO: [ view_parse ] --END-- [ RunTime:0.032817s ]
INFO: [ view_filter ] --START--
INFO: ContentReplace Behavior ::run [ RunTime:0.000583s ]
INFO: TokenBuild Behavior ::run [ RunTime:0.000276s ]
INFO: WriteHtmlCache Behavior ::run [ RunTime:0.000155s ]
INFO: ShowRuntime Behavior ::run [ RunTime:0.000340s ]
INFO: [ view_filter ] --END-- [ RunTime:0.001508s ]
INFO: [ view_end ] --START--
INFO: ShowPageTrace Behavior ::run [ RunTime:0.000556s ]
INFO: [ view_end ] --END-- [ RunTime:0.000633s ]

[ 2015-09-01T12:00:16+08:00 ] 0.0.0.0 /cc-/c/4_101_87_0_0_0_0_0_0_0_0_0_0_85.html
INFO: [ route_check ] --START--
INFO: CheckRoute Behavior ::run [ RunTime:0.000793s ]
INFO: [ route_check ] --END-- [ RunTime:0.000882s ]
INFO: [ app_begin ] --START--
INFO: ReadHtmlCache Behavior ::run [ RunTime:0.000404s ]
INFO: [ app_begin ] --END-- [ RunTime:0.000471s ]
SQL: SELECT DISTINCT a.`gid` FROM `ccshop_goods_attr` a INNER JOIN `ccshop_goods_attr` b WHERE a.`gtvalue` = b.`gtvalue` AND b.gtid = 101 [ RunTime:0.000354s ]
SQL: SELECT DISTINCT a.`gid` FROM `ccshop_goods_attr` a INNER JOIN `ccshop_goods_attr` b WHERE a.`gtvalue` = b.`gtvalue` AND b.gtid = 87 [ RunTime:0.000340s ]
SQL: SELECT DISTINCT a.`gid` FROM `ccshop_goods_attr` a INNER JOIN `ccshop_goods_attr` b WHERE a.`gtvalue` = b.`gtvalue` AND b.gtid = 85 [ RunTime:0.000263s ]
SQL: SHOW COLUMNS FROM `ccshop_goods` [ RunTime:0.008884s ]
SQL: SELECT COUNT(*) AS tp_count FROM `ccshop_goods` WHERE ( `gid` IN(21,5,6,7,8,9,10,11,12) AND `gid` IN(1,2,6,7,9,11,12) AND `gid` IN(1,2,3,4,5,6,7,8,9,10,11,12,100,14) AND `gid` IN(1,2,3,4,5,6,7,8,9,10,11,12) ) LIMIT 1   [ RunTime:0.000332s ]
SQL: SELECT `gid`,`gname`,`marketprice`,`shopprice`,`pic` FROM `ccshop_goods` WHERE ( `gid` IN(21,5,6,7,8,9,10,11,12) AND `gid` IN(1,2,6,7,9,11,12) AND `gid` IN(1,2,3,4,5,6,7,8,9,10,11,12,100,14) AND `gid` IN(1,2,3,4,5,6,7,8,9,10,11,12) ) ORDER BY time DESC LIMIT 0,8   [ RunTime:0.000350s ]
SQL: SELECT `gid`,`gname`,`pic`,`click`,`shopprice` FROM `ccshop_goods` WHERE ( `cid` = 13 ) ORDER BY rand() LIMIT 4   [ RunTime:0.000346s ]
SQL: SELECT `gid`,`gname`,`pic`,`click`,`shopprice` FROM `ccshop_goods` WHERE ( `cid` = 13 ) ORDER BY rand() LIMIT 5   [ RunTime:0.000326s ]
SQL: SHOW COLUMNS FROM `ccshop_category` [ RunTime:0.001261s ]
SQL: SELECT `cid`,`cname` FROM `ccshop_category` WHERE ( `pid` = 4 )  [ RunTime:0.000247s ]
SQL: SELECT `cname` FROM `ccshop_category` WHERE ( `cid` = 4 ) LIMIT 1   [ RunTime:0.000220s ]
SQL: SELECT `pid`,`cname`,`cid` FROM `ccshop_category` WHERE ( `cid` = 4 )  [ RunTime:0.000232s ]
SQL: SELECT `pid`,`cname`,`cid` FROM `ccshop_category` WHERE ( `cid` = 1 )  [ RunTime:0.000191s ]
INFO: [ view_parse ] --START--
INFO: ParseTemplate Behavior ::run [ RunTime:0.033324s ]
INFO: [ view_parse ] --END-- [ RunTime:0.033416s ]
INFO: [ view_filter ] --START--
INFO: ContentReplace Behavior ::run [ RunTime:0.000574s ]
INFO: TokenBuild Behavior ::run [ RunTime:0.000275s ]
INFO: WriteHtmlCache Behavior ::run [ RunTime:0.000153s ]
INFO: ShowRuntime Behavior ::run [ RunTime:0.000347s ]
INFO: [ view_filter ] --END-- [ RunTime:0.001507s ]
INFO: [ view_end ] --START--
INFO: ShowPageTrace Behavior ::run [ RunTime:0.000632s ]
INFO: [ view_end ] --END-- [ RunTime:0.000704s ]

