[ 2015-12-01T13:58:50+08:00 ] 0.0.0.0 /cc-/
INFO: [ app_begin ] --START--
INFO: ReadHtmlCache Behavior ::run [ RunTime:0.001030s ]
INFO: [ app_begin ] --END-- [ RunTime:0.001732s ]
SQL: SHOW COLUMNS FROM `ccshop_goods` [ RunTime:0.015221s ]
SQL: SELECT `gid`,`gname`,`pic`,`click`,`shopprice` FROM `ccshop_goods` WHERE ( `cid` = 13 ) ORDER BY rand() LIMIT 10   [ RunTime:0.005559s ]
SQL: SELECT `gid`,`gname`,`pic`,`click`,`shopprice` FROM `ccshop_goods` WHERE ( `cid` = 13 ) ORDER BY rand() LIMIT 10   [ RunTime:0.000518s ]
SQL: SELECT `gid`,`gname`,`pic`,`click`,`shopprice` FROM `ccshop_goods` WHERE ( `cid` = 13 ) ORDER BY rand() LIMIT 10   [ RunTime:0.000344s ]
SQL: SHOW COLUMNS FROM `ccshop_category` [ RunTime:0.001923s ]
SQL: SELECT `cid`,`cname` FROM `ccshop_category` WHERE ( `pid` = 4 )  [ RunTime:0.000628s ]
INFO: [ view_parse ] --START--
INFO: ParseTemplate Behavior ::run [ RunTime:0.110166s ]
INFO: [ view_parse ] --END-- [ RunTime:0.110306s ]
INFO: [ view_filter ] --START--
INFO: ContentReplace Behavior ::run [ RunTime:0.001329s ]
INFO: TokenBuild Behavior ::run [ RunTime:0.000795s ]
INFO: WriteHtmlCache Behavior ::run [ RunTime:0.000879s ]
INFO: ShowRuntime Behavior ::run [ RunTime:0.000692s ]
INFO: [ view_filter ] --END-- [ RunTime:0.004057s ]
INFO: [ view_end ] --START--
INFO: ShowPageTrace Behavior ::run [ RunTime:0.001260s ]
INFO: [ view_end ] --END-- [ RunTime:0.001367s ]

[ 2015-12-01T13:58:55+08:00 ] 0.0.0.0 /cc-/admin
INFO: [ route_check ] --START--
INFO: CheckRoute Behavior ::run [ RunTime:0.001381s ]
INFO: [ route_check ] --END-- [ RunTime:0.001556s ]
INFO: [ app_begin ] --START--
INFO: ReadHtmlCache Behavior ::run [ RunTime:0.000538s ]
INFO: [ app_begin ] --END-- [ RunTime:0.000652s ]
INFO: [ view_parse ] --START--
NOTIC: [8] Undefined index: welcome /www/cc-/App/Runtime/Cache/admin/3337b40a3a45144ee3de62bbd03526a6.php 第 14 行.
INFO: ParseTemplate Behavior ::run [ RunTime:0.013540s ]
INFO: [ view_parse ] --END-- [ RunTime:0.013640s ]
INFO: [ view_filter ] --START--
INFO: ContentReplace Behavior ::run [ RunTime:0.000293s ]
INFO: TokenBuild Behavior ::run [ RunTime:0.000249s ]
INFO: WriteHtmlCache Behavior ::run [ RunTime:0.000139s ]
INFO: ShowRuntime Behavior ::run [ RunTime:0.000342s ]
INFO: [ view_filter ] --END-- [ RunTime:0.001170s ]
INFO: [ view_end ] --START--
INFO: ShowPageTrace Behavior ::run [ RunTime:0.000454s ]
INFO: [ view_end ] --END-- [ RunTime:0.000512s ]

[ 2015-12-01T13:58:55+08:00 ] 0.0.0.0 /cc-/admin/Index/info.html
INFO: [ route_check ] --START--
INFO: CheckRoute Behavior ::run [ RunTime:0.001062s ]
INFO: [ route_check ] --END-- [ RunTime:0.001203s ]
INFO: [ app_begin ] --START--
INFO: ReadHtmlCache Behavior ::run [ RunTime:0.000449s ]
INFO: [ app_begin ] --END-- [ RunTime:0.000527s ]
NOTIC: [2] mysql_get_server_info(): Can't connect to local MySQL server through socket '/Applications/MAMP/tmp/mysql/mysql.sock' (2) /www/cc-/App/Modules/admin/Action/IndexAction.class.php 第 43 行.
NOTIC: [2] mysql_get_server_info(): A link to the server could not be established /www/cc-/App/Modules/admin/Action/IndexAction.class.php 第 43 行.
INFO: [ view_parse ] --START--
INFO: ParseTemplate Behavior ::run [ RunTime:0.008476s ]
INFO: [ view_parse ] --END-- [ RunTime:0.008566s ]
INFO: [ view_filter ] --START--
INFO: ContentReplace Behavior ::run [ RunTime:0.000333s ]
INFO: TokenBuild Behavior ::run [ RunTime:0.000295s ]
INFO: WriteHtmlCache Behavior ::run [ RunTime:0.000149s ]
INFO: ShowRuntime Behavior ::run [ RunTime:0.000313s ]
INFO: [ view_filter ] --END-- [ RunTime:0.001264s ]
INFO: [ view_end ] --START--
INFO: ShowPageTrace Behavior ::run [ RunTime:0.000453s ]
INFO: [ view_end ] --END-- [ RunTime:0.000510s ]

[ 2015-12-01T13:58:58+08:00 ] 0.0.0.0 /cc-/admin/Goods/index.html
INFO: [ route_check ] --START--
INFO: CheckRoute Behavior ::run [ RunTime:0.000784s ]
INFO: [ route_check ] --END-- [ RunTime:0.000909s ]
INFO: [ app_begin ] --START--
INFO: ReadHtmlCache Behavior ::run [ RunTime:0.000700s ]
INFO: [ app_begin ] --END-- [ RunTime:0.000848s ]
SQL: SHOW COLUMNS FROM `ccshop_goods` [ RunTime:0.004215s ]
SQL: SELECT `gid`,`gname`,`gnumber`,`unit`,`marketprice`,`shopprice`,`click`,`time`,`tid` FROM `ccshop_goods`  [ RunTime:0.000331s ]
SQL: SHOW COLUMNS FROM `ccshop_goods_list` [ RunTime:0.001552s ]
SQL: SELECT `inventory` FROM `ccshop_goods_list` WHERE ( `gid` = 5 )  [ RunTime:0.001102s ]
SQL: SELECT `inventory` FROM `ccshop_goods_list` WHERE ( `gid` = 6 )  [ RunTime:0.000347s ]
SQL: SELECT `inventory` FROM `ccshop_goods_list` WHERE ( `gid` = 7 )  [ RunTime:0.000345s ]
SQL: SELECT `inventory` FROM `ccshop_goods_list` WHERE ( `gid` = 8 )  [ RunTime:0.000249s ]
SQL: SELECT `inventory` FROM `ccshop_goods_list` WHERE ( `gid` = 9 )  [ RunTime:0.000909s ]
SQL: SELECT `inventory` FROM `ccshop_goods_list` WHERE ( `gid` = 10 )  [ RunTime:0.000353s ]
SQL: SELECT `inventory` FROM `ccshop_goods_list` WHERE ( `gid` = 11 )  [ RunTime:0.000193s ]
SQL: SELECT `inventory` FROM `ccshop_goods_list` WHERE ( `gid` = 12 )  [ RunTime:0.000208s ]
INFO: [ view_parse ] --START--
INFO: ParseTemplate Behavior ::run [ RunTime:0.013869s ]
INFO: [ view_parse ] --END-- [ RunTime:0.013992s ]
INFO: [ view_filter ] --START--
INFO: ContentReplace Behavior ::run [ RunTime:0.000473s ]
INFO: TokenBuild Behavior ::run [ RunTime:0.000496s ]
INFO: WriteHtmlCache Behavior ::run [ RunTime:0.000174s ]
INFO: ShowRuntime Behavior ::run [ RunTime:0.000457s ]
INFO: [ view_filter ] --END-- [ RunTime:0.001875s ]
INFO: [ view_end ] --START--
INFO: ShowPageTrace Behavior ::run [ RunTime:0.000885s ]
INFO: [ view_end ] --END-- [ RunTime:0.000987s ]

[ 2015-12-01T13:59:00+08:00 ] 0.0.0.0 /cc-/admin/GoodsList/index/gid/5/tid/1.html
INFO: [ route_check ] --START--
INFO: CheckRoute Behavior ::run [ RunTime:0.000919s ]
INFO: [ route_check ] --END-- [ RunTime:0.001065s ]
INFO: [ app_begin ] --START--
INFO: ReadHtmlCache Behavior ::run [ RunTime:0.000511s ]
INFO: [ app_begin ] --END-- [ RunTime:0.000584s ]
SQL: SHOW COLUMNS FROM `ccshop_type_attr` [ RunTime:0.001503s ]
SQL: SELECT `taid`,`taname` FROM `ccshop_type_attr` WHERE ( `tid` = 1 ) AND ( `class` = 1 )  [ RunTime:0.000832s ]
SQL: SHOW COLUMNS FROM `ccshop_goods_attr` [ RunTime:0.001234s ]
SQL: SELECT `gtid`,`gtvalue` FROM `ccshop_goods_attr` WHERE ( `gid` = 5 ) AND ( `taid` = 12 )  [ RunTime:0.001502s ]
SQL: SELECT `gtid`,`gtvalue` FROM `ccshop_goods_attr` WHERE ( `gid` = 5 ) AND ( `taid` = 13 )  [ RunTime:0.001631s ]
SQL: SHOW COLUMNS FROM `ccshop_goods_list` [ RunTime:0.002062s ]
SQL: SELECT * FROM `ccshop_goods_list` WHERE ( `gid` = 5 )  [ RunTime:0.001065s ]
SQL: SELECT `gtvalue` FROM `ccshop_goods_attr` WHERE ( `gtid` IN ('86','87') )  [ RunTime:0.000298s ]
SQL: SELECT `gtvalue` FROM `ccshop_goods_attr` WHERE ( `gtid` IN ('86','88') )  [ RunTime:0.000227s ]
INFO: [ view_parse ] --START--
INFO: ParseTemplate Behavior ::run [ RunTime:0.014718s ]
INFO: [ view_parse ] --END-- [ RunTime:0.014804s ]
INFO: [ view_filter ] --START--
INFO: ContentReplace Behavior ::run [ RunTime:0.000274s ]
INFO: TokenBuild Behavior ::run [ RunTime:0.000243s ]
INFO: WriteHtmlCache Behavior ::run [ RunTime:0.000135s ]
INFO: ShowRuntime Behavior ::run [ RunTime:0.000303s ]
INFO: [ view_filter ] --END-- [ RunTime:0.001099s ]
INFO: [ view_end ] --START--
INFO: ShowPageTrace Behavior ::run [ RunTime:0.000454s ]
INFO: [ view_end ] --END-- [ RunTime:0.000508s ]

[ 2015-12-01T14:04:14+08:00 ] 0.0.0.0 /cc-/
INFO: [ app_begin ] --START--
INFO: ReadHtmlCache Behavior ::run [ RunTime:0.000983s ]
INFO: [ app_begin ] --END-- [ RunTime:0.001187s ]
SQL: SHOW COLUMNS FROM `ccshop_goods` [ RunTime:0.001408s ]
SQL: SELECT `gid`,`gname`,`pic`,`click`,`shopprice` FROM `ccshop_goods` WHERE ( `cid` = 13 ) ORDER BY rand() LIMIT 10   [ RunTime:0.000354s ]
SQL: SELECT `gid`,`gname`,`pic`,`click`,`shopprice` FROM `ccshop_goods` WHERE ( `cid` = 13 ) ORDER BY rand() LIMIT 10   [ RunTime:0.000265s ]
SQL: SELECT `gid`,`gname`,`pic`,`click`,`shopprice` FROM `ccshop_goods` WHERE ( `cid` = 13 ) ORDER BY rand() LIMIT 10   [ RunTime:0.000309s ]
SQL: SHOW COLUMNS FROM `ccshop_category` [ RunTime:0.001298s ]
SQL: SELECT `cid`,`cname` FROM `ccshop_category` WHERE ( `pid` = 4 )  [ RunTime:0.000567s ]
INFO: [ view_parse ] --START--
INFO: ParseTemplate Behavior ::run [ RunTime:0.099740s ]
INFO: [ view_parse ] --END-- [ RunTime:0.099842s ]
INFO: [ view_filter ] --START--
INFO: ContentReplace Behavior ::run [ RunTime:0.001348s ]
INFO: TokenBuild Behavior ::run [ RunTime:0.000656s ]
INFO: WriteHtmlCache Behavior ::run [ RunTime:0.000517s ]
INFO: ShowRuntime Behavior ::run [ RunTime:0.000777s ]
INFO: [ view_filter ] --END-- [ RunTime:0.003551s ]
INFO: [ view_end ] --START--
INFO: ShowPageTrace Behavior ::run [ RunTime:0.001225s ]
INFO: [ view_end ] --END-- [ RunTime:0.001321s ]

[ 2015-12-01T14:04:16+08:00 ] 0.0.0.0 /cc-/c/13_0.html
INFO: [ route_check ] --START--
INFO: CheckRoute Behavior ::run [ RunTime:0.008863s ]
INFO: [ route_check ] --END-- [ RunTime:0.008987s ]
INFO: [ app_begin ] --START--
INFO: ReadHtmlCache Behavior ::run [ RunTime:0.000709s ]
INFO: [ app_begin ] --END-- [ RunTime:0.000826s ]
SQL: SHOW COLUMNS FROM `ccshop_category` [ RunTime:0.001295s ]
SQL: SELECT `cid`,`pid` FROM `ccshop_category`  [ RunTime:0.000256s ]
SQL: SHOW COLUMNS FROM `ccshop_goods` [ RunTime:0.002070s ]
SQL: SELECT `gid` FROM `ccshop_goods` WHERE ( `cid` IN (13) )  [ RunTime:0.000313s ]
SQL: SHOW COLUMNS FROM `ccshop_goods_attr` [ RunTime:0.001226s ]
SQL: SELECT `gtid`,`gtvalue`,`taid` FROM `ccshop_goods_attr` WHERE ( `gid` IN ('5','6','7','8','9','10','11','12') ) GROUP BY gtvalue  [ RunTime:0.002909s ]
SQL: SHOW COLUMNS FROM `ccshop_type_attr` [ RunTime:0.001469s ]
SQL: SELECT `taname` FROM `ccshop_type_attr` WHERE ( `taid` = 12 ) LIMIT 1   [ RunTime:0.002032s ]
SQL: SELECT `taname` FROM `ccshop_type_attr` WHERE ( `taid` = 13 ) LIMIT 1   [ RunTime:0.000313s ]
SQL: SELECT `taname` FROM `ccshop_type_attr` WHERE ( `taid` = 5 ) LIMIT 1   [ RunTime:0.000192s ]
SQL: SELECT `taname` FROM `ccshop_type_attr` WHERE ( `taid` = 1 ) LIMIT 1   [ RunTime:0.000202s ]
SQL: SELECT `taname` FROM `ccshop_type_attr` WHERE ( `taid` = 3 ) LIMIT 1   [ RunTime:0.000202s ]
SQL: SELECT `taname` FROM `ccshop_type_attr` WHERE ( `taid` = 6 ) LIMIT 1   [ RunTime:0.000188s ]
SQL: SELECT `taname` FROM `ccshop_type_attr` WHERE ( `taid` = 2 ) LIMIT 1   [ RunTime:0.000202s ]
SQL: SELECT `taname` FROM `ccshop_type_attr` WHERE ( `taid` = 7 ) LIMIT 1   [ RunTime:0.000189s ]
SQL: SELECT `taname` FROM `ccshop_type_attr` WHERE ( `taid` = 8 ) LIMIT 1   [ RunTime:0.000245s ]
SQL: SELECT `taname` FROM `ccshop_type_attr` WHERE ( `taid` = 4 ) LIMIT 1   [ RunTime:0.000187s ]
SQL: SELECT `taname` FROM `ccshop_type_attr` WHERE ( `taid` = 9 ) LIMIT 1   [ RunTime:0.000235s ]
SQL: SELECT `taname` FROM `ccshop_type_attr` WHERE ( `taid` = 10 ) LIMIT 1   [ RunTime:0.000192s ]
SQL: SELECT `taname` FROM `ccshop_type_attr` WHERE ( `taid` = 11 ) LIMIT 1   [ RunTime:0.000201s ]
SQL: SELECT COUNT(*) AS tp_count FROM `ccshop_goods` WHERE ( `gid` IN(5,6,7,8,9,10,11,12) ) LIMIT 1   [ RunTime:0.004230s ]
SQL: SELECT `gid`,`gname`,`marketprice`,`shopprice`,`pic` FROM `ccshop_goods` WHERE ( `gid` IN(5,6,7,8,9,10,11,12) ) ORDER BY time DESC LIMIT 0,8   [ RunTime:0.000393s ]
SQL: SELECT `gid`,`gname`,`pic`,`click`,`shopprice` FROM `ccshop_goods` WHERE ( `cid` = 13 ) ORDER BY rand() LIMIT 4   [ RunTime:0.000435s ]
SQL: SELECT `gid`,`gname`,`pic`,`click`,`shopprice` FROM `ccshop_goods` WHERE ( `cid` = 13 ) ORDER BY rand() LIMIT 5   [ RunTime:0.000435s ]
SQL: SELECT `cid`,`cname` FROM `ccshop_category` WHERE ( `pid` = 4 )  [ RunTime:0.000248s ]
SQL: SELECT `cname` FROM `ccshop_category` WHERE ( `cid` = 13 ) LIMIT 1   [ RunTime:0.000199s ]
SQL: SELECT `pid`,`cname`,`cid` FROM `ccshop_category` WHERE ( `cid` = 13 )  [ RunTime:0.000204s ]
SQL: SELECT `pid`,`cname`,`cid` FROM `ccshop_category` WHERE ( `cid` = 4 )  [ RunTime:0.000257s ]
SQL: SELECT `pid`,`cname`,`cid` FROM `ccshop_category` WHERE ( `cid` = 1 )  [ RunTime:0.000205s ]
INFO: [ view_parse ] --START--
INFO: ParseTemplate Behavior ::run [ RunTime:0.032340s ]
INFO: [ view_parse ] --END-- [ RunTime:0.032431s ]
INFO: [ view_filter ] --START--
INFO: ContentReplace Behavior ::run [ RunTime:0.000543s ]
INFO: TokenBuild Behavior ::run [ RunTime:0.000296s ]
INFO: WriteHtmlCache Behavior ::run [ RunTime:0.000156s ]
INFO: ShowRuntime Behavior ::run [ RunTime:0.000329s ]
INFO: [ view_filter ] --END-- [ RunTime:0.001499s ]
INFO: [ view_end ] --START--
INFO: ShowPageTrace Behavior ::run [ RunTime:0.000830s ]
INFO: [ view_end ] --END-- [ RunTime:0.000940s ]

[ 2015-12-01T14:04:18+08:00 ] 0.0.0.0 /cc-/12.html
INFO: [ route_check ] --START--
INFO: CheckRoute Behavior ::run [ RunTime:0.000999s ]
INFO: [ route_check ] --END-- [ RunTime:0.001094s ]
INFO: [ app_begin ] --START--
INFO: ReadHtmlCache Behavior ::run [ RunTime:0.000393s ]
INFO: [ app_begin ] --END-- [ RunTime:0.000482s ]
SQL: SHOW COLUMNS FROM `ccshop_goods` [ RunTime:0.002288s ]
SQL: SHOW COLUMNS FROM `ccshop_detail` [ RunTime:0.001938s ]
SQL: SHOW COLUMNS FROM `ccshop_brand` [ RunTime:0.001796s ]
SQL: SELECT goods.gid AS gid,goods.gname AS gname,goods.unit AS unit,goods.marketprice AS marketprice,goods.shopprice AS shopprice,goods.click AS click,goods.time AS time,detail.small AS small,detail.medium AS medium,detail.big AS big,detail.intro AS intro,detail.service AS service,brand.logo AS logo FROM ccshop_goods goods LEFT JOIN ccshop_detail detail ON goods.gid = detail.gid LEFT JOIN ccshop_brand brand ON goods.bid = brand.bid WHERE ( goods.gid = 12 ) LIMIT 1   [ RunTime:0.002039s ]
ERR: 1054:Unknown column 'detail.small' in 'field list'
 [ SQL语句 ] : SELECT goods.gid AS gid,goods.gname AS gname,goods.unit AS unit,goods.marketprice AS marketprice,goods.shopprice AS shopprice,goods.click AS click,goods.time AS time,detail.small AS small,detail.medium AS medium,detail.big AS big,detail.intro AS intro,detail.service AS service,brand.logo AS logo FROM ccshop_goods goods LEFT JOIN ccshop_detail detail ON goods.gid = detail.gid LEFT JOIN ccshop_brand brand ON goods.bid = brand.bid WHERE ( goods.gid = 12 ) LIMIT 1  
NOTIC: [8] Undefined index: medium /www/cc-/App/Modules/Index/Action/ShowAction.class.php 第 31 行.
NOTIC: [8] Undefined index: big /www/cc-/App/Modules/Index/Action/ShowAction.class.php 第 32 行.
SQL: SHOW COLUMNS FROM `ccshop_goods_attr` [ RunTime:0.001299s ]
SQL: SELECT `gtid`,`gtvalue`,`added`,`taid` FROM `ccshop_goods_attr` WHERE ( `gid` = 12 )  [ RunTime:0.000305s ]
SQL: SHOW COLUMNS FROM `ccshop_type_attr` [ RunTime:0.001281s ]
SQL: SELECT `taname`,`class` FROM `ccshop_type_attr` WHERE ( `taid` = 1 ) LIMIT 1   [ RunTime:0.000251s ]
SQL: SELECT `taname`,`class` FROM `ccshop_type_attr` WHERE ( `taid` = 2 ) LIMIT 1   [ RunTime:0.000187s ]
SQL: SELECT `taname`,`class` FROM `ccshop_type_attr` WHERE ( `taid` = 3 ) LIMIT 1   [ RunTime:0.000188s ]
SQL: SELECT `taname`,`class` FROM `ccshop_type_attr` WHERE ( `taid` = 4 ) LIMIT 1   [ RunTime:0.000172s ]
SQL: SELECT `taname`,`class` FROM `ccshop_type_attr` WHERE ( `taid` = 5 ) LIMIT 1   [ RunTime:0.000175s ]
SQL: SELECT `taname`,`class` FROM `ccshop_type_attr` WHERE ( `taid` = 6 ) LIMIT 1   [ RunTime:0.000173s ]
SQL: SELECT `taname`,`class` FROM `ccshop_type_attr` WHERE ( `taid` = 7 ) LIMIT 1   [ RunTime:0.000181s ]
SQL: SELECT `taname`,`class` FROM `ccshop_type_attr` WHERE ( `taid` = 8 ) LIMIT 1   [ RunTime:0.000177s ]
SQL: SELECT `taname`,`class` FROM `ccshop_type_attr` WHERE ( `taid` = 9 ) LIMIT 1   [ RunTime:0.000237s ]
SQL: SELECT `taname`,`class` FROM `ccshop_type_attr` WHERE ( `taid` = 10 ) LIMIT 1   [ RunTime:0.000190s ]
SQL: SELECT `taname`,`class` FROM `ccshop_type_attr` WHERE ( `taid` = 11 ) LIMIT 1   [ RunTime:0.000205s ]
SQL: SELECT `taname`,`class` FROM `ccshop_type_attr` WHERE ( `taid` = 12 ) LIMIT 1   [ RunTime:0.000210s ]
SQL: SELECT `taname`,`class` FROM `ccshop_type_attr` WHERE ( `taid` = 13 ) LIMIT 1   [ RunTime:0.000206s ]
SQL: SHOW COLUMNS FROM `ccshop_goods_list` [ RunTime:0.001687s ]
SQL: SELECT `inventory` FROM `ccshop_goods_list` WHERE ( `gid` = 12 )  [ RunTime:0.000273s ]
SQL: SHOW COLUMNS FROM `ccshop_remark` [ RunTime:0.001591s ]
SQL: SELECT COUNT(*) AS tp_count FROM `ccshop_remark` WHERE ( `gid` = 12 ) LIMIT 1   [ RunTime:0.000714s ]
SQL: SELECT `content`,`uname`,`time` FROM `ccshop_remark` WHERE ( `gid` = 12 ) ORDER BY time DESC LIMIT 0,5   [ RunTime:0.000744s ]
SQL: SELECT `cid` FROM `ccshop_goods` WHERE ( `gid` = 12 ) LIMIT 1   [ RunTime:0.000252s ]
SQL: SHOW COLUMNS FROM `ccshop_category` [ RunTime:0.001469s ]
SQL: SELECT `pid`,`cname`,`cid` FROM `ccshop_category` WHERE ( `cid` = 13 )  [ RunTime:0.000239s ]
SQL: SELECT `pid`,`cname`,`cid` FROM `ccshop_category` WHERE ( `cid` = 4 )  [ RunTime:0.000207s ]
SQL: SELECT `pid`,`cname`,`cid` FROM `ccshop_category` WHERE ( `cid` = 1 )  [ RunTime:0.000204s ]
SQL: SELECT `gid`,`gname`,`pic`,`click`,`shopprice` FROM `ccshop_goods` WHERE ( `cid` = 13 ) ORDER BY rand() LIMIT 10   [ RunTime:0.000356s ]
INFO: [ view_parse ] --START--
NOTIC: [8] Undefined index: shopprice /www/cc-/App/Runtime/Cache/Index/9bbf32912e20c4cc3024eb9794364a85.php 第 17 行.
NOTIC: [8] Undefined index: gname /www/cc-/App/Runtime/Cache/Index/9bbf32912e20c4cc3024eb9794364a85.php 第 92 行.
NOTIC: [8] Undefined index: gname /www/cc-/App/Runtime/Cache/Index/9bbf32912e20c4cc3024eb9794364a85.php 第 127 行.
NOTIC: [8] Undefined index: logo /www/cc-/App/Runtime/Cache/Index/9bbf32912e20c4cc3024eb9794364a85.php 第 130 行.
NOTIC: [8] Undefined index: marketprice /www/cc-/App/Runtime/Cache/Index/9bbf32912e20c4cc3024eb9794364a85.php 第 136 行.
NOTIC: [8] Undefined index: shopprice /www/cc-/App/Runtime/Cache/Index/9bbf32912e20c4cc3024eb9794364a85.php 第 139 行.
NOTIC: [8] Undefined index: intro /www/cc-/App/Runtime/Cache/Index/9bbf32912e20c4cc3024eb9794364a85.php 第 250 行.
NOTIC: [8] Undefined index: service /www/cc-/App/Runtime/Cache/Index/9bbf32912e20c4cc3024eb9794364a85.php 第 256 行.
INFO: ParseTemplate Behavior ::run [ RunTime:0.026113s ]
INFO: [ view_parse ] --END-- [ RunTime:0.026194s ]
INFO: [ view_filter ] --START--
INFO: ContentReplace Behavior ::run [ RunTime:0.000306s ]
INFO: TokenBuild Behavior ::run [ RunTime:0.000248s ]
INFO: WriteHtmlCache Behavior ::run [ RunTime:0.000138s ]
INFO: ShowRuntime Behavior ::run [ RunTime:0.000313s ]
INFO: [ view_filter ] --END-- [ RunTime:0.001152s ]
INFO: [ view_end ] --START--
INFO: ShowPageTrace Behavior ::run [ RunTime:0.000976s ]
INFO: [ view_end ] --END-- [ RunTime:0.001128s ]

[ 2015-12-01T14:04:18+08:00 ] 0.0.0.0 /cc-/Show/verify.html
INFO: [ route_check ] --START--
INFO: CheckRoute Behavior ::run [ RunTime:0.001126s ]
INFO: [ route_check ] --END-- [ RunTime:0.001326s ]
INFO: [ app_begin ] --START--
INFO: ReadHtmlCache Behavior ::run [ RunTime:0.000758s ]
INFO: [ app_begin ] --END-- [ RunTime:0.000933s ]

[ 2015-12-01T14:04:54+08:00 ] 0.0.0.0 /cc-/12.html
INFO: [ route_check ] --START--
INFO: CheckRoute Behavior ::run [ RunTime:0.000864s ]
INFO: [ route_check ] --END-- [ RunTime:0.001016s ]
INFO: [ app_begin ] --START--
INFO: ReadHtmlCache Behavior ::run [ RunTime:0.000445s ]
INFO: [ app_begin ] --END-- [ RunTime:0.000537s ]
SQL: SHOW COLUMNS FROM `ccshop_goods` [ RunTime:0.001754s ]
SQL: SHOW COLUMNS FROM `ccshop_detail` [ RunTime:0.001425s ]
SQL: SHOW COLUMNS FROM `ccshop_brand` [ RunTime:0.001188s ]
SQL: SELECT goods.gid AS gid,goods.gname AS gname,goods.unit AS unit,goods.marketprice AS marketprice,goods.shopprice AS shopprice,goods.click AS click,goods.time AS time,detail.small AS small,detail.medium AS medium,detail.big AS big,detail.intro AS intro,detail.service AS service,brand.logo AS logo FROM ccshop_goods goods LEFT JOIN ccshop_detail detail ON goods.gid = detail.gid LEFT JOIN ccshop_brand brand ON goods.bid = brand.bid WHERE ( goods.gid = 12 ) LIMIT 1   [ RunTime:0.000252s ]
ERR: 1054:Unknown column 'detail.small' in 'field list'
 [ SQL语句 ] : SELECT goods.gid AS gid,goods.gname AS gname,goods.unit AS unit,goods.marketprice AS marketprice,goods.shopprice AS shopprice,goods.click AS click,goods.time AS time,detail.small AS small,detail.medium AS medium,detail.big AS big,detail.intro AS intro,detail.service AS service,brand.logo AS logo FROM ccshop_goods goods LEFT JOIN ccshop_detail detail ON goods.gid = detail.gid LEFT JOIN ccshop_brand brand ON goods.bid = brand.bid WHERE ( goods.gid = 12 ) LIMIT 1  
NOTIC: [8] Undefined index: medium /www/cc-/App/Modules/Index/Action/ShowAction.class.php 第 31 行.
NOTIC: [8] Undefined index: big /www/cc-/App/Modules/Index/Action/ShowAction.class.php 第 32 行.
SQL: SHOW COLUMNS FROM `ccshop_goods_attr` [ RunTime:0.001530s ]
SQL: SELECT `gtid`,`gtvalue`,`added`,`taid` FROM `ccshop_goods_attr` WHERE ( `gid` = 12 )  [ RunTime:0.000314s ]
SQL: SHOW COLUMNS FROM `ccshop_type_attr` [ RunTime:0.001828s ]
SQL: SELECT `taname`,`class` FROM `ccshop_type_attr` WHERE ( `taid` = 1 ) LIMIT 1   [ RunTime:0.000251s ]
SQL: SELECT `taname`,`class` FROM `ccshop_type_attr` WHERE ( `taid` = 2 ) LIMIT 1   [ RunTime:0.000194s ]
SQL: SELECT `taname`,`class` FROM `ccshop_type_attr` WHERE ( `taid` = 3 ) LIMIT 1   [ RunTime:0.000190s ]
SQL: SELECT `taname`,`class` FROM `ccshop_type_attr` WHERE ( `taid` = 4 ) LIMIT 1   [ RunTime:0.000172s ]
SQL: SELECT `taname`,`class` FROM `ccshop_type_attr` WHERE ( `taid` = 5 ) LIMIT 1   [ RunTime:0.000170s ]
SQL: SELECT `taname`,`class` FROM `ccshop_type_attr` WHERE ( `taid` = 6 ) LIMIT 1   [ RunTime:0.000171s ]
SQL: SELECT `taname`,`class` FROM `ccshop_type_attr` WHERE ( `taid` = 7 ) LIMIT 1   [ RunTime:0.000218s ]
SQL: SELECT `taname`,`class` FROM `ccshop_type_attr` WHERE ( `taid` = 8 ) LIMIT 1   [ RunTime:0.000166s ]
SQL: SELECT `taname`,`class` FROM `ccshop_type_attr` WHERE ( `taid` = 9 ) LIMIT 1   [ RunTime:0.000184s ]
SQL: SELECT `taname`,`class` FROM `ccshop_type_attr` WHERE ( `taid` = 10 ) LIMIT 1   [ RunTime:0.000171s ]
SQL: SELECT `taname`,`class` FROM `ccshop_type_attr` WHERE ( `taid` = 11 ) LIMIT 1   [ RunTime:0.000196s ]
SQL: SELECT `taname`,`class` FROM `ccshop_type_attr` WHERE ( `taid` = 12 ) LIMIT 1   [ RunTime:0.000193s ]
SQL: SELECT `taname`,`class` FROM `ccshop_type_attr` WHERE ( `taid` = 13 ) LIMIT 1   [ RunTime:0.000190s ]
SQL: SHOW COLUMNS FROM `ccshop_goods_list` [ RunTime:0.001046s ]
SQL: SELECT `inventory` FROM `ccshop_goods_list` WHERE ( `gid` = 12 )  [ RunTime:0.000248s ]
SQL: SHOW COLUMNS FROM `ccshop_remark` [ RunTime:0.001034s ]
SQL: SELECT COUNT(*) AS tp_count FROM `ccshop_remark` WHERE ( `gid` = 12 ) LIMIT 1   [ RunTime:0.000254s ]
SQL: SELECT `content`,`uname`,`time` FROM `ccshop_remark` WHERE ( `gid` = 12 ) ORDER BY time DESC LIMIT 0,5   [ RunTime:0.000289s ]
SQL: SELECT `cid` FROM `ccshop_goods` WHERE ( `gid` = 12 ) LIMIT 1   [ RunTime:0.000217s ]
SQL: SHOW COLUMNS FROM `ccshop_category` [ RunTime:0.001191s ]
SQL: SELECT `pid`,`cname`,`cid` FROM `ccshop_category` WHERE ( `cid` = 13 )  [ RunTime:0.000273s ]
SQL: SELECT `pid`,`cname`,`cid` FROM `ccshop_category` WHERE ( `cid` = 4 )  [ RunTime:0.000208s ]
SQL: SELECT `pid`,`cname`,`cid` FROM `ccshop_category` WHERE ( `cid` = 1 )  [ RunTime:0.000212s ]
SQL: SELECT `gid`,`gname`,`pic`,`click`,`shopprice` FROM `ccshop_goods` WHERE ( `cid` = 13 ) ORDER BY rand() LIMIT 10   [ RunTime:0.000621s ]
INFO: [ view_parse ] --START--
NOTIC: [8] Undefined index: shopprice /www/cc-/App/Runtime/Cache/Index/9bbf32912e20c4cc3024eb9794364a85.php 第 17 行.
NOTIC: [8] Undefined index: gname /www/cc-/App/Runtime/Cache/Index/9bbf32912e20c4cc3024eb9794364a85.php 第 92 行.
NOTIC: [8] Undefined index: gname /www/cc-/App/Runtime/Cache/Index/9bbf32912e20c4cc3024eb9794364a85.php 第 127 行.
NOTIC: [8] Undefined index: logo /www/cc-/App/Runtime/Cache/Index/9bbf32912e20c4cc3024eb9794364a85.php 第 130 行.
NOTIC: [8] Undefined index: marketprice /www/cc-/App/Runtime/Cache/Index/9bbf32912e20c4cc3024eb9794364a85.php 第 136 行.
NOTIC: [8] Undefined index: shopprice /www/cc-/App/Runtime/Cache/Index/9bbf32912e20c4cc3024eb9794364a85.php 第 139 行.
NOTIC: [8] Undefined index: intro /www/cc-/App/Runtime/Cache/Index/9bbf32912e20c4cc3024eb9794364a85.php 第 250 行.
NOTIC: [8] Undefined index: service /www/cc-/App/Runtime/Cache/Index/9bbf32912e20c4cc3024eb9794364a85.php 第 256 行.
INFO: ParseTemplate Behavior ::run [ RunTime:0.027958s ]
INFO: [ view_parse ] --END-- [ RunTime:0.028036s ]
INFO: [ view_filter ] --START--
INFO: ContentReplace Behavior ::run [ RunTime:0.000316s ]
INFO: TokenBuild Behavior ::run [ RunTime:0.000250s ]
INFO: WriteHtmlCache Behavior ::run [ RunTime:0.000138s ]
INFO: ShowRuntime Behavior ::run [ RunTime:0.000459s ]
INFO: [ view_filter ] --END-- [ RunTime:0.001312s ]
INFO: [ view_end ] --START--
INFO: ShowPageTrace Behavior ::run [ RunTime:0.000698s ]
INFO: [ view_end ] --END-- [ RunTime:0.000846s ]

[ 2015-12-01T14:04:54+08:00 ] 0.0.0.0 /cc-/Show/verify.html
INFO: [ route_check ] --START--
INFO: CheckRoute Behavior ::run [ RunTime:0.002410s ]
INFO: [ route_check ] --END-- [ RunTime:0.002662s ]
INFO: [ app_begin ] --START--
INFO: ReadHtmlCache Behavior ::run [ RunTime:0.000523s ]
INFO: [ app_begin ] --END-- [ RunTime:0.000629s ]

[ 2015-12-01T14:13:36+08:00 ] 0.0.0.0 /cc-/admin
INFO: [ route_check ] --START--
INFO: CheckRoute Behavior ::run [ RunTime:0.000686s ]
INFO: [ route_check ] --END-- [ RunTime:0.000772s ]
INFO: [ app_begin ] --START--
INFO: ReadHtmlCache Behavior ::run [ RunTime:0.000620s ]
INFO: [ app_begin ] --END-- [ RunTime:0.000727s ]
INFO: [ view_parse ] --START--
INFO: ParseTemplate Behavior ::run [ RunTime:0.013875s ]
INFO: [ view_parse ] --END-- [ RunTime:0.013970s ]
INFO: [ view_filter ] --START--
INFO: ContentReplace Behavior ::run [ RunTime:0.000321s ]
INFO: TokenBuild Behavior ::run [ RunTime:0.000272s ]
INFO: WriteHtmlCache Behavior ::run [ RunTime:0.000153s ]
INFO: ShowRuntime Behavior ::run [ RunTime:0.000339s ]
INFO: [ view_filter ] --END-- [ RunTime:0.001250s ]
INFO: [ view_end ] --START--
INFO: ShowPageTrace Behavior ::run [ RunTime:0.000489s ]
INFO: [ view_end ] --END-- [ RunTime:0.000548s ]

[ 2015-12-01T14:13:36+08:00 ] 0.0.0.0 /cc-/admin/Index/info.html
INFO: [ route_check ] --START--
INFO: CheckRoute Behavior ::run [ RunTime:0.000628s ]
INFO: [ route_check ] --END-- [ RunTime:0.000712s ]
INFO: [ app_begin ] --START--
INFO: ReadHtmlCache Behavior ::run [ RunTime:0.000388s ]
INFO: [ app_begin ] --END-- [ RunTime:0.000451s ]
NOTIC: [2] mysql_get_server_info(): Can't connect to local MySQL server through socket '/Applications/MAMP/tmp/mysql/mysql.sock' (2) /www/cc-/App/Modules/admin/Action/IndexAction.class.php 第 43 行.
NOTIC: [2] mysql_get_server_info(): A link to the server could not be established /www/cc-/App/Modules/admin/Action/IndexAction.class.php 第 43 行.
INFO: [ view_parse ] --START--
INFO: ParseTemplate Behavior ::run [ RunTime:0.008303s ]
INFO: [ view_parse ] --END-- [ RunTime:0.008401s ]
INFO: [ view_filter ] --START--
INFO: ContentReplace Behavior ::run [ RunTime:0.000393s ]
INFO: TokenBuild Behavior ::run [ RunTime:0.000349s ]
INFO: WriteHtmlCache Behavior ::run [ RunTime:0.000213s ]
INFO: ShowRuntime Behavior ::run [ RunTime:0.000405s ]
INFO: [ view_filter ] --END-- [ RunTime:0.001587s ]
INFO: [ view_end ] --START--
INFO: ShowPageTrace Behavior ::run [ RunTime:0.000867s ]
INFO: [ view_end ] --END-- [ RunTime:0.000994s ]

[ 2015-12-01T14:13:38+08:00 ] 0.0.0.0 /cc-/admin/Goods/index.html
INFO: [ route_check ] --START--
INFO: CheckRoute Behavior ::run [ RunTime:0.000779s ]
INFO: [ route_check ] --END-- [ RunTime:0.000866s ]
INFO: [ app_begin ] --START--
INFO: ReadHtmlCache Behavior ::run [ RunTime:0.000390s ]
INFO: [ app_begin ] --END-- [ RunTime:0.000452s ]
SQL: SHOW COLUMNS FROM `ccshop_goods` [ RunTime:0.001236s ]
SQL: SELECT `gid`,`gname`,`gnumber`,`unit`,`marketprice`,`shopprice`,`click`,`time`,`tid` FROM `ccshop_goods`  [ RunTime:0.000294s ]
SQL: SHOW COLUMNS FROM `ccshop_goods_list` [ RunTime:0.001128s ]
SQL: SELECT `inventory` FROM `ccshop_goods_list` WHERE ( `gid` = 5 )  [ RunTime:0.000454s ]
SQL: SELECT `inventory` FROM `ccshop_goods_list` WHERE ( `gid` = 6 )  [ RunTime:0.000280s ]
SQL: SELECT `inventory` FROM `ccshop_goods_list` WHERE ( `gid` = 7 )  [ RunTime:0.000206s ]
SQL: SELECT `inventory` FROM `ccshop_goods_list` WHERE ( `gid` = 8 )  [ RunTime:0.000162s ]
SQL: SELECT `inventory` FROM `ccshop_goods_list` WHERE ( `gid` = 9 )  [ RunTime:0.000165s ]
SQL: SELECT `inventory` FROM `ccshop_goods_list` WHERE ( `gid` = 10 )  [ RunTime:0.000171s ]
SQL: SELECT `inventory` FROM `ccshop_goods_list` WHERE ( `gid` = 11 )  [ RunTime:0.000271s ]
SQL: SELECT `inventory` FROM `ccshop_goods_list` WHERE ( `gid` = 12 )  [ RunTime:0.000200s ]
INFO: [ view_parse ] --START--
INFO: ParseTemplate Behavior ::run [ RunTime:0.010996s ]
INFO: [ view_parse ] --END-- [ RunTime:0.011070s ]
INFO: [ view_filter ] --START--
INFO: ContentReplace Behavior ::run [ RunTime:0.000294s ]
INFO: TokenBuild Behavior ::run [ RunTime:0.000287s ]
INFO: WriteHtmlCache Behavior ::run [ RunTime:0.000145s ]
INFO: ShowRuntime Behavior ::run [ RunTime:0.000414s ]
INFO: [ view_filter ] --END-- [ RunTime:0.001323s ]
INFO: [ view_end ] --START--
INFO: ShowPageTrace Behavior ::run [ RunTime:0.000567s ]
INFO: [ view_end ] --END-- [ RunTime:0.000650s ]

[ 2015-12-01T14:13:40+08:00 ] 0.0.0.0 /cc-/admin/GoodsList/index/gid/5/tid/1.html
INFO: [ route_check ] --START--
INFO: CheckRoute Behavior ::run [ RunTime:0.001040s ]
INFO: [ route_check ] --END-- [ RunTime:0.001132s ]
INFO: [ app_begin ] --START--
INFO: ReadHtmlCache Behavior ::run [ RunTime:0.000394s ]
INFO: [ app_begin ] --END-- [ RunTime:0.000455s ]
SQL: SHOW COLUMNS FROM `ccshop_type_attr` [ RunTime:0.001354s ]
SQL: SELECT `taid`,`taname` FROM `ccshop_type_attr` WHERE ( `tid` = 1 ) AND ( `class` = 1 )  [ RunTime:0.000267s ]
SQL: SHOW COLUMNS FROM `ccshop_goods_attr` [ RunTime:0.001580s ]
SQL: SELECT `gtid`,`gtvalue` FROM `ccshop_goods_attr` WHERE ( `gid` = 5 ) AND ( `taid` = 12 )  [ RunTime:0.000299s ]
SQL: SELECT `gtid`,`gtvalue` FROM `ccshop_goods_attr` WHERE ( `gid` = 5 ) AND ( `taid` = 13 )  [ RunTime:0.000357s ]
SQL: SHOW COLUMNS FROM `ccshop_goods_list` [ RunTime:0.001298s ]
SQL: SELECT * FROM `ccshop_goods_list` WHERE ( `gid` = 5 )  [ RunTime:0.000253s ]
SQL: SELECT `gtvalue` FROM `ccshop_goods_attr` WHERE ( `gtid` IN ('86','87') )  [ RunTime:0.000207s ]
SQL: SELECT `gtvalue` FROM `ccshop_goods_attr` WHERE ( `gtid` IN ('86','88') )  [ RunTime:0.000192s ]
INFO: [ view_parse ] --START--
INFO: ParseTemplate Behavior ::run [ RunTime:0.012981s ]
INFO: [ view_parse ] --END-- [ RunTime:0.013066s ]
INFO: [ view_filter ] --START--
INFO: ContentReplace Behavior ::run [ RunTime:0.000312s ]
INFO: TokenBuild Behavior ::run [ RunTime:0.000287s ]
INFO: WriteHtmlCache Behavior ::run [ RunTime:0.000158s ]
INFO: ShowRuntime Behavior ::run [ RunTime:0.000362s ]
INFO: [ view_filter ] --END-- [ RunTime:0.001294s ]
INFO: [ view_end ] --START--
INFO: ShowPageTrace Behavior ::run [ RunTime:0.000523s ]
INFO: [ view_end ] --END-- [ RunTime:0.000587s ]

[ 2015-12-01T14:15:39+08:00 ] 0.0.0.0 /cc-/admin/GoodsList/check.html?gid=5&spec%5B0%5D=86&spec%5B1%5D=88
INFO: [ route_check ] --START--
INFO: CheckRoute Behavior ::run [ RunTime:0.001532s ]
INFO: [ route_check ] --END-- [ RunTime:0.001734s ]
INFO: [ app_begin ] --START--
INFO: ReadHtmlCache Behavior ::run [ RunTime:0.000886s ]
INFO: [ app_begin ] --END-- [ RunTime:0.000988s ]
SQL: SHOW COLUMNS FROM `ccshop_goods_list` [ RunTime:0.001294s ]
SQL: SELECT COUNT(*) AS tp_count FROM `ccshop_goods_list` WHERE ( `gid` = 5 ) AND ( `combine` = '86,88' ) LIMIT 1   [ RunTime:0.000302s ]

[ 2015-12-01T14:15:45+08:00 ] 0.0.0.0 /cc-/admin/GoodsList/check.html?gid=5&spec%5B0%5D=86&spec%5B1%5D=87
INFO: [ route_check ] --START--
INFO: CheckRoute Behavior ::run [ RunTime:0.000886s ]
INFO: [ route_check ] --END-- [ RunTime:0.000985s ]
INFO: [ app_begin ] --START--
INFO: ReadHtmlCache Behavior ::run [ RunTime:0.000405s ]
INFO: [ app_begin ] --END-- [ RunTime:0.000459s ]
SQL: SHOW COLUMNS FROM `ccshop_goods_list` [ RunTime:0.001919s ]
SQL: SELECT COUNT(*) AS tp_count FROM `ccshop_goods_list` WHERE ( `gid` = 5 ) AND ( `combine` = '86,87' ) LIMIT 1   [ RunTime:0.000312s ]

[ 2015-12-01T14:15:52+08:00 ] 0.0.0.0 /cc-/admin/GoodsList/check.html?gid=5&spec%5B0%5D=86&spec%5B1%5D=88
INFO: [ route_check ] --START--
INFO: CheckRoute Behavior ::run [ RunTime:0.000821s ]
INFO: [ route_check ] --END-- [ RunTime:0.001004s ]
INFO: [ app_begin ] --START--
INFO: ReadHtmlCache Behavior ::run [ RunTime:0.000502s ]
INFO: [ app_begin ] --END-- [ RunTime:0.000648s ]
SQL: SHOW COLUMNS FROM `ccshop_goods_list` [ RunTime:0.001538s ]
SQL: SELECT COUNT(*) AS tp_count FROM `ccshop_goods_list` WHERE ( `gid` = 5 ) AND ( `combine` = '86,88' ) LIMIT 1   [ RunTime:0.000317s ]

[ 2015-12-01T14:16:24+08:00 ] 0.0.0.0 /cc-/admin/GoodsList/edit/glid/15.html
INFO: [ route_check ] --START--
INFO: CheckRoute Behavior ::run [ RunTime:0.000753s ]
INFO: [ route_check ] --END-- [ RunTime:0.000930s ]
INFO: [ app_begin ] --START--
INFO: ReadHtmlCache Behavior ::run [ RunTime:0.000835s ]
INFO: [ app_begin ] --END-- [ RunTime:0.001029s ]

[ 2015-12-01T14:16:26+08:00 ] 0.0.0.0 /cc-/admin/GoodsList/del/glid/15.html
INFO: [ route_check ] --START--
INFO: CheckRoute Behavior ::run [ RunTime:0.000979s ]
INFO: [ route_check ] --END-- [ RunTime:0.001115s ]
INFO: [ app_begin ] --START--
INFO: ReadHtmlCache Behavior ::run [ RunTime:0.000457s ]
INFO: [ app_begin ] --END-- [ RunTime:0.000532s ]

[ 2015-12-01T14:17:00+08:00 ] 0.0.0.0 /cc-/Index/Index/index.html
INFO: [ route_check ] --START--
INFO: CheckRoute Behavior ::run [ RunTime:0.001456s ]
INFO: [ route_check ] --END-- [ RunTime:0.001596s ]
INFO: [ app_begin ] --START--
INFO: ReadHtmlCache Behavior ::run [ RunTime:0.000839s ]
INFO: [ app_begin ] --END-- [ RunTime:0.000946s ]
SQL: SHOW COLUMNS FROM `ccshop_goods` [ RunTime:0.001964s ]
SQL: SELECT `gid`,`gname`,`pic`,`click`,`shopprice` FROM `ccshop_goods` WHERE ( `cid` = 13 ) ORDER BY rand() LIMIT 10   [ RunTime:0.000506s ]
SQL: SELECT `gid`,`gname`,`pic`,`click`,`shopprice` FROM `ccshop_goods` WHERE ( `cid` = 13 ) ORDER BY rand() LIMIT 10   [ RunTime:0.000497s ]
SQL: SELECT `gid`,`gname`,`pic`,`click`,`shopprice` FROM `ccshop_goods` WHERE ( `cid` = 13 ) ORDER BY rand() LIMIT 10   [ RunTime:0.000331s ]
SQL: SHOW COLUMNS FROM `ccshop_category` [ RunTime:0.001455s ]
SQL: SELECT `cid`,`cname` FROM `ccshop_category` WHERE ( `pid` = 4 )  [ RunTime:0.000354s ]
INFO: [ view_parse ] --START--
INFO: ParseTemplate Behavior ::run [ RunTime:0.099583s ]
INFO: [ view_parse ] --END-- [ RunTime:0.099698s ]
INFO: [ view_filter ] --START--
INFO: ContentReplace Behavior ::run [ RunTime:0.001309s ]
INFO: TokenBuild Behavior ::run [ RunTime:0.000672s ]
INFO: WriteHtmlCache Behavior ::run [ RunTime:0.000499s ]
INFO: ShowRuntime Behavior ::run [ RunTime:0.000708s ]
INFO: [ view_filter ] --END-- [ RunTime:0.003410s ]
INFO: [ view_end ] --START--
INFO: ShowPageTrace Behavior ::run [ RunTime:0.000885s ]
INFO: [ view_end ] --END-- [ RunTime:0.001050s ]

[ 2015-12-01T14:17:42+08:00 ] 0.0.0.0 /cc-/c/2_0.html
INFO: [ route_check ] --START--
INFO: CheckRoute Behavior ::run [ RunTime:0.001402s ]
INFO: [ route_check ] --END-- [ RunTime:0.001570s ]
INFO: [ app_begin ] --START--
INFO: ReadHtmlCache Behavior ::run [ RunTime:0.000903s ]
INFO: [ app_begin ] --END-- [ RunTime:0.001013s ]
SQL: SHOW COLUMNS FROM `ccshop_category` [ RunTime:0.001550s ]
SQL: SELECT `cid`,`pid` FROM `ccshop_category`  [ RunTime:0.000271s ]
NOTIC: [8] Undefined index: id /www/cc-/App/Lib/Class/Unlimited.class.php 第 125 行.
NOTIC: [8] Undefined index: id /www/cc-/App/Lib/Class/Unlimited.class.php 第 125 行.
SQL: SHOW COLUMNS FROM `ccshop_goods` [ RunTime:0.001613s ]
SQL: SELECT `gid` FROM `ccshop_goods` WHERE ( `cid` IN ('8','9',2) )  [ RunTime:0.000269s ]
NOTIC: [2] unlink(./App/Runtime/Temp/450b8054af7639aa56263728fbd623a7.php): No such file or directory /www/cc-/ThinkPHP/Lib/Driver/Cache/CacheFile.class.php 第 160 行.
SQL: SHOW COLUMNS FROM `ccshop_goods_attr` [ RunTime:0.001971s ]
NOTIC: [2] implode(): Invalid arguments passed /www/cc-/ThinkPHP/Lib/Core/Db.class.php 第 497 行.
SQL: SELECT `gtid`,`gtvalue`,`taid` FROM `ccshop_goods_attr` WHERE ( `gid` IN () ) GROUP BY gtvalue  [ RunTime:0.000479s ]
ERR: 1064:You have an error in your SQL syntax; check the manual that corresponds to your MySQL server version for the right syntax to use near ') ) GROUP BY gtvalue' at line 1
 [ SQL语句 ] : SELECT `gtid`,`gtvalue`,`taid` FROM `ccshop_goods_attr` WHERE ( `gid` IN () ) GROUP BY gtvalue 
NOTIC: [2] Invalid argument supplied for foreach() /www/cc-/App/Modules/Index/Action/ListAction.class.php 第 160 行.
NOTIC: [2] array_fill(): Number of elements must be positive /www/cc-/App/Modules/Index/Action/ListAction.class.php 第 50 行.
NOTIC: [2] Invalid argument supplied for foreach() /www/cc-/App/Modules/Index/Action/ListAction.class.php 第 57 行.
NOTIC: [2] implode(): Invalid arguments passed /www/cc-/App/Modules/Index/Action/ListAction.class.php 第 67 行.
SQL: SELECT COUNT(*) AS tp_count FROM `ccshop_goods` WHERE ( `gid` IN() ) LIMIT 1   [ RunTime:0.000230s ]
ERR: 1064:You have an error in your SQL syntax; check the manual that corresponds to your MySQL server version for the right syntax to use near ') ) LIMIT 1' at line 1
 [ SQL语句 ] : SELECT COUNT(*) AS tp_count FROM `ccshop_goods` WHERE ( `gid` IN() ) LIMIT 1  
SQL: SELECT `gid`,`gname`,`marketprice`,`shopprice`,`pic` FROM `ccshop_goods` WHERE ( `gid` IN() ) ORDER BY time DESC LIMIT 0,8   [ RunTime:0.000211s ]
ERR: 1064:You have an error in your SQL syntax; check the manual that corresponds to your MySQL server version for the right syntax to use near ') ) ORDER BY time DESC LIMIT 0,8' at line 1
 [ SQL语句 ] : SELECT `gid`,`gname`,`marketprice`,`shopprice`,`pic` FROM `ccshop_goods` WHERE ( `gid` IN() ) ORDER BY time DESC LIMIT 0,8  
NOTIC: [2] implode(): Invalid arguments passed /www/cc-/App/Modules/Index/Action/ListAction.class.php 第 92 行.
SQL: SELECT `gid`,`gname`,`pic`,`click`,`shopprice` FROM `ccshop_goods` WHERE ( `cid` = 13 ) ORDER BY rand() LIMIT 4   [ RunTime:0.000420s ]
SQL: SELECT `gid`,`gname`,`pic`,`click`,`shopprice` FROM `ccshop_goods` WHERE ( `cid` = 13 ) ORDER BY rand() LIMIT 5   [ RunTime:0.000338s ]
SQL: SELECT `cid`,`cname` FROM `ccshop_category` WHERE ( `pid` = 4 )  [ RunTime:0.000260s ]
SQL: SELECT `cname` FROM `ccshop_category` WHERE ( `cid` = 2 ) LIMIT 1   [ RunTime:0.000217s ]
SQL: SELECT `pid`,`cname`,`cid` FROM `ccshop_category` WHERE ( `cid` = 2 )  [ RunTime:0.000210s ]
INFO: [ view_parse ] --START--
INFO: ParseTemplate Behavior ::run [ RunTime:0.032255s ]
INFO: [ view_parse ] --END-- [ RunTime:0.032364s ]
INFO: [ view_filter ] --START--
INFO: ContentReplace Behavior ::run [ RunTime:0.000651s ]
INFO: TokenBuild Behavior ::run [ RunTime:0.000685s ]
INFO: WriteHtmlCache Behavior ::run [ RunTime:0.000579s ]
INFO: ShowRuntime Behavior ::run [ RunTime:0.000828s ]
INFO: [ view_filter ] --END-- [ RunTime:0.003002s ]
INFO: [ view_end ] --START--
INFO: ShowPageTrace Behavior ::run [ RunTime:0.001115s ]
INFO: [ view_end ] --END-- [ RunTime:0.001228s ]

[ 2015-12-01T14:17:43+08:00 ] 0.0.0.0 /cc-/c/6_0.html
INFO: [ route_check ] --START--
INFO: CheckRoute Behavior ::run [ RunTime:0.000674s ]
INFO: [ route_check ] --END-- [ RunTime:0.000755s ]
INFO: [ app_begin ] --START--
INFO: ReadHtmlCache Behavior ::run [ RunTime:0.000381s ]
INFO: [ app_begin ] --END-- [ RunTime:0.000442s ]
SQL: SHOW COLUMNS FROM `ccshop_category` [ RunTime:0.009372s ]
SQL: SELECT `cid`,`pid` FROM `ccshop_category`  [ RunTime:0.000546s ]
SQL: SHOW COLUMNS FROM `ccshop_goods` [ RunTime:0.001490s ]
SQL: SELECT `gid` FROM `ccshop_goods` WHERE ( `cid` IN (6) )  [ RunTime:0.000262s ]
NOTIC: [2] unlink(./App/Runtime/Temp/5421bc1b7b07603c54dc6461f3e6c7bb.php): No such file or directory /www/cc-/ThinkPHP/Lib/Driver/Cache/CacheFile.class.php 第 160 行.
SQL: SHOW COLUMNS FROM `ccshop_goods_attr` [ RunTime:0.001266s ]
NOTIC: [2] implode(): Invalid arguments passed /www/cc-/ThinkPHP/Lib/Core/Db.class.php 第 497 行.
SQL: SELECT `gtid`,`gtvalue`,`taid` FROM `ccshop_goods_attr` WHERE ( `gid` IN () ) GROUP BY gtvalue  [ RunTime:0.000174s ]
ERR: 1064:You have an error in your SQL syntax; check the manual that corresponds to your MySQL server version for the right syntax to use near ') ) GROUP BY gtvalue' at line 1
 [ SQL语句 ] : SELECT `gtid`,`gtvalue`,`taid` FROM `ccshop_goods_attr` WHERE ( `gid` IN () ) GROUP BY gtvalue 
NOTIC: [2] Invalid argument supplied for foreach() /www/cc-/App/Modules/Index/Action/ListAction.class.php 第 160 行.
NOTIC: [2] array_fill(): Number of elements must be positive /www/cc-/App/Modules/Index/Action/ListAction.class.php 第 50 行.
NOTIC: [2] Invalid argument supplied for foreach() /www/cc-/App/Modules/Index/Action/ListAction.class.php 第 57 行.
NOTIC: [2] implode(): Invalid arguments passed /www/cc-/App/Modules/Index/Action/ListAction.class.php 第 67 行.
SQL: SELECT COUNT(*) AS tp_count FROM `ccshop_goods` WHERE ( `gid` IN() ) LIMIT 1   [ RunTime:0.000289s ]
ERR: 1064:You have an error in your SQL syntax; check the manual that corresponds to your MySQL server version for the right syntax to use near ') ) LIMIT 1' at line 1
 [ SQL语句 ] : SELECT COUNT(*) AS tp_count FROM `ccshop_goods` WHERE ( `gid` IN() ) LIMIT 1  
SQL: SELECT `gid`,`gname`,`marketprice`,`shopprice`,`pic` FROM `ccshop_goods` WHERE ( `gid` IN() ) ORDER BY time DESC LIMIT 0,8   [ RunTime:0.000165s ]
ERR: 1064:You have an error in your SQL syntax; check the manual that corresponds to your MySQL server version for the right syntax to use near ') ) ORDER BY time DESC LIMIT 0,8' at line 1
 [ SQL语句 ] : SELECT `gid`,`gname`,`marketprice`,`shopprice`,`pic` FROM `ccshop_goods` WHERE ( `gid` IN() ) ORDER BY time DESC LIMIT 0,8  
NOTIC: [2] implode(): Invalid arguments passed /www/cc-/App/Modules/Index/Action/ListAction.class.php 第 92 行.
SQL: SELECT `gid`,`gname`,`pic`,`click`,`shopprice` FROM `ccshop_goods` WHERE ( `cid` = 13 ) ORDER BY rand() LIMIT 4   [ RunTime:0.000407s ]
SQL: SELECT `gid`,`gname`,`pic`,`click`,`shopprice` FROM `ccshop_goods` WHERE ( `cid` = 13 ) ORDER BY rand() LIMIT 5   [ RunTime:0.000313s ]
SQL: SELECT `cid`,`cname` FROM `ccshop_category` WHERE ( `pid` = 4 )  [ RunTime:0.000242s ]
SQL: SELECT `cname` FROM `ccshop_category` WHERE ( `cid` = 6 ) LIMIT 1   [ RunTime:0.000211s ]
SQL: SELECT `pid`,`cname`,`cid` FROM `ccshop_category` WHERE ( `cid` = 6 )  [ RunTime:0.000214s ]
SQL: SELECT `pid`,`cname`,`cid` FROM `ccshop_category` WHERE ( `cid` = 1 )  [ RunTime:0.000213s ]
INFO: [ view_parse ] --START--
INFO: ParseTemplate Behavior ::run [ RunTime:0.029153s ]
INFO: [ view_parse ] --END-- [ RunTime:0.029249s ]
INFO: [ view_filter ] --START--
INFO: ContentReplace Behavior ::run [ RunTime:0.000758s ]
INFO: TokenBuild Behavior ::run [ RunTime:0.000277s ]
INFO: WriteHtmlCache Behavior ::run [ RunTime:0.000140s ]
INFO: ShowRuntime Behavior ::run [ RunTime:0.000312s ]
INFO: [ view_filter ] --END-- [ RunTime:0.001650s ]
INFO: [ view_end ] --START--
INFO: ShowPageTrace Behavior ::run [ RunTime:0.000630s ]
INFO: [ view_end ] --END-- [ RunTime:0.000729s ]

[ 2015-12-01T14:17:43+08:00 ] 0.0.0.0 /cc-/c/5_0.html
INFO: [ route_check ] --START--
INFO: CheckRoute Behavior ::run [ RunTime:0.000775s ]
INFO: [ route_check ] --END-- [ RunTime:0.000865s ]
INFO: [ app_begin ] --START--
INFO: ReadHtmlCache Behavior ::run [ RunTime:0.000393s ]
INFO: [ app_begin ] --END-- [ RunTime:0.000458s ]
SQL: SHOW COLUMNS FROM `ccshop_category` [ RunTime:0.008743s ]
SQL: SELECT `cid`,`pid` FROM `ccshop_category`  [ RunTime:0.000310s ]
SQL: SHOW COLUMNS FROM `ccshop_goods` [ RunTime:0.002389s ]
SQL: SELECT `gid` FROM `ccshop_goods` WHERE ( `cid` IN (5) )  [ RunTime:0.000394s ]
NOTIC: [2] unlink(./App/Runtime/Temp/5450c2df11b58198fe131ccedf2576b1.php): No such file or directory /www/cc-/ThinkPHP/Lib/Driver/Cache/CacheFile.class.php 第 160 行.
SQL: SHOW COLUMNS FROM `ccshop_goods_attr` [ RunTime:0.002381s ]
NOTIC: [2] implode(): Invalid arguments passed /www/cc-/ThinkPHP/Lib/Core/Db.class.php 第 497 行.
SQL: SELECT `gtid`,`gtvalue`,`taid` FROM `ccshop_goods_attr` WHERE ( `gid` IN () ) GROUP BY gtvalue  [ RunTime:0.000203s ]
ERR: 1064:You have an error in your SQL syntax; check the manual that corresponds to your MySQL server version for the right syntax to use near ') ) GROUP BY gtvalue' at line 1
 [ SQL语句 ] : SELECT `gtid`,`gtvalue`,`taid` FROM `ccshop_goods_attr` WHERE ( `gid` IN () ) GROUP BY gtvalue 
NOTIC: [2] Invalid argument supplied for foreach() /www/cc-/App/Modules/Index/Action/ListAction.class.php 第 160 行.
NOTIC: [2] array_fill(): Number of elements must be positive /www/cc-/App/Modules/Index/Action/ListAction.class.php 第 50 行.
NOTIC: [2] Invalid argument supplied for foreach() /www/cc-/App/Modules/Index/Action/ListAction.class.php 第 57 行.
NOTIC: [2] implode(): Invalid arguments passed /www/cc-/App/Modules/Index/Action/ListAction.class.php 第 67 行.
SQL: SELECT COUNT(*) AS tp_count FROM `ccshop_goods` WHERE ( `gid` IN() ) LIMIT 1   [ RunTime:0.000190s ]
ERR: 1064:You have an error in your SQL syntax; check the manual that corresponds to your MySQL server version for the right syntax to use near ') ) LIMIT 1' at line 1
 [ SQL语句 ] : SELECT COUNT(*) AS tp_count FROM `ccshop_goods` WHERE ( `gid` IN() ) LIMIT 1  
SQL: SELECT `gid`,`gname`,`marketprice`,`shopprice`,`pic` FROM `ccshop_goods` WHERE ( `gid` IN() ) ORDER BY time DESC LIMIT 0,8   [ RunTime:0.000164s ]
ERR: 1064:You have an error in your SQL syntax; check the manual that corresponds to your MySQL server version for the right syntax to use near ') ) ORDER BY time DESC LIMIT 0,8' at line 1
 [ SQL语句 ] : SELECT `gid`,`gname`,`marketprice`,`shopprice`,`pic` FROM `ccshop_goods` WHERE ( `gid` IN() ) ORDER BY time DESC LIMIT 0,8  
NOTIC: [2] implode(): Invalid arguments passed /www/cc-/App/Modules/Index/Action/ListAction.class.php 第 92 行.
SQL: SELECT `gid`,`gname`,`pic`,`click`,`shopprice` FROM `ccshop_goods` WHERE ( `cid` = 13 ) ORDER BY rand() LIMIT 4   [ RunTime:0.000388s ]
SQL: SELECT `gid`,`gname`,`pic`,`click`,`shopprice` FROM `ccshop_goods` WHERE ( `cid` = 13 ) ORDER BY rand() LIMIT 5   [ RunTime:0.000469s ]
SQL: SELECT `cid`,`cname` FROM `ccshop_category` WHERE ( `pid` = 4 )  [ RunTime:0.000347s ]
SQL: SELECT `cname` FROM `ccshop_category` WHERE ( `cid` = 5 ) LIMIT 1   [ RunTime:0.000284s ]
SQL: SELECT `pid`,`cname`,`cid` FROM `ccshop_category` WHERE ( `cid` = 5 )  [ RunTime:0.000263s ]
SQL: SELECT `pid`,`cname`,`cid` FROM `ccshop_category` WHERE ( `cid` = 1 )  [ RunTime:0.000267s ]
INFO: [ view_parse ] --START--
INFO: ParseTemplate Behavior ::run [ RunTime:0.036365s ]
INFO: [ view_parse ] --END-- [ RunTime:0.036493s ]
INFO: [ view_filter ] --START--
INFO: ContentReplace Behavior ::run [ RunTime:0.000519s ]
INFO: TokenBuild Behavior ::run [ RunTime:0.000321s ]
INFO: WriteHtmlCache Behavior ::run [ RunTime:0.000160s ]
INFO: ShowRuntime Behavior ::run [ RunTime:0.000395s ]
INFO: [ view_filter ] --END-- [ RunTime:0.001614s ]
INFO: [ view_end ] --START--
INFO: ShowPageTrace Behavior ::run [ RunTime:0.000802s ]
INFO: [ view_end ] --END-- [ RunTime:0.000914s ]

[ 2015-12-01T14:17:45+08:00 ] 0.0.0.0 /cc-/c/2_0.html
INFO: [ route_check ] --START--
INFO: CheckRoute Behavior ::run [ RunTime:0.000767s ]
INFO: [ route_check ] --END-- [ RunTime:0.000879s ]
INFO: [ app_begin ] --START--
INFO: ReadHtmlCache Behavior ::run [ RunTime:0.000542s ]
INFO: [ app_begin ] --END-- [ RunTime:0.000645s ]
SQL: SHOW COLUMNS FROM `ccshop_category` [ RunTime:0.009492s ]
SQL: SELECT `cid`,`pid` FROM `ccshop_category`  [ RunTime:0.000396s ]
NOTIC: [8] Undefined index: id /www/cc-/App/Lib/Class/Unlimited.class.php 第 125 行.
NOTIC: [8] Undefined index: id /www/cc-/App/Lib/Class/Unlimited.class.php 第 125 行.
SQL: SHOW COLUMNS FROM `ccshop_goods` [ RunTime:0.001847s ]
SQL: SELECT `gid` FROM `ccshop_goods` WHERE ( `cid` IN ('8','9',2) )  [ RunTime:0.000396s ]
NOTIC: [2] unlink(./App/Runtime/Temp/450b8054af7639aa56263728fbd623a7.php): No such file or directory /www/cc-/ThinkPHP/Lib/Driver/Cache/CacheFile.class.php 第 160 行.
SQL: SHOW COLUMNS FROM `ccshop_goods_attr` [ RunTime:0.001446s ]
NOTIC: [2] implode(): Invalid arguments passed /www/cc-/ThinkPHP/Lib/Core/Db.class.php 第 497 行.
SQL: SELECT `gtid`,`gtvalue`,`taid` FROM `ccshop_goods_attr` WHERE ( `gid` IN () ) GROUP BY gtvalue  [ RunTime:0.000180s ]
ERR: 1064:You have an error in your SQL syntax; check the manual that corresponds to your MySQL server version for the right syntax to use near ') ) GROUP BY gtvalue' at line 1
 [ SQL语句 ] : SELECT `gtid`,`gtvalue`,`taid` FROM `ccshop_goods_attr` WHERE ( `gid` IN () ) GROUP BY gtvalue 
NOTIC: [2] Invalid argument supplied for foreach() /www/cc-/App/Modules/Index/Action/ListAction.class.php 第 160 行.
NOTIC: [2] array_fill(): Number of elements must be positive /www/cc-/App/Modules/Index/Action/ListAction.class.php 第 50 行.
NOTIC: [2] Invalid argument supplied for foreach() /www/cc-/App/Modules/Index/Action/ListAction.class.php 第 57 行.
NOTIC: [2] implode(): Invalid arguments passed /www/cc-/App/Modules/Index/Action/ListAction.class.php 第 67 行.
SQL: SELECT COUNT(*) AS tp_count FROM `ccshop_goods` WHERE ( `gid` IN() ) LIMIT 1   [ RunTime:0.000158s ]
ERR: 1064:You have an error in your SQL syntax; check the manual that corresponds to your MySQL server version for the right syntax to use near ') ) LIMIT 1' at line 1
 [ SQL语句 ] : SELECT COUNT(*) AS tp_count FROM `ccshop_goods` WHERE ( `gid` IN() ) LIMIT 1  
SQL: SELECT `gid`,`gname`,`marketprice`,`shopprice`,`pic` FROM `ccshop_goods` WHERE ( `gid` IN() ) ORDER BY time DESC LIMIT 0,8   [ RunTime:0.000189s ]
ERR: 1064:You have an error in your SQL syntax; check the manual that corresponds to your MySQL server version for the right syntax to use near ') ) ORDER BY time DESC LIMIT 0,8' at line 1
 [ SQL语句 ] : SELECT `gid`,`gname`,`marketprice`,`shopprice`,`pic` FROM `ccshop_goods` WHERE ( `gid` IN() ) ORDER BY time DESC LIMIT 0,8  
NOTIC: [2] implode(): Invalid arguments passed /www/cc-/App/Modules/Index/Action/ListAction.class.php 第 92 行.
SQL: SELECT `gid`,`gname`,`pic`,`click`,`shopprice` FROM `ccshop_goods` WHERE ( `cid` = 13 ) ORDER BY rand() LIMIT 4   [ RunTime:0.000382s ]
SQL: SELECT `gid`,`gname`,`pic`,`click`,`shopprice` FROM `ccshop_goods` WHERE ( `cid` = 13 ) ORDER BY rand() LIMIT 5   [ RunTime:0.000321s ]
SQL: SELECT `cid`,`cname` FROM `ccshop_category` WHERE ( `pid` = 4 )  [ RunTime:0.000257s ]
SQL: SELECT `cname` FROM `ccshop_category` WHERE ( `cid` = 2 ) LIMIT 1   [ RunTime:0.000210s ]
SQL: SELECT `pid`,`cname`,`cid` FROM `ccshop_category` WHERE ( `cid` = 2 )  [ RunTime:0.000214s ]
INFO: [ view_parse ] --START--
INFO: ParseTemplate Behavior ::run [ RunTime:0.028486s ]
INFO: [ view_parse ] --END-- [ RunTime:0.028578s ]
INFO: [ view_filter ] --START--
INFO: ContentReplace Behavior ::run [ RunTime:0.000304s ]
INFO: TokenBuild Behavior ::run [ RunTime:0.000243s ]
INFO: WriteHtmlCache Behavior ::run [ RunTime:0.000216s ]
INFO: ShowRuntime Behavior ::run [ RunTime:0.000356s ]
INFO: [ view_filter ] --END-- [ RunTime:0.001331s ]
INFO: [ view_end ] --START--
INFO: ShowPageTrace Behavior ::run [ RunTime:0.000753s ]
INFO: [ view_end ] --END-- [ RunTime:0.000896s ]

[ 2015-12-01T14:17:45+08:00 ] 0.0.0.0 /cc-/c/3_0.html
INFO: [ route_check ] --START--
INFO: CheckRoute Behavior ::run [ RunTime:0.000668s ]
INFO: [ route_check ] --END-- [ RunTime:0.000747s ]
INFO: [ app_begin ] --START--
INFO: ReadHtmlCache Behavior ::run [ RunTime:0.000376s ]
INFO: [ app_begin ] --END-- [ RunTime:0.000437s ]
SQL: SHOW COLUMNS FROM `ccshop_category` [ RunTime:0.001422s ]
SQL: SELECT `cid`,`pid` FROM `ccshop_category`  [ RunTime:0.000208s ]
NOTIC: [8] Undefined index: id /www/cc-/App/Lib/Class/Unlimited.class.php 第 125 行.
NOTIC: [8] Undefined index: id /www/cc-/App/Lib/Class/Unlimited.class.php 第 125 行.
NOTIC: [8] Undefined index: id /www/cc-/App/Lib/Class/Unlimited.class.php 第 125 行.
SQL: SHOW COLUMNS FROM `ccshop_goods` [ RunTime:0.001147s ]
SQL: SELECT `gid` FROM `ccshop_goods` WHERE ( `cid` IN ('10','12','29',3) )  [ RunTime:0.000223s ]
NOTIC: [2] unlink(./App/Runtime/Temp/03c837cf9e19618301cb88a8918b8b3f.php): No such file or directory /www/cc-/ThinkPHP/Lib/Driver/Cache/CacheFile.class.php 第 160 行.
SQL: SHOW COLUMNS FROM `ccshop_goods_attr` [ RunTime:0.001328s ]
NOTIC: [2] implode(): Invalid arguments passed /www/cc-/ThinkPHP/Lib/Core/Db.class.php 第 497 行.
SQL: SELECT `gtid`,`gtvalue`,`taid` FROM `ccshop_goods_attr` WHERE ( `gid` IN () ) GROUP BY gtvalue  [ RunTime:0.000170s ]
ERR: 1064:You have an error in your SQL syntax; check the manual that corresponds to your MySQL server version for the right syntax to use near ') ) GROUP BY gtvalue' at line 1
 [ SQL语句 ] : SELECT `gtid`,`gtvalue`,`taid` FROM `ccshop_goods_attr` WHERE ( `gid` IN () ) GROUP BY gtvalue 
NOTIC: [2] Invalid argument supplied for foreach() /www/cc-/App/Modules/Index/Action/ListAction.class.php 第 160 行.
NOTIC: [2] array_fill(): Number of elements must be positive /www/cc-/App/Modules/Index/Action/ListAction.class.php 第 50 行.
NOTIC: [2] Invalid argument supplied for foreach() /www/cc-/App/Modules/Index/Action/ListAction.class.php 第 57 行.
NOTIC: [2] implode(): Invalid arguments passed /www/cc-/App/Modules/Index/Action/ListAction.class.php 第 67 行.
SQL: SELECT COUNT(*) AS tp_count FROM `ccshop_goods` WHERE ( `gid` IN() ) LIMIT 1   [ RunTime:0.000191s ]
ERR: 1064:You have an error in your SQL syntax; check the manual that corresponds to your MySQL server version for the right syntax to use near ') ) LIMIT 1' at line 1
 [ SQL语句 ] : SELECT COUNT(*) AS tp_count FROM `ccshop_goods` WHERE ( `gid` IN() ) LIMIT 1  
SQL: SELECT `gid`,`gname`,`marketprice`,`shopprice`,`pic` FROM `ccshop_goods` WHERE ( `gid` IN() ) ORDER BY time DESC LIMIT 0,8   [ RunTime:0.000152s ]
ERR: 1064:You have an error in your SQL syntax; check the manual that corresponds to your MySQL server version for the right syntax to use near ') ) ORDER BY time DESC LIMIT 0,8' at line 1
 [ SQL语句 ] : SELECT `gid`,`gname`,`marketprice`,`shopprice`,`pic` FROM `ccshop_goods` WHERE ( `gid` IN() ) ORDER BY time DESC LIMIT 0,8  
NOTIC: [2] implode(): Invalid arguments passed /www/cc-/App/Modules/Index/Action/ListAction.class.php 第 92 行.
SQL: SELECT `gid`,`gname`,`pic`,`click`,`shopprice` FROM `ccshop_goods` WHERE ( `cid` = 13 ) ORDER BY rand() LIMIT 4   [ RunTime:0.000411s ]
SQL: SELECT `gid`,`gname`,`pic`,`click`,`shopprice` FROM `ccshop_goods` WHERE ( `cid` = 13 ) ORDER BY rand() LIMIT 5   [ RunTime:0.000428s ]
SQL: SELECT `cid`,`cname` FROM `ccshop_category` WHERE ( `pid` = 4 )  [ RunTime:0.000227s ]
SQL: SELECT `cname` FROM `ccshop_category` WHERE ( `cid` = 3 ) LIMIT 1   [ RunTime:0.000201s ]
SQL: SELECT `pid`,`cname`,`cid` FROM `ccshop_category` WHERE ( `cid` = 3 )  [ RunTime:0.000158s ]
INFO: [ view_parse ] --START--
INFO: ParseTemplate Behavior ::run [ RunTime:0.027964s ]
INFO: [ view_parse ] --END-- [ RunTime:0.028058s ]
INFO: [ view_filter ] --START--
INFO: ContentReplace Behavior ::run [ RunTime:0.000370s ]
INFO: TokenBuild Behavior ::run [ RunTime:0.000300s ]
INFO: WriteHtmlCache Behavior ::run [ RunTime:0.000167s ]
INFO: ShowRuntime Behavior ::run [ RunTime:0.000371s ]
INFO: [ view_filter ] --END-- [ RunTime:0.001388s ]
INFO: [ view_end ] --START--
INFO: ShowPageTrace Behavior ::run [ RunTime:0.000846s ]
INFO: [ view_end ] --END-- [ RunTime:0.001048s ]

[ 2015-12-01T14:17:46+08:00 ] 0.0.0.0 /cc-/c/4_0.html
INFO: [ route_check ] --START--
INFO: CheckRoute Behavior ::run [ RunTime:0.000832s ]
INFO: [ route_check ] --END-- [ RunTime:0.000926s ]
INFO: [ app_begin ] --START--
INFO: ReadHtmlCache Behavior ::run [ RunTime:0.000426s ]
INFO: [ app_begin ] --END-- [ RunTime:0.000494s ]
SQL: SHOW COLUMNS FROM `ccshop_category` [ RunTime:0.002131s ]
SQL: SELECT `cid`,`pid` FROM `ccshop_category`  [ RunTime:0.000309s ]
NOTIC: [8] Undefined index: id /www/cc-/App/Lib/Class/Unlimited.class.php 第 125 行.
NOTIC: [8] Undefined index: id /www/cc-/App/Lib/Class/Unlimited.class.php 第 125 行.
NOTIC: [8] Undefined index: id /www/cc-/App/Lib/Class/Unlimited.class.php 第 125 行.
NOTIC: [8] Undefined index: id /www/cc-/App/Lib/Class/Unlimited.class.php 第 125 行.
NOTIC: [8] Undefined index: id /www/cc-/App/Lib/Class/Unlimited.class.php 第 125 行.
NOTIC: [8] Undefined index: id /www/cc-/App/Lib/Class/Unlimited.class.php 第 125 行.
NOTIC: [8] Undefined index: id /www/cc-/App/Lib/Class/Unlimited.class.php 第 125 行.
NOTIC: [8] Undefined index: id /www/cc-/App/Lib/Class/Unlimited.class.php 第 125 行.
NOTIC: [8] Undefined index: id /www/cc-/App/Lib/Class/Unlimited.class.php 第 125 行.
NOTIC: [8] Undefined index: id /www/cc-/App/Lib/Class/Unlimited.class.php 第 125 行.
NOTIC: [8] Undefined index: id /www/cc-/App/Lib/Class/Unlimited.class.php 第 125 行.
NOTIC: [8] Undefined index: id /www/cc-/App/Lib/Class/Unlimited.class.php 第 125 行.
NOTIC: [8] Undefined index: id /www/cc-/App/Lib/Class/Unlimited.class.php 第 125 行.
NOTIC: [8] Undefined index: id /www/cc-/App/Lib/Class/Unlimited.class.php 第 125 行.
NOTIC: [8] Undefined index: id /www/cc-/App/Lib/Class/Unlimited.class.php 第 125 行.
NOTIC: [8] Undefined index: id /www/cc-/App/Lib/Class/Unlimited.class.php 第 125 行.
SQL: SHOW COLUMNS FROM `ccshop_goods` [ RunTime:0.001175s ]
SQL: SELECT `gid` FROM `ccshop_goods` WHERE ( `cid` IN ('13','14','15','16','17','18','19','20','21','22','23','24','25','26','27','28',4) )  [ RunTime:0.000273s ]
SQL: SHOW COLUMNS FROM `ccshop_goods_attr` [ RunTime:0.001588s ]
SQL: SELECT `gtid`,`gtvalue`,`taid` FROM `ccshop_goods_attr` WHERE ( `gid` IN ('5','6','7','8','9','10','11','12') ) GROUP BY gtvalue  [ RunTime:0.000652s ]
SQL: SHOW COLUMNS FROM `ccshop_type_attr` [ RunTime:0.001588s ]
SQL: SELECT `taname` FROM `ccshop_type_attr` WHERE ( `taid` = 12 ) LIMIT 1   [ RunTime:0.000236s ]
SQL: SELECT `taname` FROM `ccshop_type_attr` WHERE ( `taid` = 13 ) LIMIT 1   [ RunTime:0.000199s ]
SQL: SELECT `taname` FROM `ccshop_type_attr` WHERE ( `taid` = 5 ) LIMIT 1   [ RunTime:0.000186s ]
SQL: SELECT `taname` FROM `ccshop_type_attr` WHERE ( `taid` = 1 ) LIMIT 1   [ RunTime:0.000212s ]
SQL: SELECT `taname` FROM `ccshop_type_attr` WHERE ( `taid` = 3 ) LIMIT 1   [ RunTime:0.000210s ]
SQL: SELECT `taname` FROM `ccshop_type_attr` WHERE ( `taid` = 6 ) LIMIT 1   [ RunTime:0.000203s ]
SQL: SELECT `taname` FROM `ccshop_type_attr` WHERE ( `taid` = 2 ) LIMIT 1   [ RunTime:0.000210s ]
SQL: SELECT `taname` FROM `ccshop_type_attr` WHERE ( `taid` = 7 ) LIMIT 1   [ RunTime:0.000199s ]
SQL: SELECT `taname` FROM `ccshop_type_attr` WHERE ( `taid` = 8 ) LIMIT 1   [ RunTime:0.000197s ]
SQL: SELECT `taname` FROM `ccshop_type_attr` WHERE ( `taid` = 4 ) LIMIT 1   [ RunTime:0.000201s ]
SQL: SELECT `taname` FROM `ccshop_type_attr` WHERE ( `taid` = 9 ) LIMIT 1   [ RunTime:0.000211s ]
SQL: SELECT `taname` FROM `ccshop_type_attr` WHERE ( `taid` = 10 ) LIMIT 1   [ RunTime:0.000199s ]
SQL: SELECT `taname` FROM `ccshop_type_attr` WHERE ( `taid` = 11 ) LIMIT 1   [ RunTime:0.000211s ]
SQL: SELECT COUNT(*) AS tp_count FROM `ccshop_goods` WHERE ( `gid` IN(5,6,7,8,9,10,11,12) ) LIMIT 1   [ RunTime:0.000304s ]
SQL: SELECT `gid`,`gname`,`marketprice`,`shopprice`,`pic` FROM `ccshop_goods` WHERE ( `gid` IN(5,6,7,8,9,10,11,12) ) ORDER BY time DESC LIMIT 0,8   [ RunTime:0.000266s ]
SQL: SELECT `gid`,`gname`,`pic`,`click`,`shopprice` FROM `ccshop_goods` WHERE ( `cid` = 13 ) ORDER BY rand() LIMIT 4   [ RunTime:0.000327s ]
SQL: SELECT `gid`,`gname`,`pic`,`click`,`shopprice` FROM `ccshop_goods` WHERE ( `cid` = 13 ) ORDER BY rand() LIMIT 5   [ RunTime:0.000280s ]
SQL: SELECT `cid`,`cname` FROM `ccshop_category` WHERE ( `pid` = 4 )  [ RunTime:0.000287s ]
SQL: SELECT `cname` FROM `ccshop_category` WHERE ( `cid` = 4 ) LIMIT 1   [ RunTime:0.000238s ]
SQL: SELECT `pid`,`cname`,`cid` FROM `ccshop_category` WHERE ( `cid` = 4 )  [ RunTime:0.000201s ]
SQL: SELECT `pid`,`cname`,`cid` FROM `ccshop_category` WHERE ( `cid` = 1 )  [ RunTime:0.000199s ]
INFO: [ view_parse ] --START--
INFO: ParseTemplate Behavior ::run [ RunTime:0.027777s ]
INFO: [ view_parse ] --END-- [ RunTime:0.027857s ]
INFO: [ view_filter ] --START--
INFO: ContentReplace Behavior ::run [ RunTime:0.000472s ]
INFO: TokenBuild Behavior ::run [ RunTime:0.000253s ]
INFO: WriteHtmlCache Behavior ::run [ RunTime:0.000263s ]
INFO: ShowRuntime Behavior ::run [ RunTime:0.000340s ]
INFO: [ view_filter ] --END-- [ RunTime:0.001490s ]
INFO: [ view_end ] --START--
INFO: ShowPageTrace Behavior ::run [ RunTime:0.000650s ]
INFO: [ view_end ] --END-- [ RunTime:0.000750s ]

[ 2015-12-01T14:18:01+08:00 ] 0.0.0.0 /cc-/12.html
INFO: [ route_check ] --START--
INFO: CheckRoute Behavior ::run [ RunTime:0.000760s ]
INFO: [ route_check ] --END-- [ RunTime:0.000852s ]
INFO: [ app_begin ] --START--
INFO: ReadHtmlCache Behavior ::run [ RunTime:0.000435s ]
INFO: [ app_begin ] --END-- [ RunTime:0.000504s ]
SQL: SHOW COLUMNS FROM `ccshop_goods` [ RunTime:0.001169s ]
SQL: SHOW COLUMNS FROM `ccshop_detail` [ RunTime:0.001969s ]
SQL: SHOW COLUMNS FROM `ccshop_brand` [ RunTime:0.001714s ]
SQL: SELECT goods.gid AS gid,goods.gname AS gname,goods.unit AS unit,goods.marketprice AS marketprice,goods.shopprice AS shopprice,goods.click AS click,goods.time AS time,detail.small AS small,detail.medium AS medium,detail.big AS big,detail.intro AS intro,detail.service AS service,brand.logo AS logo FROM ccshop_goods goods LEFT JOIN ccshop_detail detail ON goods.gid = detail.gid LEFT JOIN ccshop_brand brand ON goods.bid = brand.bid WHERE ( goods.gid = 12 ) LIMIT 1   [ RunTime:0.000234s ]
ERR: 1054:Unknown column 'detail.small' in 'field list'
 [ SQL语句 ] : SELECT goods.gid AS gid,goods.gname AS gname,goods.unit AS unit,goods.marketprice AS marketprice,goods.shopprice AS shopprice,goods.click AS click,goods.time AS time,detail.small AS small,detail.medium AS medium,detail.big AS big,detail.intro AS intro,detail.service AS service,brand.logo AS logo FROM ccshop_goods goods LEFT JOIN ccshop_detail detail ON goods.gid = detail.gid LEFT JOIN ccshop_brand brand ON goods.bid = brand.bid WHERE ( goods.gid = 12 ) LIMIT 1  
NOTIC: [8] Undefined index: medium /www/cc-/App/Modules/Index/Action/ShowAction.class.php 第 31 行.
NOTIC: [8] Undefined index: big /www/cc-/App/Modules/Index/Action/ShowAction.class.php 第 32 行.
SQL: SHOW COLUMNS FROM `ccshop_goods_attr` [ RunTime:0.001368s ]
SQL: SELECT `gtid`,`gtvalue`,`added`,`taid` FROM `ccshop_goods_attr` WHERE ( `gid` = 12 )  [ RunTime:0.000308s ]
SQL: SHOW COLUMNS FROM `ccshop_type_attr` [ RunTime:0.001730s ]
SQL: SELECT `taname`,`class` FROM `ccshop_type_attr` WHERE ( `taid` = 1 ) LIMIT 1   [ RunTime:0.000273s ]
SQL: SELECT `taname`,`class` FROM `ccshop_type_attr` WHERE ( `taid` = 2 ) LIMIT 1   [ RunTime:0.000381s ]
SQL: SELECT `taname`,`class` FROM `ccshop_type_attr` WHERE ( `taid` = 3 ) LIMIT 1   [ RunTime:0.000326s ]
SQL: SELECT `taname`,`class` FROM `ccshop_type_attr` WHERE ( `taid` = 4 ) LIMIT 1   [ RunTime:0.000192s ]
SQL: SELECT `taname`,`class` FROM `ccshop_type_attr` WHERE ( `taid` = 5 ) LIMIT 1   [ RunTime:0.000150s ]
SQL: SELECT `taname`,`class` FROM `ccshop_type_attr` WHERE ( `taid` = 6 ) LIMIT 1   [ RunTime:0.000175s ]
SQL: SELECT `taname`,`class` FROM `ccshop_type_attr` WHERE ( `taid` = 7 ) LIMIT 1   [ RunTime:0.000143s ]
SQL: SELECT `taname`,`class` FROM `ccshop_type_attr` WHERE ( `taid` = 8 ) LIMIT 1   [ RunTime:0.000144s ]
SQL: SELECT `taname`,`class` FROM `ccshop_type_attr` WHERE ( `taid` = 9 ) LIMIT 1   [ RunTime:0.000153s ]
SQL: SELECT `taname`,`class` FROM `ccshop_type_attr` WHERE ( `taid` = 10 ) LIMIT 1   [ RunTime:0.000145s ]
SQL: SELECT `taname`,`class` FROM `ccshop_type_attr` WHERE ( `taid` = 11 ) LIMIT 1   [ RunTime:0.000152s ]
SQL: SELECT `taname`,`class` FROM `ccshop_type_attr` WHERE ( `taid` = 12 ) LIMIT 1   [ RunTime:0.000278s ]
SQL: SELECT `taname`,`class` FROM `ccshop_type_attr` WHERE ( `taid` = 13 ) LIMIT 1   [ RunTime:0.000187s ]
SQL: SHOW COLUMNS FROM `ccshop_goods_list` [ RunTime:0.001211s ]
SQL: SELECT `inventory` FROM `ccshop_goods_list` WHERE ( `gid` = 12 )  [ RunTime:0.000227s ]
SQL: SHOW COLUMNS FROM `ccshop_remark` [ RunTime:0.001114s ]
SQL: SELECT COUNT(*) AS tp_count FROM `ccshop_remark` WHERE ( `gid` = 12 ) LIMIT 1   [ RunTime:0.000257s ]
SQL: SELECT `content`,`uname`,`time` FROM `ccshop_remark` WHERE ( `gid` = 12 ) ORDER BY time DESC LIMIT 0,5   [ RunTime:0.000260s ]
SQL: SELECT `cid` FROM `ccshop_goods` WHERE ( `gid` = 12 ) LIMIT 1   [ RunTime:0.000190s ]
SQL: SHOW COLUMNS FROM `ccshop_category` [ RunTime:0.001936s ]
SQL: SELECT `pid`,`cname`,`cid` FROM `ccshop_category` WHERE ( `cid` = 13 )  [ RunTime:0.000253s ]
SQL: SELECT `pid`,`cname`,`cid` FROM `ccshop_category` WHERE ( `cid` = 4 )  [ RunTime:0.000223s ]
SQL: SELECT `pid`,`cname`,`cid` FROM `ccshop_category` WHERE ( `cid` = 1 )  [ RunTime:0.000412s ]
SQL: SELECT `gid`,`gname`,`pic`,`click`,`shopprice` FROM `ccshop_goods` WHERE ( `cid` = 13 ) ORDER BY rand() LIMIT 10   [ RunTime:0.000326s ]
INFO: [ view_parse ] --START--
NOTIC: [8] Undefined index: shopprice /www/cc-/App/Runtime/Cache/Index/9bbf32912e20c4cc3024eb9794364a85.php 第 17 行.
NOTIC: [8] Undefined index: gname /www/cc-/App/Runtime/Cache/Index/9bbf32912e20c4cc3024eb9794364a85.php 第 92 行.
NOTIC: [8] Undefined index: gname /www/cc-/App/Runtime/Cache/Index/9bbf32912e20c4cc3024eb9794364a85.php 第 127 行.
NOTIC: [8] Undefined index: logo /www/cc-/App/Runtime/Cache/Index/9bbf32912e20c4cc3024eb9794364a85.php 第 130 行.
NOTIC: [8] Undefined index: marketprice /www/cc-/App/Runtime/Cache/Index/9bbf32912e20c4cc3024eb9794364a85.php 第 136 行.
NOTIC: [8] Undefined index: shopprice /www/cc-/App/Runtime/Cache/Index/9bbf32912e20c4cc3024eb9794364a85.php 第 139 行.
NOTIC: [8] Undefined index: intro /www/cc-/App/Runtime/Cache/Index/9bbf32912e20c4cc3024eb9794364a85.php 第 250 行.
NOTIC: [8] Undefined index: service /www/cc-/App/Runtime/Cache/Index/9bbf32912e20c4cc3024eb9794364a85.php 第 256 行.
INFO: ParseTemplate Behavior ::run [ RunTime:0.027959s ]
INFO: [ view_parse ] --END-- [ RunTime:0.028030s ]
INFO: [ view_filter ] --START--
INFO: ContentReplace Behavior ::run [ RunTime:0.000323s ]
INFO: TokenBuild Behavior ::run [ RunTime:0.000251s ]
INFO: WriteHtmlCache Behavior ::run [ RunTime:0.000139s ]
INFO: ShowRuntime Behavior ::run [ RunTime:0.000359s ]
INFO: [ view_filter ] --END-- [ RunTime:0.001220s ]
INFO: [ view_end ] --START--
INFO: ShowPageTrace Behavior ::run [ RunTime:0.000638s ]
INFO: [ view_end ] --END-- [ RunTime:0.000711s ]

[ 2015-12-01T14:18:01+08:00 ] 0.0.0.0 /cc-/Show/verify.html
INFO: [ route_check ] --START--
INFO: CheckRoute Behavior ::run [ RunTime:0.000892s ]
INFO: [ route_check ] --END-- [ RunTime:0.000997s ]
INFO: [ app_begin ] --START--
INFO: ReadHtmlCache Behavior ::run [ RunTime:0.000455s ]
INFO: [ app_begin ] --END-- [ RunTime:0.000604s ]

[ 2015-12-01T14:18:25+08:00 ] 0.0.0.0 /cc-/c/4_0.html
INFO: [ route_check ] --START--
INFO: CheckRoute Behavior ::run [ RunTime:0.000734s ]
INFO: [ route_check ] --END-- [ RunTime:0.000820s ]
INFO: [ app_begin ] --START--
INFO: ReadHtmlCache Behavior ::run [ RunTime:0.000391s ]
INFO: [ app_begin ] --END-- [ RunTime:0.000454s ]
SQL: SHOW COLUMNS FROM `ccshop_goods` [ RunTime:0.001409s ]
SQL: SELECT COUNT(*) AS tp_count FROM `ccshop_goods` WHERE ( `gid` IN(5,6,7,8,9,10,11,12) ) LIMIT 1   [ RunTime:0.000248s ]
SQL: SELECT `gid`,`gname`,`marketprice`,`shopprice`,`pic` FROM `ccshop_goods` WHERE ( `gid` IN(5,6,7,8,9,10,11,12) ) ORDER BY time DESC LIMIT 0,8   [ RunTime:0.000363s ]
SQL: SELECT `gid`,`gname`,`pic`,`click`,`shopprice` FROM `ccshop_goods` WHERE ( `cid` = 13 ) ORDER BY rand() LIMIT 4   [ RunTime:0.000391s ]
SQL: SELECT `gid`,`gname`,`pic`,`click`,`shopprice` FROM `ccshop_goods` WHERE ( `cid` = 13 ) ORDER BY rand() LIMIT 5   [ RunTime:0.000356s ]
SQL: SHOW COLUMNS FROM `ccshop_category` [ RunTime:0.001302s ]
SQL: SELECT `cid`,`cname` FROM `ccshop_category` WHERE ( `pid` = 4 )  [ RunTime:0.000436s ]
SQL: SELECT `cname` FROM `ccshop_category` WHERE ( `cid` = 4 ) LIMIT 1   [ RunTime:0.000240s ]
SQL: SELECT `pid`,`cname`,`cid` FROM `ccshop_category` WHERE ( `cid` = 4 )  [ RunTime:0.000184s ]
SQL: SELECT `pid`,`cname`,`cid` FROM `ccshop_category` WHERE ( `cid` = 1 )  [ RunTime:0.000210s ]
INFO: [ view_parse ] --START--
INFO: ParseTemplate Behavior ::run [ RunTime:0.033342s ]
INFO: [ view_parse ] --END-- [ RunTime:0.033450s ]
INFO: [ view_filter ] --START--
INFO: ContentReplace Behavior ::run [ RunTime:0.000692s ]
INFO: TokenBuild Behavior ::run [ RunTime:0.000366s ]
INFO: WriteHtmlCache Behavior ::run [ RunTime:0.000166s ]
INFO: ShowRuntime Behavior ::run [ RunTime:0.000351s ]
INFO: [ view_filter ] --END-- [ RunTime:0.001761s ]
INFO: [ view_end ] --START--
INFO: ShowPageTrace Behavior ::run [ RunTime:0.000766s ]
INFO: [ view_end ] --END-- [ RunTime:0.000851s ]

[ 2015-12-01T14:18:25+08:00 ] 0.0.0.0 /cc-/c/5_0.html
INFO: [ route_check ] --START--
INFO: CheckRoute Behavior ::run [ RunTime:0.000790s ]
INFO: [ route_check ] --END-- [ RunTime:0.000883s ]
INFO: [ app_begin ] --START--
INFO: ReadHtmlCache Behavior ::run [ RunTime:0.000433s ]
INFO: [ app_begin ] --END-- [ RunTime:0.000501s ]
SQL: SHOW COLUMNS FROM `ccshop_category` [ RunTime:0.010019s ]
SQL: SELECT `cid`,`pid` FROM `ccshop_category`  [ RunTime:0.000365s ]
SQL: SHOW COLUMNS FROM `ccshop_goods` [ RunTime:0.001678s ]
SQL: SELECT `gid` FROM `ccshop_goods` WHERE ( `cid` IN (5) )  [ RunTime:0.000261s ]
NOTIC: [2] unlink(./App/Runtime/Temp/5450c2df11b58198fe131ccedf2576b1.php): No such file or directory /www/cc-/ThinkPHP/Lib/Driver/Cache/CacheFile.class.php 第 160 行.
SQL: SHOW COLUMNS FROM `ccshop_goods_attr` [ RunTime:0.001085s ]
NOTIC: [2] implode(): Invalid arguments passed /www/cc-/ThinkPHP/Lib/Core/Db.class.php 第 497 行.
SQL: SELECT `gtid`,`gtvalue`,`taid` FROM `ccshop_goods_attr` WHERE ( `gid` IN () ) GROUP BY gtvalue  [ RunTime:0.000183s ]
ERR: 1064:You have an error in your SQL syntax; check the manual that corresponds to your MySQL server version for the right syntax to use near ') ) GROUP BY gtvalue' at line 1
 [ SQL语句 ] : SELECT `gtid`,`gtvalue`,`taid` FROM `ccshop_goods_attr` WHERE ( `gid` IN () ) GROUP BY gtvalue 
NOTIC: [2] Invalid argument supplied for foreach() /www/cc-/App/Modules/Index/Action/ListAction.class.php 第 160 行.
NOTIC: [2] array_fill(): Number of elements must be positive /www/cc-/App/Modules/Index/Action/ListAction.class.php 第 50 行.
NOTIC: [2] Invalid argument supplied for foreach() /www/cc-/App/Modules/Index/Action/ListAction.class.php 第 57 行.
NOTIC: [2] implode(): Invalid arguments passed /www/cc-/App/Modules/Index/Action/ListAction.class.php 第 67 行.
SQL: SELECT COUNT(*) AS tp_count FROM `ccshop_goods` WHERE ( `gid` IN() ) LIMIT 1   [ RunTime:0.000179s ]
ERR: 1064:You have an error in your SQL syntax; check the manual that corresponds to your MySQL server version for the right syntax to use near ') ) LIMIT 1' at line 1
 [ SQL语句 ] : SELECT COUNT(*) AS tp_count FROM `ccshop_goods` WHERE ( `gid` IN() ) LIMIT 1  
SQL: SELECT `gid`,`gname`,`marketprice`,`shopprice`,`pic` FROM `ccshop_goods` WHERE ( `gid` IN() ) ORDER BY time DESC LIMIT 0,8   [ RunTime:0.000147s ]
ERR: 1064:You have an error in your SQL syntax; check the manual that corresponds to your MySQL server version for the right syntax to use near ') ) ORDER BY time DESC LIMIT 0,8' at line 1
 [ SQL语句 ] : SELECT `gid`,`gname`,`marketprice`,`shopprice`,`pic` FROM `ccshop_goods` WHERE ( `gid` IN() ) ORDER BY time DESC LIMIT 0,8  
NOTIC: [2] implode(): Invalid arguments passed /www/cc-/App/Modules/Index/Action/ListAction.class.php 第 92 行.
SQL: SELECT `gid`,`gname`,`pic`,`click`,`shopprice` FROM `ccshop_goods` WHERE ( `cid` = 13 ) ORDER BY rand() LIMIT 4   [ RunTime:0.000375s ]
SQL: SELECT `gid`,`gname`,`pic`,`click`,`shopprice` FROM `ccshop_goods` WHERE ( `cid` = 13 ) ORDER BY rand() LIMIT 5   [ RunTime:0.000321s ]
SQL: SELECT `cid`,`cname` FROM `ccshop_category` WHERE ( `pid` = 4 )  [ RunTime:0.000285s ]
SQL: SELECT `cname` FROM `ccshop_category` WHERE ( `cid` = 5 ) LIMIT 1   [ RunTime:0.000253s ]
SQL: SELECT `pid`,`cname`,`cid` FROM `ccshop_category` WHERE ( `cid` = 5 )  [ RunTime:0.000226s ]
SQL: SELECT `pid`,`cname`,`cid` FROM `ccshop_category` WHERE ( `cid` = 1 )  [ RunTime:0.000261s ]
INFO: [ view_parse ] --START--
INFO: ParseTemplate Behavior ::run [ RunTime:0.028733s ]
INFO: [ view_parse ] --END-- [ RunTime:0.028840s ]
INFO: [ view_filter ] --START--
INFO: ContentReplace Behavior ::run [ RunTime:0.000413s ]
INFO: TokenBuild Behavior ::run [ RunTime:0.000263s ]
INFO: WriteHtmlCache Behavior ::run [ RunTime:0.000140s ]
INFO: ShowRuntime Behavior ::run [ RunTime:0.000312s ]
INFO: [ view_filter ] --END-- [ RunTime:0.001285s ]
INFO: [ view_end ] --START--
INFO: ShowPageTrace Behavior ::run [ RunTime:0.000643s ]
INFO: [ view_end ] --END-- [ RunTime:0.000754s ]

[ 2015-12-01T14:18:28+08:00 ] 0.0.0.0 /cc-/c/6_0.html
INFO: [ route_check ] --START--
INFO: CheckRoute Behavior ::run [ RunTime:0.000928s ]
INFO: [ route_check ] --END-- [ RunTime:0.001018s ]
INFO: [ app_begin ] --START--
INFO: ReadHtmlCache Behavior ::run [ RunTime:0.000489s ]
INFO: [ app_begin ] --END-- [ RunTime:0.000610s ]
SQL: SHOW COLUMNS FROM `ccshop_category` [ RunTime:0.009515s ]
SQL: SELECT `cid`,`pid` FROM `ccshop_category`  [ RunTime:0.000365s ]
SQL: SHOW COLUMNS FROM `ccshop_goods` [ RunTime:0.001218s ]
SQL: SELECT `gid` FROM `ccshop_goods` WHERE ( `cid` IN (6) )  [ RunTime:0.000260s ]
NOTIC: [2] unlink(./App/Runtime/Temp/5421bc1b7b07603c54dc6461f3e6c7bb.php): No such file or directory /www/cc-/ThinkPHP/Lib/Driver/Cache/CacheFile.class.php 第 160 行.
SQL: SHOW COLUMNS FROM `ccshop_goods_attr` [ RunTime:0.001456s ]
NOTIC: [2] implode(): Invalid arguments passed /www/cc-/ThinkPHP/Lib/Core/Db.class.php 第 497 行.
SQL: SELECT `gtid`,`gtvalue`,`taid` FROM `ccshop_goods_attr` WHERE ( `gid` IN () ) GROUP BY gtvalue  [ RunTime:0.000171s ]
ERR: 1064:You have an error in your SQL syntax; check the manual that corresponds to your MySQL server version for the right syntax to use near ') ) GROUP BY gtvalue' at line 1
 [ SQL语句 ] : SELECT `gtid`,`gtvalue`,`taid` FROM `ccshop_goods_attr` WHERE ( `gid` IN () ) GROUP BY gtvalue 
NOTIC: [2] Invalid argument supplied for foreach() /www/cc-/App/Modules/Index/Action/ListAction.class.php 第 160 行.
NOTIC: [2] array_fill(): Number of elements must be positive /www/cc-/App/Modules/Index/Action/ListAction.class.php 第 50 行.
NOTIC: [2] Invalid argument supplied for foreach() /www/cc-/App/Modules/Index/Action/ListAction.class.php 第 57 行.
NOTIC: [2] implode(): Invalid arguments passed /www/cc-/App/Modules/Index/Action/ListAction.class.php 第 67 行.
SQL: SELECT COUNT(*) AS tp_count FROM `ccshop_goods` WHERE ( `gid` IN() ) LIMIT 1   [ RunTime:0.000185s ]
ERR: 1064:You have an error in your SQL syntax; check the manual that corresponds to your MySQL server version for the right syntax to use near ') ) LIMIT 1' at line 1
 [ SQL语句 ] : SELECT COUNT(*) AS tp_count FROM `ccshop_goods` WHERE ( `gid` IN() ) LIMIT 1  
SQL: SELECT `gid`,`gname`,`marketprice`,`shopprice`,`pic` FROM `ccshop_goods` WHERE ( `gid` IN() ) ORDER BY time DESC LIMIT 0,8   [ RunTime:0.000146s ]
ERR: 1064:You have an error in your SQL syntax; check the manual that corresponds to your MySQL server version for the right syntax to use near ') ) ORDER BY time DESC LIMIT 0,8' at line 1
 [ SQL语句 ] : SELECT `gid`,`gname`,`marketprice`,`shopprice`,`pic` FROM `ccshop_goods` WHERE ( `gid` IN() ) ORDER BY time DESC LIMIT 0,8  
NOTIC: [2] implode(): Invalid arguments passed /www/cc-/App/Modules/Index/Action/ListAction.class.php 第 92 行.
SQL: SELECT `gid`,`gname`,`pic`,`click`,`shopprice` FROM `ccshop_goods` WHERE ( `cid` = 13 ) ORDER BY rand() LIMIT 4   [ RunTime:0.000569s ]
SQL: SELECT `gid`,`gname`,`pic`,`click`,`shopprice` FROM `ccshop_goods` WHERE ( `cid` = 13 ) ORDER BY rand() LIMIT 5   [ RunTime:0.000373s ]
SQL: SELECT `cid`,`cname` FROM `ccshop_category` WHERE ( `pid` = 4 )  [ RunTime:0.000261s ]
SQL: SELECT `cname` FROM `ccshop_category` WHERE ( `cid` = 6 ) LIMIT 1   [ RunTime:0.000211s ]
SQL: SELECT `pid`,`cname`,`cid` FROM `ccshop_category` WHERE ( `cid` = 6 )  [ RunTime:0.000180s ]
SQL: SELECT `pid`,`cname`,`cid` FROM `ccshop_category` WHERE ( `cid` = 1 )  [ RunTime:0.000202s ]
INFO: [ view_parse ] --START--
INFO: ParseTemplate Behavior ::run [ RunTime:0.025541s ]
INFO: [ view_parse ] --END-- [ RunTime:0.025627s ]
INFO: [ view_filter ] --START--
INFO: ContentReplace Behavior ::run [ RunTime:0.000301s ]
INFO: TokenBuild Behavior ::run [ RunTime:0.000245s ]
INFO: WriteHtmlCache Behavior ::run [ RunTime:0.000136s ]
INFO: ShowRuntime Behavior ::run [ RunTime:0.000310s ]
INFO: [ view_filter ] --END-- [ RunTime:0.001139s ]
INFO: [ view_end ] --START--
INFO: ShowPageTrace Behavior ::run [ RunTime:0.000638s ]
INFO: [ view_end ] --END-- [ RunTime:0.000712s ]

[ 2015-12-01T14:18:29+08:00 ] 0.0.0.0 /cc-/c/2_0.html
INFO: [ route_check ] --START--
INFO: CheckRoute Behavior ::run [ RunTime:0.000693s ]
INFO: [ route_check ] --END-- [ RunTime:0.000775s ]
INFO: [ app_begin ] --START--
INFO: ReadHtmlCache Behavior ::run [ RunTime:0.000475s ]
INFO: [ app_begin ] --END-- [ RunTime:0.000549s ]
SQL: SHOW COLUMNS FROM `ccshop_category` [ RunTime:0.009712s ]
SQL: SELECT `cid`,`pid` FROM `ccshop_category`  [ RunTime:0.000382s ]
NOTIC: [8] Undefined index: id /www/cc-/App/Lib/Class/Unlimited.class.php 第 125 行.
NOTIC: [8] Undefined index: id /www/cc-/App/Lib/Class/Unlimited.class.php 第 125 行.
SQL: SHOW COLUMNS FROM `ccshop_goods` [ RunTime:0.001237s ]
SQL: SELECT `gid` FROM `ccshop_goods` WHERE ( `cid` IN ('8','9',2) )  [ RunTime:0.000281s ]
NOTIC: [2] unlink(./App/Runtime/Temp/450b8054af7639aa56263728fbd623a7.php): No such file or directory /www/cc-/ThinkPHP/Lib/Driver/Cache/CacheFile.class.php 第 160 行.
SQL: SHOW COLUMNS FROM `ccshop_goods_attr` [ RunTime:0.001300s ]
NOTIC: [2] implode(): Invalid arguments passed /www/cc-/ThinkPHP/Lib/Core/Db.class.php 第 497 行.
SQL: SELECT `gtid`,`gtvalue`,`taid` FROM `ccshop_goods_attr` WHERE ( `gid` IN () ) GROUP BY gtvalue  [ RunTime:0.000234s ]
ERR: 1064:You have an error in your SQL syntax; check the manual that corresponds to your MySQL server version for the right syntax to use near ') ) GROUP BY gtvalue' at line 1
 [ SQL语句 ] : SELECT `gtid`,`gtvalue`,`taid` FROM `ccshop_goods_attr` WHERE ( `gid` IN () ) GROUP BY gtvalue 
NOTIC: [2] Invalid argument supplied for foreach() /www/cc-/App/Modules/Index/Action/ListAction.class.php 第 160 行.
NOTIC: [2] array_fill(): Number of elements must be positive /www/cc-/App/Modules/Index/Action/ListAction.class.php 第 50 行.
NOTIC: [2] Invalid argument supplied for foreach() /www/cc-/App/Modules/Index/Action/ListAction.class.php 第 57 行.
NOTIC: [2] implode(): Invalid arguments passed /www/cc-/App/Modules/Index/Action/ListAction.class.php 第 67 行.
SQL: SELECT COUNT(*) AS tp_count FROM `ccshop_goods` WHERE ( `gid` IN() ) LIMIT 1   [ RunTime:0.000187s ]
ERR: 1064:You have an error in your SQL syntax; check the manual that corresponds to your MySQL server version for the right syntax to use near ') ) LIMIT 1' at line 1
 [ SQL语句 ] : SELECT COUNT(*) AS tp_count FROM `ccshop_goods` WHERE ( `gid` IN() ) LIMIT 1  
SQL: SELECT `gid`,`gname`,`marketprice`,`shopprice`,`pic` FROM `ccshop_goods` WHERE ( `gid` IN() ) ORDER BY time DESC LIMIT 0,8   [ RunTime:0.000163s ]
ERR: 1064:You have an error in your SQL syntax; check the manual that corresponds to your MySQL server version for the right syntax to use near ') ) ORDER BY time DESC LIMIT 0,8' at line 1
 [ SQL语句 ] : SELECT `gid`,`gname`,`marketprice`,`shopprice`,`pic` FROM `ccshop_goods` WHERE ( `gid` IN() ) ORDER BY time DESC LIMIT 0,8  
NOTIC: [2] implode(): Invalid arguments passed /www/cc-/App/Modules/Index/Action/ListAction.class.php 第 92 行.
SQL: SELECT `gid`,`gname`,`pic`,`click`,`shopprice` FROM `ccshop_goods` WHERE ( `cid` = 13 ) ORDER BY rand() LIMIT 4   [ RunTime:0.000407s ]
SQL: SELECT `gid`,`gname`,`pic`,`click`,`shopprice` FROM `ccshop_goods` WHERE ( `cid` = 13 ) ORDER BY rand() LIMIT 5   [ RunTime:0.000323s ]
SQL: SELECT `cid`,`cname` FROM `ccshop_category` WHERE ( `pid` = 4 )  [ RunTime:0.000257s ]
SQL: SELECT `cname` FROM `ccshop_category` WHERE ( `cid` = 2 ) LIMIT 1   [ RunTime:0.000210s ]
SQL: SELECT `pid`,`cname`,`cid` FROM `ccshop_category` WHERE ( `cid` = 2 )  [ RunTime:0.000215s ]
INFO: [ view_parse ] --START--
INFO: ParseTemplate Behavior ::run [ RunTime:0.028338s ]
INFO: [ view_parse ] --END-- [ RunTime:0.028428s ]
INFO: [ view_filter ] --START--
INFO: ContentReplace Behavior ::run [ RunTime:0.000399s ]
INFO: TokenBuild Behavior ::run [ RunTime:0.000271s ]
INFO: WriteHtmlCache Behavior ::run [ RunTime:0.000142s ]
INFO: ShowRuntime Behavior ::run [ RunTime:0.000314s ]
INFO: [ view_filter ] --END-- [ RunTime:0.001287s ]
INFO: [ view_end ] --START--
INFO: ShowPageTrace Behavior ::run [ RunTime:0.000640s ]
INFO: [ view_end ] --END-- [ RunTime:0.000743s ]

[ 2015-12-01T14:18:30+08:00 ] 0.0.0.0 /cc-/c/3_0.html
INFO: [ route_check ] --START--
INFO: CheckRoute Behavior ::run [ RunTime:0.000675s ]
INFO: [ route_check ] --END-- [ RunTime:0.000754s ]
INFO: [ app_begin ] --START--
INFO: ReadHtmlCache Behavior ::run [ RunTime:0.000378s ]
INFO: [ app_begin ] --END-- [ RunTime:0.000439s ]
SQL: SHOW COLUMNS FROM `ccshop_category` [ RunTime:0.009423s ]
SQL: SELECT `cid`,`pid` FROM `ccshop_category`  [ RunTime:0.000295s ]
NOTIC: [8] Undefined index: id /www/cc-/App/Lib/Class/Unlimited.class.php 第 125 行.
NOTIC: [8] Undefined index: id /www/cc-/App/Lib/Class/Unlimited.class.php 第 125 行.
NOTIC: [8] Undefined index: id /www/cc-/App/Lib/Class/Unlimited.class.php 第 125 行.
SQL: SHOW COLUMNS FROM `ccshop_goods` [ RunTime:0.001288s ]
SQL: SELECT `gid` FROM `ccshop_goods` WHERE ( `cid` IN ('10','12','29',3) )  [ RunTime:0.000309s ]
NOTIC: [2] unlink(./App/Runtime/Temp/03c837cf9e19618301cb88a8918b8b3f.php): No such file or directory /www/cc-/ThinkPHP/Lib/Driver/Cache/CacheFile.class.php 第 160 行.
SQL: SHOW COLUMNS FROM `ccshop_goods_attr` [ RunTime:0.001777s ]
NOTIC: [2] implode(): Invalid arguments passed /www/cc-/ThinkPHP/Lib/Core/Db.class.php 第 497 行.
SQL: SELECT `gtid`,`gtvalue`,`taid` FROM `ccshop_goods_attr` WHERE ( `gid` IN () ) GROUP BY gtvalue  [ RunTime:0.000215s ]
ERR: 1064:You have an error in your SQL syntax; check the manual that corresponds to your MySQL server version for the right syntax to use near ') ) GROUP BY gtvalue' at line 1
 [ SQL语句 ] : SELECT `gtid`,`gtvalue`,`taid` FROM `ccshop_goods_attr` WHERE ( `gid` IN () ) GROUP BY gtvalue 
NOTIC: [2] Invalid argument supplied for foreach() /www/cc-/App/Modules/Index/Action/ListAction.class.php 第 160 行.
NOTIC: [2] array_fill(): Number of elements must be positive /www/cc-/App/Modules/Index/Action/ListAction.class.php 第 50 行.
NOTIC: [2] Invalid argument supplied for foreach() /www/cc-/App/Modules/Index/Action/ListAction.class.php 第 57 行.
NOTIC: [2] implode(): Invalid arguments passed /www/cc-/App/Modules/Index/Action/ListAction.class.php 第 67 行.
SQL: SELECT COUNT(*) AS tp_count FROM `ccshop_goods` WHERE ( `gid` IN() ) LIMIT 1   [ RunTime:0.000184s ]
ERR: 1064:You have an error in your SQL syntax; check the manual that corresponds to your MySQL server version for the right syntax to use near ') ) LIMIT 1' at line 1
 [ SQL语句 ] : SELECT COUNT(*) AS tp_count FROM `ccshop_goods` WHERE ( `gid` IN() ) LIMIT 1  
SQL: SELECT `gid`,`gname`,`marketprice`,`shopprice`,`pic` FROM `ccshop_goods` WHERE ( `gid` IN() ) ORDER BY time DESC LIMIT 0,8   [ RunTime:0.000160s ]
ERR: 1064:You have an error in your SQL syntax; check the manual that corresponds to your MySQL server version for the right syntax to use near ') ) ORDER BY time DESC LIMIT 0,8' at line 1
 [ SQL语句 ] : SELECT `gid`,`gname`,`marketprice`,`shopprice`,`pic` FROM `ccshop_goods` WHERE ( `gid` IN() ) ORDER BY time DESC LIMIT 0,8  
NOTIC: [2] implode(): Invalid arguments passed /www/cc-/App/Modules/Index/Action/ListAction.class.php 第 92 行.
SQL: SELECT `gid`,`gname`,`pic`,`click`,`shopprice` FROM `ccshop_goods` WHERE ( `cid` = 13 ) ORDER BY rand() LIMIT 4   [ RunTime:0.000375s ]
SQL: SELECT `gid`,`gname`,`pic`,`click`,`shopprice` FROM `ccshop_goods` WHERE ( `cid` = 13 ) ORDER BY rand() LIMIT 5   [ RunTime:0.000323s ]
SQL: SELECT `cid`,`cname` FROM `ccshop_category` WHERE ( `pid` = 4 )  [ RunTime:0.000256s ]
SQL: SELECT `cname` FROM `ccshop_category` WHERE ( `cid` = 3 ) LIMIT 1   [ RunTime:0.000232s ]
SQL: SELECT `pid`,`cname`,`cid` FROM `ccshop_category` WHERE ( `cid` = 3 )  [ RunTime:0.000229s ]
INFO: [ view_parse ] --START--
INFO: ParseTemplate Behavior ::run [ RunTime:0.027944s ]
INFO: [ view_parse ] --END-- [ RunTime:0.028055s ]
INFO: [ view_filter ] --START--
INFO: ContentReplace Behavior ::run [ RunTime:0.000356s ]
INFO: TokenBuild Behavior ::run [ RunTime:0.000253s ]
INFO: WriteHtmlCache Behavior ::run [ RunTime:0.000140s ]
INFO: ShowRuntime Behavior ::run [ RunTime:0.000312s ]
INFO: [ view_filter ] --END-- [ RunTime:0.001207s ]
INFO: [ view_end ] --START--
INFO: ShowPageTrace Behavior ::run [ RunTime:0.000656s ]
INFO: [ view_end ] --END-- [ RunTime:0.000763s ]

[ 2015-12-01T14:18:31+08:00 ] 0.0.0.0 /cc-/c/4_0.html
INFO: [ route_check ] --START--
INFO: CheckRoute Behavior ::run [ RunTime:0.000810s ]
INFO: [ route_check ] --END-- [ RunTime:0.000975s ]
INFO: [ app_begin ] --START--
INFO: ReadHtmlCache Behavior ::run [ RunTime:0.000561s ]
INFO: [ app_begin ] --END-- [ RunTime:0.000672s ]
SQL: SHOW COLUMNS FROM `ccshop_goods` [ RunTime:0.009207s ]
SQL: SELECT COUNT(*) AS tp_count FROM `ccshop_goods` WHERE ( `gid` IN(5,6,7,8,9,10,11,12) ) LIMIT 1   [ RunTime:0.000284s ]
SQL: SELECT `gid`,`gname`,`marketprice`,`shopprice`,`pic` FROM `ccshop_goods` WHERE ( `gid` IN(5,6,7,8,9,10,11,12) ) ORDER BY time DESC LIMIT 0,8   [ RunTime:0.000362s ]
SQL: SELECT `gid`,`gname`,`pic`,`click`,`shopprice` FROM `ccshop_goods` WHERE ( `cid` = 13 ) ORDER BY rand() LIMIT 4   [ RunTime:0.000414s ]
SQL: SELECT `gid`,`gname`,`pic`,`click`,`shopprice` FROM `ccshop_goods` WHERE ( `cid` = 13 ) ORDER BY rand() LIMIT 5   [ RunTime:0.000321s ]
SQL: SHOW COLUMNS FROM `ccshop_category` [ RunTime:0.001439s ]
SQL: SELECT `cid`,`cname` FROM `ccshop_category` WHERE ( `pid` = 4 )  [ RunTime:0.000269s ]
SQL: SELECT `cname` FROM `ccshop_category` WHERE ( `cid` = 4 ) LIMIT 1   [ RunTime:0.000206s ]
SQL: SELECT `pid`,`cname`,`cid` FROM `ccshop_category` WHERE ( `cid` = 4 )  [ RunTime:0.000212s ]
SQL: SELECT `pid`,`cname`,`cid` FROM `ccshop_category` WHERE ( `cid` = 1 )  [ RunTime:0.000213s ]
INFO: [ view_parse ] --START--
INFO: ParseTemplate Behavior ::run [ RunTime:0.029274s ]
INFO: [ view_parse ] --END-- [ RunTime:0.029358s ]
INFO: [ view_filter ] --START--
INFO: ContentReplace Behavior ::run [ RunTime:0.000473s ]
INFO: TokenBuild Behavior ::run [ RunTime:0.000251s ]
INFO: WriteHtmlCache Behavior ::run [ RunTime:0.000138s ]
INFO: ShowRuntime Behavior ::run [ RunTime:0.000312s ]
INFO: [ view_filter ] --END-- [ RunTime:0.001325s ]
INFO: [ view_end ] --START--
INFO: ShowPageTrace Behavior ::run [ RunTime:0.000643s ]
INFO: [ view_end ] --END-- [ RunTime:0.000744s ]

