[ 2016-02-26T12:07:33+08:00 ] 0.0.0.0 /cc-/
INFO: [ app_begin ] --START--
INFO: ReadHtmlCache Behavior ::run [ RunTime:0.001546s ]
INFO: [ app_begin ] --END-- [ RunTime:0.003908s ]
SQL: SHOW COLUMNS FROM `ccshop_goods` [ RunTime:0.030745s ]
SQL: SELECT `gid`,`gname`,`pic`,`click`,`shopprice` FROM `ccshop_goods` WHERE ( `cid` = 13 ) ORDER BY rand() LIMIT 10   [ RunTime:0.009742s ]
SQL: SELECT `gid`,`gname`,`pic`,`click`,`shopprice` FROM `ccshop_goods` WHERE ( `cid` = 13 ) ORDER BY rand() LIMIT 10   [ RunTime:0.000489s ]
SQL: SELECT `gid`,`gname`,`pic`,`click`,`shopprice` FROM `ccshop_goods` WHERE ( `cid` = 13 ) ORDER BY rand() LIMIT 10   [ RunTime:0.000338s ]
SQL: SHOW COLUMNS FROM `ccshop_category` [ RunTime:0.001227s ]
SQL: SELECT `cid`,`cname` FROM `ccshop_category` WHERE ( `pid` = 4 )  [ RunTime:0.000714s ]
INFO: [ view_parse ] --START--
INFO: ParseTemplate Behavior ::run [ RunTime:0.127173s ]
INFO: [ view_parse ] --END-- [ RunTime:0.127295s ]
INFO: [ view_filter ] --START--
INFO: ContentReplace Behavior ::run [ RunTime:0.001410s ]
INFO: TokenBuild Behavior ::run [ RunTime:0.000919s ]
INFO: WriteHtmlCache Behavior ::run [ RunTime:0.000723s ]
INFO: ShowRuntime Behavior ::run [ RunTime:0.000944s ]
INFO: [ view_filter ] --END-- [ RunTime:0.004270s ]
INFO: [ view_end ] --START--
INFO: ShowPageTrace Behavior ::run [ RunTime:0.001155s ]
INFO: [ view_end ] --END-- [ RunTime:0.001266s ]

[ 2016-02-26T12:07:38+08:00 ] 0.0.0.0 /cc-/c/4_0.html
INFO: [ route_check ] --START--
INFO: CheckRoute Behavior ::run [ RunTime:0.001857s ]
INFO: [ route_check ] --END-- [ RunTime:0.002390s ]
INFO: [ app_begin ] --START--
INFO: ReadHtmlCache Behavior ::run [ RunTime:0.001543s ]
INFO: [ app_begin ] --END-- [ RunTime:0.001943s ]
SQL: SHOW COLUMNS FROM `ccshop_category` [ RunTime:0.005058s ]
SQL: SELECT `cid`,`pid` FROM `ccshop_category`  [ RunTime:0.000568s ]
NOTIC: [8] Undefined index: id /www/cc-/App/Lib/Class/Unlimited.class.php 第 125 行.
NOTIC: [8] Undefined index: id /www/cc-/App/Lib/Class/Unlimited.class.php 第 125 行.
NOTIC: [8] Undefined index: id /www/cc-/App/Lib/Class/Unlimited.class.php 第 125 行.
NOTIC: [8] Undefined index: id /www/cc-/App/Lib/Class/Unlimited.class.php 第 125 行.
NOTIC: [8] Undefined index: id /www/cc-/App/Lib/Class/Unlimited.class.php 第 125 行.
NOTIC: [8] Undefined index: id /www/cc-/App/Lib/Class/Unlimited.class.php 第 125 行.
NOTIC: [8] Undefined index: id /www/cc-/App/Lib/Class/Unlimited.class.php 第 125 行.
NOTIC: [8] Undefined index: id /www/cc-/App/Lib/Class/Unlimited.class.php 第 125 行.
NOTIC: [8] Undefined index: id /www/cc-/App/Lib/Class/Unlimited.class.php 第 125 行.
NOTIC: [8] Undefined index: id /www/cc-/App/Lib/Class/Unlimited.class.php 第 125 行.
NOTIC: [8] Undefined index: id /www/cc-/App/Lib/Class/Unlimited.class.php 第 125 行.
NOTIC: [8] Undefined index: id /www/cc-/App/Lib/Class/Unlimited.class.php 第 125 行.
NOTIC: [8] Undefined index: id /www/cc-/App/Lib/Class/Unlimited.class.php 第 125 行.
NOTIC: [8] Undefined index: id /www/cc-/App/Lib/Class/Unlimited.class.php 第 125 行.
NOTIC: [8] Undefined index: id /www/cc-/App/Lib/Class/Unlimited.class.php 第 125 行.
NOTIC: [8] Undefined index: id /www/cc-/App/Lib/Class/Unlimited.class.php 第 125 行.
SQL: SHOW COLUMNS FROM `ccshop_goods` [ RunTime:0.003644s ]
SQL: SELECT `gid` FROM `ccshop_goods` WHERE ( `cid` IN ('13','14','15','16','17','18','19','20','21','22','23','24','25','26','27','28',4) )  [ RunTime:0.005017s ]
SQL: SHOW COLUMNS FROM `ccshop_goods_attr` [ RunTime:0.001590s ]
SQL: SELECT `gtid`,`gtvalue`,`taid` FROM `ccshop_goods_attr` WHERE ( `gid` IN ('1','2','3','4','5','6','7','8','9','10','11','12') ) GROUP BY gtvalue  [ RunTime:0.002402s ]
SQL: SHOW COLUMNS FROM `ccshop_type_attr` [ RunTime:0.001209s ]
SQL: SELECT `taname` FROM `ccshop_type_attr` WHERE ( `taid` = 12 ) LIMIT 1   [ RunTime:0.000799s ]
SQL: SELECT `taname` FROM `ccshop_type_attr` WHERE ( `taid` = 13 ) LIMIT 1   [ RunTime:0.000329s ]
SQL: SELECT `taname` FROM `ccshop_type_attr` WHERE ( `taid` = 5 ) LIMIT 1   [ RunTime:0.000225s ]
SQL: SELECT `taname` FROM `ccshop_type_attr` WHERE ( `taid` = 1 ) LIMIT 1   [ RunTime:0.000190s ]
SQL: SELECT `taname` FROM `ccshop_type_attr` WHERE ( `taid` = 7 ) LIMIT 1   [ RunTime:0.000353s ]
SQL: SELECT `taname` FROM `ccshop_type_attr` WHERE ( `taid` = 3 ) LIMIT 1   [ RunTime:0.000271s ]
SQL: SELECT `taname` FROM `ccshop_type_attr` WHERE ( `taid` = 8 ) LIMIT 1   [ RunTime:0.000203s ]
SQL: SELECT `taname` FROM `ccshop_type_attr` WHERE ( `taid` = 6 ) LIMIT 1   [ RunTime:0.000208s ]
SQL: SELECT `taname` FROM `ccshop_type_attr` WHERE ( `taid` = 2 ) LIMIT 1   [ RunTime:0.000229s ]
SQL: SELECT `taname` FROM `ccshop_type_attr` WHERE ( `taid` = 4 ) LIMIT 1   [ RunTime:0.000200s ]
SQL: SELECT `taname` FROM `ccshop_type_attr` WHERE ( `taid` = 9 ) LIMIT 1   [ RunTime:0.000183s ]
SQL: SELECT `taname` FROM `ccshop_type_attr` WHERE ( `taid` = 10 ) LIMIT 1   [ RunTime:0.000178s ]
SQL: SELECT `taname` FROM `ccshop_type_attr` WHERE ( `taid` = 11 ) LIMIT 1   [ RunTime:0.000176s ]
SQL: SELECT COUNT(*) AS tp_count FROM `ccshop_goods` WHERE ( `gid` IN(1,2,3,4,5,6,7,8,9,10,11,12) ) LIMIT 1   [ RunTime:0.003255s ]
SQL: SELECT `gid`,`gname`,`marketprice`,`shopprice`,`pic` FROM `ccshop_goods` WHERE ( `gid` IN(1,2,3,4,5,6,7,8,9,10,11,12) ) ORDER BY time DESC LIMIT 0,8   [ RunTime:0.000357s ]
SQL: SELECT `gid`,`gname`,`pic`,`click`,`shopprice` FROM `ccshop_goods` WHERE ( `cid` = 13 ) ORDER BY rand() LIMIT 4   [ RunTime:0.000474s ]
SQL: SELECT `gid`,`gname`,`pic`,`click`,`shopprice` FROM `ccshop_goods` WHERE ( `cid` = 13 ) ORDER BY rand() LIMIT 5   [ RunTime:0.000334s ]
SQL: SELECT `cid`,`cname` FROM `ccshop_category` WHERE ( `pid` = 4 )  [ RunTime:0.000251s ]
SQL: SELECT `cname` FROM `ccshop_category` WHERE ( `cid` = 4 ) LIMIT 1   [ RunTime:0.000202s ]
SQL: SELECT `pid`,`cname`,`cid` FROM `ccshop_category` WHERE ( `cid` = 4 )  [ RunTime:0.000204s ]
SQL: SELECT `pid`,`cname`,`cid` FROM `ccshop_category` WHERE ( `cid` = 1 )  [ RunTime:0.000309s ]
INFO: [ view_parse ] --START--
INFO: ParseTemplate Behavior ::run [ RunTime:0.049514s ]
INFO: [ view_parse ] --END-- [ RunTime:0.049782s ]
INFO: [ view_filter ] --START--
INFO: ContentReplace Behavior ::run [ RunTime:0.001530s ]
INFO: TokenBuild Behavior ::run [ RunTime:0.000550s ]
INFO: WriteHtmlCache Behavior ::run [ RunTime:0.000377s ]
INFO: ShowRuntime Behavior ::run [ RunTime:0.000589s ]
INFO: [ view_filter ] --END-- [ RunTime:0.003460s ]
INFO: [ view_end ] --START--
INFO: ShowPageTrace Behavior ::run [ RunTime:0.001128s ]
INFO: [ view_end ] --END-- [ RunTime:0.001325s ]

[ 2016-02-26T12:07:41+08:00 ] 0.0.0.0 /cc-/12.html
INFO: [ route_check ] --START--
INFO: CheckRoute Behavior ::run [ RunTime:0.001438s ]
INFO: [ route_check ] --END-- [ RunTime:0.001553s ]
INFO: [ app_begin ] --START--
INFO: ReadHtmlCache Behavior ::run [ RunTime:0.000480s ]
INFO: [ app_begin ] --END-- [ RunTime:0.000551s ]
SQL: SHOW COLUMNS FROM `ccshop_goods` [ RunTime:0.001965s ]
SQL: SHOW COLUMNS FROM `ccshop_detail` [ RunTime:0.003079s ]
SQL: SHOW COLUMNS FROM `ccshop_brand` [ RunTime:0.001376s ]
SQL: SELECT goods.gid AS gid,goods.gname AS gname,goods.unit AS unit,goods.marketprice AS marketprice,goods.shopprice AS shopprice,goods.click AS click,goods.time AS time,detail.small AS small,detail.medium AS medium,detail.big AS big,detail.intro AS intro,detail.service AS service,brand.logo AS logo FROM ccshop_goods goods LEFT JOIN ccshop_detail detail ON goods.gid = detail.gid LEFT JOIN ccshop_brand brand ON goods.bid = brand.bid WHERE ( goods.gid = 12 ) LIMIT 1   [ RunTime:0.004523s ]
SQL: SHOW COLUMNS FROM `ccshop_goods_attr` [ RunTime:0.001233s ]
SQL: SELECT `gtid`,`gtvalue`,`added`,`taid` FROM `ccshop_goods_attr` WHERE ( `gid` = 12 )  [ RunTime:0.000324s ]
SQL: SHOW COLUMNS FROM `ccshop_type_attr` [ RunTime:0.001100s ]
SQL: SELECT `taname`,`class` FROM `ccshop_type_attr` WHERE ( `taid` = 1 ) LIMIT 1   [ RunTime:0.000307s ]
SQL: SELECT `taname`,`class` FROM `ccshop_type_attr` WHERE ( `taid` = 2 ) LIMIT 1   [ RunTime:0.000721s ]
SQL: SELECT `taname`,`class` FROM `ccshop_type_attr` WHERE ( `taid` = 3 ) LIMIT 1   [ RunTime:0.000532s ]
SQL: SELECT `taname`,`class` FROM `ccshop_type_attr` WHERE ( `taid` = 4 ) LIMIT 1   [ RunTime:0.000430s ]
SQL: SELECT `taname`,`class` FROM `ccshop_type_attr` WHERE ( `taid` = 5 ) LIMIT 1   [ RunTime:0.000473s ]
SQL: SELECT `taname`,`class` FROM `ccshop_type_attr` WHERE ( `taid` = 6 ) LIMIT 1   [ RunTime:0.000372s ]
SQL: SELECT `taname`,`class` FROM `ccshop_type_attr` WHERE ( `taid` = 7 ) LIMIT 1   [ RunTime:0.000224s ]
SQL: SELECT `taname`,`class` FROM `ccshop_type_attr` WHERE ( `taid` = 8 ) LIMIT 1   [ RunTime:0.000187s ]
SQL: SELECT `taname`,`class` FROM `ccshop_type_attr` WHERE ( `taid` = 9 ) LIMIT 1   [ RunTime:0.000233s ]
SQL: SELECT `taname`,`class` FROM `ccshop_type_attr` WHERE ( `taid` = 10 ) LIMIT 1   [ RunTime:0.000235s ]
SQL: SELECT `taname`,`class` FROM `ccshop_type_attr` WHERE ( `taid` = 11 ) LIMIT 1   [ RunTime:0.000191s ]
SQL: SELECT `taname`,`class` FROM `ccshop_type_attr` WHERE ( `taid` = 12 ) LIMIT 1   [ RunTime:0.000235s ]
SQL: SELECT `taname`,`class` FROM `ccshop_type_attr` WHERE ( `taid` = 13 ) LIMIT 1   [ RunTime:0.000331s ]
SQL: SHOW COLUMNS FROM `ccshop_goods_list` [ RunTime:0.003535s ]
SQL: SELECT `inventory` FROM `ccshop_goods_list` WHERE ( `gid` = 12 )  [ RunTime:0.000767s ]
SQL: SHOW COLUMNS FROM `ccshop_remark` [ RunTime:0.001521s ]
SQL: SELECT COUNT(*) AS tp_count FROM `ccshop_remark` WHERE ( `gid` = 12 ) LIMIT 1   [ RunTime:0.000320s ]
SQL: SELECT `content`,`uname`,`time` FROM `ccshop_remark` WHERE ( `gid` = 12 ) ORDER BY time DESC LIMIT 0,5   [ RunTime:0.002115s ]
SQL: SELECT `cid` FROM `ccshop_goods` WHERE ( `gid` = 12 ) LIMIT 1   [ RunTime:0.000536s ]
SQL: SHOW COLUMNS FROM `ccshop_category` [ RunTime:0.001588s ]
SQL: SELECT `pid`,`cname`,`cid` FROM `ccshop_category` WHERE ( `cid` = 13 )  [ RunTime:0.000245s ]
SQL: SELECT `pid`,`cname`,`cid` FROM `ccshop_category` WHERE ( `cid` = 4 )  [ RunTime:0.000260s ]
SQL: SELECT `pid`,`cname`,`cid` FROM `ccshop_category` WHERE ( `cid` = 1 )  [ RunTime:0.000719s ]
SQL: SELECT `gid`,`gname`,`pic`,`click`,`shopprice` FROM `ccshop_goods` WHERE ( `cid` = 13 ) ORDER BY rand() LIMIT 10   [ RunTime:0.001551s ]
INFO: [ view_parse ] --START--
INFO: ParseTemplate Behavior ::run [ RunTime:0.041546s ]
INFO: [ view_parse ] --END-- [ RunTime:0.041865s ]
INFO: [ view_filter ] --START--
INFO: ContentReplace Behavior ::run [ RunTime:0.001302s ]
INFO: TokenBuild Behavior ::run [ RunTime:0.000360s ]
INFO: WriteHtmlCache Behavior ::run [ RunTime:0.000164s ]
INFO: ShowRuntime Behavior ::run [ RunTime:0.000334s ]
INFO: [ view_filter ] --END-- [ RunTime:0.002374s ]
INFO: [ view_end ] --START--
INFO: ShowPageTrace Behavior ::run [ RunTime:0.000567s ]
INFO: [ view_end ] --END-- [ RunTime:0.000650s ]

[ 2016-02-26T12:07:41+08:00 ] 0.0.0.0 /cc-/Show/verify.html
INFO: [ route_check ] --START--
INFO: CheckRoute Behavior ::run [ RunTime:0.001621s ]
INFO: [ route_check ] --END-- [ RunTime:0.001873s ]
INFO: [ app_begin ] --START--
INFO: ReadHtmlCache Behavior ::run [ RunTime:0.000628s ]
INFO: [ app_begin ] --END-- [ RunTime:0.000721s ]

