[ 2016-01-14T08:35:37+08:00 ] 0.0.0.0 /cc-/
INFO: [ app_begin ] --START--
INFO: ReadHtmlCache Behavior ::run [ RunTime:0.001684s ]
INFO: [ app_begin ] --END-- [ RunTime:0.003070s ]
SQL: SHOW COLUMNS FROM `ccshop_goods` [ RunTime:0.016643s ]
SQL: SELECT `gid`,`gname`,`pic`,`click`,`shopprice` FROM `ccshop_goods` WHERE ( `cid` = 13 ) ORDER BY rand() LIMIT 10   [ RunTime:0.005617s ]
SQL: SELECT `gid`,`gname`,`pic`,`click`,`shopprice` FROM `ccshop_goods` WHERE ( `cid` = 13 ) ORDER BY rand() LIMIT 10   [ RunTime:0.002695s ]
SQL: SELECT `gid`,`gname`,`pic`,`click`,`shopprice` FROM `ccshop_goods` WHERE ( `cid` = 13 ) ORDER BY rand() LIMIT 10   [ RunTime:0.003259s ]
SQL: SHOW COLUMNS FROM `ccshop_category` [ RunTime:0.002611s ]
SQL: SELECT `cid`,`cname` FROM `ccshop_category` WHERE ( `pid` = 4 )  [ RunTime:0.000602s ]
INFO: [ view_parse ] --START--
INFO: ParseTemplate Behavior ::run [ RunTime:0.118037s ]
INFO: [ view_parse ] --END-- [ RunTime:0.118154s ]
INFO: [ view_filter ] --START--
INFO: ContentReplace Behavior ::run [ RunTime:0.001347s ]
INFO: TokenBuild Behavior ::run [ RunTime:0.000707s ]
INFO: WriteHtmlCache Behavior ::run [ RunTime:0.000508s ]
INFO: ShowRuntime Behavior ::run [ RunTime:0.001131s ]
INFO: [ view_filter ] --END-- [ RunTime:0.003981s ]
INFO: [ view_end ] --START--
INFO: ShowPageTrace Behavior ::run [ RunTime:0.001283s ]
INFO: [ view_end ] --END-- [ RunTime:0.001468s ]

[ 2016-01-14T08:35:41+08:00 ] 0.0.0.0 /cc-/admin
INFO: [ route_check ] --START--
INFO: CheckRoute Behavior ::run [ RunTime:0.001756s ]
INFO: [ route_check ] --END-- [ RunTime:0.001991s ]
INFO: [ app_begin ] --START--
INFO: ReadHtmlCache Behavior ::run [ RunTime:0.000860s ]
INFO: [ app_begin ] --END-- [ RunTime:0.001042s ]
INFO: [ view_parse ] --START--
NOTIC: [8] Undefined index: welcome /www/cc-/App/Runtime/Cache/admin/3337b40a3a45144ee3de62bbd03526a6.php 第 14 行.
INFO: ParseTemplate Behavior ::run [ RunTime:0.017415s ]
INFO: [ view_parse ] --END-- [ RunTime:0.017546s ]
INFO: [ view_filter ] --START--
INFO: ContentReplace Behavior ::run [ RunTime:0.000348s ]
INFO: TokenBuild Behavior ::run [ RunTime:0.000287s ]
INFO: WriteHtmlCache Behavior ::run [ RunTime:0.000157s ]
INFO: ShowRuntime Behavior ::run [ RunTime:0.000420s ]
INFO: [ view_filter ] --END-- [ RunTime:0.001390s ]
INFO: [ view_end ] --START--
INFO: ShowPageTrace Behavior ::run [ RunTime:0.000566s ]
INFO: [ view_end ] --END-- [ RunTime:0.000638s ]

[ 2016-01-14T08:35:41+08:00 ] 0.0.0.0 /cc-/admin/Index/info.html
INFO: [ route_check ] --START--
INFO: CheckRoute Behavior ::run [ RunTime:0.001228s ]
INFO: [ route_check ] --END-- [ RunTime:0.001374s ]
INFO: [ app_begin ] --START--
INFO: ReadHtmlCache Behavior ::run [ RunTime:0.000670s ]
INFO: [ app_begin ] --END-- [ RunTime:0.000778s ]
NOTIC: [2] mysql_get_server_info(): Can't connect to local MySQL server through socket '/Applications/MAMP/tmp/mysql/mysql.sock' (2) /www/cc-/App/Modules/admin/Action/IndexAction.class.php 第 43 行.
NOTIC: [2] mysql_get_server_info(): A link to the server could not be established /www/cc-/App/Modules/admin/Action/IndexAction.class.php 第 43 行.
INFO: [ view_parse ] --START--
INFO: ParseTemplate Behavior ::run [ RunTime:0.009069s ]
INFO: [ view_parse ] --END-- [ RunTime:0.009197s ]
INFO: [ view_filter ] --START--
INFO: ContentReplace Behavior ::run [ RunTime:0.000319s ]
INFO: TokenBuild Behavior ::run [ RunTime:0.000357s ]
INFO: WriteHtmlCache Behavior ::run [ RunTime:0.000180s ]
INFO: ShowRuntime Behavior ::run [ RunTime:0.000376s ]
INFO: [ view_filter ] --END-- [ RunTime:0.001438s ]
INFO: [ view_end ] --START--
INFO: ShowPageTrace Behavior ::run [ RunTime:0.000482s ]
INFO: [ view_end ] --END-- [ RunTime:0.000541s ]

[ 2016-01-14T08:35:43+08:00 ] 0.0.0.0 /cc-/admin/Goods/index.html
INFO: [ route_check ] --START--
INFO: CheckRoute Behavior ::run [ RunTime:0.000786s ]
INFO: [ route_check ] --END-- [ RunTime:0.000945s ]
INFO: [ app_begin ] --START--
INFO: ReadHtmlCache Behavior ::run [ RunTime:0.000420s ]
INFO: [ app_begin ] --END-- [ RunTime:0.000490s ]
SQL: SHOW COLUMNS FROM `ccshop_goods` [ RunTime:0.002731s ]
SQL: SELECT `gid`,`gname`,`gnumber`,`unit`,`marketprice`,`shopprice`,`click`,`time`,`tid` FROM `ccshop_goods`  [ RunTime:0.000410s ]
SQL: SHOW COLUMNS FROM `ccshop_goods_list` [ RunTime:0.005213s ]
SQL: SELECT `inventory` FROM `ccshop_goods_list` WHERE ( `gid` = 1 )  [ RunTime:0.001550s ]
SQL: SELECT `inventory` FROM `ccshop_goods_list` WHERE ( `gid` = 2 )  [ RunTime:0.000820s ]
SQL: SELECT `inventory` FROM `ccshop_goods_list` WHERE ( `gid` = 3 )  [ RunTime:0.000234s ]
SQL: SELECT `inventory` FROM `ccshop_goods_list` WHERE ( `gid` = 4 )  [ RunTime:0.000223s ]
SQL: SELECT `inventory` FROM `ccshop_goods_list` WHERE ( `gid` = 5 )  [ RunTime:0.000190s ]
SQL: SELECT `inventory` FROM `ccshop_goods_list` WHERE ( `gid` = 6 )  [ RunTime:0.000184s ]
SQL: SELECT `inventory` FROM `ccshop_goods_list` WHERE ( `gid` = 7 )  [ RunTime:0.000187s ]
SQL: SELECT `inventory` FROM `ccshop_goods_list` WHERE ( `gid` = 8 )  [ RunTime:0.000185s ]
SQL: SELECT `inventory` FROM `ccshop_goods_list` WHERE ( `gid` = 9 )  [ RunTime:0.000272s ]
SQL: SELECT `inventory` FROM `ccshop_goods_list` WHERE ( `gid` = 10 )  [ RunTime:0.000243s ]
SQL: SELECT `inventory` FROM `ccshop_goods_list` WHERE ( `gid` = 11 )  [ RunTime:0.000234s ]
SQL: SELECT `inventory` FROM `ccshop_goods_list` WHERE ( `gid` = 12 )  [ RunTime:0.000229s ]
SQL: SELECT `inventory` FROM `ccshop_goods_list` WHERE ( `gid` = 13 )  [ RunTime:0.000278s ]
NOTIC: [2] Invalid argument supplied for foreach() /www/cc-/App/Modules/admin/Action/GoodsAction.class.php 第 17 行.
SQL: SELECT `inventory` FROM `ccshop_goods_list` WHERE ( `gid` = 14 )  [ RunTime:0.000220s ]
NOTIC: [2] Invalid argument supplied for foreach() /www/cc-/App/Modules/admin/Action/GoodsAction.class.php 第 17 行.
SQL: SELECT `inventory` FROM `ccshop_goods_list` WHERE ( `gid` = 15 )  [ RunTime:0.000194s ]
NOTIC: [2] Invalid argument supplied for foreach() /www/cc-/App/Modules/admin/Action/GoodsAction.class.php 第 17 行.
SQL: SELECT `inventory` FROM `ccshop_goods_list` WHERE ( `gid` = 16 )  [ RunTime:0.000264s ]
NOTIC: [2] Invalid argument supplied for foreach() /www/cc-/App/Modules/admin/Action/GoodsAction.class.php 第 17 行.
SQL: SELECT `inventory` FROM `ccshop_goods_list` WHERE ( `gid` = 17 )  [ RunTime:0.000675s ]
NOTIC: [2] Invalid argument supplied for foreach() /www/cc-/App/Modules/admin/Action/GoodsAction.class.php 第 17 行.
SQL: SELECT `inventory` FROM `ccshop_goods_list` WHERE ( `gid` = 18 )  [ RunTime:0.001142s ]
NOTIC: [2] Invalid argument supplied for foreach() /www/cc-/App/Modules/admin/Action/GoodsAction.class.php 第 17 行.
INFO: [ view_parse ] --START--
INFO: ParseTemplate Behavior ::run [ RunTime:0.017002s ]
INFO: [ view_parse ] --END-- [ RunTime:0.017368s ]
INFO: [ view_filter ] --START--
INFO: ContentReplace Behavior ::run [ RunTime:0.001142s ]
INFO: TokenBuild Behavior ::run [ RunTime:0.000519s ]
INFO: WriteHtmlCache Behavior ::run [ RunTime:0.000263s ]
INFO: ShowRuntime Behavior ::run [ RunTime:0.001038s ]
INFO: [ view_filter ] --END-- [ RunTime:0.003409s ]
INFO: [ view_end ] --START--
INFO: ShowPageTrace Behavior ::run [ RunTime:0.001350s ]
INFO: [ view_end ] --END-- [ RunTime:0.001851s ]

[ 2016-01-14T08:35:45+08:00 ] 0.0.0.0 /cc-/admin/Goods/add.html
INFO: [ route_check ] --START--
INFO: CheckRoute Behavior ::run [ RunTime:0.000630s ]
INFO: [ route_check ] --END-- [ RunTime:0.000712s ]
INFO: [ app_begin ] --START--
INFO: ReadHtmlCache Behavior ::run [ RunTime:0.000937s ]
INFO: [ app_begin ] --END-- [ RunTime:0.001093s ]
SQL: SHOW COLUMNS FROM `ccshop_category` [ RunTime:0.002675s ]
SQL: SELECT * FROM `ccshop_category` ORDER BY sort  [ RunTime:0.000308s ]
SQL: SHOW COLUMNS FROM `ccshop_brand` [ RunTime:0.001824s ]
SQL: SELECT * FROM `ccshop_brand` ORDER BY sort  [ RunTime:0.002645s ]
INFO: [ view_parse ] --START--
INFO: ParseTemplate Behavior ::run [ RunTime:0.011969s ]
INFO: [ view_parse ] --END-- [ RunTime:0.012057s ]
INFO: [ view_filter ] --START--
INFO: ContentReplace Behavior ::run [ RunTime:0.000296s ]
INFO: TokenBuild Behavior ::run [ RunTime:0.000251s ]
INFO: WriteHtmlCache Behavior ::run [ RunTime:0.000136s ]
INFO: ShowRuntime Behavior ::run [ RunTime:0.000567s ]
INFO: [ view_filter ] --END-- [ RunTime:0.001443s ]
INFO: [ view_end ] --START--
INFO: ShowPageTrace Behavior ::run [ RunTime:0.000573s ]
INFO: [ view_end ] --END-- [ RunTime:0.000643s ]

[ 2016-01-14T08:35:47+08:00 ] 0.0.0.0 /cc-/admin/Goods/
INFO: [ route_check ] --START--
INFO: CheckRoute Behavior ::run [ RunTime:0.000789s ]
INFO: [ route_check ] --END-- [ RunTime:0.000954s ]
INFO: [ app_begin ] --START--
INFO: ReadHtmlCache Behavior ::run [ RunTime:0.000402s ]
INFO: [ app_begin ] --END-- [ RunTime:0.000474s ]
SQL: SHOW COLUMNS FROM `ccshop_goods` [ RunTime:0.001164s ]
SQL: SELECT `gid`,`gname`,`gnumber`,`unit`,`marketprice`,`shopprice`,`click`,`time`,`tid` FROM `ccshop_goods`  [ RunTime:0.000268s ]
SQL: SHOW COLUMNS FROM `ccshop_goods_list` [ RunTime:0.001070s ]
SQL: SELECT `inventory` FROM `ccshop_goods_list` WHERE ( `gid` = 1 )  [ RunTime:0.000263s ]
SQL: SELECT `inventory` FROM `ccshop_goods_list` WHERE ( `gid` = 2 )  [ RunTime:0.000224s ]
SQL: SELECT `inventory` FROM `ccshop_goods_list` WHERE ( `gid` = 3 )  [ RunTime:0.000217s ]
SQL: SELECT `inventory` FROM `ccshop_goods_list` WHERE ( `gid` = 4 )  [ RunTime:0.000219s ]
SQL: SELECT `inventory` FROM `ccshop_goods_list` WHERE ( `gid` = 5 )  [ RunTime:0.000214s ]
SQL: SELECT `inventory` FROM `ccshop_goods_list` WHERE ( `gid` = 6 )  [ RunTime:0.000217s ]
SQL: SELECT `inventory` FROM `ccshop_goods_list` WHERE ( `gid` = 7 )  [ RunTime:0.000213s ]
SQL: SELECT `inventory` FROM `ccshop_goods_list` WHERE ( `gid` = 8 )  [ RunTime:0.000363s ]
SQL: SELECT `inventory` FROM `ccshop_goods_list` WHERE ( `gid` = 9 )  [ RunTime:0.000221s ]
SQL: SELECT `inventory` FROM `ccshop_goods_list` WHERE ( `gid` = 10 )  [ RunTime:0.000219s ]
SQL: SELECT `inventory` FROM `ccshop_goods_list` WHERE ( `gid` = 11 )  [ RunTime:0.000216s ]
SQL: SELECT `inventory` FROM `ccshop_goods_list` WHERE ( `gid` = 12 )  [ RunTime:0.000221s ]
SQL: SELECT `inventory` FROM `ccshop_goods_list` WHERE ( `gid` = 13 )  [ RunTime:0.000205s ]
NOTIC: [2] Invalid argument supplied for foreach() /www/cc-/App/Modules/admin/Action/GoodsAction.class.php 第 17 行.
SQL: SELECT `inventory` FROM `ccshop_goods_list` WHERE ( `gid` = 14 )  [ RunTime:0.000208s ]
NOTIC: [2] Invalid argument supplied for foreach() /www/cc-/App/Modules/admin/Action/GoodsAction.class.php 第 17 行.
SQL: SELECT `inventory` FROM `ccshop_goods_list` WHERE ( `gid` = 15 )  [ RunTime:0.000224s ]
NOTIC: [2] Invalid argument supplied for foreach() /www/cc-/App/Modules/admin/Action/GoodsAction.class.php 第 17 行.
SQL: SELECT `inventory` FROM `ccshop_goods_list` WHERE ( `gid` = 16 )  [ RunTime:0.000224s ]
NOTIC: [2] Invalid argument supplied for foreach() /www/cc-/App/Modules/admin/Action/GoodsAction.class.php 第 17 行.
SQL: SELECT `inventory` FROM `ccshop_goods_list` WHERE ( `gid` = 17 )  [ RunTime:0.000208s ]
NOTIC: [2] Invalid argument supplied for foreach() /www/cc-/App/Modules/admin/Action/GoodsAction.class.php 第 17 行.
SQL: SELECT `inventory` FROM `ccshop_goods_list` WHERE ( `gid` = 18 )  [ RunTime:0.000207s ]
NOTIC: [2] Invalid argument supplied for foreach() /www/cc-/App/Modules/admin/Action/GoodsAction.class.php 第 17 行.
INFO: [ view_parse ] --START--
INFO: ParseTemplate Behavior ::run [ RunTime:0.013027s ]
INFO: [ view_parse ] --END-- [ RunTime:0.013113s ]
INFO: [ view_filter ] --START--
INFO: ContentReplace Behavior ::run [ RunTime:0.000324s ]
INFO: TokenBuild Behavior ::run [ RunTime:0.000256s ]
INFO: WriteHtmlCache Behavior ::run [ RunTime:0.000142s ]
INFO: ShowRuntime Behavior ::run [ RunTime:0.000330s ]
INFO: [ view_filter ] --END-- [ RunTime:0.001205s ]
INFO: [ view_end ] --START--
INFO: ShowPageTrace Behavior ::run [ RunTime:0.002914s ]
INFO: [ view_end ] --END-- [ RunTime:0.003150s ]

[ 2016-01-14T08:35:47+08:00 ] 0.0.0.0 /cc-/admin/Goods/
INFO: [ route_check ] --START--
INFO: CheckRoute Behavior ::run [ RunTime:0.000872s ]
INFO: [ route_check ] --END-- [ RunTime:0.001022s ]
INFO: [ app_begin ] --START--
INFO: ReadHtmlCache Behavior ::run [ RunTime:0.000572s ]
INFO: [ app_begin ] --END-- [ RunTime:0.000656s ]
SQL: SHOW COLUMNS FROM `ccshop_goods` [ RunTime:0.009586s ]
SQL: SELECT `gid`,`gname`,`gnumber`,`unit`,`marketprice`,`shopprice`,`click`,`time`,`tid` FROM `ccshop_goods`  [ RunTime:0.000292s ]
SQL: SHOW COLUMNS FROM `ccshop_goods_list` [ RunTime:0.001584s ]
SQL: SELECT `inventory` FROM `ccshop_goods_list` WHERE ( `gid` = 1 )  [ RunTime:0.000444s ]
SQL: SELECT `inventory` FROM `ccshop_goods_list` WHERE ( `gid` = 2 )  [ RunTime:0.000657s ]
SQL: SELECT `inventory` FROM `ccshop_goods_list` WHERE ( `gid` = 3 )  [ RunTime:0.000753s ]
SQL: SELECT `inventory` FROM `ccshop_goods_list` WHERE ( `gid` = 4 )  [ RunTime:0.000656s ]
SQL: SELECT `inventory` FROM `ccshop_goods_list` WHERE ( `gid` = 5 )  [ RunTime:0.000329s ]
SQL: SELECT `inventory` FROM `ccshop_goods_list` WHERE ( `gid` = 6 )  [ RunTime:0.000201s ]
SQL: SELECT `inventory` FROM `ccshop_goods_list` WHERE ( `gid` = 7 )  [ RunTime:0.000191s ]
SQL: SELECT `inventory` FROM `ccshop_goods_list` WHERE ( `gid` = 8 )  [ RunTime:0.000213s ]
SQL: SELECT `inventory` FROM `ccshop_goods_list` WHERE ( `gid` = 9 )  [ RunTime:0.000160s ]
SQL: SELECT `inventory` FROM `ccshop_goods_list` WHERE ( `gid` = 10 )  [ RunTime:0.000184s ]
SQL: SELECT `inventory` FROM `ccshop_goods_list` WHERE ( `gid` = 11 )  [ RunTime:0.000174s ]
SQL: SELECT `inventory` FROM `ccshop_goods_list` WHERE ( `gid` = 12 )  [ RunTime:0.000893s ]
SQL: SELECT `inventory` FROM `ccshop_goods_list` WHERE ( `gid` = 13 )  [ RunTime:0.000520s ]
NOTIC: [2] Invalid argument supplied for foreach() /www/cc-/App/Modules/admin/Action/GoodsAction.class.php 第 17 行.
SQL: SELECT `inventory` FROM `ccshop_goods_list` WHERE ( `gid` = 14 )  [ RunTime:0.000776s ]
NOTIC: [2] Invalid argument supplied for foreach() /www/cc-/App/Modules/admin/Action/GoodsAction.class.php 第 17 行.
SQL: SELECT `inventory` FROM `ccshop_goods_list` WHERE ( `gid` = 15 )  [ RunTime:0.000699s ]
NOTIC: [2] Invalid argument supplied for foreach() /www/cc-/App/Modules/admin/Action/GoodsAction.class.php 第 17 行.
SQL: SELECT `inventory` FROM `ccshop_goods_list` WHERE ( `gid` = 16 )  [ RunTime:0.000218s ]
NOTIC: [2] Invalid argument supplied for foreach() /www/cc-/App/Modules/admin/Action/GoodsAction.class.php 第 17 行.
SQL: SELECT `inventory` FROM `ccshop_goods_list` WHERE ( `gid` = 17 )  [ RunTime:0.000198s ]
NOTIC: [2] Invalid argument supplied for foreach() /www/cc-/App/Modules/admin/Action/GoodsAction.class.php 第 17 行.
SQL: SELECT `inventory` FROM `ccshop_goods_list` WHERE ( `gid` = 18 )  [ RunTime:0.000260s ]
NOTIC: [2] Invalid argument supplied for foreach() /www/cc-/App/Modules/admin/Action/GoodsAction.class.php 第 17 行.
INFO: [ view_parse ] --START--
INFO: ParseTemplate Behavior ::run [ RunTime:0.020136s ]
INFO: [ view_parse ] --END-- [ RunTime:0.020349s ]
INFO: [ view_filter ] --START--
INFO: ContentReplace Behavior ::run [ RunTime:0.001217s ]
INFO: TokenBuild Behavior ::run [ RunTime:0.000909s ]
INFO: WriteHtmlCache Behavior ::run [ RunTime:0.000268s ]
INFO: ShowRuntime Behavior ::run [ RunTime:0.000539s ]
INFO: [ view_filter ] --END-- [ RunTime:0.003303s ]
INFO: [ view_end ] --START--
INFO: ShowPageTrace Behavior ::run [ RunTime:0.000781s ]
INFO: [ view_end ] --END-- [ RunTime:0.000904s ]

[ 2016-01-14T09:28:25+08:00 ] 0.0.0.0 /cc-/admin/Goods/add.html
INFO: [ route_check ] --START--
INFO: CheckRoute Behavior ::run [ RunTime:0.002281s ]
INFO: [ route_check ] --END-- [ RunTime:0.002521s ]
INFO: [ app_begin ] --START--
INFO: ReadHtmlCache Behavior ::run [ RunTime:0.000890s ]
INFO: [ app_begin ] --END-- [ RunTime:0.001054s ]
SQL: SHOW COLUMNS FROM `ccshop_category` [ RunTime:0.001654s ]
SQL: SELECT * FROM `ccshop_category` ORDER BY sort  [ RunTime:0.001507s ]
SQL: SHOW COLUMNS FROM `ccshop_brand` [ RunTime:0.001219s ]
SQL: SELECT * FROM `ccshop_brand` ORDER BY sort  [ RunTime:0.000727s ]
INFO: [ view_parse ] --START--
INFO: ParseTemplate Behavior ::run [ RunTime:0.015155s ]
INFO: [ view_parse ] --END-- [ RunTime:0.015293s ]
INFO: [ view_filter ] --START--
INFO: ContentReplace Behavior ::run [ RunTime:0.000635s ]
INFO: TokenBuild Behavior ::run [ RunTime:0.000470s ]
INFO: WriteHtmlCache Behavior ::run [ RunTime:0.000375s ]
INFO: ShowRuntime Behavior ::run [ RunTime:0.000617s ]
INFO: [ view_filter ] --END-- [ RunTime:0.002287s ]
INFO: [ view_end ] --START--
INFO: ShowPageTrace Behavior ::run [ RunTime:0.000911s ]
INFO: [ view_end ] --END-- [ RunTime:0.001013s ]

[ 2016-01-14T09:28:25+08:00 ] 0.0.0.0 /cc-/admin/Goods/
INFO: [ route_check ] --START--
INFO: CheckRoute Behavior ::run [ RunTime:0.000688s ]
INFO: [ route_check ] --END-- [ RunTime:0.000777s ]
INFO: [ app_begin ] --START--
INFO: ReadHtmlCache Behavior ::run [ RunTime:0.000422s ]
INFO: [ app_begin ] --END-- [ RunTime:0.000490s ]
SQL: SHOW COLUMNS FROM `ccshop_goods` [ RunTime:0.009328s ]
SQL: SELECT `gid`,`gname`,`gnumber`,`unit`,`marketprice`,`shopprice`,`click`,`time`,`tid` FROM `ccshop_goods`  [ RunTime:0.000484s ]
SQL: SHOW COLUMNS FROM `ccshop_goods_list` [ RunTime:0.001333s ]
SQL: SELECT `inventory` FROM `ccshop_goods_list` WHERE ( `gid` = 1 )  [ RunTime:0.000272s ]
SQL: SELECT `inventory` FROM `ccshop_goods_list` WHERE ( `gid` = 2 )  [ RunTime:0.000233s ]
SQL: SELECT `inventory` FROM `ccshop_goods_list` WHERE ( `gid` = 3 )  [ RunTime:0.000216s ]
SQL: SELECT `inventory` FROM `ccshop_goods_list` WHERE ( `gid` = 4 )  [ RunTime:0.000219s ]
SQL: SELECT `inventory` FROM `ccshop_goods_list` WHERE ( `gid` = 5 )  [ RunTime:0.000211s ]
SQL: SELECT `inventory` FROM `ccshop_goods_list` WHERE ( `gid` = 6 )  [ RunTime:0.000222s ]
SQL: SELECT `inventory` FROM `ccshop_goods_list` WHERE ( `gid` = 7 )  [ RunTime:0.000224s ]
SQL: SELECT `inventory` FROM `ccshop_goods_list` WHERE ( `gid` = 8 )  [ RunTime:0.000215s ]
SQL: SELECT `inventory` FROM `ccshop_goods_list` WHERE ( `gid` = 9 )  [ RunTime:0.000215s ]
SQL: SELECT `inventory` FROM `ccshop_goods_list` WHERE ( `gid` = 10 )  [ RunTime:0.000241s ]
SQL: SELECT `inventory` FROM `ccshop_goods_list` WHERE ( `gid` = 11 )  [ RunTime:0.000230s ]
SQL: SELECT `inventory` FROM `ccshop_goods_list` WHERE ( `gid` = 12 )  [ RunTime:0.000221s ]
SQL: SELECT `inventory` FROM `ccshop_goods_list` WHERE ( `gid` = 13 )  [ RunTime:0.000207s ]
NOTIC: [2] Invalid argument supplied for foreach() /www/cc-/App/Modules/admin/Action/GoodsAction.class.php 第 17 行.
SQL: SELECT `inventory` FROM `ccshop_goods_list` WHERE ( `gid` = 14 )  [ RunTime:0.000204s ]
NOTIC: [2] Invalid argument supplied for foreach() /www/cc-/App/Modules/admin/Action/GoodsAction.class.php 第 17 行.
SQL: SELECT `inventory` FROM `ccshop_goods_list` WHERE ( `gid` = 15 )  [ RunTime:0.000205s ]
NOTIC: [2] Invalid argument supplied for foreach() /www/cc-/App/Modules/admin/Action/GoodsAction.class.php 第 17 行.
SQL: SELECT `inventory` FROM `ccshop_goods_list` WHERE ( `gid` = 16 )  [ RunTime:0.000208s ]
NOTIC: [2] Invalid argument supplied for foreach() /www/cc-/App/Modules/admin/Action/GoodsAction.class.php 第 17 行.
SQL: SELECT `inventory` FROM `ccshop_goods_list` WHERE ( `gid` = 17 )  [ RunTime:0.000208s ]
NOTIC: [2] Invalid argument supplied for foreach() /www/cc-/App/Modules/admin/Action/GoodsAction.class.php 第 17 行.
SQL: SELECT `inventory` FROM `ccshop_goods_list` WHERE ( `gid` = 18 )  [ RunTime:0.000206s ]
NOTIC: [2] Invalid argument supplied for foreach() /www/cc-/App/Modules/admin/Action/GoodsAction.class.php 第 17 行.
INFO: [ view_parse ] --START--
INFO: ParseTemplate Behavior ::run [ RunTime:0.012460s ]
INFO: [ view_parse ] --END-- [ RunTime:0.012538s ]
INFO: [ view_filter ] --START--
INFO: ContentReplace Behavior ::run [ RunTime:0.000282s ]
INFO: TokenBuild Behavior ::run [ RunTime:0.000252s ]
INFO: WriteHtmlCache Behavior ::run [ RunTime:0.000142s ]
INFO: ShowRuntime Behavior ::run [ RunTime:0.000309s ]
INFO: [ view_filter ] --END-- [ RunTime:0.001135s ]
INFO: [ view_end ] --START--
INFO: ShowPageTrace Behavior ::run [ RunTime:0.000675s ]
INFO: [ view_end ] --END-- [ RunTime:0.000750s ]

[ 2016-01-14T09:28:26+08:00 ] 0.0.0.0 /cc-/admin/Goods/
INFO: [ route_check ] --START--
INFO: CheckRoute Behavior ::run [ RunTime:0.000646s ]
INFO: [ route_check ] --END-- [ RunTime:0.000728s ]
INFO: [ app_begin ] --START--
INFO: ReadHtmlCache Behavior ::run [ RunTime:0.000380s ]
INFO: [ app_begin ] --END-- [ RunTime:0.000441s ]
SQL: SHOW COLUMNS FROM `ccshop_goods` [ RunTime:0.008811s ]
SQL: SELECT `gid`,`gname`,`gnumber`,`unit`,`marketprice`,`shopprice`,`click`,`time`,`tid` FROM `ccshop_goods`  [ RunTime:0.000418s ]
SQL: SHOW COLUMNS FROM `ccshop_goods_list` [ RunTime:0.001755s ]
SQL: SELECT `inventory` FROM `ccshop_goods_list` WHERE ( `gid` = 1 )  [ RunTime:0.000288s ]
SQL: SELECT `inventory` FROM `ccshop_goods_list` WHERE ( `gid` = 2 )  [ RunTime:0.000340s ]
SQL: SELECT `inventory` FROM `ccshop_goods_list` WHERE ( `gid` = 3 )  [ RunTime:0.000228s ]
SQL: SELECT `inventory` FROM `ccshop_goods_list` WHERE ( `gid` = 4 )  [ RunTime:0.000234s ]
SQL: SELECT `inventory` FROM `ccshop_goods_list` WHERE ( `gid` = 5 )  [ RunTime:0.000201s ]
SQL: SELECT `inventory` FROM `ccshop_goods_list` WHERE ( `gid` = 6 )  [ RunTime:0.000186s ]
SQL: SELECT `inventory` FROM `ccshop_goods_list` WHERE ( `gid` = 7 )  [ RunTime:0.000200s ]
SQL: SELECT `inventory` FROM `ccshop_goods_list` WHERE ( `gid` = 8 )  [ RunTime:0.000178s ]
SQL: SELECT `inventory` FROM `ccshop_goods_list` WHERE ( `gid` = 9 )  [ RunTime:0.000187s ]
SQL: SELECT `inventory` FROM `ccshop_goods_list` WHERE ( `gid` = 10 )  [ RunTime:0.000183s ]
SQL: SELECT `inventory` FROM `ccshop_goods_list` WHERE ( `gid` = 11 )  [ RunTime:0.000179s ]
SQL: SELECT `inventory` FROM `ccshop_goods_list` WHERE ( `gid` = 12 )  [ RunTime:0.000181s ]
SQL: SELECT `inventory` FROM `ccshop_goods_list` WHERE ( `gid` = 13 )  [ RunTime:0.000168s ]
NOTIC: [2] Invalid argument supplied for foreach() /www/cc-/App/Modules/admin/Action/GoodsAction.class.php 第 17 行.
SQL: SELECT `inventory` FROM `ccshop_goods_list` WHERE ( `gid` = 14 )  [ RunTime:0.000284s ]
NOTIC: [2] Invalid argument supplied for foreach() /www/cc-/App/Modules/admin/Action/GoodsAction.class.php 第 17 行.
SQL: SELECT `inventory` FROM `ccshop_goods_list` WHERE ( `gid` = 15 )  [ RunTime:0.000301s ]
NOTIC: [2] Invalid argument supplied for foreach() /www/cc-/App/Modules/admin/Action/GoodsAction.class.php 第 17 行.
SQL: SELECT `inventory` FROM `ccshop_goods_list` WHERE ( `gid` = 16 )  [ RunTime:0.000185s ]
NOTIC: [2] Invalid argument supplied for foreach() /www/cc-/App/Modules/admin/Action/GoodsAction.class.php 第 17 行.
SQL: SELECT `inventory` FROM `ccshop_goods_list` WHERE ( `gid` = 17 )  [ RunTime:0.000161s ]
NOTIC: [2] Invalid argument supplied for foreach() /www/cc-/App/Modules/admin/Action/GoodsAction.class.php 第 17 行.
SQL: SELECT `inventory` FROM `ccshop_goods_list` WHERE ( `gid` = 18 )  [ RunTime:0.000171s ]
NOTIC: [2] Invalid argument supplied for foreach() /www/cc-/App/Modules/admin/Action/GoodsAction.class.php 第 17 行.
INFO: [ view_parse ] --START--
INFO: ParseTemplate Behavior ::run [ RunTime:0.012550s ]
INFO: [ view_parse ] --END-- [ RunTime:0.012650s ]
INFO: [ view_filter ] --START--
INFO: ContentReplace Behavior ::run [ RunTime:0.000333s ]
INFO: TokenBuild Behavior ::run [ RunTime:0.000248s ]
INFO: WriteHtmlCache Behavior ::run [ RunTime:0.000136s ]
INFO: ShowRuntime Behavior ::run [ RunTime:0.000309s ]
INFO: [ view_filter ] --END-- [ RunTime:0.001178s ]
INFO: [ view_end ] --START--
INFO: ShowPageTrace Behavior ::run [ RunTime:0.000916s ]
INFO: [ view_end ] --END-- [ RunTime:0.001010s ]

[ 2016-01-14T09:28:27+08:00 ] 0.0.0.0 /cc-/admin/Brand/add.html
INFO: [ route_check ] --START--
INFO: CheckRoute Behavior ::run [ RunTime:0.000635s ]
INFO: [ route_check ] --END-- [ RunTime:0.000721s ]
INFO: [ app_begin ] --START--
INFO: ReadHtmlCache Behavior ::run [ RunTime:0.000387s ]
INFO: [ app_begin ] --END-- [ RunTime:0.000449s ]
INFO: [ view_parse ] --START--
INFO: ParseTemplate Behavior ::run [ RunTime:0.008483s ]
INFO: [ view_parse ] --END-- [ RunTime:0.008598s ]
INFO: [ view_filter ] --START--
INFO: ContentReplace Behavior ::run [ RunTime:0.000439s ]
INFO: TokenBuild Behavior ::run [ RunTime:0.000340s ]
INFO: WriteHtmlCache Behavior ::run [ RunTime:0.000157s ]
INFO: ShowRuntime Behavior ::run [ RunTime:0.000340s ]
INFO: [ view_filter ] --END-- [ RunTime:0.001473s ]
INFO: [ view_end ] --START--
INFO: ShowPageTrace Behavior ::run [ RunTime:0.000493s ]
INFO: [ view_end ] --END-- [ RunTime:0.000554s ]

[ 2016-01-14T09:28:27+08:00 ] 0.0.0.0 /cc-/admin/Brand/
INFO: [ route_check ] --START--
INFO: CheckRoute Behavior ::run [ RunTime:0.001021s ]
INFO: [ route_check ] --END-- [ RunTime:0.001131s ]
INFO: [ app_begin ] --START--
INFO: ReadHtmlCache Behavior ::run [ RunTime:0.000400s ]
INFO: [ app_begin ] --END-- [ RunTime:0.000465s ]
SQL: SHOW COLUMNS FROM `ccshop_brand` [ RunTime:0.001374s ]
SQL: SELECT * FROM `ccshop_brand` ORDER BY sort  [ RunTime:0.000385s ]
INFO: [ view_parse ] --START--
INFO: ParseTemplate Behavior ::run [ RunTime:0.010510s ]
INFO: [ view_parse ] --END-- [ RunTime:0.010595s ]
INFO: [ view_filter ] --START--
INFO: ContentReplace Behavior ::run [ RunTime:0.000330s ]
INFO: TokenBuild Behavior ::run [ RunTime:0.000270s ]
INFO: WriteHtmlCache Behavior ::run [ RunTime:0.000143s ]
INFO: ShowRuntime Behavior ::run [ RunTime:0.000370s ]
INFO: [ view_filter ] --END-- [ RunTime:0.001284s ]
INFO: [ view_end ] --START--
INFO: ShowPageTrace Behavior ::run [ RunTime:0.000620s ]
INFO: [ view_end ] --END-- [ RunTime:0.000712s ]

[ 2016-01-14T09:28:30+08:00 ] 0.0.0.0 /cc-/admin/Goods/add.html
INFO: [ route_check ] --START--
INFO: CheckRoute Behavior ::run [ RunTime:0.000750s ]
INFO: [ route_check ] --END-- [ RunTime:0.000847s ]
INFO: [ app_begin ] --START--
INFO: ReadHtmlCache Behavior ::run [ RunTime:0.000462s ]
INFO: [ app_begin ] --END-- [ RunTime:0.000536s ]
SQL: SHOW COLUMNS FROM `ccshop_category` [ RunTime:0.001551s ]
SQL: SELECT * FROM `ccshop_category` ORDER BY sort  [ RunTime:0.000262s ]
SQL: SHOW COLUMNS FROM `ccshop_brand` [ RunTime:0.001268s ]
SQL: SELECT * FROM `ccshop_brand` ORDER BY sort  [ RunTime:0.000319s ]
INFO: [ view_parse ] --START--
INFO: ParseTemplate Behavior ::run [ RunTime:0.010773s ]
INFO: [ view_parse ] --END-- [ RunTime:0.010856s ]
INFO: [ view_filter ] --START--
INFO: ContentReplace Behavior ::run [ RunTime:0.000320s ]
INFO: TokenBuild Behavior ::run [ RunTime:0.000269s ]
INFO: WriteHtmlCache Behavior ::run [ RunTime:0.000153s ]
INFO: ShowRuntime Behavior ::run [ RunTime:0.000341s ]
INFO: [ view_filter ] --END-- [ RunTime:0.001249s ]
INFO: [ view_end ] --START--
INFO: ShowPageTrace Behavior ::run [ RunTime:0.000490s ]
INFO: [ view_end ] --END-- [ RunTime:0.000549s ]

[ 2016-01-14T09:28:30+08:00 ] 0.0.0.0 /cc-/admin/Goods/
INFO: [ route_check ] --START--
INFO: CheckRoute Behavior ::run [ RunTime:0.000617s ]
INFO: [ route_check ] --END-- [ RunTime:0.000694s ]
INFO: [ app_begin ] --START--
INFO: ReadHtmlCache Behavior ::run [ RunTime:0.000383s ]
INFO: [ app_begin ] --END-- [ RunTime:0.000446s ]
SQL: SHOW COLUMNS FROM `ccshop_goods` [ RunTime:0.001213s ]
SQL: SELECT `gid`,`gname`,`gnumber`,`unit`,`marketprice`,`shopprice`,`click`,`time`,`tid` FROM `ccshop_goods`  [ RunTime:0.000269s ]
SQL: SHOW COLUMNS FROM `ccshop_goods_list` [ RunTime:0.000996s ]
SQL: SELECT `inventory` FROM `ccshop_goods_list` WHERE ( `gid` = 1 )  [ RunTime:0.000256s ]
SQL: SELECT `inventory` FROM `ccshop_goods_list` WHERE ( `gid` = 2 )  [ RunTime:0.000225s ]
SQL: SELECT `inventory` FROM `ccshop_goods_list` WHERE ( `gid` = 3 )  [ RunTime:0.000219s ]
SQL: SELECT `inventory` FROM `ccshop_goods_list` WHERE ( `gid` = 4 )  [ RunTime:0.000221s ]
SQL: SELECT `inventory` FROM `ccshop_goods_list` WHERE ( `gid` = 5 )  [ RunTime:0.000207s ]
SQL: SELECT `inventory` FROM `ccshop_goods_list` WHERE ( `gid` = 6 )  [ RunTime:0.000253s ]
SQL: SELECT `inventory` FROM `ccshop_goods_list` WHERE ( `gid` = 7 )  [ RunTime:0.000217s ]
SQL: SELECT `inventory` FROM `ccshop_goods_list` WHERE ( `gid` = 8 )  [ RunTime:0.000217s ]
SQL: SELECT `inventory` FROM `ccshop_goods_list` WHERE ( `gid` = 9 )  [ RunTime:0.000215s ]
SQL: SELECT `inventory` FROM `ccshop_goods_list` WHERE ( `gid` = 10 )  [ RunTime:0.000216s ]
SQL: SELECT `inventory` FROM `ccshop_goods_list` WHERE ( `gid` = 11 )  [ RunTime:0.000218s ]
SQL: SELECT `inventory` FROM `ccshop_goods_list` WHERE ( `gid` = 12 )  [ RunTime:0.000219s ]
SQL: SELECT `inventory` FROM `ccshop_goods_list` WHERE ( `gid` = 13 )  [ RunTime:0.000209s ]
NOTIC: [2] Invalid argument supplied for foreach() /www/cc-/App/Modules/admin/Action/GoodsAction.class.php 第 17 行.
SQL: SELECT `inventory` FROM `ccshop_goods_list` WHERE ( `gid` = 14 )  [ RunTime:0.000204s ]
NOTIC: [2] Invalid argument supplied for foreach() /www/cc-/App/Modules/admin/Action/GoodsAction.class.php 第 17 行.
SQL: SELECT `inventory` FROM `ccshop_goods_list` WHERE ( `gid` = 15 )  [ RunTime:0.000230s ]
NOTIC: [2] Invalid argument supplied for foreach() /www/cc-/App/Modules/admin/Action/GoodsAction.class.php 第 17 行.
SQL: SELECT `inventory` FROM `ccshop_goods_list` WHERE ( `gid` = 16 )  [ RunTime:0.000225s ]
NOTIC: [2] Invalid argument supplied for foreach() /www/cc-/App/Modules/admin/Action/GoodsAction.class.php 第 17 行.
SQL: SELECT `inventory` FROM `ccshop_goods_list` WHERE ( `gid` = 17 )  [ RunTime:0.000210s ]
NOTIC: [2] Invalid argument supplied for foreach() /www/cc-/App/Modules/admin/Action/GoodsAction.class.php 第 17 行.
SQL: SELECT `inventory` FROM `ccshop_goods_list` WHERE ( `gid` = 18 )  [ RunTime:0.000216s ]
NOTIC: [2] Invalid argument supplied for foreach() /www/cc-/App/Modules/admin/Action/GoodsAction.class.php 第 17 行.
INFO: [ view_parse ] --START--
INFO: ParseTemplate Behavior ::run [ RunTime:0.011161s ]
INFO: [ view_parse ] --END-- [ RunTime:0.011235s ]
INFO: [ view_filter ] --START--
INFO: ContentReplace Behavior ::run [ RunTime:0.000276s ]
INFO: TokenBuild Behavior ::run [ RunTime:0.000246s ]
INFO: WriteHtmlCache Behavior ::run [ RunTime:0.000138s ]
INFO: ShowRuntime Behavior ::run [ RunTime:0.000306s ]
INFO: [ view_filter ] --END-- [ RunTime:0.001118s ]
INFO: [ view_end ] --START--
INFO: ShowPageTrace Behavior ::run [ RunTime:0.000568s ]
INFO: [ view_end ] --END-- [ RunTime:0.000652s ]

[ 2016-01-14T09:28:31+08:00 ] 0.0.0.0 /cc-/admin/Goods/
INFO: [ route_check ] --START--
INFO: CheckRoute Behavior ::run [ RunTime:0.000694s ]
INFO: [ route_check ] --END-- [ RunTime:0.000819s ]
INFO: [ app_begin ] --START--
INFO: ReadHtmlCache Behavior ::run [ RunTime:0.000695s ]
INFO: [ app_begin ] --END-- [ RunTime:0.000777s ]
SQL: SHOW COLUMNS FROM `ccshop_goods` [ RunTime:0.009352s ]
SQL: SELECT `gid`,`gname`,`gnumber`,`unit`,`marketprice`,`shopprice`,`click`,`time`,`tid` FROM `ccshop_goods`  [ RunTime:0.000275s ]
SQL: SHOW COLUMNS FROM `ccshop_goods_list` [ RunTime:0.001657s ]
SQL: SELECT `inventory` FROM `ccshop_goods_list` WHERE ( `gid` = 1 )  [ RunTime:0.000355s ]
SQL: SELECT `inventory` FROM `ccshop_goods_list` WHERE ( `gid` = 2 )  [ RunTime:0.000258s ]
SQL: SELECT `inventory` FROM `ccshop_goods_list` WHERE ( `gid` = 3 )  [ RunTime:0.000444s ]
SQL: SELECT `inventory` FROM `ccshop_goods_list` WHERE ( `gid` = 4 )  [ RunTime:0.000311s ]
SQL: SELECT `inventory` FROM `ccshop_goods_list` WHERE ( `gid` = 5 )  [ RunTime:0.000264s ]
SQL: SELECT `inventory` FROM `ccshop_goods_list` WHERE ( `gid` = 6 )  [ RunTime:0.000232s ]
SQL: SELECT `inventory` FROM `ccshop_goods_list` WHERE ( `gid` = 7 )  [ RunTime:0.000183s ]
SQL: SELECT `inventory` FROM `ccshop_goods_list` WHERE ( `gid` = 8 )  [ RunTime:0.000176s ]
SQL: SELECT `inventory` FROM `ccshop_goods_list` WHERE ( `gid` = 9 )  [ RunTime:0.000215s ]
SQL: SELECT `inventory` FROM `ccshop_goods_list` WHERE ( `gid` = 10 )  [ RunTime:0.000220s ]
SQL: SELECT `inventory` FROM `ccshop_goods_list` WHERE ( `gid` = 11 )  [ RunTime:0.000215s ]
SQL: SELECT `inventory` FROM `ccshop_goods_list` WHERE ( `gid` = 12 )  [ RunTime:0.000220s ]
SQL: SELECT `inventory` FROM `ccshop_goods_list` WHERE ( `gid` = 13 )  [ RunTime:0.000206s ]
NOTIC: [2] Invalid argument supplied for foreach() /www/cc-/App/Modules/admin/Action/GoodsAction.class.php 第 17 行.
SQL: SELECT `inventory` FROM `ccshop_goods_list` WHERE ( `gid` = 14 )  [ RunTime:0.000204s ]
NOTIC: [2] Invalid argument supplied for foreach() /www/cc-/App/Modules/admin/Action/GoodsAction.class.php 第 17 行.
SQL: SELECT `inventory` FROM `ccshop_goods_list` WHERE ( `gid` = 15 )  [ RunTime:0.000208s ]
NOTIC: [2] Invalid argument supplied for foreach() /www/cc-/App/Modules/admin/Action/GoodsAction.class.php 第 17 行.
SQL: SELECT `inventory` FROM `ccshop_goods_list` WHERE ( `gid` = 16 )  [ RunTime:0.000203s ]
NOTIC: [2] Invalid argument supplied for foreach() /www/cc-/App/Modules/admin/Action/GoodsAction.class.php 第 17 行.
SQL: SELECT `inventory` FROM `ccshop_goods_list` WHERE ( `gid` = 17 )  [ RunTime:0.000207s ]
NOTIC: [2] Invalid argument supplied for foreach() /www/cc-/App/Modules/admin/Action/GoodsAction.class.php 第 17 行.
SQL: SELECT `inventory` FROM `ccshop_goods_list` WHERE ( `gid` = 18 )  [ RunTime:0.000205s ]
NOTIC: [2] Invalid argument supplied for foreach() /www/cc-/App/Modules/admin/Action/GoodsAction.class.php 第 17 行.
INFO: [ view_parse ] --START--
INFO: ParseTemplate Behavior ::run [ RunTime:0.014038s ]
INFO: [ view_parse ] --END-- [ RunTime:0.014124s ]
INFO: [ view_filter ] --START--
INFO: ContentReplace Behavior ::run [ RunTime:0.000328s ]
INFO: TokenBuild Behavior ::run [ RunTime:0.000265s ]
INFO: WriteHtmlCache Behavior ::run [ RunTime:0.000142s ]
INFO: ShowRuntime Behavior ::run [ RunTime:0.000313s ]
INFO: [ view_filter ] --END-- [ RunTime:0.001202s ]
INFO: [ view_end ] --START--
INFO: ShowPageTrace Behavior ::run [ RunTime:0.000646s ]
INFO: [ view_end ] --END-- [ RunTime:0.000734s ]

[ 2016-01-14T09:28:38+08:00 ] 0.0.0.0 /cc-/admin
INFO: [ route_check ] --START--
INFO: CheckRoute Behavior ::run [ RunTime:0.001528s ]
INFO: [ route_check ] --END-- [ RunTime:0.001794s ]
INFO: [ app_begin ] --START--
INFO: ReadHtmlCache Behavior ::run [ RunTime:0.000901s ]
INFO: [ app_begin ] --END-- [ RunTime:0.001041s ]
INFO: [ view_parse ] --START--
INFO: ParseTemplate Behavior ::run [ RunTime:0.014548s ]
INFO: [ view_parse ] --END-- [ RunTime:0.014683s ]
INFO: [ view_filter ] --START--
INFO: ContentReplace Behavior ::run [ RunTime:0.000329s ]
INFO: TokenBuild Behavior ::run [ RunTime:0.000274s ]
INFO: WriteHtmlCache Behavior ::run [ RunTime:0.000149s ]
INFO: ShowRuntime Behavior ::run [ RunTime:0.000396s ]
INFO: [ view_filter ] --END-- [ RunTime:0.001327s ]
INFO: [ view_end ] --START--
INFO: ShowPageTrace Behavior ::run [ RunTime:0.000528s ]
INFO: [ view_end ] --END-- [ RunTime:0.000596s ]

[ 2016-01-14T09:28:39+08:00 ] 0.0.0.0 /cc-/admin/Index/info.html
INFO: [ route_check ] --START--
INFO: CheckRoute Behavior ::run [ RunTime:0.001373s ]
INFO: [ route_check ] --END-- [ RunTime:0.001643s ]
INFO: [ app_begin ] --START--
INFO: ReadHtmlCache Behavior ::run [ RunTime:0.000527s ]
INFO: [ app_begin ] --END-- [ RunTime:0.000641s ]
NOTIC: [2] mysql_get_server_info(): Can't connect to local MySQL server through socket '/Applications/MAMP/tmp/mysql/mysql.sock' (2) /www/cc-/App/Modules/admin/Action/IndexAction.class.php 第 43 行.
NOTIC: [2] mysql_get_server_info(): A link to the server could not be established /www/cc-/App/Modules/admin/Action/IndexAction.class.php 第 43 行.
INFO: [ view_parse ] --START--
INFO: ParseTemplate Behavior ::run [ RunTime:0.013865s ]
INFO: [ view_parse ] --END-- [ RunTime:0.014002s ]
INFO: [ view_filter ] --START--
INFO: ContentReplace Behavior ::run [ RunTime:0.000316s ]
INFO: TokenBuild Behavior ::run [ RunTime:0.001493s ]
INFO: WriteHtmlCache Behavior ::run [ RunTime:0.000315s ]
INFO: ShowRuntime Behavior ::run [ RunTime:0.000737s ]
INFO: [ view_filter ] --END-- [ RunTime:0.003372s ]
INFO: [ view_end ] --START--
INFO: ShowPageTrace Behavior ::run [ RunTime:0.001230s ]
INFO: [ view_end ] --END-- [ RunTime:0.001334s ]

[ 2016-01-14T09:28:40+08:00 ] 0.0.0.0 /cc-/admin/Goods/index.html
INFO: [ route_check ] --START--
INFO: CheckRoute Behavior ::run [ RunTime:0.000714s ]
INFO: [ route_check ] --END-- [ RunTime:0.000805s ]
INFO: [ app_begin ] --START--
INFO: ReadHtmlCache Behavior ::run [ RunTime:0.000390s ]
INFO: [ app_begin ] --END-- [ RunTime:0.000454s ]
SQL: SHOW COLUMNS FROM `ccshop_goods` [ RunTime:0.001811s ]
SQL: SELECT `gid`,`gname`,`gnumber`,`unit`,`marketprice`,`shopprice`,`click`,`time`,`tid` FROM `ccshop_goods`  [ RunTime:0.000354s ]
SQL: SHOW COLUMNS FROM `ccshop_goods_list` [ RunTime:0.001167s ]
SQL: SELECT `inventory` FROM `ccshop_goods_list` WHERE ( `gid` = 1 )  [ RunTime:0.000281s ]
SQL: SELECT `inventory` FROM `ccshop_goods_list` WHERE ( `gid` = 2 )  [ RunTime:0.000223s ]
SQL: SELECT `inventory` FROM `ccshop_goods_list` WHERE ( `gid` = 3 )  [ RunTime:0.000216s ]
SQL: SELECT `inventory` FROM `ccshop_goods_list` WHERE ( `gid` = 4 )  [ RunTime:0.000228s ]
SQL: SELECT `inventory` FROM `ccshop_goods_list` WHERE ( `gid` = 5 )  [ RunTime:0.000314s ]
SQL: SELECT `inventory` FROM `ccshop_goods_list` WHERE ( `gid` = 6 )  [ RunTime:0.000214s ]
SQL: SELECT `inventory` FROM `ccshop_goods_list` WHERE ( `gid` = 7 )  [ RunTime:0.000198s ]
SQL: SELECT `inventory` FROM `ccshop_goods_list` WHERE ( `gid` = 8 )  [ RunTime:0.000217s ]
SQL: SELECT `inventory` FROM `ccshop_goods_list` WHERE ( `gid` = 9 )  [ RunTime:0.001651s ]
SQL: SELECT `inventory` FROM `ccshop_goods_list` WHERE ( `gid` = 10 )  [ RunTime:0.000341s ]
SQL: SELECT `inventory` FROM `ccshop_goods_list` WHERE ( `gid` = 11 )  [ RunTime:0.000254s ]
SQL: SELECT `inventory` FROM `ccshop_goods_list` WHERE ( `gid` = 12 )  [ RunTime:0.000226s ]
SQL: SELECT `inventory` FROM `ccshop_goods_list` WHERE ( `gid` = 13 )  [ RunTime:0.000211s ]
NOTIC: [2] Invalid argument supplied for foreach() /www/cc-/App/Modules/admin/Action/GoodsAction.class.php 第 17 行.
SQL: SELECT `inventory` FROM `ccshop_goods_list` WHERE ( `gid` = 14 )  [ RunTime:0.000206s ]
NOTIC: [2] Invalid argument supplied for foreach() /www/cc-/App/Modules/admin/Action/GoodsAction.class.php 第 17 行.
SQL: SELECT `inventory` FROM `ccshop_goods_list` WHERE ( `gid` = 15 )  [ RunTime:0.000203s ]
NOTIC: [2] Invalid argument supplied for foreach() /www/cc-/App/Modules/admin/Action/GoodsAction.class.php 第 17 行.
SQL: SELECT `inventory` FROM `ccshop_goods_list` WHERE ( `gid` = 16 )  [ RunTime:0.000215s ]
NOTIC: [2] Invalid argument supplied for foreach() /www/cc-/App/Modules/admin/Action/GoodsAction.class.php 第 17 行.
SQL: SELECT `inventory` FROM `ccshop_goods_list` WHERE ( `gid` = 17 )  [ RunTime:0.000212s ]
NOTIC: [2] Invalid argument supplied for foreach() /www/cc-/App/Modules/admin/Action/GoodsAction.class.php 第 17 行.
SQL: SELECT `inventory` FROM `ccshop_goods_list` WHERE ( `gid` = 18 )  [ RunTime:0.000221s ]
NOTIC: [2] Invalid argument supplied for foreach() /www/cc-/App/Modules/admin/Action/GoodsAction.class.php 第 17 行.
INFO: [ view_parse ] --START--
INFO: ParseTemplate Behavior ::run [ RunTime:0.014219s ]
INFO: [ view_parse ] --END-- [ RunTime:0.014375s ]
INFO: [ view_filter ] --START--
INFO: ContentReplace Behavior ::run [ RunTime:0.000415s ]
INFO: TokenBuild Behavior ::run [ RunTime:0.000472s ]
INFO: WriteHtmlCache Behavior ::run [ RunTime:0.000187s ]
INFO: ShowRuntime Behavior ::run [ RunTime:0.000466s ]
INFO: [ view_filter ] --END-- [ RunTime:0.001765s ]
INFO: [ view_end ] --START--
INFO: ShowPageTrace Behavior ::run [ RunTime:0.000690s ]
INFO: [ view_end ] --END-- [ RunTime:0.000797s ]

[ 2016-01-14T09:28:41+08:00 ] 0.0.0.0 /cc-/admin/Brand/add.html
INFO: [ route_check ] --START--
INFO: CheckRoute Behavior ::run [ RunTime:0.000694s ]
INFO: [ route_check ] --END-- [ RunTime:0.000787s ]
INFO: [ app_begin ] --START--
INFO: ReadHtmlCache Behavior ::run [ RunTime:0.000700s ]
INFO: [ app_begin ] --END-- [ RunTime:0.000855s ]
INFO: [ view_parse ] --START--
INFO: ParseTemplate Behavior ::run [ RunTime:0.007768s ]
INFO: [ view_parse ] --END-- [ RunTime:0.007856s ]
INFO: [ view_filter ] --START--
INFO: ContentReplace Behavior ::run [ RunTime:0.000330s ]
INFO: TokenBuild Behavior ::run [ RunTime:0.000269s ]
INFO: WriteHtmlCache Behavior ::run [ RunTime:0.000157s ]
INFO: ShowRuntime Behavior ::run [ RunTime:0.000421s ]
INFO: [ view_filter ] --END-- [ RunTime:0.001373s ]
INFO: [ view_end ] --START--
INFO: ShowPageTrace Behavior ::run [ RunTime:0.001235s ]
INFO: [ view_end ] --END-- [ RunTime:0.001400s ]

[ 2016-01-14T09:28:42+08:00 ] 0.0.0.0 /cc-/admin/Brand/
INFO: [ route_check ] --START--
INFO: CheckRoute Behavior ::run [ RunTime:0.000725s ]
INFO: [ route_check ] --END-- [ RunTime:0.000817s ]
INFO: [ app_begin ] --START--
INFO: ReadHtmlCache Behavior ::run [ RunTime:0.000405s ]
INFO: [ app_begin ] --END-- [ RunTime:0.000473s ]
SQL: SHOW COLUMNS FROM `ccshop_brand` [ RunTime:0.008421s ]
SQL: SELECT * FROM `ccshop_brand` ORDER BY sort  [ RunTime:0.000423s ]
INFO: [ view_parse ] --START--
INFO: ParseTemplate Behavior ::run [ RunTime:0.008804s ]
INFO: [ view_parse ] --END-- [ RunTime:0.008910s ]
INFO: [ view_filter ] --START--
INFO: ContentReplace Behavior ::run [ RunTime:0.000311s ]
INFO: TokenBuild Behavior ::run [ RunTime:0.000254s ]
INFO: WriteHtmlCache Behavior ::run [ RunTime:0.000139s ]
INFO: ShowRuntime Behavior ::run [ RunTime:0.000505s ]
INFO: [ view_filter ] --END-- [ RunTime:0.001406s ]
INFO: [ view_end ] --START--
INFO: ShowPageTrace Behavior ::run [ RunTime:0.000777s ]
INFO: [ view_end ] --END-- [ RunTime:0.000929s ]

[ 2016-01-14T09:28:44+08:00 ] 0.0.0.0 /cc-/admin
INFO: [ route_check ] --START--
INFO: CheckRoute Behavior ::run [ RunTime:0.000626s ]
INFO: [ route_check ] --END-- [ RunTime:0.000704s ]
INFO: [ app_begin ] --START--
INFO: ReadHtmlCache Behavior ::run [ RunTime:0.000380s ]
INFO: [ app_begin ] --END-- [ RunTime:0.000442s ]
INFO: [ view_parse ] --START--
INFO: ParseTemplate Behavior ::run [ RunTime:0.009561s ]
INFO: [ view_parse ] --END-- [ RunTime:0.009635s ]
INFO: [ view_filter ] --START--
INFO: ContentReplace Behavior ::run [ RunTime:0.000264s ]
INFO: TokenBuild Behavior ::run [ RunTime:0.000242s ]
INFO: WriteHtmlCache Behavior ::run [ RunTime:0.000137s ]
INFO: ShowRuntime Behavior ::run [ RunTime:0.000305s ]
INFO: [ view_filter ] --END-- [ RunTime:0.001096s ]
INFO: [ view_end ] --START--
INFO: ShowPageTrace Behavior ::run [ RunTime:0.000440s ]
INFO: [ view_end ] --END-- [ RunTime:0.000494s ]

[ 2016-01-14T09:28:44+08:00 ] 0.0.0.0 /cc-/admin/Index/info.html
INFO: [ route_check ] --START--
INFO: CheckRoute Behavior ::run [ RunTime:0.000774s ]
INFO: [ route_check ] --END-- [ RunTime:0.000889s ]
INFO: [ app_begin ] --START--
INFO: ReadHtmlCache Behavior ::run [ RunTime:0.000576s ]
INFO: [ app_begin ] --END-- [ RunTime:0.000691s ]
NOTIC: [2] mysql_get_server_info(): Can't connect to local MySQL server through socket '/Applications/MAMP/tmp/mysql/mysql.sock' (2) /www/cc-/App/Modules/admin/Action/IndexAction.class.php 第 43 行.
NOTIC: [2] mysql_get_server_info(): A link to the server could not be established /www/cc-/App/Modules/admin/Action/IndexAction.class.php 第 43 行.
INFO: [ view_parse ] --START--
INFO: ParseTemplate Behavior ::run [ RunTime:0.008213s ]
INFO: [ view_parse ] --END-- [ RunTime:0.008298s ]
INFO: [ view_filter ] --START--
INFO: ContentReplace Behavior ::run [ RunTime:0.000330s ]
INFO: TokenBuild Behavior ::run [ RunTime:0.000461s ]
INFO: WriteHtmlCache Behavior ::run [ RunTime:0.000239s ]
INFO: ShowRuntime Behavior ::run [ RunTime:0.000579s ]
INFO: [ view_filter ] --END-- [ RunTime:0.001868s ]
INFO: [ view_end ] --START--
INFO: ShowPageTrace Behavior ::run [ RunTime:0.001016s ]
INFO: [ view_end ] --END-- [ RunTime:0.001131s ]

[ 2016-01-14T09:28:46+08:00 ] 0.0.0.0 /cc-/admin/Goods/index.html
INFO: [ route_check ] --START--
INFO: CheckRoute Behavior ::run [ RunTime:0.000622s ]
INFO: [ route_check ] --END-- [ RunTime:0.000705s ]
INFO: [ app_begin ] --START--
INFO: ReadHtmlCache Behavior ::run [ RunTime:0.000453s ]
INFO: [ app_begin ] --END-- [ RunTime:0.000523s ]
SQL: SHOW COLUMNS FROM `ccshop_goods` [ RunTime:0.009401s ]
SQL: SELECT `gid`,`gname`,`gnumber`,`unit`,`marketprice`,`shopprice`,`click`,`time`,`tid` FROM `ccshop_goods`  [ RunTime:0.000323s ]
SQL: SHOW COLUMNS FROM `ccshop_goods_list` [ RunTime:0.001361s ]
SQL: SELECT `inventory` FROM `ccshop_goods_list` WHERE ( `gid` = 1 )  [ RunTime:0.000348s ]
SQL: SELECT `inventory` FROM `ccshop_goods_list` WHERE ( `gid` = 2 )  [ RunTime:0.000204s ]
SQL: SELECT `inventory` FROM `ccshop_goods_list` WHERE ( `gid` = 3 )  [ RunTime:0.000193s ]
SQL: SELECT `inventory` FROM `ccshop_goods_list` WHERE ( `gid` = 4 )  [ RunTime:0.000195s ]
SQL: SELECT `inventory` FROM `ccshop_goods_list` WHERE ( `gid` = 5 )  [ RunTime:0.000241s ]
SQL: SELECT `inventory` FROM `ccshop_goods_list` WHERE ( `gid` = 6 )  [ RunTime:0.000289s ]
SQL: SELECT `inventory` FROM `ccshop_goods_list` WHERE ( `gid` = 7 )  [ RunTime:0.000263s ]
SQL: SELECT `inventory` FROM `ccshop_goods_list` WHERE ( `gid` = 8 )  [ RunTime:0.000212s ]
SQL: SELECT `inventory` FROM `ccshop_goods_list` WHERE ( `gid` = 9 )  [ RunTime:0.000253s ]
SQL: SELECT `inventory` FROM `ccshop_goods_list` WHERE ( `gid` = 10 )  [ RunTime:0.000340s ]
SQL: SELECT `inventory` FROM `ccshop_goods_list` WHERE ( `gid` = 11 )  [ RunTime:0.000273s ]
SQL: SELECT `inventory` FROM `ccshop_goods_list` WHERE ( `gid` = 12 )  [ RunTime:0.000192s ]
SQL: SELECT `inventory` FROM `ccshop_goods_list` WHERE ( `gid` = 13 )  [ RunTime:0.000167s ]
NOTIC: [2] Invalid argument supplied for foreach() /www/cc-/App/Modules/admin/Action/GoodsAction.class.php 第 17 行.
SQL: SELECT `inventory` FROM `ccshop_goods_list` WHERE ( `gid` = 14 )  [ RunTime:0.000234s ]
NOTIC: [2] Invalid argument supplied for foreach() /www/cc-/App/Modules/admin/Action/GoodsAction.class.php 第 17 行.
SQL: SELECT `inventory` FROM `ccshop_goods_list` WHERE ( `gid` = 15 )  [ RunTime:0.000207s ]
NOTIC: [2] Invalid argument supplied for foreach() /www/cc-/App/Modules/admin/Action/GoodsAction.class.php 第 17 行.
SQL: SELECT `inventory` FROM `ccshop_goods_list` WHERE ( `gid` = 16 )  [ RunTime:0.000178s ]
NOTIC: [2] Invalid argument supplied for foreach() /www/cc-/App/Modules/admin/Action/GoodsAction.class.php 第 17 行.
SQL: SELECT `inventory` FROM `ccshop_goods_list` WHERE ( `gid` = 17 )  [ RunTime:0.000159s ]
NOTIC: [2] Invalid argument supplied for foreach() /www/cc-/App/Modules/admin/Action/GoodsAction.class.php 第 17 行.
SQL: SELECT `inventory` FROM `ccshop_goods_list` WHERE ( `gid` = 18 )  [ RunTime:0.000220s ]
NOTIC: [2] Invalid argument supplied for foreach() /www/cc-/App/Modules/admin/Action/GoodsAction.class.php 第 17 行.
INFO: [ view_parse ] --START--
INFO: ParseTemplate Behavior ::run [ RunTime:0.014120s ]
INFO: [ view_parse ] --END-- [ RunTime:0.014229s ]
INFO: [ view_filter ] --START--
INFO: ContentReplace Behavior ::run [ RunTime:0.000534s ]
INFO: TokenBuild Behavior ::run [ RunTime:0.000523s ]
INFO: WriteHtmlCache Behavior ::run [ RunTime:0.000220s ]
INFO: ShowRuntime Behavior ::run [ RunTime:0.000366s ]
INFO: [ view_filter ] --END-- [ RunTime:0.001880s ]
INFO: [ view_end ] --START--
INFO: ShowPageTrace Behavior ::run [ RunTime:0.000649s ]
INFO: [ view_end ] --END-- [ RunTime:0.000757s ]

[ 2016-01-14T09:28:48+08:00 ] 0.0.0.0 /cc-/admin/Brand/add.html
INFO: [ route_check ] --START--
INFO: CheckRoute Behavior ::run [ RunTime:0.000816s ]
INFO: [ route_check ] --END-- [ RunTime:0.000951s ]
INFO: [ app_begin ] --START--
INFO: ReadHtmlCache Behavior ::run [ RunTime:0.000551s ]
INFO: [ app_begin ] --END-- [ RunTime:0.000641s ]
INFO: [ view_parse ] --START--
INFO: ParseTemplate Behavior ::run [ RunTime:0.007337s ]
INFO: [ view_parse ] --END-- [ RunTime:0.007418s ]
INFO: [ view_filter ] --START--
INFO: ContentReplace Behavior ::run [ RunTime:0.000336s ]
INFO: TokenBuild Behavior ::run [ RunTime:0.000304s ]
INFO: WriteHtmlCache Behavior ::run [ RunTime:0.000169s ]
INFO: ShowRuntime Behavior ::run [ RunTime:0.000373s ]
INFO: [ view_filter ] --END-- [ RunTime:0.001386s ]
INFO: [ view_end ] --START--
INFO: ShowPageTrace Behavior ::run [ RunTime:0.000636s ]
INFO: [ view_end ] --END-- [ RunTime:0.000709s ]

[ 2016-01-14T09:28:48+08:00 ] 0.0.0.0 /cc-/admin/Brand/
INFO: [ route_check ] --START--
INFO: CheckRoute Behavior ::run [ RunTime:0.000710s ]
INFO: [ route_check ] --END-- [ RunTime:0.000803s ]
INFO: [ app_begin ] --START--
INFO: ReadHtmlCache Behavior ::run [ RunTime:0.000489s ]
INFO: [ app_begin ] --END-- [ RunTime:0.000588s ]
SQL: SHOW COLUMNS FROM `ccshop_brand` [ RunTime:0.001246s ]
SQL: SELECT * FROM `ccshop_brand` ORDER BY sort  [ RunTime:0.000360s ]
INFO: [ view_parse ] --START--
INFO: ParseTemplate Behavior ::run [ RunTime:0.010412s ]
INFO: [ view_parse ] --END-- [ RunTime:0.010511s ]
INFO: [ view_filter ] --START--
INFO: ContentReplace Behavior ::run [ RunTime:0.000354s ]
INFO: TokenBuild Behavior ::run [ RunTime:0.000298s ]
INFO: WriteHtmlCache Behavior ::run [ RunTime:0.000210s ]
INFO: ShowRuntime Behavior ::run [ RunTime:0.000466s ]
INFO: [ view_filter ] --END-- [ RunTime:0.001566s ]
INFO: [ view_end ] --START--
INFO: ShowPageTrace Behavior ::run [ RunTime:0.000710s ]
INFO: [ view_end ] --END-- [ RunTime:0.000808s ]

[ 2016-01-14T09:28:57+08:00 ] 0.0.0.0 /cc-/admin/Brand/add.html
INFO: [ route_check ] --START--
INFO: CheckRoute Behavior ::run [ RunTime:0.001124s ]
INFO: [ route_check ] --END-- [ RunTime:0.001537s ]
INFO: [ app_begin ] --START--
INFO: ReadHtmlCache Behavior ::run [ RunTime:0.000457s ]
INFO: [ app_begin ] --END-- [ RunTime:0.000539s ]
INFO: [ view_parse ] --START--
INFO: ParseTemplate Behavior ::run [ RunTime:0.008306s ]
INFO: [ view_parse ] --END-- [ RunTime:0.008405s ]
INFO: [ view_filter ] --START--
INFO: ContentReplace Behavior ::run [ RunTime:0.000427s ]
INFO: TokenBuild Behavior ::run [ RunTime:0.000339s ]
INFO: WriteHtmlCache Behavior ::run [ RunTime:0.000161s ]
INFO: ShowRuntime Behavior ::run [ RunTime:0.000347s ]
INFO: [ view_filter ] --END-- [ RunTime:0.001516s ]
INFO: [ view_end ] --START--
INFO: ShowPageTrace Behavior ::run [ RunTime:0.000646s ]
INFO: [ view_end ] --END-- [ RunTime:0.000719s ]

[ 2016-01-14T09:28:57+08:00 ] 0.0.0.0 /cc-/admin/Brand/
INFO: [ route_check ] --START--
INFO: CheckRoute Behavior ::run [ RunTime:0.000983s ]
INFO: [ route_check ] --END-- [ RunTime:0.001150s ]
INFO: [ app_begin ] --START--
INFO: ReadHtmlCache Behavior ::run [ RunTime:0.000444s ]
INFO: [ app_begin ] --END-- [ RunTime:0.000519s ]
SQL: SHOW COLUMNS FROM `ccshop_brand` [ RunTime:0.009532s ]
SQL: SELECT * FROM `ccshop_brand` ORDER BY sort  [ RunTime:0.000284s ]
INFO: [ view_parse ] --START--
INFO: ParseTemplate Behavior ::run [ RunTime:0.011765s ]
INFO: [ view_parse ] --END-- [ RunTime:0.011866s ]
INFO: [ view_filter ] --START--
INFO: ContentReplace Behavior ::run [ RunTime:0.000317s ]
INFO: TokenBuild Behavior ::run [ RunTime:0.000247s ]
INFO: WriteHtmlCache Behavior ::run [ RunTime:0.000140s ]
INFO: ShowRuntime Behavior ::run [ RunTime:0.000319s ]
INFO: [ view_filter ] --END-- [ RunTime:0.001174s ]
INFO: [ view_end ] --START--
INFO: ShowPageTrace Behavior ::run [ RunTime:0.000504s ]
INFO: [ view_end ] --END-- [ RunTime:0.000575s ]

[ 2016-01-14T09:29:17+08:00 ] 0.0.0.0 /cc-/admin/Brand/add.html
INFO: [ route_check ] --START--
INFO: CheckRoute Behavior ::run [ RunTime:0.000785s ]
INFO: [ route_check ] --END-- [ RunTime:0.000884s ]
INFO: [ app_begin ] --START--
INFO: ReadHtmlCache Behavior ::run [ RunTime:0.000429s ]
INFO: [ app_begin ] --END-- [ RunTime:0.000523s ]
INFO: [ view_parse ] --START--
INFO: ParseTemplate Behavior ::run [ RunTime:0.008549s ]
INFO: [ view_parse ] --END-- [ RunTime:0.008666s ]
INFO: [ view_filter ] --START--
INFO: ContentReplace Behavior ::run [ RunTime:0.000306s ]
INFO: TokenBuild Behavior ::run [ RunTime:0.000272s ]
INFO: WriteHtmlCache Behavior ::run [ RunTime:0.000152s ]
INFO: ShowRuntime Behavior ::run [ RunTime:0.000433s ]
INFO: [ view_filter ] --END-- [ RunTime:0.001328s ]
INFO: [ view_end ] --START--
INFO: ShowPageTrace Behavior ::run [ RunTime:0.000586s ]
INFO: [ view_end ] --END-- [ RunTime:0.000654s ]

[ 2016-01-14T09:29:17+08:00 ] 0.0.0.0 /cc-/admin/Brand/
INFO: [ route_check ] --START--
INFO: CheckRoute Behavior ::run [ RunTime:0.000866s ]
INFO: [ route_check ] --END-- [ RunTime:0.001044s ]
INFO: [ app_begin ] --START--
INFO: ReadHtmlCache Behavior ::run [ RunTime:0.000418s ]
INFO: [ app_begin ] --END-- [ RunTime:0.000494s ]
SQL: SHOW COLUMNS FROM `ccshop_brand` [ RunTime:0.008945s ]
SQL: SELECT * FROM `ccshop_brand` ORDER BY sort  [ RunTime:0.000412s ]
INFO: [ view_parse ] --START--
INFO: ParseTemplate Behavior ::run [ RunTime:0.010680s ]
INFO: [ view_parse ] --END-- [ RunTime:0.010791s ]
INFO: [ view_filter ] --START--
INFO: ContentReplace Behavior ::run [ RunTime:0.000344s ]
INFO: TokenBuild Behavior ::run [ RunTime:0.000278s ]
INFO: WriteHtmlCache Behavior ::run [ RunTime:0.000158s ]
INFO: ShowRuntime Behavior ::run [ RunTime:0.000359s ]
INFO: [ view_filter ] --END-- [ RunTime:0.001304s ]
INFO: [ view_end ] --START--
INFO: ShowPageTrace Behavior ::run [ RunTime:0.000615s ]
INFO: [ view_end ] --END-- [ RunTime:0.000706s ]

[ 2016-01-14T09:29:39+08:00 ] 0.0.0.0 /cc-/admin/Brand/add.html
INFO: [ route_check ] --START--
INFO: CheckRoute Behavior ::run [ RunTime:0.000846s ]
INFO: [ route_check ] --END-- [ RunTime:0.000948s ]
INFO: [ app_begin ] --START--
INFO: ReadHtmlCache Behavior ::run [ RunTime:0.000465s ]
INFO: [ app_begin ] --END-- [ RunTime:0.000534s ]
INFO: [ view_parse ] --START--
INFO: ParseTemplate Behavior ::run [ RunTime:0.008529s ]
INFO: [ view_parse ] --END-- [ RunTime:0.008646s ]
INFO: [ view_filter ] --START--
INFO: ContentReplace Behavior ::run [ RunTime:0.000372s ]
INFO: TokenBuild Behavior ::run [ RunTime:0.000403s ]
INFO: WriteHtmlCache Behavior ::run [ RunTime:0.000484s ]
INFO: ShowRuntime Behavior ::run [ RunTime:0.000371s ]
INFO: [ view_filter ] --END-- [ RunTime:0.001966s ]
INFO: [ view_end ] --START--
INFO: ShowPageTrace Behavior ::run [ RunTime:0.000592s ]
INFO: [ view_end ] --END-- [ RunTime:0.000682s ]

[ 2016-01-14T09:29:40+08:00 ] 0.0.0.0 /cc-/admin/Brand/
INFO: [ route_check ] --START--
INFO: CheckRoute Behavior ::run [ RunTime:0.000637s ]
INFO: [ route_check ] --END-- [ RunTime:0.000720s ]
INFO: [ app_begin ] --START--
INFO: ReadHtmlCache Behavior ::run [ RunTime:0.000389s ]
INFO: [ app_begin ] --END-- [ RunTime:0.000450s ]
SQL: SHOW COLUMNS FROM `ccshop_brand` [ RunTime:0.009259s ]
SQL: SELECT * FROM `ccshop_brand` ORDER BY sort  [ RunTime:0.000325s ]
INFO: [ view_parse ] --START--
INFO: ParseTemplate Behavior ::run [ RunTime:0.009937s ]
INFO: [ view_parse ] --END-- [ RunTime:0.010042s ]
INFO: [ view_filter ] --START--
INFO: ContentReplace Behavior ::run [ RunTime:0.000428s ]
INFO: TokenBuild Behavior ::run [ RunTime:0.000338s ]
INFO: WriteHtmlCache Behavior ::run [ RunTime:0.000163s ]
INFO: ShowRuntime Behavior ::run [ RunTime:0.000380s ]
INFO: [ view_filter ] --END-- [ RunTime:0.001558s ]
INFO: [ view_end ] --START--
INFO: ShowPageTrace Behavior ::run [ RunTime:0.000689s ]
INFO: [ view_end ] --END-- [ RunTime:0.000790s ]

[ 2016-01-14T09:29:42+08:00 ] 0.0.0.0 /cc-/admin/Brand/add.html
INFO: [ route_check ] --START--
INFO: CheckRoute Behavior ::run [ RunTime:0.000784s ]
INFO: [ route_check ] --END-- [ RunTime:0.000873s ]
INFO: [ app_begin ] --START--
INFO: ReadHtmlCache Behavior ::run [ RunTime:0.000468s ]
INFO: [ app_begin ] --END-- [ RunTime:0.000549s ]
INFO: [ view_parse ] --START--
INFO: ParseTemplate Behavior ::run [ RunTime:0.007531s ]
INFO: [ view_parse ] --END-- [ RunTime:0.007654s ]
INFO: [ view_filter ] --START--
INFO: ContentReplace Behavior ::run [ RunTime:0.000259s ]
INFO: TokenBuild Behavior ::run [ RunTime:0.000237s ]
INFO: WriteHtmlCache Behavior ::run [ RunTime:0.000227s ]
INFO: ShowRuntime Behavior ::run [ RunTime:0.000387s ]
INFO: [ view_filter ] --END-- [ RunTime:0.001300s ]
INFO: [ view_end ] --START--
INFO: ShowPageTrace Behavior ::run [ RunTime:0.000613s ]
INFO: [ view_end ] --END-- [ RunTime:0.000685s ]

[ 2016-01-14T09:29:42+08:00 ] 0.0.0.0 /cc-/admin/Brand/
INFO: [ route_check ] --START--
INFO: CheckRoute Behavior ::run [ RunTime:0.000849s ]
INFO: [ route_check ] --END-- [ RunTime:0.001144s ]
INFO: [ app_begin ] --START--
INFO: ReadHtmlCache Behavior ::run [ RunTime:0.000408s ]
INFO: [ app_begin ] --END-- [ RunTime:0.000482s ]
SQL: SHOW COLUMNS FROM `ccshop_brand` [ RunTime:0.009586s ]
SQL: SELECT * FROM `ccshop_brand` ORDER BY sort  [ RunTime:0.000467s ]
INFO: [ view_parse ] --START--
INFO: ParseTemplate Behavior ::run [ RunTime:0.010373s ]
INFO: [ view_parse ] --END-- [ RunTime:0.010490s ]
INFO: [ view_filter ] --START--
INFO: ContentReplace Behavior ::run [ RunTime:0.000364s ]
INFO: TokenBuild Behavior ::run [ RunTime:0.000286s ]
INFO: WriteHtmlCache Behavior ::run [ RunTime:0.000161s ]
INFO: ShowRuntime Behavior ::run [ RunTime:0.000366s ]
INFO: [ view_filter ] --END-- [ RunTime:0.001352s ]
INFO: [ view_end ] --START--
INFO: ShowPageTrace Behavior ::run [ RunTime:0.000680s ]
INFO: [ view_end ] --END-- [ RunTime:0.000780s ]

[ 2016-01-14T09:29:51+08:00 ] 0.0.0.0 /cc-/admin/Goods/add.html
INFO: [ route_check ] --START--
INFO: CheckRoute Behavior ::run [ RunTime:0.001044s ]
INFO: [ route_check ] --END-- [ RunTime:0.001188s ]
INFO: [ app_begin ] --START--
INFO: ReadHtmlCache Behavior ::run [ RunTime:0.000566s ]
INFO: [ app_begin ] --END-- [ RunTime:0.000666s ]
SQL: SHOW COLUMNS FROM `ccshop_category` [ RunTime:0.009151s ]
SQL: SELECT * FROM `ccshop_category` ORDER BY sort  [ RunTime:0.000356s ]
SQL: SHOW COLUMNS FROM `ccshop_brand` [ RunTime:0.001172s ]
SQL: SELECT * FROM `ccshop_brand` ORDER BY sort  [ RunTime:0.000258s ]
INFO: [ view_parse ] --START--
INFO: ParseTemplate Behavior ::run [ RunTime:0.013825s ]
INFO: [ view_parse ] --END-- [ RunTime:0.013941s ]
INFO: [ view_filter ] --START--
INFO: ContentReplace Behavior ::run [ RunTime:0.000665s ]
INFO: TokenBuild Behavior ::run [ RunTime:0.000432s ]
INFO: WriteHtmlCache Behavior ::run [ RunTime:0.000289s ]
INFO: ShowRuntime Behavior ::run [ RunTime:0.000587s ]
INFO: [ view_filter ] --END-- [ RunTime:0.002288s ]
INFO: [ view_end ] --START--
INFO: ShowPageTrace Behavior ::run [ RunTime:0.000688s ]
INFO: [ view_end ] --END-- [ RunTime:0.000929s ]

[ 2016-01-14T09:29:51+08:00 ] 0.0.0.0 /cc-/admin/Goods/
INFO: [ route_check ] --START--
INFO: CheckRoute Behavior ::run [ RunTime:0.000745s ]
INFO: [ route_check ] --END-- [ RunTime:0.000867s ]
INFO: [ app_begin ] --START--
INFO: ReadHtmlCache Behavior ::run [ RunTime:0.000628s ]
INFO: [ app_begin ] --END-- [ RunTime:0.000697s ]
SQL: SHOW COLUMNS FROM `ccshop_goods` [ RunTime:0.009718s ]
SQL: SELECT `gid`,`gname`,`gnumber`,`unit`,`marketprice`,`shopprice`,`click`,`time`,`tid` FROM `ccshop_goods`  [ RunTime:0.000510s ]
SQL: SHOW COLUMNS FROM `ccshop_goods_list` [ RunTime:0.001150s ]
SQL: SELECT `inventory` FROM `ccshop_goods_list` WHERE ( `gid` = 1 )  [ RunTime:0.000269s ]
SQL: SELECT `inventory` FROM `ccshop_goods_list` WHERE ( `gid` = 2 )  [ RunTime:0.000220s ]
SQL: SELECT `inventory` FROM `ccshop_goods_list` WHERE ( `gid` = 3 )  [ RunTime:0.000216s ]
SQL: SELECT `inventory` FROM `ccshop_goods_list` WHERE ( `gid` = 4 )  [ RunTime:0.000217s ]
SQL: SELECT `inventory` FROM `ccshop_goods_list` WHERE ( `gid` = 5 )  [ RunTime:0.000214s ]
SQL: SELECT `inventory` FROM `ccshop_goods_list` WHERE ( `gid` = 6 )  [ RunTime:0.000216s ]
SQL: SELECT `inventory` FROM `ccshop_goods_list` WHERE ( `gid` = 7 )  [ RunTime:0.000214s ]
SQL: SELECT `inventory` FROM `ccshop_goods_list` WHERE ( `gid` = 8 )  [ RunTime:0.000217s ]
SQL: SELECT `inventory` FROM `ccshop_goods_list` WHERE ( `gid` = 9 )  [ RunTime:0.000211s ]
SQL: SELECT `inventory` FROM `ccshop_goods_list` WHERE ( `gid` = 10 )  [ RunTime:0.000268s ]
SQL: SELECT `inventory` FROM `ccshop_goods_list` WHERE ( `gid` = 11 )  [ RunTime:0.000240s ]
SQL: SELECT `inventory` FROM `ccshop_goods_list` WHERE ( `gid` = 12 )  [ RunTime:0.000315s ]
SQL: SELECT `inventory` FROM `ccshop_goods_list` WHERE ( `gid` = 13 )  [ RunTime:0.000197s ]
NOTIC: [2] Invalid argument supplied for foreach() /www/cc-/App/Modules/admin/Action/GoodsAction.class.php 第 17 行.
SQL: SELECT `inventory` FROM `ccshop_goods_list` WHERE ( `gid` = 14 )  [ RunTime:0.000192s ]
NOTIC: [2] Invalid argument supplied for foreach() /www/cc-/App/Modules/admin/Action/GoodsAction.class.php 第 17 行.
SQL: SELECT `inventory` FROM `ccshop_goods_list` WHERE ( `gid` = 15 )  [ RunTime:0.000205s ]
NOTIC: [2] Invalid argument supplied for foreach() /www/cc-/App/Modules/admin/Action/GoodsAction.class.php 第 17 行.
SQL: SELECT `inventory` FROM `ccshop_goods_list` WHERE ( `gid` = 16 )  [ RunTime:0.000197s ]
NOTIC: [2] Invalid argument supplied for foreach() /www/cc-/App/Modules/admin/Action/GoodsAction.class.php 第 17 行.
SQL: SELECT `inventory` FROM `ccshop_goods_list` WHERE ( `gid` = 17 )  [ RunTime:0.000217s ]
NOTIC: [2] Invalid argument supplied for foreach() /www/cc-/App/Modules/admin/Action/GoodsAction.class.php 第 17 行.
SQL: SELECT `inventory` FROM `ccshop_goods_list` WHERE ( `gid` = 18 )  [ RunTime:0.000205s ]
NOTIC: [2] Invalid argument supplied for foreach() /www/cc-/App/Modules/admin/Action/GoodsAction.class.php 第 17 行.
INFO: [ view_parse ] --START--
INFO: ParseTemplate Behavior ::run [ RunTime:0.012866s ]
INFO: [ view_parse ] --END-- [ RunTime:0.012972s ]
INFO: [ view_filter ] --START--
INFO: ContentReplace Behavior ::run [ RunTime:0.000602s ]
INFO: TokenBuild Behavior ::run [ RunTime:0.000288s ]
INFO: WriteHtmlCache Behavior ::run [ RunTime:0.000139s ]
INFO: ShowRuntime Behavior ::run [ RunTime:0.000311s ]
INFO: [ view_filter ] --END-- [ RunTime:0.001501s ]
INFO: [ view_end ] --START--
INFO: ShowPageTrace Behavior ::run [ RunTime:0.000570s ]
INFO: [ view_end ] --END-- [ RunTime:0.000656s ]

[ 2016-01-14T09:29:52+08:00 ] 0.0.0.0 /cc-/admin/Goods/
INFO: [ route_check ] --START--
INFO: CheckRoute Behavior ::run [ RunTime:0.000638s ]
INFO: [ route_check ] --END-- [ RunTime:0.000723s ]
INFO: [ app_begin ] --START--
INFO: ReadHtmlCache Behavior ::run [ RunTime:0.000387s ]
INFO: [ app_begin ] --END-- [ RunTime:0.000449s ]
SQL: SHOW COLUMNS FROM `ccshop_goods` [ RunTime:0.009591s ]
SQL: SELECT `gid`,`gname`,`gnumber`,`unit`,`marketprice`,`shopprice`,`click`,`time`,`tid` FROM `ccshop_goods`  [ RunTime:0.000413s ]
SQL: SHOW COLUMNS FROM `ccshop_goods_list` [ RunTime:0.001565s ]
SQL: SELECT `inventory` FROM `ccshop_goods_list` WHERE ( `gid` = 1 )  [ RunTime:0.000264s ]
SQL: SELECT `inventory` FROM `ccshop_goods_list` WHERE ( `gid` = 2 )  [ RunTime:0.000221s ]
SQL: SELECT `inventory` FROM `ccshop_goods_list` WHERE ( `gid` = 3 )  [ RunTime:0.000216s ]
SQL: SELECT `inventory` FROM `ccshop_goods_list` WHERE ( `gid` = 4 )  [ RunTime:0.000217s ]
SQL: SELECT `inventory` FROM `ccshop_goods_list` WHERE ( `gid` = 5 )  [ RunTime:0.000211s ]
SQL: SELECT `inventory` FROM `ccshop_goods_list` WHERE ( `gid` = 6 )  [ RunTime:0.000216s ]
SQL: SELECT `inventory` FROM `ccshop_goods_list` WHERE ( `gid` = 7 )  [ RunTime:0.000215s ]
SQL: SELECT `inventory` FROM `ccshop_goods_list` WHERE ( `gid` = 8 )  [ RunTime:0.000212s ]
SQL: SELECT `inventory` FROM `ccshop_goods_list` WHERE ( `gid` = 9 )  [ RunTime:0.000215s ]
SQL: SELECT `inventory` FROM `ccshop_goods_list` WHERE ( `gid` = 10 )  [ RunTime:0.000216s ]
SQL: SELECT `inventory` FROM `ccshop_goods_list` WHERE ( `gid` = 11 )  [ RunTime:0.000214s ]
SQL: SELECT `inventory` FROM `ccshop_goods_list` WHERE ( `gid` = 12 )  [ RunTime:0.000219s ]
SQL: SELECT `inventory` FROM `ccshop_goods_list` WHERE ( `gid` = 13 )  [ RunTime:0.000205s ]
NOTIC: [2] Invalid argument supplied for foreach() /www/cc-/App/Modules/admin/Action/GoodsAction.class.php 第 17 行.
SQL: SELECT `inventory` FROM `ccshop_goods_list` WHERE ( `gid` = 14 )  [ RunTime:0.000205s ]
NOTIC: [2] Invalid argument supplied for foreach() /www/cc-/App/Modules/admin/Action/GoodsAction.class.php 第 17 行.
SQL: SELECT `inventory` FROM `ccshop_goods_list` WHERE ( `gid` = 15 )  [ RunTime:0.000208s ]
NOTIC: [2] Invalid argument supplied for foreach() /www/cc-/App/Modules/admin/Action/GoodsAction.class.php 第 17 行.
SQL: SELECT `inventory` FROM `ccshop_goods_list` WHERE ( `gid` = 16 )  [ RunTime:0.000205s ]
NOTIC: [2] Invalid argument supplied for foreach() /www/cc-/App/Modules/admin/Action/GoodsAction.class.php 第 17 行.
SQL: SELECT `inventory` FROM `ccshop_goods_list` WHERE ( `gid` = 17 )  [ RunTime:0.000210s ]
NOTIC: [2] Invalid argument supplied for foreach() /www/cc-/App/Modules/admin/Action/GoodsAction.class.php 第 17 行.
SQL: SELECT `inventory` FROM `ccshop_goods_list` WHERE ( `gid` = 18 )  [ RunTime:0.000219s ]
NOTIC: [2] Invalid argument supplied for foreach() /www/cc-/App/Modules/admin/Action/GoodsAction.class.php 第 17 行.
INFO: [ view_parse ] --START--
INFO: ParseTemplate Behavior ::run [ RunTime:0.011616s ]
INFO: [ view_parse ] --END-- [ RunTime:0.011691s ]
INFO: [ view_filter ] --START--
INFO: ContentReplace Behavior ::run [ RunTime:0.000278s ]
INFO: TokenBuild Behavior ::run [ RunTime:0.000246s ]
INFO: WriteHtmlCache Behavior ::run [ RunTime:0.000137s ]
INFO: ShowRuntime Behavior ::run [ RunTime:0.000307s ]
INFO: [ view_filter ] --END-- [ RunTime:0.001120s ]
INFO: [ view_end ] --START--
INFO: ShowPageTrace Behavior ::run [ RunTime:0.000560s ]
INFO: [ view_end ] --END-- [ RunTime:0.000643s ]

[ 2016-01-14T09:30:09+08:00 ] 0.0.0.0 /cc-/admin/Goods/getAttr.html
INFO: [ route_check ] --START--
INFO: CheckRoute Behavior ::run [ RunTime:0.000954s ]
INFO: [ route_check ] --END-- [ RunTime:0.001162s ]
INFO: [ app_begin ] --START--
INFO: ReadHtmlCache Behavior ::run [ RunTime:0.001048s ]
INFO: [ app_begin ] --END-- [ RunTime:0.001172s ]
SQL: SHOW COLUMNS FROM `ccshop_type_attr` [ RunTime:0.001241s ]
SQL: SELECT * FROM `ccshop_type_attr` WHERE ( `tid` = 1 )  [ RunTime:0.000656s ]

[ 2016-01-14T09:30:14+08:00 ] 0.0.0.0 /cc-/admin/Goods/getAttr.html
INFO: [ route_check ] --START--
INFO: CheckRoute Behavior ::run [ RunTime:0.001245s ]
INFO: [ route_check ] --END-- [ RunTime:0.001378s ]
INFO: [ app_begin ] --START--
INFO: ReadHtmlCache Behavior ::run [ RunTime:0.000402s ]
INFO: [ app_begin ] --END-- [ RunTime:0.000456s ]
NOTIC: [8] Undefined index: tid /www/cc-/App/Modules/admin/Action/GoodsAction.class.php 第 58 行.
SQL: SHOW COLUMNS FROM `ccshop_type_attr` [ RunTime:0.002390s ]
SQL: SELECT * FROM `ccshop_type_attr` WHERE ( `tid` = 0 )  [ RunTime:0.000499s ]

[ 2016-01-14T09:31:11+08:00 ] 0.0.0.0 /cc-/admin/Goods/getAttr.html
INFO: [ route_check ] --START--
INFO: CheckRoute Behavior ::run [ RunTime:0.000994s ]
INFO: [ route_check ] --END-- [ RunTime:0.001098s ]
INFO: [ app_begin ] --START--
INFO: ReadHtmlCache Behavior ::run [ RunTime:0.000768s ]
INFO: [ app_begin ] --END-- [ RunTime:0.000871s ]
SQL: SHOW COLUMNS FROM `ccshop_type_attr` [ RunTime:0.001069s ]
SQL: SELECT * FROM `ccshop_type_attr` WHERE ( `tid` = 1 )  [ RunTime:0.000317s ]

[ 2016-01-14T09:31:20+08:00 ] 0.0.0.0 /cc-/admin/Goods/getAttr.html
INFO: [ route_check ] --START--
INFO: CheckRoute Behavior ::run [ RunTime:0.000678s ]
INFO: [ route_check ] --END-- [ RunTime:0.000768s ]
INFO: [ app_begin ] --START--
INFO: ReadHtmlCache Behavior ::run [ RunTime:0.000999s ]
INFO: [ app_begin ] --END-- [ RunTime:0.001257s ]
SQL: SHOW COLUMNS FROM `ccshop_type_attr` [ RunTime:0.001109s ]
SQL: SELECT * FROM `ccshop_type_attr` WHERE ( `tid` = 1 )  [ RunTime:0.000317s ]

[ 2016-01-14T09:31:24+08:00 ] 0.0.0.0 /cc-/admin/Goods/getAttr.html
INFO: [ route_check ] --START--
INFO: CheckRoute Behavior ::run [ RunTime:0.001082s ]
INFO: [ route_check ] --END-- [ RunTime:0.001191s ]
INFO: [ app_begin ] --START--
INFO: ReadHtmlCache Behavior ::run [ RunTime:0.000666s ]
INFO: [ app_begin ] --END-- [ RunTime:0.000781s ]
SQL: SHOW COLUMNS FROM `ccshop_type_attr` [ RunTime:0.001266s ]
SQL: SELECT * FROM `ccshop_type_attr` WHERE ( `tid` = 4 )  [ RunTime:0.000248s ]

[ 2016-01-14T09:31:28+08:00 ] 0.0.0.0 /cc-/admin/Goods/getAttr.html
INFO: [ route_check ] --START--
INFO: CheckRoute Behavior ::run [ RunTime:0.000648s ]
INFO: [ route_check ] --END-- [ RunTime:0.000736s ]
INFO: [ app_begin ] --START--
INFO: ReadHtmlCache Behavior ::run [ RunTime:0.000513s ]
INFO: [ app_begin ] --END-- [ RunTime:0.000618s ]
SQL: SHOW COLUMNS FROM `ccshop_type_attr` [ RunTime:0.001114s ]
SQL: SELECT * FROM `ccshop_type_attr` WHERE ( `tid` = 1 )  [ RunTime:0.000348s ]

[ 2016-01-14T09:35:22+08:00 ] 0.0.0.0 /cc-/admin/Goods/uploadPic.html
INFO: [ route_check ] --START--
INFO: CheckRoute Behavior ::run [ RunTime:0.000796s ]
INFO: [ route_check ] --END-- [ RunTime:0.000968s ]
INFO: [ app_begin ] --START--
INFO: ReadHtmlCache Behavior ::run [ RunTime:0.000444s ]
INFO: [ app_begin ] --END-- [ RunTime:0.000515s ]

[ 2016-01-14T09:47:58+08:00 ] 0.0.0.0 /cc-/admin/Goods/add.html
INFO: [ route_check ] --START--
INFO: CheckRoute Behavior ::run [ RunTime:0.001311s ]
INFO: [ route_check ] --END-- [ RunTime:0.001416s ]
INFO: [ app_begin ] --START--
INFO: ReadHtmlCache Behavior ::run [ RunTime:0.000945s ]
INFO: [ app_begin ] --END-- [ RunTime:0.001055s ]
SQL: SHOW COLUMNS FROM `ccshop_category` [ RunTime:0.002474s ]
SQL: SELECT * FROM `ccshop_category` ORDER BY sort  [ RunTime:0.000299s ]
SQL: SHOW COLUMNS FROM `ccshop_brand` [ RunTime:0.001158s ]
SQL: SELECT * FROM `ccshop_brand` ORDER BY sort  [ RunTime:0.000314s ]
INFO: [ view_parse ] --START--
INFO: ParseTemplate Behavior ::run [ RunTime:0.015995s ]
INFO: [ view_parse ] --END-- [ RunTime:0.016105s ]
INFO: [ view_filter ] --START--
INFO: ContentReplace Behavior ::run [ RunTime:0.000783s ]
INFO: TokenBuild Behavior ::run [ RunTime:0.000595s ]
INFO: WriteHtmlCache Behavior ::run [ RunTime:0.000548s ]
INFO: ShowRuntime Behavior ::run [ RunTime:0.000820s ]
INFO: [ view_filter ] --END-- [ RunTime:0.003003s ]
INFO: [ view_end ] --START--
INFO: ShowPageTrace Behavior ::run [ RunTime:0.001269s ]
INFO: [ view_end ] --END-- [ RunTime:0.001437s ]

[ 2016-01-14T09:47:59+08:00 ] 0.0.0.0 /cc-/admin/Goods/
INFO: [ route_check ] --START--
INFO: CheckRoute Behavior ::run [ RunTime:0.000643s ]
INFO: [ route_check ] --END-- [ RunTime:0.000730s ]
INFO: [ app_begin ] --START--
INFO: ReadHtmlCache Behavior ::run [ RunTime:0.000392s ]
INFO: [ app_begin ] --END-- [ RunTime:0.000458s ]
SQL: SHOW COLUMNS FROM `ccshop_goods` [ RunTime:0.001058s ]
SQL: SELECT `gid`,`gname`,`gnumber`,`unit`,`marketprice`,`shopprice`,`click`,`time`,`tid` FROM `ccshop_goods`  [ RunTime:0.000256s ]
SQL: SHOW COLUMNS FROM `ccshop_goods_list` [ RunTime:0.000977s ]
SQL: SELECT `inventory` FROM `ccshop_goods_list` WHERE ( `gid` = 1 )  [ RunTime:0.000245s ]
SQL: SELECT `inventory` FROM `ccshop_goods_list` WHERE ( `gid` = 2 )  [ RunTime:0.000244s ]
SQL: SELECT `inventory` FROM `ccshop_goods_list` WHERE ( `gid` = 3 )  [ RunTime:0.000197s ]
SQL: SELECT `inventory` FROM `ccshop_goods_list` WHERE ( `gid` = 4 )  [ RunTime:0.000203s ]
SQL: SELECT `inventory` FROM `ccshop_goods_list` WHERE ( `gid` = 5 )  [ RunTime:0.000205s ]
SQL: SELECT `inventory` FROM `ccshop_goods_list` WHERE ( `gid` = 6 )  [ RunTime:0.000190s ]
SQL: SELECT `inventory` FROM `ccshop_goods_list` WHERE ( `gid` = 7 )  [ RunTime:0.000185s ]
SQL: SELECT `inventory` FROM `ccshop_goods_list` WHERE ( `gid` = 8 )  [ RunTime:0.000220s ]
SQL: SELECT `inventory` FROM `ccshop_goods_list` WHERE ( `gid` = 9 )  [ RunTime:0.000208s ]
SQL: SELECT `inventory` FROM `ccshop_goods_list` WHERE ( `gid` = 10 )  [ RunTime:0.000200s ]
SQL: SELECT `inventory` FROM `ccshop_goods_list` WHERE ( `gid` = 11 )  [ RunTime:0.000203s ]
SQL: SELECT `inventory` FROM `ccshop_goods_list` WHERE ( `gid` = 12 )  [ RunTime:0.000203s ]
SQL: SELECT `inventory` FROM `ccshop_goods_list` WHERE ( `gid` = 13 )  [ RunTime:0.000195s ]
NOTIC: [2] Invalid argument supplied for foreach() /www/cc-/App/Modules/admin/Action/GoodsAction.class.php 第 17 行.
SQL: SELECT `inventory` FROM `ccshop_goods_list` WHERE ( `gid` = 14 )  [ RunTime:0.000200s ]
NOTIC: [2] Invalid argument supplied for foreach() /www/cc-/App/Modules/admin/Action/GoodsAction.class.php 第 17 行.
SQL: SELECT `inventory` FROM `ccshop_goods_list` WHERE ( `gid` = 15 )  [ RunTime:0.000257s ]
NOTIC: [2] Invalid argument supplied for foreach() /www/cc-/App/Modules/admin/Action/GoodsAction.class.php 第 17 行.
SQL: SELECT `inventory` FROM `ccshop_goods_list` WHERE ( `gid` = 16 )  [ RunTime:0.000255s ]
NOTIC: [2] Invalid argument supplied for foreach() /www/cc-/App/Modules/admin/Action/GoodsAction.class.php 第 17 行.
SQL: SELECT `inventory` FROM `ccshop_goods_list` WHERE ( `gid` = 17 )  [ RunTime:0.000199s ]
NOTIC: [2] Invalid argument supplied for foreach() /www/cc-/App/Modules/admin/Action/GoodsAction.class.php 第 17 行.
SQL: SELECT `inventory` FROM `ccshop_goods_list` WHERE ( `gid` = 18 )  [ RunTime:0.000171s ]
NOTIC: [2] Invalid argument supplied for foreach() /www/cc-/App/Modules/admin/Action/GoodsAction.class.php 第 17 行.
INFO: [ view_parse ] --START--
INFO: ParseTemplate Behavior ::run [ RunTime:0.014122s ]
INFO: [ view_parse ] --END-- [ RunTime:0.014209s ]
INFO: [ view_filter ] --START--
INFO: ContentReplace Behavior ::run [ RunTime:0.000373s ]
INFO: TokenBuild Behavior ::run [ RunTime:0.000384s ]
INFO: WriteHtmlCache Behavior ::run [ RunTime:0.000190s ]
INFO: ShowRuntime Behavior ::run [ RunTime:0.000470s ]
INFO: [ view_filter ] --END-- [ RunTime:0.001640s ]
INFO: [ view_end ] --START--
INFO: ShowPageTrace Behavior ::run [ RunTime:0.000895s ]
INFO: [ view_end ] --END-- [ RunTime:0.001005s ]

[ 2016-01-14T09:47:59+08:00 ] 0.0.0.0 /cc-/admin/Goods/
INFO: [ route_check ] --START--
INFO: CheckRoute Behavior ::run [ RunTime:0.000641s ]
INFO: [ route_check ] --END-- [ RunTime:0.000728s ]
INFO: [ app_begin ] --START--
INFO: ReadHtmlCache Behavior ::run [ RunTime:0.000408s ]
INFO: [ app_begin ] --END-- [ RunTime:0.000477s ]
SQL: SHOW COLUMNS FROM `ccshop_goods` [ RunTime:0.009336s ]
SQL: SELECT `gid`,`gname`,`gnumber`,`unit`,`marketprice`,`shopprice`,`click`,`time`,`tid` FROM `ccshop_goods`  [ RunTime:0.000378s ]
SQL: SHOW COLUMNS FROM `ccshop_goods_list` [ RunTime:0.002457s ]
SQL: SELECT `inventory` FROM `ccshop_goods_list` WHERE ( `gid` = 1 )  [ RunTime:0.000370s ]
SQL: SELECT `inventory` FROM `ccshop_goods_list` WHERE ( `gid` = 2 )  [ RunTime:0.000260s ]
SQL: SELECT `inventory` FROM `ccshop_goods_list` WHERE ( `gid` = 3 )  [ RunTime:0.000222s ]
SQL: SELECT `inventory` FROM `ccshop_goods_list` WHERE ( `gid` = 4 )  [ RunTime:0.000483s ]
SQL: SELECT `inventory` FROM `ccshop_goods_list` WHERE ( `gid` = 5 )  [ RunTime:0.000353s ]
SQL: SELECT `inventory` FROM `ccshop_goods_list` WHERE ( `gid` = 6 )  [ RunTime:0.000239s ]
SQL: SELECT `inventory` FROM `ccshop_goods_list` WHERE ( `gid` = 7 )  [ RunTime:0.000247s ]
SQL: SELECT `inventory` FROM `ccshop_goods_list` WHERE ( `gid` = 8 )  [ RunTime:0.000260s ]
SQL: SELECT `inventory` FROM `ccshop_goods_list` WHERE ( `gid` = 9 )  [ RunTime:0.000219s ]
SQL: SELECT `inventory` FROM `ccshop_goods_list` WHERE ( `gid` = 10 )  [ RunTime:0.000203s ]
SQL: SELECT `inventory` FROM `ccshop_goods_list` WHERE ( `gid` = 11 )  [ RunTime:0.000189s ]
SQL: SELECT `inventory` FROM `ccshop_goods_list` WHERE ( `gid` = 12 )  [ RunTime:0.000209s ]
SQL: SELECT `inventory` FROM `ccshop_goods_list` WHERE ( `gid` = 13 )  [ RunTime:0.000183s ]
NOTIC: [2] Invalid argument supplied for foreach() /www/cc-/App/Modules/admin/Action/GoodsAction.class.php 第 17 行.
SQL: SELECT `inventory` FROM `ccshop_goods_list` WHERE ( `gid` = 14 )  [ RunTime:0.000213s ]
NOTIC: [2] Invalid argument supplied for foreach() /www/cc-/App/Modules/admin/Action/GoodsAction.class.php 第 17 行.
SQL: SELECT `inventory` FROM `ccshop_goods_list` WHERE ( `gid` = 15 )  [ RunTime:0.000201s ]
NOTIC: [2] Invalid argument supplied for foreach() /www/cc-/App/Modules/admin/Action/GoodsAction.class.php 第 17 行.
SQL: SELECT `inventory` FROM `ccshop_goods_list` WHERE ( `gid` = 16 )  [ RunTime:0.000174s ]
NOTIC: [2] Invalid argument supplied for foreach() /www/cc-/App/Modules/admin/Action/GoodsAction.class.php 第 17 行.
SQL: SELECT `inventory` FROM `ccshop_goods_list` WHERE ( `gid` = 17 )  [ RunTime:0.000166s ]
NOTIC: [2] Invalid argument supplied for foreach() /www/cc-/App/Modules/admin/Action/GoodsAction.class.php 第 17 行.
SQL: SELECT `inventory` FROM `ccshop_goods_list` WHERE ( `gid` = 18 )  [ RunTime:0.000169s ]
NOTIC: [2] Invalid argument supplied for foreach() /www/cc-/App/Modules/admin/Action/GoodsAction.class.php 第 17 行.
INFO: [ view_parse ] --START--
INFO: ParseTemplate Behavior ::run [ RunTime:0.012157s ]
INFO: [ view_parse ] --END-- [ RunTime:0.012246s ]
INFO: [ view_filter ] --START--
INFO: ContentReplace Behavior ::run [ RunTime:0.000458s ]
INFO: TokenBuild Behavior ::run [ RunTime:0.000351s ]
INFO: WriteHtmlCache Behavior ::run [ RunTime:0.000198s ]
INFO: ShowRuntime Behavior ::run [ RunTime:0.000386s ]
INFO: [ view_filter ] --END-- [ RunTime:0.001610s ]
INFO: [ view_end ] --START--
INFO: ShowPageTrace Behavior ::run [ RunTime:0.000723s ]
INFO: [ view_end ] --END-- [ RunTime:0.000829s ]

[ 2016-01-14T09:48:11+08:00 ] 0.0.0.0 /cc-/admin/Goods/uploadPhoto.html
INFO: [ route_check ] --START--
INFO: CheckRoute Behavior ::run [ RunTime:0.001651s ]
INFO: [ route_check ] --END-- [ RunTime:0.001861s ]
INFO: [ app_begin ] --START--
INFO: ReadHtmlCache Behavior ::run [ RunTime:0.000943s ]
INFO: [ app_begin ] --END-- [ RunTime:0.001045s ]

[ 2016-01-14T09:48:11+08:00 ] 0.0.0.0 /cc-/admin/Goods/uploadPhoto.html
INFO: [ route_check ] --START--
INFO: CheckRoute Behavior ::run [ RunTime:0.000812s ]
INFO: [ route_check ] --END-- [ RunTime:0.000948s ]
INFO: [ app_begin ] --START--
INFO: ReadHtmlCache Behavior ::run [ RunTime:0.000780s ]
INFO: [ app_begin ] --END-- [ RunTime:0.000920s ]

[ 2016-01-14T09:48:11+08:00 ] 0.0.0.0 /cc-/admin/Goods/uploadPhoto.html
INFO: [ route_check ] --START--
INFO: CheckRoute Behavior ::run [ RunTime:0.000657s ]
INFO: [ route_check ] --END-- [ RunTime:0.000828s ]
INFO: [ app_begin ] --START--
INFO: ReadHtmlCache Behavior ::run [ RunTime:0.000451s ]
INFO: [ app_begin ] --END-- [ RunTime:0.000520s ]

[ 2016-01-14T09:48:17+08:00 ] 0.0.0.0 /cc-/admin/Goods/delPic.html
INFO: [ route_check ] --START--
INFO: CheckRoute Behavior ::run [ RunTime:0.000622s ]
INFO: [ route_check ] --END-- [ RunTime:0.000701s ]
INFO: [ app_begin ] --START--
INFO: ReadHtmlCache Behavior ::run [ RunTime:0.000398s ]
INFO: [ app_begin ] --END-- [ RunTime:0.000454s ]

[ 2016-01-14T09:51:46+08:00 ] 0.0.0.0 /cc-/admin/Goods/delPic.html
INFO: [ route_check ] --START--
INFO: CheckRoute Behavior ::run [ RunTime:0.001360s ]
INFO: [ route_check ] --END-- [ RunTime:0.001472s ]
INFO: [ app_begin ] --START--
INFO: ReadHtmlCache Behavior ::run [ RunTime:0.000908s ]
INFO: [ app_begin ] --END-- [ RunTime:0.001005s ]

[ 2016-01-14T09:51:47+08:00 ] 0.0.0.0 /cc-/admin/Goods/delPic.html
INFO: [ route_check ] --START--
INFO: CheckRoute Behavior ::run [ RunTime:0.000636s ]
INFO: [ route_check ] --END-- [ RunTime:0.000718s ]
INFO: [ app_begin ] --START--
INFO: ReadHtmlCache Behavior ::run [ RunTime:0.000391s ]
INFO: [ app_begin ] --END-- [ RunTime:0.000444s ]

[ 2016-01-14T09:53:51+08:00 ] 0.0.0.0 /cc-/admin/Goods/add.html
INFO: [ route_check ] --START--
INFO: CheckRoute Behavior ::run [ RunTime:0.000634s ]
INFO: [ route_check ] --END-- [ RunTime:0.000730s ]
INFO: [ app_begin ] --START--
INFO: ReadHtmlCache Behavior ::run [ RunTime:0.000399s ]
INFO: [ app_begin ] --END-- [ RunTime:0.000465s ]
SQL: SHOW COLUMNS FROM `ccshop_category` [ RunTime:0.001367s ]
SQL: SELECT * FROM `ccshop_category` ORDER BY sort  [ RunTime:0.000277s ]
SQL: SHOW COLUMNS FROM `ccshop_brand` [ RunTime:0.001250s ]
SQL: SELECT * FROM `ccshop_brand` ORDER BY sort  [ RunTime:0.000338s ]
INFO: [ view_parse ] --START--
INFO: ParseTemplate Behavior ::run [ RunTime:0.015372s ]
INFO: [ view_parse ] --END-- [ RunTime:0.015476s ]
INFO: [ view_filter ] --START--
INFO: ContentReplace Behavior ::run [ RunTime:0.000673s ]
INFO: TokenBuild Behavior ::run [ RunTime:0.000560s ]
INFO: WriteHtmlCache Behavior ::run [ RunTime:0.000600s ]
INFO: ShowRuntime Behavior ::run [ RunTime:0.000788s ]
INFO: [ view_filter ] --END-- [ RunTime:0.002911s ]
INFO: [ view_end ] --START--
INFO: ShowPageTrace Behavior ::run [ RunTime:0.000926s ]
INFO: [ view_end ] --END-- [ RunTime:0.001036s ]

[ 2016-01-14T09:53:52+08:00 ] 0.0.0.0 /cc-/admin/Goods/
INFO: [ route_check ] --START--
INFO: CheckRoute Behavior ::run [ RunTime:0.000623s ]
INFO: [ route_check ] --END-- [ RunTime:0.000703s ]
INFO: [ app_begin ] --START--
INFO: ReadHtmlCache Behavior ::run [ RunTime:0.000389s ]
INFO: [ app_begin ] --END-- [ RunTime:0.000451s ]
SQL: SHOW COLUMNS FROM `ccshop_goods` [ RunTime:0.001297s ]
SQL: SELECT `gid`,`gname`,`gnumber`,`unit`,`marketprice`,`shopprice`,`click`,`time`,`tid` FROM `ccshop_goods`  [ RunTime:0.000525s ]
SQL: SHOW COLUMNS FROM `ccshop_goods_list` [ RunTime:0.001217s ]
SQL: SELECT `inventory` FROM `ccshop_goods_list` WHERE ( `gid` = 1 )  [ RunTime:0.000292s ]
SQL: SELECT `inventory` FROM `ccshop_goods_list` WHERE ( `gid` = 2 )  [ RunTime:0.000248s ]
SQL: SELECT `inventory` FROM `ccshop_goods_list` WHERE ( `gid` = 3 )  [ RunTime:0.000255s ]
SQL: SELECT `inventory` FROM `ccshop_goods_list` WHERE ( `gid` = 4 )  [ RunTime:0.000221s ]
SQL: SELECT `inventory` FROM `ccshop_goods_list` WHERE ( `gid` = 5 )  [ RunTime:0.000312s ]
SQL: SELECT `inventory` FROM `ccshop_goods_list` WHERE ( `gid` = 6 )  [ RunTime:0.000213s ]
SQL: SELECT `inventory` FROM `ccshop_goods_list` WHERE ( `gid` = 7 )  [ RunTime:0.000205s ]
SQL: SELECT `inventory` FROM `ccshop_goods_list` WHERE ( `gid` = 8 )  [ RunTime:0.000213s ]
SQL: SELECT `inventory` FROM `ccshop_goods_list` WHERE ( `gid` = 9 )  [ RunTime:0.000221s ]
SQL: SELECT `inventory` FROM `ccshop_goods_list` WHERE ( `gid` = 10 )  [ RunTime:0.000225s ]
SQL: SELECT `inventory` FROM `ccshop_goods_list` WHERE ( `gid` = 11 )  [ RunTime:0.000220s ]
SQL: SELECT `inventory` FROM `ccshop_goods_list` WHERE ( `gid` = 12 )  [ RunTime:0.000225s ]
SQL: SELECT `inventory` FROM `ccshop_goods_list` WHERE ( `gid` = 13 )  [ RunTime:0.000235s ]
NOTIC: [2] Invalid argument supplied for foreach() /www/cc-/App/Modules/admin/Action/GoodsAction.class.php 第 17 行.
SQL: SELECT `inventory` FROM `ccshop_goods_list` WHERE ( `gid` = 14 )  [ RunTime:0.000237s ]
NOTIC: [2] Invalid argument supplied for foreach() /www/cc-/App/Modules/admin/Action/GoodsAction.class.php 第 17 行.
SQL: SELECT `inventory` FROM `ccshop_goods_list` WHERE ( `gid` = 15 )  [ RunTime:0.000178s ]
NOTIC: [2] Invalid argument supplied for foreach() /www/cc-/App/Modules/admin/Action/GoodsAction.class.php 第 17 行.
SQL: SELECT `inventory` FROM `ccshop_goods_list` WHERE ( `gid` = 16 )  [ RunTime:0.000252s ]
NOTIC: [2] Invalid argument supplied for foreach() /www/cc-/App/Modules/admin/Action/GoodsAction.class.php 第 17 行.
SQL: SELECT `inventory` FROM `ccshop_goods_list` WHERE ( `gid` = 17 )  [ RunTime:0.000246s ]
NOTIC: [2] Invalid argument supplied for foreach() /www/cc-/App/Modules/admin/Action/GoodsAction.class.php 第 17 行.
SQL: SELECT `inventory` FROM `ccshop_goods_list` WHERE ( `gid` = 18 )  [ RunTime:0.000177s ]
NOTIC: [2] Invalid argument supplied for foreach() /www/cc-/App/Modules/admin/Action/GoodsAction.class.php 第 17 行.
INFO: [ view_parse ] --START--
INFO: ParseTemplate Behavior ::run [ RunTime:0.013007s ]
INFO: [ view_parse ] --END-- [ RunTime:0.013103s ]
INFO: [ view_filter ] --START--
INFO: ContentReplace Behavior ::run [ RunTime:0.000325s ]
INFO: TokenBuild Behavior ::run [ RunTime:0.000253s ]
INFO: WriteHtmlCache Behavior ::run [ RunTime:0.000139s ]
INFO: ShowRuntime Behavior ::run [ RunTime:0.000317s ]
INFO: [ view_filter ] --END-- [ RunTime:0.001187s ]
INFO: [ view_end ] --START--
INFO: ShowPageTrace Behavior ::run [ RunTime:0.000593s ]
INFO: [ view_end ] --END-- [ RunTime:0.000685s ]

[ 2016-01-14T09:53:52+08:00 ] 0.0.0.0 /cc-/admin/Goods/
INFO: [ route_check ] --START--
INFO: CheckRoute Behavior ::run [ RunTime:0.000616s ]
INFO: [ route_check ] --END-- [ RunTime:0.000694s ]
INFO: [ app_begin ] --START--
INFO: ReadHtmlCache Behavior ::run [ RunTime:0.000377s ]
INFO: [ app_begin ] --END-- [ RunTime:0.000440s ]
SQL: SHOW COLUMNS FROM `ccshop_goods` [ RunTime:0.001289s ]
SQL: SELECT `gid`,`gname`,`gnumber`,`unit`,`marketprice`,`shopprice`,`click`,`time`,`tid` FROM `ccshop_goods`  [ RunTime:0.000285s ]
SQL: SHOW COLUMNS FROM `ccshop_goods_list` [ RunTime:0.001045s ]
SQL: SELECT `inventory` FROM `ccshop_goods_list` WHERE ( `gid` = 1 )  [ RunTime:0.000310s ]
SQL: SELECT `inventory` FROM `ccshop_goods_list` WHERE ( `gid` = 2 )  [ RunTime:0.000232s ]
SQL: SELECT `inventory` FROM `ccshop_goods_list` WHERE ( `gid` = 3 )  [ RunTime:0.000220s ]
SQL: SELECT `inventory` FROM `ccshop_goods_list` WHERE ( `gid` = 4 )  [ RunTime:0.000222s ]
SQL: SELECT `inventory` FROM `ccshop_goods_list` WHERE ( `gid` = 5 )  [ RunTime:0.000215s ]
SQL: SELECT `inventory` FROM `ccshop_goods_list` WHERE ( `gid` = 6 )  [ RunTime:0.000220s ]
SQL: SELECT `inventory` FROM `ccshop_goods_list` WHERE ( `gid` = 7 )  [ RunTime:0.000220s ]
SQL: SELECT `inventory` FROM `ccshop_goods_list` WHERE ( `gid` = 8 )  [ RunTime:0.000216s ]
SQL: SELECT `inventory` FROM `ccshop_goods_list` WHERE ( `gid` = 9 )  [ RunTime:0.000221s ]
SQL: SELECT `inventory` FROM `ccshop_goods_list` WHERE ( `gid` = 10 )  [ RunTime:0.000219s ]
SQL: SELECT `inventory` FROM `ccshop_goods_list` WHERE ( `gid` = 11 )  [ RunTime:0.000218s ]
SQL: SELECT `inventory` FROM `ccshop_goods_list` WHERE ( `gid` = 12 )  [ RunTime:0.000225s ]
SQL: SELECT `inventory` FROM `ccshop_goods_list` WHERE ( `gid` = 13 )  [ RunTime:0.000209s ]
NOTIC: [2] Invalid argument supplied for foreach() /www/cc-/App/Modules/admin/Action/GoodsAction.class.php 第 17 行.
SQL: SELECT `inventory` FROM `ccshop_goods_list` WHERE ( `gid` = 14 )  [ RunTime:0.000208s ]
NOTIC: [2] Invalid argument supplied for foreach() /www/cc-/App/Modules/admin/Action/GoodsAction.class.php 第 17 行.
SQL: SELECT `inventory` FROM `ccshop_goods_list` WHERE ( `gid` = 15 )  [ RunTime:0.000235s ]
NOTIC: [2] Invalid argument supplied for foreach() /www/cc-/App/Modules/admin/Action/GoodsAction.class.php 第 17 行.
SQL: SELECT `inventory` FROM `ccshop_goods_list` WHERE ( `gid` = 16 )  [ RunTime:0.000233s ]
NOTIC: [2] Invalid argument supplied for foreach() /www/cc-/App/Modules/admin/Action/GoodsAction.class.php 第 17 行.
SQL: SELECT `inventory` FROM `ccshop_goods_list` WHERE ( `gid` = 17 )  [ RunTime:0.000232s ]
NOTIC: [2] Invalid argument supplied for foreach() /www/cc-/App/Modules/admin/Action/GoodsAction.class.php 第 17 行.
SQL: SELECT `inventory` FROM `ccshop_goods_list` WHERE ( `gid` = 18 )  [ RunTime:0.000263s ]
NOTIC: [2] Invalid argument supplied for foreach() /www/cc-/App/Modules/admin/Action/GoodsAction.class.php 第 17 行.
INFO: [ view_parse ] --START--
INFO: ParseTemplate Behavior ::run [ RunTime:0.011450s ]
INFO: [ view_parse ] --END-- [ RunTime:0.011524s ]
INFO: [ view_filter ] --START--
INFO: ContentReplace Behavior ::run [ RunTime:0.000284s ]
INFO: TokenBuild Behavior ::run [ RunTime:0.000251s ]
INFO: WriteHtmlCache Behavior ::run [ RunTime:0.000142s ]
INFO: ShowRuntime Behavior ::run [ RunTime:0.000310s ]
INFO: [ view_filter ] --END-- [ RunTime:0.001139s ]
INFO: [ view_end ] --START--
INFO: ShowPageTrace Behavior ::run [ RunTime:0.000573s ]
INFO: [ view_end ] --END-- [ RunTime:0.000656s ]

[ 2016-01-14T10:02:38+08:00 ] 0.0.0.0 /cc-/admin/Goods/getAttr.html
INFO: [ route_check ] --START--
INFO: CheckRoute Behavior ::run [ RunTime:0.000708s ]
INFO: [ route_check ] --END-- [ RunTime:0.000796s ]
INFO: [ app_begin ] --START--
INFO: ReadHtmlCache Behavior ::run [ RunTime:0.000606s ]
INFO: [ app_begin ] --END-- [ RunTime:0.000700s ]
SQL: SHOW COLUMNS FROM `ccshop_type_attr` [ RunTime:0.001354s ]
SQL: SELECT * FROM `ccshop_type_attr` WHERE ( `tid` = 1 )  [ RunTime:0.000393s ]

