[ 2016-02-27T08:33:49+08:00 ] 0.0.0.0 /cc-/
INFO: [ app_begin ] --START--
INFO: ReadHtmlCache Behavior ::run [ RunTime:0.002818s ]
INFO: [ app_begin ] --END-- [ RunTime:0.005288s ]
SQL: SHOW COLUMNS FROM `ccshop_goods` [ RunTime:0.024602s ]
SQL: SELECT `gid`,`gname`,`pic`,`click`,`shopprice` FROM `ccshop_goods` WHERE ( `cid` = 13 ) ORDER BY rand() LIMIT 10   [ RunTime:0.005997s ]
SQL: SELECT `gid`,`gname`,`pic`,`click`,`shopprice` FROM `ccshop_goods` WHERE ( `cid` = 13 ) ORDER BY rand() LIMIT 10   [ RunTime:0.000620s ]
SQL: SELECT `gid`,`gname`,`pic`,`click`,`shopprice` FROM `ccshop_goods` WHERE ( `cid` = 13 ) ORDER BY rand() LIMIT 10   [ RunTime:0.000495s ]
SQL: SHOW COLUMNS FROM `ccshop_category` [ RunTime:0.001264s ]
SQL: SELECT `cid`,`cname` FROM `ccshop_category` WHERE ( `pid` = 4 )  [ RunTime:0.000574s ]
INFO: [ view_parse ] --START--
INFO: ParseTemplate Behavior ::run [ RunTime:0.105954s ]
INFO: [ view_parse ] --END-- [ RunTime:0.106066s ]
INFO: [ view_filter ] --START--
INFO: ContentReplace Behavior ::run [ RunTime:0.002007s ]
INFO: TokenBuild Behavior ::run [ RunTime:0.001032s ]
INFO: WriteHtmlCache Behavior ::run [ RunTime:0.002010s ]
INFO: ShowRuntime Behavior ::run [ RunTime:0.001207s ]
INFO: [ view_filter ] --END-- [ RunTime:0.006605s ]
INFO: [ view_end ] --START--
INFO: ShowPageTrace Behavior ::run [ RunTime:0.001723s ]
INFO: [ view_end ] --END-- [ RunTime:0.001877s ]

[ 2016-02-27T08:34:00+08:00 ] 0.0.0.0 /cc-/c/6_0.html
INFO: [ route_check ] --START--
INFO: CheckRoute Behavior ::run [ RunTime:0.001704s ]
INFO: [ route_check ] --END-- [ RunTime:0.001898s ]
INFO: [ app_begin ] --START--
INFO: ReadHtmlCache Behavior ::run [ RunTime:0.000599s ]
INFO: [ app_begin ] --END-- [ RunTime:0.000710s ]
SQL: SHOW COLUMNS FROM `ccshop_category` [ RunTime:0.003973s ]
SQL: SELECT `cid`,`pid` FROM `ccshop_category`  [ RunTime:0.000494s ]
SQL: SHOW COLUMNS FROM `ccshop_goods` [ RunTime:0.002811s ]
SQL: SELECT `gid` FROM `ccshop_goods` WHERE ( `cid` IN (6) )  [ RunTime:0.000345s ]
NOTIC: [2] unlink(./App/Runtime/Temp/5421bc1b7b07603c54dc6461f3e6c7bb.php): No such file or directory /www/cc-/ThinkPHP/Lib/Driver/Cache/CacheFile.class.php 第 160 行.
SQL: SHOW COLUMNS FROM `ccshop_goods_attr` [ RunTime:0.001431s ]
NOTIC: [2] implode(): Invalid arguments passed /www/cc-/ThinkPHP/Lib/Core/Db.class.php 第 497 行.
SQL: SELECT `gtid`,`gtvalue`,`taid` FROM `ccshop_goods_attr` WHERE ( `gid` IN () ) GROUP BY gtvalue  [ RunTime:0.002680s ]
ERR: 1064:You have an error in your SQL syntax; check the manual that corresponds to your MySQL server version for the right syntax to use near ') ) GROUP BY gtvalue' at line 1
 [ SQL语句 ] : SELECT `gtid`,`gtvalue`,`taid` FROM `ccshop_goods_attr` WHERE ( `gid` IN () ) GROUP BY gtvalue 
NOTIC: [2] Invalid argument supplied for foreach() /www/cc-/App/Modules/Index/Action/ListAction.class.php 第 160 行.
NOTIC: [2] array_fill(): Number of elements must be positive /www/cc-/App/Modules/Index/Action/ListAction.class.php 第 50 行.
NOTIC: [2] Invalid argument supplied for foreach() /www/cc-/App/Modules/Index/Action/ListAction.class.php 第 57 行.
NOTIC: [2] implode(): Invalid arguments passed /www/cc-/App/Modules/Index/Action/ListAction.class.php 第 67 行.
SQL: SELECT COUNT(*) AS tp_count FROM `ccshop_goods` WHERE ( `gid` IN() ) LIMIT 1   [ RunTime:0.000232s ]
ERR: 1064:You have an error in your SQL syntax; check the manual that corresponds to your MySQL server version for the right syntax to use near ') ) LIMIT 1' at line 1
 [ SQL语句 ] : SELECT COUNT(*) AS tp_count FROM `ccshop_goods` WHERE ( `gid` IN() ) LIMIT 1  
SQL: SELECT `gid`,`gname`,`marketprice`,`shopprice`,`pic` FROM `ccshop_goods` WHERE ( `gid` IN() ) ORDER BY time DESC LIMIT 0,8   [ RunTime:0.000147s ]
ERR: 1064:You have an error in your SQL syntax; check the manual that corresponds to your MySQL server version for the right syntax to use near ') ) ORDER BY time DESC LIMIT 0,8' at line 1
 [ SQL语句 ] : SELECT `gid`,`gname`,`marketprice`,`shopprice`,`pic` FROM `ccshop_goods` WHERE ( `gid` IN() ) ORDER BY time DESC LIMIT 0,8  
NOTIC: [2] implode(): Invalid arguments passed /www/cc-/App/Modules/Index/Action/ListAction.class.php 第 92 行.
SQL: SELECT `gid`,`gname`,`pic`,`click`,`shopprice` FROM `ccshop_goods` WHERE ( `cid` = 13 ) ORDER BY rand() LIMIT 4   [ RunTime:0.000476s ]
SQL: SELECT `gid`,`gname`,`pic`,`click`,`shopprice` FROM `ccshop_goods` WHERE ( `cid` = 13 ) ORDER BY rand() LIMIT 5   [ RunTime:0.000350s ]
SQL: SELECT `cid`,`cname` FROM `ccshop_category` WHERE ( `pid` = 4 )  [ RunTime:0.000461s ]
SQL: SELECT `cname` FROM `ccshop_category` WHERE ( `cid` = 6 ) LIMIT 1   [ RunTime:0.000235s ]
SQL: SELECT `pid`,`cname`,`cid` FROM `ccshop_category` WHERE ( `cid` = 6 )  [ RunTime:0.000190s ]
SQL: SELECT `pid`,`cname`,`cid` FROM `ccshop_category` WHERE ( `cid` = 1 )  [ RunTime:0.000180s ]
INFO: [ view_parse ] --START--
INFO: ParseTemplate Behavior ::run [ RunTime:0.032691s ]
INFO: [ view_parse ] --END-- [ RunTime:0.032805s ]
INFO: [ view_filter ] --START--
INFO: ContentReplace Behavior ::run [ RunTime:0.000369s ]
INFO: TokenBuild Behavior ::run [ RunTime:0.000267s ]
INFO: WriteHtmlCache Behavior ::run [ RunTime:0.000156s ]
INFO: ShowRuntime Behavior ::run [ RunTime:0.000334s ]
INFO: [ view_filter ] --END-- [ RunTime:0.001276s ]
INFO: [ view_end ] --START--
INFO: ShowPageTrace Behavior ::run [ RunTime:0.000615s ]
INFO: [ view_end ] --END-- [ RunTime:0.000723s ]

[ 2016-02-27T08:34:03+08:00 ] 0.0.0.0 /cc-/c/4_0.html
INFO: [ route_check ] --START--
INFO: CheckRoute Behavior ::run [ RunTime:0.009492s ]
INFO: [ route_check ] --END-- [ RunTime:0.009754s ]
INFO: [ app_begin ] --START--
INFO: ReadHtmlCache Behavior ::run [ RunTime:0.000699s ]
INFO: [ app_begin ] --END-- [ RunTime:0.000808s ]
SQL: SHOW COLUMNS FROM `ccshop_category` [ RunTime:0.001266s ]
SQL: SELECT `cid`,`pid` FROM `ccshop_category`  [ RunTime:0.000222s ]
NOTIC: [8] Undefined index: id /www/cc-/App/Lib/Class/Unlimited.class.php 第 125 行.
NOTIC: [8] Undefined index: id /www/cc-/App/Lib/Class/Unlimited.class.php 第 125 行.
NOTIC: [8] Undefined index: id /www/cc-/App/Lib/Class/Unlimited.class.php 第 125 行.
NOTIC: [8] Undefined index: id /www/cc-/App/Lib/Class/Unlimited.class.php 第 125 行.
NOTIC: [8] Undefined index: id /www/cc-/App/Lib/Class/Unlimited.class.php 第 125 行.
NOTIC: [8] Undefined index: id /www/cc-/App/Lib/Class/Unlimited.class.php 第 125 行.
NOTIC: [8] Undefined index: id /www/cc-/App/Lib/Class/Unlimited.class.php 第 125 行.
NOTIC: [8] Undefined index: id /www/cc-/App/Lib/Class/Unlimited.class.php 第 125 行.
NOTIC: [8] Undefined index: id /www/cc-/App/Lib/Class/Unlimited.class.php 第 125 行.
NOTIC: [8] Undefined index: id /www/cc-/App/Lib/Class/Unlimited.class.php 第 125 行.
NOTIC: [8] Undefined index: id /www/cc-/App/Lib/Class/Unlimited.class.php 第 125 行.
NOTIC: [8] Undefined index: id /www/cc-/App/Lib/Class/Unlimited.class.php 第 125 行.
NOTIC: [8] Undefined index: id /www/cc-/App/Lib/Class/Unlimited.class.php 第 125 行.
NOTIC: [8] Undefined index: id /www/cc-/App/Lib/Class/Unlimited.class.php 第 125 行.
NOTIC: [8] Undefined index: id /www/cc-/App/Lib/Class/Unlimited.class.php 第 125 行.
NOTIC: [8] Undefined index: id /www/cc-/App/Lib/Class/Unlimited.class.php 第 125 行.
SQL: SHOW COLUMNS FROM `ccshop_goods` [ RunTime:0.001207s ]
SQL: SELECT `gid` FROM `ccshop_goods` WHERE ( `cid` IN ('13','14','15','16','17','18','19','20','21','22','23','24','25','26','27','28',4) )  [ RunTime:0.000335s ]
SQL: SHOW COLUMNS FROM `ccshop_goods_attr` [ RunTime:0.001339s ]
SQL: SELECT `gtid`,`gtvalue`,`taid` FROM `ccshop_goods_attr` WHERE ( `gid` IN ('1','2','3','4','5','6','7','8','9','10','11','12') ) GROUP BY gtvalue  [ RunTime:0.001295s ]
SQL: SHOW COLUMNS FROM `ccshop_type_attr` [ RunTime:0.001355s ]
SQL: SELECT `taname` FROM `ccshop_type_attr` WHERE ( `taid` = 12 ) LIMIT 1   [ RunTime:0.000521s ]
SQL: SELECT `taname` FROM `ccshop_type_attr` WHERE ( `taid` = 13 ) LIMIT 1   [ RunTime:0.000218s ]
SQL: SELECT `taname` FROM `ccshop_type_attr` WHERE ( `taid` = 5 ) LIMIT 1   [ RunTime:0.000248s ]
SQL: SELECT `taname` FROM `ccshop_type_attr` WHERE ( `taid` = 1 ) LIMIT 1   [ RunTime:0.000285s ]
SQL: SELECT `taname` FROM `ccshop_type_attr` WHERE ( `taid` = 7 ) LIMIT 1   [ RunTime:0.000250s ]
SQL: SELECT `taname` FROM `ccshop_type_attr` WHERE ( `taid` = 3 ) LIMIT 1   [ RunTime:0.000217s ]
SQL: SELECT `taname` FROM `ccshop_type_attr` WHERE ( `taid` = 8 ) LIMIT 1   [ RunTime:0.000172s ]
SQL: SELECT `taname` FROM `ccshop_type_attr` WHERE ( `taid` = 6 ) LIMIT 1   [ RunTime:0.000205s ]
SQL: SELECT `taname` FROM `ccshop_type_attr` WHERE ( `taid` = 2 ) LIMIT 1   [ RunTime:0.000203s ]
SQL: SELECT `taname` FROM `ccshop_type_attr` WHERE ( `taid` = 4 ) LIMIT 1   [ RunTime:0.000201s ]
SQL: SELECT `taname` FROM `ccshop_type_attr` WHERE ( `taid` = 9 ) LIMIT 1   [ RunTime:0.000200s ]
SQL: SELECT `taname` FROM `ccshop_type_attr` WHERE ( `taid` = 10 ) LIMIT 1   [ RunTime:0.000204s ]
SQL: SELECT `taname` FROM `ccshop_type_attr` WHERE ( `taid` = 11 ) LIMIT 1   [ RunTime:0.000200s ]
SQL: SELECT COUNT(*) AS tp_count FROM `ccshop_goods` WHERE ( `gid` IN(1,2,3,4,5,6,7,8,9,10,11,12) ) LIMIT 1   [ RunTime:0.000318s ]
SQL: SELECT `gid`,`gname`,`marketprice`,`shopprice`,`pic` FROM `ccshop_goods` WHERE ( `gid` IN(1,2,3,4,5,6,7,8,9,10,11,12) ) ORDER BY time DESC LIMIT 0,8   [ RunTime:0.000267s ]
SQL: SELECT `gid`,`gname`,`pic`,`click`,`shopprice` FROM `ccshop_goods` WHERE ( `cid` = 13 ) ORDER BY rand() LIMIT 4   [ RunTime:0.000485s ]
SQL: SELECT `gid`,`gname`,`pic`,`click`,`shopprice` FROM `ccshop_goods` WHERE ( `cid` = 13 ) ORDER BY rand() LIMIT 5   [ RunTime:0.000294s ]
SQL: SELECT `cid`,`cname` FROM `ccshop_category` WHERE ( `pid` = 4 )  [ RunTime:0.000248s ]
SQL: SELECT `cname` FROM `ccshop_category` WHERE ( `cid` = 4 ) LIMIT 1   [ RunTime:0.000208s ]
SQL: SELECT `pid`,`cname`,`cid` FROM `ccshop_category` WHERE ( `cid` = 4 )  [ RunTime:0.000202s ]
SQL: SELECT `pid`,`cname`,`cid` FROM `ccshop_category` WHERE ( `cid` = 1 )  [ RunTime:0.000209s ]
INFO: [ view_parse ] --START--
INFO: ParseTemplate Behavior ::run [ RunTime:0.033425s ]
INFO: [ view_parse ] --END-- [ RunTime:0.033518s ]
INFO: [ view_filter ] --START--
INFO: ContentReplace Behavior ::run [ RunTime:0.000539s ]
INFO: TokenBuild Behavior ::run [ RunTime:0.000267s ]
INFO: WriteHtmlCache Behavior ::run [ RunTime:0.000153s ]
INFO: ShowRuntime Behavior ::run [ RunTime:0.000334s ]
INFO: [ view_filter ] --END-- [ RunTime:0.001446s ]
INFO: [ view_end ] --START--
INFO: ShowPageTrace Behavior ::run [ RunTime:0.000581s ]
INFO: [ view_end ] --END-- [ RunTime:0.000665s ]

[ 2016-02-27T08:34:05+08:00 ] 0.0.0.0 /cc-/12.html
INFO: [ route_check ] --START--
INFO: CheckRoute Behavior ::run [ RunTime:0.000694s ]
INFO: [ route_check ] --END-- [ RunTime:0.000776s ]
INFO: [ app_begin ] --START--
INFO: ReadHtmlCache Behavior ::run [ RunTime:0.000380s ]
INFO: [ app_begin ] --END-- [ RunTime:0.000441s ]
SQL: SHOW COLUMNS FROM `ccshop_goods` [ RunTime:0.001382s ]
SQL: SHOW COLUMNS FROM `ccshop_detail` [ RunTime:0.001424s ]
SQL: SHOW COLUMNS FROM `ccshop_brand` [ RunTime:0.001068s ]
SQL: SELECT goods.gid AS gid,goods.gname AS gname,goods.unit AS unit,goods.marketprice AS marketprice,goods.shopprice AS shopprice,goods.click AS click,goods.time AS time,detail.small AS small,detail.medium AS medium,detail.big AS big,detail.intro AS intro,detail.service AS service,brand.logo AS logo FROM ccshop_goods goods LEFT JOIN ccshop_detail detail ON goods.gid = detail.gid LEFT JOIN ccshop_brand brand ON goods.bid = brand.bid WHERE ( goods.gid = 12 ) LIMIT 1   [ RunTime:0.001441s ]
SQL: SHOW COLUMNS FROM `ccshop_goods_attr` [ RunTime:0.001150s ]
SQL: SELECT `gtid`,`gtvalue`,`added`,`taid` FROM `ccshop_goods_attr` WHERE ( `gid` = 12 )  [ RunTime:0.000307s ]
SQL: SHOW COLUMNS FROM `ccshop_type_attr` [ RunTime:0.001100s ]
SQL: SELECT `taname`,`class` FROM `ccshop_type_attr` WHERE ( `taid` = 1 ) LIMIT 1   [ RunTime:0.000255s ]
SQL: SELECT `taname`,`class` FROM `ccshop_type_attr` WHERE ( `taid` = 2 ) LIMIT 1   [ RunTime:0.000203s ]
SQL: SELECT `taname`,`class` FROM `ccshop_type_attr` WHERE ( `taid` = 3 ) LIMIT 1   [ RunTime:0.000184s ]
SQL: SELECT `taname`,`class` FROM `ccshop_type_attr` WHERE ( `taid` = 4 ) LIMIT 1   [ RunTime:0.000183s ]
SQL: SELECT `taname`,`class` FROM `ccshop_type_attr` WHERE ( `taid` = 5 ) LIMIT 1   [ RunTime:0.000149s ]
SQL: SELECT `taname`,`class` FROM `ccshop_type_attr` WHERE ( `taid` = 6 ) LIMIT 1   [ RunTime:0.000179s ]
SQL: SELECT `taname`,`class` FROM `ccshop_type_attr` WHERE ( `taid` = 7 ) LIMIT 1   [ RunTime:0.000147s ]
SQL: SELECT `taname`,`class` FROM `ccshop_type_attr` WHERE ( `taid` = 8 ) LIMIT 1   [ RunTime:0.000176s ]
SQL: SELECT `taname`,`class` FROM `ccshop_type_attr` WHERE ( `taid` = 9 ) LIMIT 1   [ RunTime:0.000143s ]
SQL: SELECT `taname`,`class` FROM `ccshop_type_attr` WHERE ( `taid` = 10 ) LIMIT 1   [ RunTime:0.000176s ]
SQL: SELECT `taname`,`class` FROM `ccshop_type_attr` WHERE ( `taid` = 11 ) LIMIT 1   [ RunTime:0.000156s ]
SQL: SELECT `taname`,`class` FROM `ccshop_type_attr` WHERE ( `taid` = 12 ) LIMIT 1   [ RunTime:0.000216s ]
SQL: SELECT `taname`,`class` FROM `ccshop_type_attr` WHERE ( `taid` = 13 ) LIMIT 1   [ RunTime:0.000207s ]
SQL: SHOW COLUMNS FROM `ccshop_goods_list` [ RunTime:0.001080s ]
SQL: SELECT `inventory` FROM `ccshop_goods_list` WHERE ( `gid` = 12 )  [ RunTime:0.000558s ]
SQL: SHOW COLUMNS FROM `ccshop_remark` [ RunTime:0.001181s ]
SQL: SELECT COUNT(*) AS tp_count FROM `ccshop_remark` WHERE ( `gid` = 12 ) LIMIT 1   [ RunTime:0.000283s ]
SQL: SELECT `content`,`uname`,`time` FROM `ccshop_remark` WHERE ( `gid` = 12 ) ORDER BY time DESC LIMIT 0,5   [ RunTime:0.002427s ]
SQL: SELECT `cid` FROM `ccshop_goods` WHERE ( `gid` = 12 ) LIMIT 1   [ RunTime:0.000275s ]
SQL: SHOW COLUMNS FROM `ccshop_category` [ RunTime:0.001110s ]
SQL: SELECT `pid`,`cname`,`cid` FROM `ccshop_category` WHERE ( `cid` = 13 )  [ RunTime:0.000251s ]
SQL: SELECT `pid`,`cname`,`cid` FROM `ccshop_category` WHERE ( `cid` = 4 )  [ RunTime:0.000223s ]
SQL: SELECT `pid`,`cname`,`cid` FROM `ccshop_category` WHERE ( `cid` = 1 )  [ RunTime:0.000208s ]
SQL: SELECT `gid`,`gname`,`pic`,`click`,`shopprice` FROM `ccshop_goods` WHERE ( `cid` = 13 ) ORDER BY rand() LIMIT 10   [ RunTime:0.000354s ]
INFO: [ view_parse ] --START--
INFO: ParseTemplate Behavior ::run [ RunTime:0.027103s ]
INFO: [ view_parse ] --END-- [ RunTime:0.027235s ]
INFO: [ view_filter ] --START--
INFO: ContentReplace Behavior ::run [ RunTime:0.000328s ]
INFO: TokenBuild Behavior ::run [ RunTime:0.000250s ]
INFO: WriteHtmlCache Behavior ::run [ RunTime:0.000137s ]
INFO: ShowRuntime Behavior ::run [ RunTime:0.000434s ]
INFO: [ view_filter ] --END-- [ RunTime:0.001303s ]
INFO: [ view_end ] --START--
INFO: ShowPageTrace Behavior ::run [ RunTime:0.000682s ]
INFO: [ view_end ] --END-- [ RunTime:0.000773s ]

[ 2016-02-27T08:34:05+08:00 ] 0.0.0.0 /cc-/Show/verify.html
INFO: [ route_check ] --START--
INFO: CheckRoute Behavior ::run [ RunTime:0.000777s ]
INFO: [ route_check ] --END-- [ RunTime:0.000869s ]
INFO: [ app_begin ] --START--
INFO: ReadHtmlCache Behavior ::run [ RunTime:0.000427s ]
INFO: [ app_begin ] --END-- [ RunTime:0.000499s ]

[ 2016-02-27T08:34:10+08:00 ] 0.0.0.0 /cc-/Show/addCart.html
INFO: [ route_check ] --START--
INFO: CheckRoute Behavior ::run [ RunTime:0.000613s ]
INFO: [ route_check ] --END-- [ RunTime:0.000692s ]
INFO: [ app_begin ] --START--
INFO: ReadHtmlCache Behavior ::run [ RunTime:0.000377s ]
INFO: [ app_begin ] --END-- [ RunTime:0.000430s ]
SQL: SHOW COLUMNS FROM `ccshop_goods_list` [ RunTime:0.008616s ]
SQL: SELECT `glid`,`combine`,`number`,`inventory`,`gid` FROM `ccshop_goods_list` WHERE ( `combine` = '195,197' ) LIMIT 1   [ RunTime:0.000809s ]

[ 2016-02-27T08:34:12+08:00 ] 0.0.0.0 /cc-/Cart/index.html
INFO: [ route_check ] --START--
INFO: CheckRoute Behavior ::run [ RunTime:0.000615s ]
INFO: [ route_check ] --END-- [ RunTime:0.000696s ]
INFO: [ app_begin ] --START--
INFO: ReadHtmlCache Behavior ::run [ RunTime:0.000379s ]
INFO: [ app_begin ] --END-- [ RunTime:0.000440s ]
SQL: SHOW COLUMNS FROM `ccshop_goods_list` [ RunTime:0.001157s ]
SQL: SELECT `combine`,`gid`,`number` FROM `ccshop_goods_list` WHERE ( `glid` = 28 ) LIMIT 1   [ RunTime:0.000608s ]
SQL: SHOW COLUMNS FROM `ccshop_goods` [ RunTime:0.001118s ]
SQL: SELECT `gname`,`shopprice` FROM `ccshop_goods` WHERE ( `gid` = 12 ) LIMIT 1   [ RunTime:0.000231s ]
SQL: SHOW COLUMNS FROM `ccshop_detail` [ RunTime:0.001083s ]
SQL: SELECT `small` FROM `ccshop_detail` WHERE ( `gid` = 12 ) LIMIT 1   [ RunTime:0.000294s ]
SQL: SHOW COLUMNS FROM `ccshop_goods_attr` [ RunTime:0.001458s ]
SQL: SELECT `gtvalue`,`added` FROM `ccshop_goods_attr` WHERE ( `gtid` = 195 ) LIMIT 1   [ RunTime:0.001578s ]
SQL: SELECT `gtvalue`,`added` FROM `ccshop_goods_attr` WHERE ( `gtid` = 197 ) LIMIT 1   [ RunTime:0.000248s ]
INFO: [ view_parse ] --START--
INFO: ParseTemplate Behavior ::run [ RunTime:0.017990s ]
INFO: [ view_parse ] --END-- [ RunTime:0.018077s ]
INFO: [ view_filter ] --START--
INFO: ContentReplace Behavior ::run [ RunTime:0.000269s ]
INFO: TokenBuild Behavior ::run [ RunTime:0.000244s ]
INFO: WriteHtmlCache Behavior ::run [ RunTime:0.000136s ]
INFO: ShowRuntime Behavior ::run [ RunTime:0.000308s ]
INFO: [ view_filter ] --END-- [ RunTime:0.001103s ]
INFO: [ view_end ] --START--
INFO: ShowPageTrace Behavior ::run [ RunTime:0.000437s ]
INFO: [ view_end ] --END-- [ RunTime:0.000490s ]

[ 2016-02-27T08:34:25+08:00 ] 0.0.0.0 /cc-/Cart/index.html
INFO: [ route_check ] --START--
INFO: CheckRoute Behavior ::run [ RunTime:0.000839s ]
INFO: [ route_check ] --END-- [ RunTime:0.001010s ]
INFO: [ app_begin ] --START--
INFO: ReadHtmlCache Behavior ::run [ RunTime:0.000451s ]
INFO: [ app_begin ] --END-- [ RunTime:0.000542s ]
SQL: SHOW COLUMNS FROM `ccshop_goods_list` [ RunTime:0.001240s ]
SQL: SELECT `combine`,`gid`,`number` FROM `ccshop_goods_list` WHERE ( `glid` = 28 ) LIMIT 1   [ RunTime:0.000313s ]
SQL: SHOW COLUMNS FROM `ccshop_goods` [ RunTime:0.002269s ]
SQL: SELECT `gname`,`shopprice` FROM `ccshop_goods` WHERE ( `gid` = 12 ) LIMIT 1   [ RunTime:0.000316s ]
SQL: SHOW COLUMNS FROM `ccshop_detail` [ RunTime:0.002681s ]
SQL: SELECT `small` FROM `ccshop_detail` WHERE ( `gid` = 12 ) LIMIT 1   [ RunTime:0.000320s ]
SQL: SHOW COLUMNS FROM `ccshop_goods_attr` [ RunTime:0.001073s ]
SQL: SELECT `gtvalue`,`added` FROM `ccshop_goods_attr` WHERE ( `gtid` = 195 ) LIMIT 1   [ RunTime:0.000292s ]
SQL: SELECT `gtvalue`,`added` FROM `ccshop_goods_attr` WHERE ( `gtid` = 197 ) LIMIT 1   [ RunTime:0.000211s ]
INFO: [ view_parse ] --START--
INFO: ParseTemplate Behavior ::run [ RunTime:0.020169s ]
INFO: [ view_parse ] --END-- [ RunTime:0.020266s ]
INFO: [ view_filter ] --START--
INFO: ContentReplace Behavior ::run [ RunTime:0.000658s ]
INFO: TokenBuild Behavior ::run [ RunTime:0.000429s ]
INFO: WriteHtmlCache Behavior ::run [ RunTime:0.000209s ]
INFO: ShowRuntime Behavior ::run [ RunTime:0.000439s ]
INFO: [ view_filter ] --END-- [ RunTime:0.001948s ]
INFO: [ view_end ] --START--
INFO: ShowPageTrace Behavior ::run [ RunTime:0.000549s ]
INFO: [ view_end ] --END-- [ RunTime:0.000616s ]

[ 2016-02-27T08:34:30+08:00 ] 0.0.0.0 /cc-/c/4_0.html
INFO: [ route_check ] --START--
INFO: CheckRoute Behavior ::run [ RunTime:0.001337s ]
INFO: [ route_check ] --END-- [ RunTime:0.001537s ]
INFO: [ app_begin ] --START--
INFO: ReadHtmlCache Behavior ::run [ RunTime:0.000520s ]
INFO: [ app_begin ] --END-- [ RunTime:0.000628s ]
SQL: SHOW COLUMNS FROM `ccshop_goods` [ RunTime:0.001247s ]
SQL: SELECT COUNT(*) AS tp_count FROM `ccshop_goods` WHERE ( `gid` IN(1,2,3,4,5,6,7,8,9,10,11,12) ) LIMIT 1   [ RunTime:0.000304s ]
SQL: SELECT `gid`,`gname`,`marketprice`,`shopprice`,`pic` FROM `ccshop_goods` WHERE ( `gid` IN(1,2,3,4,5,6,7,8,9,10,11,12) ) ORDER BY time DESC LIMIT 0,8   [ RunTime:0.000341s ]
SQL: SELECT `gid`,`gname`,`pic`,`click`,`shopprice` FROM `ccshop_goods` WHERE ( `cid` = 13 ) ORDER BY rand() LIMIT 4   [ RunTime:0.000328s ]
SQL: SELECT `gid`,`gname`,`pic`,`click`,`shopprice` FROM `ccshop_goods` WHERE ( `cid` = 13 ) ORDER BY rand() LIMIT 5   [ RunTime:0.000416s ]
SQL: SHOW COLUMNS FROM `ccshop_category` [ RunTime:0.001136s ]
SQL: SELECT `cid`,`cname` FROM `ccshop_category` WHERE ( `pid` = 4 )  [ RunTime:0.000368s ]
SQL: SELECT `cname` FROM `ccshop_category` WHERE ( `cid` = 4 ) LIMIT 1   [ RunTime:0.000260s ]
SQL: SELECT `pid`,`cname`,`cid` FROM `ccshop_category` WHERE ( `cid` = 4 )  [ RunTime:0.000216s ]
SQL: SELECT `pid`,`cname`,`cid` FROM `ccshop_category` WHERE ( `cid` = 1 )  [ RunTime:0.000174s ]
INFO: [ view_parse ] --START--
INFO: ParseTemplate Behavior ::run [ RunTime:0.031657s ]
INFO: [ view_parse ] --END-- [ RunTime:0.031757s ]
INFO: [ view_filter ] --START--
INFO: ContentReplace Behavior ::run [ RunTime:0.000609s ]
INFO: TokenBuild Behavior ::run [ RunTime:0.000396s ]
INFO: WriteHtmlCache Behavior ::run [ RunTime:0.000172s ]
INFO: ShowRuntime Behavior ::run [ RunTime:0.000352s ]
INFO: [ view_filter ] --END-- [ RunTime:0.001699s ]
INFO: [ view_end ] --START--
INFO: ShowPageTrace Behavior ::run [ RunTime:0.000734s ]
INFO: [ view_end ] --END-- [ RunTime:0.000887s ]

[ 2016-02-27T08:34:49+08:00 ] 0.0.0.0 /cc-/12.html
INFO: [ route_check ] --START--
INFO: CheckRoute Behavior ::run [ RunTime:0.000697s ]
INFO: [ route_check ] --END-- [ RunTime:0.000783s ]
INFO: [ app_begin ] --START--
INFO: ReadHtmlCache Behavior ::run [ RunTime:0.000389s ]
INFO: [ app_begin ] --END-- [ RunTime:0.000453s ]
SQL: SHOW COLUMNS FROM `ccshop_goods` [ RunTime:0.009071s ]
SQL: SHOW COLUMNS FROM `ccshop_detail` [ RunTime:0.001062s ]
SQL: SHOW COLUMNS FROM `ccshop_brand` [ RunTime:0.000949s ]
SQL: SELECT goods.gid AS gid,goods.gname AS gname,goods.unit AS unit,goods.marketprice AS marketprice,goods.shopprice AS shopprice,goods.click AS click,goods.time AS time,detail.small AS small,detail.medium AS medium,detail.big AS big,detail.intro AS intro,detail.service AS service,brand.logo AS logo FROM ccshop_goods goods LEFT JOIN ccshop_detail detail ON goods.gid = detail.gid LEFT JOIN ccshop_brand brand ON goods.bid = brand.bid WHERE ( goods.gid = 12 ) LIMIT 1   [ RunTime:0.000355s ]
SQL: SHOW COLUMNS FROM `ccshop_goods_attr` [ RunTime:0.000920s ]
SQL: SELECT `gtid`,`gtvalue`,`added`,`taid` FROM `ccshop_goods_attr` WHERE ( `gid` = 12 )  [ RunTime:0.000251s ]
SQL: SHOW COLUMNS FROM `ccshop_type_attr` [ RunTime:0.000884s ]
SQL: SELECT `taname`,`class` FROM `ccshop_type_attr` WHERE ( `taid` = 1 ) LIMIT 1   [ RunTime:0.000252s ]
SQL: SELECT `taname`,`class` FROM `ccshop_type_attr` WHERE ( `taid` = 2 ) LIMIT 1   [ RunTime:0.000187s ]
SQL: SELECT `taname`,`class` FROM `ccshop_type_attr` WHERE ( `taid` = 3 ) LIMIT 1   [ RunTime:0.000179s ]
SQL: SELECT `taname`,`class` FROM `ccshop_type_attr` WHERE ( `taid` = 4 ) LIMIT 1   [ RunTime:0.000161s ]
SQL: SELECT `taname`,`class` FROM `ccshop_type_attr` WHERE ( `taid` = 5 ) LIMIT 1   [ RunTime:0.000358s ]
SQL: SELECT `taname`,`class` FROM `ccshop_type_attr` WHERE ( `taid` = 6 ) LIMIT 1   [ RunTime:0.000230s ]
SQL: SELECT `taname`,`class` FROM `ccshop_type_attr` WHERE ( `taid` = 7 ) LIMIT 1   [ RunTime:0.000187s ]
SQL: SELECT `taname`,`class` FROM `ccshop_type_attr` WHERE ( `taid` = 8 ) LIMIT 1   [ RunTime:0.000151s ]
SQL: SELECT `taname`,`class` FROM `ccshop_type_attr` WHERE ( `taid` = 9 ) LIMIT 1   [ RunTime:0.000163s ]
SQL: SELECT `taname`,`class` FROM `ccshop_type_attr` WHERE ( `taid` = 10 ) LIMIT 1   [ RunTime:0.000146s ]
SQL: SELECT `taname`,`class` FROM `ccshop_type_attr` WHERE ( `taid` = 11 ) LIMIT 1   [ RunTime:0.000177s ]
SQL: SELECT `taname`,`class` FROM `ccshop_type_attr` WHERE ( `taid` = 12 ) LIMIT 1   [ RunTime:0.000178s ]
SQL: SELECT `taname`,`class` FROM `ccshop_type_attr` WHERE ( `taid` = 13 ) LIMIT 1   [ RunTime:0.000162s ]
SQL: SHOW COLUMNS FROM `ccshop_goods_list` [ RunTime:0.000998s ]
SQL: SELECT `inventory` FROM `ccshop_goods_list` WHERE ( `gid` = 12 )  [ RunTime:0.000282s ]
SQL: SHOW COLUMNS FROM `ccshop_remark` [ RunTime:0.001193s ]
SQL: SELECT COUNT(*) AS tp_count FROM `ccshop_remark` WHERE ( `gid` = 12 ) LIMIT 1   [ RunTime:0.000246s ]
SQL: SELECT `content`,`uname`,`time` FROM `ccshop_remark` WHERE ( `gid` = 12 ) ORDER BY time DESC LIMIT 0,5   [ RunTime:0.000360s ]
SQL: SELECT `cid` FROM `ccshop_goods` WHERE ( `gid` = 12 ) LIMIT 1   [ RunTime:0.000213s ]
SQL: SHOW COLUMNS FROM `ccshop_category` [ RunTime:0.001095s ]
SQL: SELECT `pid`,`cname`,`cid` FROM `ccshop_category` WHERE ( `cid` = 13 )  [ RunTime:0.000225s ]
SQL: SELECT `pid`,`cname`,`cid` FROM `ccshop_category` WHERE ( `cid` = 4 )  [ RunTime:0.000217s ]
SQL: SELECT `pid`,`cname`,`cid` FROM `ccshop_category` WHERE ( `cid` = 1 )  [ RunTime:0.000209s ]
SQL: SELECT `gid`,`gname`,`pic`,`click`,`shopprice` FROM `ccshop_goods` WHERE ( `cid` = 13 ) ORDER BY rand() LIMIT 10   [ RunTime:0.000389s ]
INFO: [ view_parse ] --START--
INFO: ParseTemplate Behavior ::run [ RunTime:0.029353s ]
INFO: [ view_parse ] --END-- [ RunTime:0.029447s ]
INFO: [ view_filter ] --START--
INFO: ContentReplace Behavior ::run [ RunTime:0.000456s ]
INFO: TokenBuild Behavior ::run [ RunTime:0.000350s ]
INFO: WriteHtmlCache Behavior ::run [ RunTime:0.000144s ]
INFO: ShowRuntime Behavior ::run [ RunTime:0.000377s ]
INFO: [ view_filter ] --END-- [ RunTime:0.001527s ]
INFO: [ view_end ] --START--
INFO: ShowPageTrace Behavior ::run [ RunTime:0.000705s ]
INFO: [ view_end ] --END-- [ RunTime:0.000803s ]

[ 2016-02-27T08:34:49+08:00 ] 0.0.0.0 /cc-/Show/verify.html
INFO: [ route_check ] --START--
INFO: CheckRoute Behavior ::run [ RunTime:0.001013s ]
INFO: [ route_check ] --END-- [ RunTime:0.001135s ]
INFO: [ app_begin ] --START--
INFO: ReadHtmlCache Behavior ::run [ RunTime:0.000437s ]
INFO: [ app_begin ] --END-- [ RunTime:0.000515s ]

[ 2016-02-27T08:35:51+08:00 ] 0.0.0.0 /cc-/Show/addCart.html
INFO: [ route_check ] --START--
INFO: CheckRoute Behavior ::run [ RunTime:0.000629s ]
INFO: [ route_check ] --END-- [ RunTime:0.000711s ]
INFO: [ app_begin ] --START--
INFO: ReadHtmlCache Behavior ::run [ RunTime:0.000392s ]
INFO: [ app_begin ] --END-- [ RunTime:0.000446s ]
SQL: SHOW COLUMNS FROM `ccshop_goods_list` [ RunTime:0.008942s ]
SQL: SELECT `glid`,`combine`,`number`,`inventory`,`gid` FROM `ccshop_goods_list` WHERE ( `combine` = '195,197' ) LIMIT 1   [ RunTime:0.000253s ]

[ 2016-02-27T08:35:54+08:00 ] 0.0.0.0 /cc-/Cart/index.html
INFO: [ route_check ] --START--
INFO: CheckRoute Behavior ::run [ RunTime:0.000685s ]
INFO: [ route_check ] --END-- [ RunTime:0.000772s ]
INFO: [ app_begin ] --START--
INFO: ReadHtmlCache Behavior ::run [ RunTime:0.000430s ]
INFO: [ app_begin ] --END-- [ RunTime:0.000504s ]
SQL: SHOW COLUMNS FROM `ccshop_goods_list` [ RunTime:0.009795s ]
SQL: SELECT `combine`,`gid`,`number` FROM `ccshop_goods_list` WHERE ( `glid` = 28 ) LIMIT 1   [ RunTime:0.000397s ]
SQL: SHOW COLUMNS FROM `ccshop_goods` [ RunTime:0.001554s ]
SQL: SELECT `gname`,`shopprice` FROM `ccshop_goods` WHERE ( `gid` = 12 ) LIMIT 1   [ RunTime:0.000247s ]
SQL: SHOW COLUMNS FROM `ccshop_detail` [ RunTime:0.001149s ]
SQL: SELECT `small` FROM `ccshop_detail` WHERE ( `gid` = 12 ) LIMIT 1   [ RunTime:0.000350s ]
SQL: SHOW COLUMNS FROM `ccshop_goods_attr` [ RunTime:0.001456s ]
SQL: SELECT `gtvalue`,`added` FROM `ccshop_goods_attr` WHERE ( `gtid` = 195 ) LIMIT 1   [ RunTime:0.000257s ]
SQL: SELECT `gtvalue`,`added` FROM `ccshop_goods_attr` WHERE ( `gtid` = 197 ) LIMIT 1   [ RunTime:0.000205s ]
INFO: [ view_parse ] --START--
INFO: ParseTemplate Behavior ::run [ RunTime:0.018677s ]
INFO: [ view_parse ] --END-- [ RunTime:0.018766s ]
INFO: [ view_filter ] --START--
INFO: ContentReplace Behavior ::run [ RunTime:0.000312s ]
INFO: TokenBuild Behavior ::run [ RunTime:0.000274s ]
INFO: WriteHtmlCache Behavior ::run [ RunTime:0.000155s ]
INFO: ShowRuntime Behavior ::run [ RunTime:0.000346s ]
INFO: [ view_filter ] --END-- [ RunTime:0.001249s ]
INFO: [ view_end ] --START--
INFO: ShowPageTrace Behavior ::run [ RunTime:0.000666s ]
INFO: [ view_end ] --END-- [ RunTime:0.000730s ]

[ 2016-02-27T08:36:16+08:00 ] 0.0.0.0 /cc-/Cart/delOne/session_key/0.html
INFO: [ route_check ] --START--
INFO: CheckRoute Behavior ::run [ RunTime:0.001000s ]
INFO: [ route_check ] --END-- [ RunTime:0.001114s ]
INFO: [ app_begin ] --START--
INFO: ReadHtmlCache Behavior ::run [ RunTime:0.000460s ]
INFO: [ app_begin ] --END-- [ RunTime:0.000539s ]

[ 2016-02-27T08:36:16+08:00 ] 0.0.0.0 /cc-/Cart/index.html
INFO: [ route_check ] --START--
INFO: CheckRoute Behavior ::run [ RunTime:0.000621s ]
INFO: [ route_check ] --END-- [ RunTime:0.000702s ]
INFO: [ app_begin ] --START--
INFO: ReadHtmlCache Behavior ::run [ RunTime:0.000376s ]
INFO: [ app_begin ] --END-- [ RunTime:0.000438s ]
INFO: [ view_parse ] --START--
INFO: ParseTemplate Behavior ::run [ RunTime:0.016712s ]
INFO: [ view_parse ] --END-- [ RunTime:0.016790s ]
INFO: [ view_filter ] --START--
INFO: ContentReplace Behavior ::run [ RunTime:0.000382s ]
INFO: TokenBuild Behavior ::run [ RunTime:0.000270s ]
INFO: WriteHtmlCache Behavior ::run [ RunTime:0.000178s ]
INFO: ShowRuntime Behavior ::run [ RunTime:0.000367s ]
INFO: [ view_filter ] --END-- [ RunTime:0.001374s ]
INFO: [ view_end ] --START--
INFO: ShowPageTrace Behavior ::run [ RunTime:0.000498s ]
INFO: [ view_end ] --END-- [ RunTime:0.000555s ]

[ 2016-02-27T08:40:23+08:00 ] 0.0.0.0 /cc-/Show/addCart.html
INFO: [ route_check ] --START--
INFO: CheckRoute Behavior ::run [ RunTime:0.000837s ]
INFO: [ route_check ] --END-- [ RunTime:0.001004s ]
INFO: [ app_begin ] --START--
INFO: ReadHtmlCache Behavior ::run [ RunTime:0.000446s ]
INFO: [ app_begin ] --END-- [ RunTime:0.000503s ]
SQL: SHOW COLUMNS FROM `ccshop_goods_list` [ RunTime:0.001326s ]
SQL: SELECT `glid`,`combine`,`number`,`inventory`,`gid` FROM `ccshop_goods_list` WHERE ( `combine` = '195,197' ) LIMIT 1   [ RunTime:0.000322s ]

[ 2016-02-27T08:40:25+08:00 ] 0.0.0.0 /cc-/Cart/index.html
INFO: [ route_check ] --START--
INFO: CheckRoute Behavior ::run [ RunTime:0.000628s ]
INFO: [ route_check ] --END-- [ RunTime:0.000710s ]
INFO: [ app_begin ] --START--
INFO: ReadHtmlCache Behavior ::run [ RunTime:0.000480s ]
INFO: [ app_begin ] --END-- [ RunTime:0.000560s ]
SQL: SHOW COLUMNS FROM `ccshop_goods_list` [ RunTime:0.009199s ]
SQL: SELECT `combine`,`gid`,`number` FROM `ccshop_goods_list` WHERE ( `glid` = 28 ) LIMIT 1   [ RunTime:0.000248s ]
SQL: SHOW COLUMNS FROM `ccshop_goods` [ RunTime:0.001309s ]
SQL: SELECT `gname`,`shopprice` FROM `ccshop_goods` WHERE ( `gid` = 12 ) LIMIT 1   [ RunTime:0.000334s ]
SQL: SHOW COLUMNS FROM `ccshop_detail` [ RunTime:0.001791s ]
SQL: SELECT `small` FROM `ccshop_detail` WHERE ( `gid` = 12 ) LIMIT 1   [ RunTime:0.000317s ]
SQL: SHOW COLUMNS FROM `ccshop_goods_attr` [ RunTime:0.001051s ]
SQL: SELECT `gtvalue`,`added` FROM `ccshop_goods_attr` WHERE ( `gtid` = 195 ) LIMIT 1   [ RunTime:0.000279s ]
SQL: SELECT `gtvalue`,`added` FROM `ccshop_goods_attr` WHERE ( `gtid` = 197 ) LIMIT 1   [ RunTime:0.000180s ]
INFO: [ view_parse ] --START--
INFO: ParseTemplate Behavior ::run [ RunTime:0.018505s ]
INFO: [ view_parse ] --END-- [ RunTime:0.018595s ]
INFO: [ view_filter ] --START--
INFO: ContentReplace Behavior ::run [ RunTime:0.000298s ]
INFO: TokenBuild Behavior ::run [ RunTime:0.000265s ]
INFO: WriteHtmlCache Behavior ::run [ RunTime:0.000148s ]
INFO: ShowRuntime Behavior ::run [ RunTime:0.000331s ]
INFO: [ view_filter ] --END-- [ RunTime:0.001192s ]
INFO: [ view_end ] --START--
INFO: ShowPageTrace Behavior ::run [ RunTime:0.000442s ]
INFO: [ view_end ] --END-- [ RunTime:0.000494s ]

[ 2016-02-27T08:40:30+08:00 ] 0.0.0.0 /cc-/c/4_0.html
INFO: [ route_check ] --START--
INFO: CheckRoute Behavior ::run [ RunTime:0.000675s ]
INFO: [ route_check ] --END-- [ RunTime:0.000753s ]
INFO: [ app_begin ] --START--
INFO: ReadHtmlCache Behavior ::run [ RunTime:0.000380s ]
INFO: [ app_begin ] --END-- [ RunTime:0.000442s ]
SQL: SHOW COLUMNS FROM `ccshop_goods` [ RunTime:0.009309s ]
SQL: SELECT COUNT(*) AS tp_count FROM `ccshop_goods` WHERE ( `gid` IN(1,2,3,4,5,6,7,8,9,10,11,12) ) LIMIT 1   [ RunTime:0.000288s ]
SQL: SELECT `gid`,`gname`,`marketprice`,`shopprice`,`pic` FROM `ccshop_goods` WHERE ( `gid` IN(1,2,3,4,5,6,7,8,9,10,11,12) ) ORDER BY time DESC LIMIT 0,8   [ RunTime:0.001733s ]
SQL: SELECT `gid`,`gname`,`pic`,`click`,`shopprice` FROM `ccshop_goods` WHERE ( `cid` = 13 ) ORDER BY rand() LIMIT 4   [ RunTime:0.000394s ]
SQL: SELECT `gid`,`gname`,`pic`,`click`,`shopprice` FROM `ccshop_goods` WHERE ( `cid` = 13 ) ORDER BY rand() LIMIT 5   [ RunTime:0.000326s ]
SQL: SHOW COLUMNS FROM `ccshop_category` [ RunTime:0.001288s ]
SQL: SELECT `cid`,`cname` FROM `ccshop_category` WHERE ( `pid` = 4 )  [ RunTime:0.000274s ]
SQL: SELECT `cname` FROM `ccshop_category` WHERE ( `cid` = 4 ) LIMIT 1   [ RunTime:0.000207s ]
SQL: SELECT `pid`,`cname`,`cid` FROM `ccshop_category` WHERE ( `cid` = 4 )  [ RunTime:0.000255s ]
SQL: SELECT `pid`,`cname`,`cid` FROM `ccshop_category` WHERE ( `cid` = 1 )  [ RunTime:0.000205s ]
INFO: [ view_parse ] --START--
INFO: ParseTemplate Behavior ::run [ RunTime:0.030634s ]
INFO: [ view_parse ] --END-- [ RunTime:0.030724s ]
INFO: [ view_filter ] --START--
INFO: ContentReplace Behavior ::run [ RunTime:0.000652s ]
INFO: TokenBuild Behavior ::run [ RunTime:0.000315s ]
INFO: WriteHtmlCache Behavior ::run [ RunTime:0.000164s ]
INFO: ShowRuntime Behavior ::run [ RunTime:0.000374s ]
INFO: [ view_filter ] --END-- [ RunTime:0.001700s ]
INFO: [ view_end ] --START--
INFO: ShowPageTrace Behavior ::run [ RunTime:0.000585s ]
INFO: [ view_end ] --END-- [ RunTime:0.000684s ]

[ 2016-02-27T08:40:31+08:00 ] 0.0.0.0 /cc-/11.html
INFO: [ route_check ] --START--
INFO: CheckRoute Behavior ::run [ RunTime:0.000805s ]
INFO: [ route_check ] --END-- [ RunTime:0.000901s ]
INFO: [ app_begin ] --START--
INFO: ReadHtmlCache Behavior ::run [ RunTime:0.000457s ]
INFO: [ app_begin ] --END-- [ RunTime:0.000531s ]
SQL: SHOW COLUMNS FROM `ccshop_goods` [ RunTime:0.009551s ]
SQL: SHOW COLUMNS FROM `ccshop_detail` [ RunTime:0.001999s ]
SQL: SHOW COLUMNS FROM `ccshop_brand` [ RunTime:0.001273s ]
SQL: SELECT goods.gid AS gid,goods.gname AS gname,goods.unit AS unit,goods.marketprice AS marketprice,goods.shopprice AS shopprice,goods.click AS click,goods.time AS time,detail.small AS small,detail.medium AS medium,detail.big AS big,detail.intro AS intro,detail.service AS service,brand.logo AS logo FROM ccshop_goods goods LEFT JOIN ccshop_detail detail ON goods.gid = detail.gid LEFT JOIN ccshop_brand brand ON goods.bid = brand.bid WHERE ( goods.gid = 11 ) LIMIT 1   [ RunTime:0.000783s ]
SQL: SHOW COLUMNS FROM `ccshop_goods_attr` [ RunTime:0.001085s ]
SQL: SELECT `gtid`,`gtvalue`,`added`,`taid` FROM `ccshop_goods_attr` WHERE ( `gid` = 11 )  [ RunTime:0.000322s ]
SQL: SHOW COLUMNS FROM `ccshop_type_attr` [ RunTime:0.001028s ]
SQL: SELECT `taname`,`class` FROM `ccshop_type_attr` WHERE ( `taid` = 1 ) LIMIT 1   [ RunTime:0.000229s ]
SQL: SELECT `taname`,`class` FROM `ccshop_type_attr` WHERE ( `taid` = 2 ) LIMIT 1   [ RunTime:0.000210s ]
SQL: SELECT `taname`,`class` FROM `ccshop_type_attr` WHERE ( `taid` = 3 ) LIMIT 1   [ RunTime:0.000204s ]
SQL: SELECT `taname`,`class` FROM `ccshop_type_attr` WHERE ( `taid` = 4 ) LIMIT 1   [ RunTime:0.000207s ]
SQL: SELECT `taname`,`class` FROM `ccshop_type_attr` WHERE ( `taid` = 5 ) LIMIT 1   [ RunTime:0.000213s ]
SQL: SELECT `taname`,`class` FROM `ccshop_type_attr` WHERE ( `taid` = 6 ) LIMIT 1   [ RunTime:0.000236s ]
SQL: SELECT `taname`,`class` FROM `ccshop_type_attr` WHERE ( `taid` = 7 ) LIMIT 1   [ RunTime:0.000207s ]
SQL: SELECT `taname`,`class` FROM `ccshop_type_attr` WHERE ( `taid` = 8 ) LIMIT 1   [ RunTime:0.000192s ]
SQL: SELECT `taname`,`class` FROM `ccshop_type_attr` WHERE ( `taid` = 9 ) LIMIT 1   [ RunTime:0.000191s ]
SQL: SELECT `taname`,`class` FROM `ccshop_type_attr` WHERE ( `taid` = 10 ) LIMIT 1   [ RunTime:0.000191s ]
SQL: SELECT `taname`,`class` FROM `ccshop_type_attr` WHERE ( `taid` = 11 ) LIMIT 1   [ RunTime:0.000198s ]
SQL: SELECT `taname`,`class` FROM `ccshop_type_attr` WHERE ( `taid` = 12 ) LIMIT 1   [ RunTime:0.000190s ]
SQL: SELECT `taname`,`class` FROM `ccshop_type_attr` WHERE ( `taid` = 13 ) LIMIT 1   [ RunTime:0.000213s ]
SQL: SHOW COLUMNS FROM `ccshop_goods_list` [ RunTime:0.001193s ]
SQL: SELECT `inventory` FROM `ccshop_goods_list` WHERE ( `gid` = 11 )  [ RunTime:0.000247s ]
SQL: SHOW COLUMNS FROM `ccshop_remark` [ RunTime:0.001139s ]
SQL: SELECT COUNT(*) AS tp_count FROM `ccshop_remark` WHERE ( `gid` = 11 ) LIMIT 1   [ RunTime:0.000261s ]
SQL: SELECT `content`,`uname`,`time` FROM `ccshop_remark` WHERE ( `gid` = 11 ) ORDER BY time DESC LIMIT 0,5   [ RunTime:0.000222s ]
SQL: SELECT `cid` FROM `ccshop_goods` WHERE ( `gid` = 11 ) LIMIT 1   [ RunTime:0.000182s ]
SQL: SHOW COLUMNS FROM `ccshop_category` [ RunTime:0.001117s ]
SQL: SELECT `pid`,`cname`,`cid` FROM `ccshop_category` WHERE ( `cid` = 13 )  [ RunTime:0.000212s ]
SQL: SELECT `pid`,`cname`,`cid` FROM `ccshop_category` WHERE ( `cid` = 4 )  [ RunTime:0.000156s ]
SQL: SELECT `pid`,`cname`,`cid` FROM `ccshop_category` WHERE ( `cid` = 1 )  [ RunTime:0.000154s ]
SQL: SELECT `gid`,`gname`,`pic`,`click`,`shopprice` FROM `ccshop_goods` WHERE ( `cid` = 13 ) ORDER BY rand() LIMIT 10   [ RunTime:0.000358s ]
INFO: [ view_parse ] --START--
INFO: ParseTemplate Behavior ::run [ RunTime:0.024786s ]
INFO: [ view_parse ] --END-- [ RunTime:0.024870s ]
INFO: [ view_filter ] --START--
INFO: ContentReplace Behavior ::run [ RunTime:0.000324s ]
INFO: TokenBuild Behavior ::run [ RunTime:0.000248s ]
INFO: WriteHtmlCache Behavior ::run [ RunTime:0.000137s ]
INFO: ShowRuntime Behavior ::run [ RunTime:0.000422s ]
INFO: [ view_filter ] --END-- [ RunTime:0.001287s ]
INFO: [ view_end ] --START--
INFO: ShowPageTrace Behavior ::run [ RunTime:0.000734s ]
INFO: [ view_end ] --END-- [ RunTime:0.000868s ]

[ 2016-02-27T08:40:32+08:00 ] 0.0.0.0 /cc-/Show/verify.html
INFO: [ route_check ] --START--
INFO: CheckRoute Behavior ::run [ RunTime:0.000877s ]
INFO: [ route_check ] --END-- [ RunTime:0.001066s ]
INFO: [ app_begin ] --START--
INFO: ReadHtmlCache Behavior ::run [ RunTime:0.000912s ]
INFO: [ app_begin ] --END-- [ RunTime:0.001029s ]

[ 2016-02-27T08:40:33+08:00 ] 0.0.0.0 /cc-/Show/addCart.html
INFO: [ route_check ] --START--
INFO: CheckRoute Behavior ::run [ RunTime:0.000619s ]
INFO: [ route_check ] --END-- [ RunTime:0.000699s ]
INFO: [ app_begin ] --START--
INFO: ReadHtmlCache Behavior ::run [ RunTime:0.000379s ]
INFO: [ app_begin ] --END-- [ RunTime:0.000430s ]
SQL: SHOW COLUMNS FROM `ccshop_goods_list` [ RunTime:0.001661s ]
SQL: SELECT `glid`,`combine`,`number`,`inventory`,`gid` FROM `ccshop_goods_list` WHERE ( `combine` = '180,183' ) LIMIT 1   [ RunTime:0.000363s ]

[ 2016-02-27T08:40:35+08:00 ] 0.0.0.0 /cc-/Cart/index.html
INFO: [ route_check ] --START--
INFO: CheckRoute Behavior ::run [ RunTime:0.001024s ]
INFO: [ route_check ] --END-- [ RunTime:0.001173s ]
INFO: [ app_begin ] --START--
INFO: ReadHtmlCache Behavior ::run [ RunTime:0.000466s ]
INFO: [ app_begin ] --END-- [ RunTime:0.000541s ]
SQL: SHOW COLUMNS FROM `ccshop_goods_list` [ RunTime:0.009218s ]
SQL: SELECT `combine`,`gid`,`number` FROM `ccshop_goods_list` WHERE ( `glid` = 28 ) LIMIT 1   [ RunTime:0.000258s ]
SQL: SHOW COLUMNS FROM `ccshop_goods` [ RunTime:0.001354s ]
SQL: SELECT `gname`,`shopprice` FROM `ccshop_goods` WHERE ( `gid` = 12 ) LIMIT 1   [ RunTime:0.000341s ]
SQL: SHOW COLUMNS FROM `ccshop_detail` [ RunTime:0.001991s ]
SQL: SELECT `small` FROM `ccshop_detail` WHERE ( `gid` = 12 ) LIMIT 1   [ RunTime:0.000294s ]
SQL: SHOW COLUMNS FROM `ccshop_goods_attr` [ RunTime:0.001440s ]
SQL: SELECT `gtvalue`,`added` FROM `ccshop_goods_attr` WHERE ( `gtid` = 195 ) LIMIT 1   [ RunTime:0.000300s ]
SQL: SELECT `gtvalue`,`added` FROM `ccshop_goods_attr` WHERE ( `gtid` = 197 ) LIMIT 1   [ RunTime:0.000239s ]
SQL: SELECT `combine`,`gid`,`number` FROM `ccshop_goods_list` WHERE ( `glid` = 24 ) LIMIT 1   [ RunTime:0.000341s ]
SQL: SELECT `gname`,`shopprice` FROM `ccshop_goods` WHERE ( `gid` = 11 ) LIMIT 1   [ RunTime:0.000586s ]
SQL: SELECT `small` FROM `ccshop_detail` WHERE ( `gid` = 11 ) LIMIT 1   [ RunTime:0.000397s ]
SQL: SELECT `gtvalue`,`added` FROM `ccshop_goods_attr` WHERE ( `gtid` = 180 ) LIMIT 1   [ RunTime:0.000275s ]
SQL: SELECT `gtvalue`,`added` FROM `ccshop_goods_attr` WHERE ( `gtid` = 183 ) LIMIT 1   [ RunTime:0.000208s ]
INFO: [ view_parse ] --START--
INFO: ParseTemplate Behavior ::run [ RunTime:0.021592s ]
INFO: [ view_parse ] --END-- [ RunTime:0.021709s ]
INFO: [ view_filter ] --START--
INFO: ContentReplace Behavior ::run [ RunTime:0.000307s ]
INFO: TokenBuild Behavior ::run [ RunTime:0.000269s ]
INFO: WriteHtmlCache Behavior ::run [ RunTime:0.000150s ]
INFO: ShowRuntime Behavior ::run [ RunTime:0.000329s ]
INFO: [ view_filter ] --END-- [ RunTime:0.001205s ]
INFO: [ view_end ] --START--
INFO: ShowPageTrace Behavior ::run [ RunTime:0.000636s ]
INFO: [ view_end ] --END-- [ RunTime:0.000728s ]

[ 2016-02-27T08:42:21+08:00 ] 0.0.0.0 /cc-/Show/addCart.html
INFO: [ route_check ] --START--
INFO: CheckRoute Behavior ::run [ RunTime:0.000834s ]
INFO: [ route_check ] --END-- [ RunTime:0.001020s ]
INFO: [ app_begin ] --START--
INFO: ReadHtmlCache Behavior ::run [ RunTime:0.000566s ]
INFO: [ app_begin ] --END-- [ RunTime:0.000646s ]
SQL: SHOW COLUMNS FROM `ccshop_goods_list` [ RunTime:0.001632s ]
SQL: SELECT `glid`,`combine`,`number`,`inventory`,`gid` FROM `ccshop_goods_list` WHERE ( `combine` = '180,183' ) LIMIT 1   [ RunTime:0.000293s ]

[ 2016-02-27T08:42:26+08:00 ] 0.0.0.0 /cc-/Cart/index.html
INFO: [ route_check ] --START--
INFO: CheckRoute Behavior ::run [ RunTime:0.000616s ]
INFO: [ route_check ] --END-- [ RunTime:0.000697s ]
INFO: [ app_begin ] --START--
INFO: ReadHtmlCache Behavior ::run [ RunTime:0.000509s ]
INFO: [ app_begin ] --END-- [ RunTime:0.000740s ]
SQL: SHOW COLUMNS FROM `ccshop_goods_list` [ RunTime:0.009610s ]
SQL: SELECT `combine`,`gid`,`number` FROM `ccshop_goods_list` WHERE ( `glid` = 28 ) LIMIT 1   [ RunTime:0.000269s ]
SQL: SHOW COLUMNS FROM `ccshop_goods` [ RunTime:0.001218s ]
SQL: SELECT `gname`,`shopprice` FROM `ccshop_goods` WHERE ( `gid` = 12 ) LIMIT 1   [ RunTime:0.000255s ]
SQL: SHOW COLUMNS FROM `ccshop_detail` [ RunTime:0.001080s ]
SQL: SELECT `small` FROM `ccshop_detail` WHERE ( `gid` = 12 ) LIMIT 1   [ RunTime:0.000254s ]
SQL: SHOW COLUMNS FROM `ccshop_goods_attr` [ RunTime:0.001126s ]
SQL: SELECT `gtvalue`,`added` FROM `ccshop_goods_attr` WHERE ( `gtid` = 195 ) LIMIT 1   [ RunTime:0.000237s ]
SQL: SELECT `gtvalue`,`added` FROM `ccshop_goods_attr` WHERE ( `gtid` = 197 ) LIMIT 1   [ RunTime:0.000206s ]
SQL: SELECT `combine`,`gid`,`number` FROM `ccshop_goods_list` WHERE ( `glid` = 24 ) LIMIT 1   [ RunTime:0.000208s ]
SQL: SELECT `gname`,`shopprice` FROM `ccshop_goods` WHERE ( `gid` = 11 ) LIMIT 1   [ RunTime:0.000209s ]
SQL: SELECT `small` FROM `ccshop_detail` WHERE ( `gid` = 11 ) LIMIT 1   [ RunTime:0.000230s ]
SQL: SELECT `gtvalue`,`added` FROM `ccshop_goods_attr` WHERE ( `gtid` = 180 ) LIMIT 1   [ RunTime:0.000204s ]
SQL: SELECT `gtvalue`,`added` FROM `ccshop_goods_attr` WHERE ( `gtid` = 183 ) LIMIT 1   [ RunTime:0.000202s ]
INFO: [ view_parse ] --START--
INFO: ParseTemplate Behavior ::run [ RunTime:0.019865s ]
INFO: [ view_parse ] --END-- [ RunTime:0.019955s ]
INFO: [ view_filter ] --START--
INFO: ContentReplace Behavior ::run [ RunTime:0.000352s ]
INFO: TokenBuild Behavior ::run [ RunTime:0.000304s ]
INFO: WriteHtmlCache Behavior ::run [ RunTime:0.000197s ]
INFO: ShowRuntime Behavior ::run [ RunTime:0.000412s ]
INFO: [ view_filter ] --END-- [ RunTime:0.001446s ]
INFO: [ view_end ] --START--
INFO: ShowPageTrace Behavior ::run [ RunTime:0.000724s ]
INFO: [ view_end ] --END-- [ RunTime:0.000825s ]

