[ 2016-01-11T08:55:12+08:00 ] 0.0.0.0 /cc-/
INFO: [ app_begin ] --START--
INFO: ReadHtmlCache Behavior ::run [ RunTime:0.002061s ]
INFO: [ app_begin ] --END-- [ RunTime:0.004319s ]
SQL: SHOW COLUMNS FROM `ccshop_goods` [ RunTime:0.023542s ]
SQL: SELECT `gid`,`gname`,`pic`,`click`,`shopprice` FROM `ccshop_goods` WHERE ( `cid` = 13 ) ORDER BY rand() LIMIT 10   [ RunTime:0.006047s ]
SQL: SELECT `gid`,`gname`,`pic`,`click`,`shopprice` FROM `ccshop_goods` WHERE ( `cid` = 13 ) ORDER BY rand() LIMIT 10   [ RunTime:0.000409s ]
SQL: SELECT `gid`,`gname`,`pic`,`click`,`shopprice` FROM `ccshop_goods` WHERE ( `cid` = 13 ) ORDER BY rand() LIMIT 10   [ RunTime:0.000442s ]
SQL: SHOW COLUMNS FROM `ccshop_category` [ RunTime:0.002848s ]
SQL: SELECT `cid`,`cname` FROM `ccshop_category` WHERE ( `pid` = 4 )  [ RunTime:0.000604s ]
INFO: [ view_parse ] --START--
INFO: ParseTemplate Behavior ::run [ RunTime:0.108575s ]
INFO: [ view_parse ] --END-- [ RunTime:0.108699s ]
INFO: [ view_filter ] --START--
INFO: ContentReplace Behavior ::run [ RunTime:0.001382s ]
INFO: TokenBuild Behavior ::run [ RunTime:0.000755s ]
INFO: WriteHtmlCache Behavior ::run [ RunTime:0.000630s ]
INFO: ShowRuntime Behavior ::run [ RunTime:0.000816s ]
INFO: [ view_filter ] --END-- [ RunTime:0.003828s ]
INFO: [ view_end ] --START--
INFO: ShowPageTrace Behavior ::run [ RunTime:0.001003s ]
INFO: [ view_end ] --END-- [ RunTime:0.001108s ]

[ 2016-01-11T08:55:15+08:00 ] 0.0.0.0 /cc-/admin
INFO: [ route_check ] --START--
INFO: CheckRoute Behavior ::run [ RunTime:0.002409s ]
INFO: [ route_check ] --END-- [ RunTime:0.002603s ]
INFO: [ app_begin ] --START--
INFO: ReadHtmlCache Behavior ::run [ RunTime:0.001135s ]
INFO: [ app_begin ] --END-- [ RunTime:0.001378s ]
INFO: [ view_parse ] --START--
NOTIC: [8] Undefined index: welcome /www/cc-/App/Runtime/Cache/admin/3337b40a3a45144ee3de62bbd03526a6.php 第 14 行.
INFO: ParseTemplate Behavior ::run [ RunTime:0.016209s ]
INFO: [ view_parse ] --END-- [ RunTime:0.016341s ]
INFO: [ view_filter ] --START--
INFO: ContentReplace Behavior ::run [ RunTime:0.000719s ]
INFO: TokenBuild Behavior ::run [ RunTime:0.000828s ]
INFO: WriteHtmlCache Behavior ::run [ RunTime:0.000196s ]
INFO: ShowRuntime Behavior ::run [ RunTime:0.000396s ]
INFO: [ view_filter ] --END-- [ RunTime:0.002557s ]
INFO: [ view_end ] --START--
INFO: ShowPageTrace Behavior ::run [ RunTime:0.000482s ]
INFO: [ view_end ] --END-- [ RunTime:0.000542s ]

[ 2016-01-11T08:55:16+08:00 ] 0.0.0.0 /cc-/admin/Index/info.html
INFO: [ route_check ] --START--
INFO: CheckRoute Behavior ::run [ RunTime:0.001032s ]
INFO: [ route_check ] --END-- [ RunTime:0.001163s ]
INFO: [ app_begin ] --START--
INFO: ReadHtmlCache Behavior ::run [ RunTime:0.000701s ]
INFO: [ app_begin ] --END-- [ RunTime:0.000823s ]
NOTIC: [2] mysql_get_server_info(): Can't connect to local MySQL server through socket '/Applications/MAMP/tmp/mysql/mysql.sock' (2) /www/cc-/App/Modules/admin/Action/IndexAction.class.php 第 43 行.
NOTIC: [2] mysql_get_server_info(): A link to the server could not be established /www/cc-/App/Modules/admin/Action/IndexAction.class.php 第 43 行.
INFO: [ view_parse ] --START--
INFO: ParseTemplate Behavior ::run [ RunTime:0.009301s ]
INFO: [ view_parse ] --END-- [ RunTime:0.009440s ]
INFO: [ view_filter ] --START--
INFO: ContentReplace Behavior ::run [ RunTime:0.000346s ]
INFO: TokenBuild Behavior ::run [ RunTime:0.000268s ]
INFO: WriteHtmlCache Behavior ::run [ RunTime:0.000157s ]
INFO: ShowRuntime Behavior ::run [ RunTime:0.000325s ]
INFO: [ view_filter ] --END-- [ RunTime:0.001271s ]
INFO: [ view_end ] --START--
INFO: ShowPageTrace Behavior ::run [ RunTime:0.000507s ]
INFO: [ view_end ] --END-- [ RunTime:0.000566s ]

[ 2016-01-11T08:55:19+08:00 ] 0.0.0.0 /cc-/admin
INFO: [ route_check ] --START--
INFO: CheckRoute Behavior ::run [ RunTime:0.000649s ]
INFO: [ route_check ] --END-- [ RunTime:0.000732s ]
INFO: [ app_begin ] --START--
INFO: ReadHtmlCache Behavior ::run [ RunTime:0.000386s ]
INFO: [ app_begin ] --END-- [ RunTime:0.000450s ]
INFO: [ view_parse ] --START--
INFO: ParseTemplate Behavior ::run [ RunTime:0.010354s ]
INFO: [ view_parse ] --END-- [ RunTime:0.010435s ]
INFO: [ view_filter ] --START--
INFO: ContentReplace Behavior ::run [ RunTime:0.000356s ]
INFO: TokenBuild Behavior ::run [ RunTime:0.000256s ]
INFO: WriteHtmlCache Behavior ::run [ RunTime:0.000143s ]
INFO: ShowRuntime Behavior ::run [ RunTime:0.000306s ]
INFO: [ view_filter ] --END-- [ RunTime:0.001224s ]
INFO: [ view_end ] --START--
INFO: ShowPageTrace Behavior ::run [ RunTime:0.000445s ]
INFO: [ view_end ] --END-- [ RunTime:0.000534s ]

[ 2016-01-11T08:55:20+08:00 ] 0.0.0.0 /cc-/admin/Index/info.html
INFO: [ route_check ] --START--
INFO: CheckRoute Behavior ::run [ RunTime:0.000827s ]
INFO: [ route_check ] --END-- [ RunTime:0.001015s ]
INFO: [ app_begin ] --START--
INFO: ReadHtmlCache Behavior ::run [ RunTime:0.000590s ]
INFO: [ app_begin ] --END-- [ RunTime:0.000715s ]
NOTIC: [2] mysql_get_server_info(): Can't connect to local MySQL server through socket '/Applications/MAMP/tmp/mysql/mysql.sock' (2) /www/cc-/App/Modules/admin/Action/IndexAction.class.php 第 43 行.
NOTIC: [2] mysql_get_server_info(): A link to the server could not be established /www/cc-/App/Modules/admin/Action/IndexAction.class.php 第 43 行.
INFO: [ view_parse ] --START--
INFO: ParseTemplate Behavior ::run [ RunTime:0.009619s ]
INFO: [ view_parse ] --END-- [ RunTime:0.009893s ]
INFO: [ view_filter ] --START--
INFO: ContentReplace Behavior ::run [ RunTime:0.000708s ]
INFO: TokenBuild Behavior ::run [ RunTime:0.000548s ]
INFO: WriteHtmlCache Behavior ::run [ RunTime:0.000425s ]
INFO: ShowRuntime Behavior ::run [ RunTime:0.000541s ]
INFO: [ view_filter ] --END-- [ RunTime:0.002672s ]
INFO: [ view_end ] --START--
INFO: ShowPageTrace Behavior ::run [ RunTime:0.000548s ]
INFO: [ view_end ] --END-- [ RunTime:0.000615s ]

[ 2016-01-11T08:55:21+08:00 ] 0.0.0.0 /cc-/admin/Goods/index.html
INFO: [ route_check ] --START--
INFO: CheckRoute Behavior ::run [ RunTime:0.000671s ]
INFO: [ route_check ] --END-- [ RunTime:0.000773s ]
INFO: [ app_begin ] --START--
INFO: ReadHtmlCache Behavior ::run [ RunTime:0.000620s ]
INFO: [ app_begin ] --END-- [ RunTime:0.000765s ]
SQL: SHOW COLUMNS FROM `ccshop_goods` [ RunTime:0.001126s ]
SQL: SELECT `gid`,`gname`,`gnumber`,`unit`,`marketprice`,`shopprice`,`click`,`time`,`tid` FROM `ccshop_goods`  [ RunTime:0.000379s ]
SQL: SHOW COLUMNS FROM `ccshop_goods_list` [ RunTime:0.003318s ]
SQL: SELECT `inventory` FROM `ccshop_goods_list` WHERE ( `gid` = 1 )  [ RunTime:0.000835s ]
SQL: SELECT `inventory` FROM `ccshop_goods_list` WHERE ( `gid` = 2 )  [ RunTime:0.000370s ]
SQL: SELECT `inventory` FROM `ccshop_goods_list` WHERE ( `gid` = 3 )  [ RunTime:0.000317s ]
SQL: SELECT `inventory` FROM `ccshop_goods_list` WHERE ( `gid` = 4 )  [ RunTime:0.000248s ]
SQL: SELECT `inventory` FROM `ccshop_goods_list` WHERE ( `gid` = 5 )  [ RunTime:0.000495s ]
SQL: SELECT `inventory` FROM `ccshop_goods_list` WHERE ( `gid` = 6 )  [ RunTime:0.000386s ]
SQL: SELECT `inventory` FROM `ccshop_goods_list` WHERE ( `gid` = 7 )  [ RunTime:0.000268s ]
SQL: SELECT `inventory` FROM `ccshop_goods_list` WHERE ( `gid` = 8 )  [ RunTime:0.000386s ]
SQL: SELECT `inventory` FROM `ccshop_goods_list` WHERE ( `gid` = 9 )  [ RunTime:0.000409s ]
SQL: SELECT `inventory` FROM `ccshop_goods_list` WHERE ( `gid` = 10 )  [ RunTime:0.000403s ]
SQL: SELECT `inventory` FROM `ccshop_goods_list` WHERE ( `gid` = 11 )  [ RunTime:0.000210s ]
SQL: SELECT `inventory` FROM `ccshop_goods_list` WHERE ( `gid` = 12 )  [ RunTime:0.000192s ]
SQL: SELECT `inventory` FROM `ccshop_goods_list` WHERE ( `gid` = 13 )  [ RunTime:0.000177s ]
NOTIC: [2] Invalid argument supplied for foreach() /www/cc-/App/Modules/admin/Action/GoodsAction.class.php 第 17 行.
SQL: SELECT `inventory` FROM `ccshop_goods_list` WHERE ( `gid` = 14 )  [ RunTime:0.000259s ]
NOTIC: [2] Invalid argument supplied for foreach() /www/cc-/App/Modules/admin/Action/GoodsAction.class.php 第 17 行.
SQL: SELECT `inventory` FROM `ccshop_goods_list` WHERE ( `gid` = 15 )  [ RunTime:0.000240s ]
NOTIC: [2] Invalid argument supplied for foreach() /www/cc-/App/Modules/admin/Action/GoodsAction.class.php 第 17 行.
SQL: SELECT `inventory` FROM `ccshop_goods_list` WHERE ( `gid` = 16 )  [ RunTime:0.000202s ]
NOTIC: [2] Invalid argument supplied for foreach() /www/cc-/App/Modules/admin/Action/GoodsAction.class.php 第 17 行.
SQL: SELECT `inventory` FROM `ccshop_goods_list` WHERE ( `gid` = 17 )  [ RunTime:0.000187s ]
NOTIC: [2] Invalid argument supplied for foreach() /www/cc-/App/Modules/admin/Action/GoodsAction.class.php 第 17 行.
SQL: SELECT `inventory` FROM `ccshop_goods_list` WHERE ( `gid` = 18 )  [ RunTime:0.000227s ]
NOTIC: [2] Invalid argument supplied for foreach() /www/cc-/App/Modules/admin/Action/GoodsAction.class.php 第 17 行.
INFO: [ view_parse ] --START--
INFO: ParseTemplate Behavior ::run [ RunTime:0.016018s ]
INFO: [ view_parse ] --END-- [ RunTime:0.016135s ]
INFO: [ view_filter ] --START--
INFO: ContentReplace Behavior ::run [ RunTime:0.000568s ]
INFO: TokenBuild Behavior ::run [ RunTime:0.000299s ]
INFO: WriteHtmlCache Behavior ::run [ RunTime:0.000199s ]
INFO: ShowRuntime Behavior ::run [ RunTime:0.000524s ]
INFO: [ view_filter ] --END-- [ RunTime:0.001836s ]
INFO: [ view_end ] --START--
INFO: ShowPageTrace Behavior ::run [ RunTime:0.000817s ]
INFO: [ view_end ] --END-- [ RunTime:0.000946s ]

[ 2016-01-11T08:55:24+08:00 ] 0.0.0.0 /cc-/admin/Type/add.html
INFO: [ route_check ] --START--
INFO: CheckRoute Behavior ::run [ RunTime:0.000625s ]
INFO: [ route_check ] --END-- [ RunTime:0.000710s ]
INFO: [ app_begin ] --START--
INFO: ReadHtmlCache Behavior ::run [ RunTime:0.000384s ]
INFO: [ app_begin ] --END-- [ RunTime:0.000449s ]
INFO: [ view_parse ] --START--
INFO: ParseTemplate Behavior ::run [ RunTime:0.008120s ]
INFO: [ view_parse ] --END-- [ RunTime:0.008284s ]
INFO: [ view_filter ] --START--
INFO: ContentReplace Behavior ::run [ RunTime:0.000332s ]
INFO: TokenBuild Behavior ::run [ RunTime:0.000295s ]
INFO: WriteHtmlCache Behavior ::run [ RunTime:0.000166s ]
INFO: ShowRuntime Behavior ::run [ RunTime:0.000385s ]
INFO: [ view_filter ] --END-- [ RunTime:0.001450s ]
INFO: [ view_end ] --START--
INFO: ShowPageTrace Behavior ::run [ RunTime:0.000637s ]
INFO: [ view_end ] --END-- [ RunTime:0.000740s ]

[ 2016-01-11T08:56:35+08:00 ] 0.0.0.0 /cc-/admin/Type/index.html
INFO: [ route_check ] --START--
INFO: CheckRoute Behavior ::run [ RunTime:0.000843s ]
INFO: [ route_check ] --END-- [ RunTime:0.001203s ]
INFO: [ app_begin ] --START--
INFO: ReadHtmlCache Behavior ::run [ RunTime:0.000434s ]
INFO: [ app_begin ] --END-- [ RunTime:0.000505s ]
SQL: SHOW COLUMNS FROM `ccshop_type` [ RunTime:0.004690s ]
SQL: SELECT * FROM `ccshop_type`  [ RunTime:0.000536s ]
INFO: [ view_parse ] --START--
INFO: ParseTemplate Behavior ::run [ RunTime:0.013103s ]
INFO: [ view_parse ] --END-- [ RunTime:0.013225s ]
INFO: [ view_filter ] --START--
INFO: ContentReplace Behavior ::run [ RunTime:0.000389s ]
INFO: TokenBuild Behavior ::run [ RunTime:0.000319s ]
INFO: WriteHtmlCache Behavior ::run [ RunTime:0.000178s ]
INFO: ShowRuntime Behavior ::run [ RunTime:0.000465s ]
INFO: [ view_filter ] --END-- [ RunTime:0.001680s ]
INFO: [ view_end ] --START--
INFO: ShowPageTrace Behavior ::run [ RunTime:0.000994s ]
INFO: [ view_end ] --END-- [ RunTime:0.001143s ]

[ 2016-01-11T08:56:51+08:00 ] 0.0.0.0 /cc-/admin/TypeAttr/index/tid/1.html
INFO: [ route_check ] --START--
INFO: CheckRoute Behavior ::run [ RunTime:0.000776s ]
INFO: [ route_check ] --END-- [ RunTime:0.001045s ]
INFO: [ app_begin ] --START--
INFO: ReadHtmlCache Behavior ::run [ RunTime:0.000516s ]
INFO: [ app_begin ] --END-- [ RunTime:0.000596s ]
SQL: SHOW COLUMNS FROM `ccshop_type_attr` [ RunTime:0.002834s ]
SQL: SELECT * FROM `ccshop_type_attr` WHERE ( `tid` = 1 )  [ RunTime:0.000653s ]
INFO: [ view_parse ] --START--
INFO: ParseTemplate Behavior ::run [ RunTime:0.013115s ]
INFO: [ view_parse ] --END-- [ RunTime:0.013228s ]
INFO: [ view_filter ] --START--
INFO: ContentReplace Behavior ::run [ RunTime:0.000309s ]
INFO: TokenBuild Behavior ::run [ RunTime:0.000278s ]
INFO: WriteHtmlCache Behavior ::run [ RunTime:0.000153s ]
INFO: ShowRuntime Behavior ::run [ RunTime:0.000379s ]
INFO: [ view_filter ] --END-- [ RunTime:0.001283s ]
INFO: [ view_end ] --START--
INFO: ShowPageTrace Behavior ::run [ RunTime:0.000672s ]
INFO: [ view_end ] --END-- [ RunTime:0.000771s ]

[ 2016-01-11T08:58:05+08:00 ] 0.0.0.0 /cc-/admin/Goods/index.html
INFO: [ route_check ] --START--
INFO: CheckRoute Behavior ::run [ RunTime:0.000933s ]
INFO: [ route_check ] --END-- [ RunTime:0.001165s ]
INFO: [ app_begin ] --START--
INFO: ReadHtmlCache Behavior ::run [ RunTime:0.000503s ]
INFO: [ app_begin ] --END-- [ RunTime:0.000598s ]
SQL: SHOW COLUMNS FROM `ccshop_goods` [ RunTime:0.001163s ]
SQL: SELECT `gid`,`gname`,`gnumber`,`unit`,`marketprice`,`shopprice`,`click`,`time`,`tid` FROM `ccshop_goods`  [ RunTime:0.000293s ]
SQL: SHOW COLUMNS FROM `ccshop_goods_list` [ RunTime:0.000962s ]
SQL: SELECT `inventory` FROM `ccshop_goods_list` WHERE ( `gid` = 1 )  [ RunTime:0.000245s ]
SQL: SELECT `inventory` FROM `ccshop_goods_list` WHERE ( `gid` = 2 )  [ RunTime:0.000231s ]
SQL: SELECT `inventory` FROM `ccshop_goods_list` WHERE ( `gid` = 3 )  [ RunTime:0.000223s ]
SQL: SELECT `inventory` FROM `ccshop_goods_list` WHERE ( `gid` = 4 )  [ RunTime:0.000185s ]
SQL: SELECT `inventory` FROM `ccshop_goods_list` WHERE ( `gid` = 5 )  [ RunTime:0.000218s ]
SQL: SELECT `inventory` FROM `ccshop_goods_list` WHERE ( `gid` = 6 )  [ RunTime:0.000192s ]
SQL: SELECT `inventory` FROM `ccshop_goods_list` WHERE ( `gid` = 7 )  [ RunTime:0.000205s ]
SQL: SELECT `inventory` FROM `ccshop_goods_list` WHERE ( `gid` = 8 )  [ RunTime:0.000184s ]
SQL: SELECT `inventory` FROM `ccshop_goods_list` WHERE ( `gid` = 9 )  [ RunTime:0.000189s ]
SQL: SELECT `inventory` FROM `ccshop_goods_list` WHERE ( `gid` = 10 )  [ RunTime:0.000192s ]
SQL: SELECT `inventory` FROM `ccshop_goods_list` WHERE ( `gid` = 11 )  [ RunTime:0.000174s ]
SQL: SELECT `inventory` FROM `ccshop_goods_list` WHERE ( `gid` = 12 )  [ RunTime:0.000184s ]
SQL: SELECT `inventory` FROM `ccshop_goods_list` WHERE ( `gid` = 13 )  [ RunTime:0.000168s ]
NOTIC: [2] Invalid argument supplied for foreach() /www/cc-/App/Modules/admin/Action/GoodsAction.class.php 第 17 行.
SQL: SELECT `inventory` FROM `ccshop_goods_list` WHERE ( `gid` = 14 )  [ RunTime:0.000171s ]
NOTIC: [2] Invalid argument supplied for foreach() /www/cc-/App/Modules/admin/Action/GoodsAction.class.php 第 17 行.
SQL: SELECT `inventory` FROM `ccshop_goods_list` WHERE ( `gid` = 15 )  [ RunTime:0.000169s ]
NOTIC: [2] Invalid argument supplied for foreach() /www/cc-/App/Modules/admin/Action/GoodsAction.class.php 第 17 行.
SQL: SELECT `inventory` FROM `ccshop_goods_list` WHERE ( `gid` = 16 )  [ RunTime:0.000229s ]
NOTIC: [2] Invalid argument supplied for foreach() /www/cc-/App/Modules/admin/Action/GoodsAction.class.php 第 17 行.
SQL: SELECT `inventory` FROM `ccshop_goods_list` WHERE ( `gid` = 17 )  [ RunTime:0.000299s ]
NOTIC: [2] Invalid argument supplied for foreach() /www/cc-/App/Modules/admin/Action/GoodsAction.class.php 第 17 行.
SQL: SELECT `inventory` FROM `ccshop_goods_list` WHERE ( `gid` = 18 )  [ RunTime:0.000173s ]
NOTIC: [2] Invalid argument supplied for foreach() /www/cc-/App/Modules/admin/Action/GoodsAction.class.php 第 17 行.
INFO: [ view_parse ] --START--
INFO: ParseTemplate Behavior ::run [ RunTime:0.012854s ]
INFO: [ view_parse ] --END-- [ RunTime:0.012951s ]
INFO: [ view_filter ] --START--
INFO: ContentReplace Behavior ::run [ RunTime:0.000413s ]
INFO: TokenBuild Behavior ::run [ RunTime:0.000314s ]
INFO: WriteHtmlCache Behavior ::run [ RunTime:0.000176s ]
INFO: ShowRuntime Behavior ::run [ RunTime:0.000406s ]
INFO: [ view_filter ] --END-- [ RunTime:0.001496s ]
INFO: [ view_end ] --START--
INFO: ShowPageTrace Behavior ::run [ RunTime:0.000621s ]
INFO: [ view_end ] --END-- [ RunTime:0.000706s ]

[ 2016-01-11T08:58:10+08:00 ] 0.0.0.0 /cc-/admin/Type/add.html
INFO: [ route_check ] --START--
INFO: CheckRoute Behavior ::run [ RunTime:0.000815s ]
INFO: [ route_check ] --END-- [ RunTime:0.000929s ]
INFO: [ app_begin ] --START--
INFO: ReadHtmlCache Behavior ::run [ RunTime:0.000638s ]
INFO: [ app_begin ] --END-- [ RunTime:0.000753s ]
INFO: [ view_parse ] --START--
INFO: ParseTemplate Behavior ::run [ RunTime:0.007341s ]
INFO: [ view_parse ] --END-- [ RunTime:0.007562s ]
INFO: [ view_filter ] --START--
INFO: ContentReplace Behavior ::run [ RunTime:0.000367s ]
INFO: TokenBuild Behavior ::run [ RunTime:0.000313s ]
INFO: WriteHtmlCache Behavior ::run [ RunTime:0.000187s ]
INFO: ShowRuntime Behavior ::run [ RunTime:0.000376s ]
INFO: [ view_filter ] --END-- [ RunTime:0.001444s ]
INFO: [ view_end ] --START--
INFO: ShowPageTrace Behavior ::run [ RunTime:0.000542s ]
INFO: [ view_end ] --END-- [ RunTime:0.000610s ]

[ 2016-01-11T08:58:13+08:00 ] 0.0.0.0 /cc-/admin/Type/index.html
INFO: [ route_check ] --START--
INFO: CheckRoute Behavior ::run [ RunTime:0.000629s ]
INFO: [ route_check ] --END-- [ RunTime:0.000713s ]
INFO: [ app_begin ] --START--
INFO: ReadHtmlCache Behavior ::run [ RunTime:0.000758s ]
INFO: [ app_begin ] --END-- [ RunTime:0.000853s ]
SQL: SHOW COLUMNS FROM `ccshop_type` [ RunTime:0.008622s ]
SQL: SELECT * FROM `ccshop_type`  [ RunTime:0.000314s ]
INFO: [ view_parse ] --START--
INFO: ParseTemplate Behavior ::run [ RunTime:0.010839s ]
INFO: [ view_parse ] --END-- [ RunTime:0.010929s ]
INFO: [ view_filter ] --START--
INFO: ContentReplace Behavior ::run [ RunTime:0.000318s ]
INFO: TokenBuild Behavior ::run [ RunTime:0.000272s ]
INFO: WriteHtmlCache Behavior ::run [ RunTime:0.000153s ]
INFO: ShowRuntime Behavior ::run [ RunTime:0.000343s ]
INFO: [ view_filter ] --END-- [ RunTime:0.001254s ]
INFO: [ view_end ] --START--
INFO: ShowPageTrace Behavior ::run [ RunTime:0.000517s ]
INFO: [ view_end ] --END-- [ RunTime:0.000586s ]

[ 2016-01-11T08:58:40+08:00 ] 0.0.0.0 /cc-/admin/Type/del/tid/1.html
INFO: [ route_check ] --START--
INFO: CheckRoute Behavior ::run [ RunTime:0.000764s ]
INFO: [ route_check ] --END-- [ RunTime:0.000933s ]
INFO: [ app_begin ] --START--
INFO: ReadHtmlCache Behavior ::run [ RunTime:0.000525s ]
INFO: [ app_begin ] --END-- [ RunTime:0.000616s ]

[ 2016-01-11T08:58:42+08:00 ] 0.0.0.0 /cc-/admin/Type/index.html
INFO: [ route_check ] --START--
INFO: CheckRoute Behavior ::run [ RunTime:0.000695s ]
INFO: [ route_check ] --END-- [ RunTime:0.000781s ]
INFO: [ app_begin ] --START--
INFO: ReadHtmlCache Behavior ::run [ RunTime:0.000384s ]
INFO: [ app_begin ] --END-- [ RunTime:0.000447s ]
SQL: SHOW COLUMNS FROM `ccshop_type` [ RunTime:0.008590s ]
SQL: SELECT * FROM `ccshop_type`  [ RunTime:0.000234s ]
INFO: [ view_parse ] --START--
INFO: ParseTemplate Behavior ::run [ RunTime:0.010905s ]
INFO: [ view_parse ] --END-- [ RunTime:0.011013s ]
INFO: [ view_filter ] --START--
INFO: ContentReplace Behavior ::run [ RunTime:0.000317s ]
INFO: TokenBuild Behavior ::run [ RunTime:0.000270s ]
INFO: WriteHtmlCache Behavior ::run [ RunTime:0.000154s ]
INFO: ShowRuntime Behavior ::run [ RunTime:0.000346s ]
INFO: [ view_filter ] --END-- [ RunTime:0.001257s ]
INFO: [ view_end ] --START--
INFO: ShowPageTrace Behavior ::run [ RunTime:0.000465s ]
INFO: [ view_end ] --END-- [ RunTime:0.000538s ]

[ 2016-01-11T08:59:11+08:00 ] 0.0.0.0 /cc-/admin/Category/index.html
INFO: [ route_check ] --START--
INFO: CheckRoute Behavior ::run [ RunTime:0.001060s ]
INFO: [ route_check ] --END-- [ RunTime:0.001256s ]
INFO: [ app_begin ] --START--
INFO: ReadHtmlCache Behavior ::run [ RunTime:0.000435s ]
INFO: [ app_begin ] --END-- [ RunTime:0.000514s ]
SQL: SHOW COLUMNS FROM `ccshop_category` [ RunTime:0.001235s ]
SQL: SELECT * FROM `ccshop_category` ORDER BY sort  [ RunTime:0.000360s ]
INFO: [ view_parse ] --START--
INFO: ParseTemplate Behavior ::run [ RunTime:0.015264s ]
INFO: [ view_parse ] --END-- [ RunTime:0.015364s ]
INFO: [ view_filter ] --START--
INFO: ContentReplace Behavior ::run [ RunTime:0.000425s ]
INFO: TokenBuild Behavior ::run [ RunTime:0.000288s ]
INFO: WriteHtmlCache Behavior ::run [ RunTime:0.000156s ]
INFO: ShowRuntime Behavior ::run [ RunTime:0.000374s ]
INFO: [ view_filter ] --END-- [ RunTime:0.001412s ]
INFO: [ view_end ] --START--
INFO: ShowPageTrace Behavior ::run [ RunTime:0.000653s ]
INFO: [ view_end ] --END-- [ RunTime:0.000771s ]

[ 2016-01-11T08:59:12+08:00 ] 0.0.0.0 /cc-/admin/Brand/add.html
INFO: [ route_check ] --START--
INFO: CheckRoute Behavior ::run [ RunTime:0.000768s ]
INFO: [ route_check ] --END-- [ RunTime:0.000858s ]
INFO: [ app_begin ] --START--
INFO: ReadHtmlCache Behavior ::run [ RunTime:0.000664s ]
INFO: [ app_begin ] --END-- [ RunTime:0.000779s ]
INFO: [ view_parse ] --START--
INFO: ParseTemplate Behavior ::run [ RunTime:0.008919s ]
INFO: [ view_parse ] --END-- [ RunTime:0.009018s ]
INFO: [ view_filter ] --START--
INFO: ContentReplace Behavior ::run [ RunTime:0.000321s ]
INFO: TokenBuild Behavior ::run [ RunTime:0.000272s ]
INFO: WriteHtmlCache Behavior ::run [ RunTime:0.000155s ]
INFO: ShowRuntime Behavior ::run [ RunTime:0.000345s ]
INFO: [ view_filter ] --END-- [ RunTime:0.001260s ]
INFO: [ view_end ] --START--
INFO: ShowPageTrace Behavior ::run [ RunTime:0.000615s ]
INFO: [ view_end ] --END-- [ RunTime:0.000683s ]

[ 2016-01-11T08:59:13+08:00 ] 0.0.0.0 /cc-/admin/Brand/
INFO: [ route_check ] --START--
INFO: CheckRoute Behavior ::run [ RunTime:0.000631s ]
INFO: [ route_check ] --END-- [ RunTime:0.000714s ]
INFO: [ app_begin ] --START--
INFO: ReadHtmlCache Behavior ::run [ RunTime:0.000803s ]
INFO: [ app_begin ] --END-- [ RunTime:0.000896s ]
SQL: SHOW COLUMNS FROM `ccshop_brand` [ RunTime:0.004335s ]
SQL: SELECT * FROM `ccshop_brand` ORDER BY sort  [ RunTime:0.000626s ]
INFO: [ view_parse ] --START--
INFO: ParseTemplate Behavior ::run [ RunTime:0.010968s ]
INFO: [ view_parse ] --END-- [ RunTime:0.011102s ]
INFO: [ view_filter ] --START--
INFO: ContentReplace Behavior ::run [ RunTime:0.000376s ]
INFO: TokenBuild Behavior ::run [ RunTime:0.000435s ]
INFO: WriteHtmlCache Behavior ::run [ RunTime:0.000346s ]
INFO: ShowRuntime Behavior ::run [ RunTime:0.000433s ]
INFO: [ view_filter ] --END-- [ RunTime:0.001885s ]
INFO: [ view_end ] --START--
INFO: ShowPageTrace Behavior ::run [ RunTime:0.000795s ]
INFO: [ view_end ] --END-- [ RunTime:0.000898s ]

[ 2016-01-11T08:59:14+08:00 ] 0.0.0.0 /cc-/admin
INFO: [ route_check ] --START--
INFO: CheckRoute Behavior ::run [ RunTime:0.000644s ]
INFO: [ route_check ] --END-- [ RunTime:0.000727s ]
INFO: [ app_begin ] --START--
INFO: ReadHtmlCache Behavior ::run [ RunTime:0.000413s ]
INFO: [ app_begin ] --END-- [ RunTime:0.000484s ]
INFO: [ view_parse ] --START--
INFO: ParseTemplate Behavior ::run [ RunTime:0.011457s ]
INFO: [ view_parse ] --END-- [ RunTime:0.011543s ]
INFO: [ view_filter ] --START--
INFO: ContentReplace Behavior ::run [ RunTime:0.000302s ]
INFO: TokenBuild Behavior ::run [ RunTime:0.000259s ]
INFO: WriteHtmlCache Behavior ::run [ RunTime:0.000139s ]
INFO: ShowRuntime Behavior ::run [ RunTime:0.000320s ]
INFO: [ view_filter ] --END-- [ RunTime:0.001272s ]
INFO: [ view_end ] --START--
INFO: ShowPageTrace Behavior ::run [ RunTime:0.000501s ]
INFO: [ view_end ] --END-- [ RunTime:0.000571s ]

[ 2016-01-11T08:59:15+08:00 ] 0.0.0.0 /cc-/admin/Index/info.html
INFO: [ route_check ] --START--
INFO: CheckRoute Behavior ::run [ RunTime:0.001014s ]
INFO: [ route_check ] --END-- [ RunTime:0.001205s ]
INFO: [ app_begin ] --START--
INFO: ReadHtmlCache Behavior ::run [ RunTime:0.000477s ]
INFO: [ app_begin ] --END-- [ RunTime:0.000582s ]
NOTIC: [2] mysql_get_server_info(): Can't connect to local MySQL server through socket '/Applications/MAMP/tmp/mysql/mysql.sock' (2) /www/cc-/App/Modules/admin/Action/IndexAction.class.php 第 43 行.
NOTIC: [2] mysql_get_server_info(): A link to the server could not be established /www/cc-/App/Modules/admin/Action/IndexAction.class.php 第 43 行.
INFO: [ view_parse ] --START--
INFO: ParseTemplate Behavior ::run [ RunTime:0.012424s ]
INFO: [ view_parse ] --END-- [ RunTime:0.012529s ]
INFO: [ view_filter ] --START--
INFO: ContentReplace Behavior ::run [ RunTime:0.000392s ]
INFO: TokenBuild Behavior ::run [ RunTime:0.000295s ]
INFO: WriteHtmlCache Behavior ::run [ RunTime:0.000163s ]
INFO: ShowRuntime Behavior ::run [ RunTime:0.000355s ]
INFO: [ view_filter ] --END-- [ RunTime:0.001381s ]
INFO: [ view_end ] --START--
INFO: ShowPageTrace Behavior ::run [ RunTime:0.000484s ]
INFO: [ view_end ] --END-- [ RunTime:0.000545s ]

[ 2016-01-11T08:59:16+08:00 ] 0.0.0.0 /cc-/admin/Goods/index.html
INFO: [ route_check ] --START--
INFO: CheckRoute Behavior ::run [ RunTime:0.000674s ]
INFO: [ route_check ] --END-- [ RunTime:0.000767s ]
INFO: [ app_begin ] --START--
INFO: ReadHtmlCache Behavior ::run [ RunTime:0.000409s ]
INFO: [ app_begin ] --END-- [ RunTime:0.000480s ]
SQL: SHOW COLUMNS FROM `ccshop_goods` [ RunTime:0.001098s ]
SQL: SELECT `gid`,`gname`,`gnumber`,`unit`,`marketprice`,`shopprice`,`click`,`time`,`tid` FROM `ccshop_goods`  [ RunTime:0.000249s ]
SQL: SHOW COLUMNS FROM `ccshop_goods_list` [ RunTime:0.000922s ]
SQL: SELECT `inventory` FROM `ccshop_goods_list` WHERE ( `gid` = 1 )  [ RunTime:0.000330s ]
SQL: SELECT `inventory` FROM `ccshop_goods_list` WHERE ( `gid` = 2 )  [ RunTime:0.000248s ]
SQL: SELECT `inventory` FROM `ccshop_goods_list` WHERE ( `gid` = 3 )  [ RunTime:0.000180s ]
SQL: SELECT `inventory` FROM `ccshop_goods_list` WHERE ( `gid` = 4 )  [ RunTime:0.000188s ]
SQL: SELECT `inventory` FROM `ccshop_goods_list` WHERE ( `gid` = 5 )  [ RunTime:0.000190s ]
SQL: SELECT `inventory` FROM `ccshop_goods_list` WHERE ( `gid` = 6 )  [ RunTime:0.000167s ]
SQL: SELECT `inventory` FROM `ccshop_goods_list` WHERE ( `gid` = 7 )  [ RunTime:0.000230s ]
SQL: SELECT `inventory` FROM `ccshop_goods_list` WHERE ( `gid` = 8 )  [ RunTime:0.000263s ]
SQL: SELECT `inventory` FROM `ccshop_goods_list` WHERE ( `gid` = 9 )  [ RunTime:0.000229s ]
SQL: SELECT `inventory` FROM `ccshop_goods_list` WHERE ( `gid` = 10 )  [ RunTime:0.000266s ]
SQL: SELECT `inventory` FROM `ccshop_goods_list` WHERE ( `gid` = 11 )  [ RunTime:0.000281s ]
SQL: SELECT `inventory` FROM `ccshop_goods_list` WHERE ( `gid` = 12 )  [ RunTime:0.000304s ]
SQL: SELECT `inventory` FROM `ccshop_goods_list` WHERE ( `gid` = 13 )  [ RunTime:0.000314s ]
NOTIC: [2] Invalid argument supplied for foreach() /www/cc-/App/Modules/admin/Action/GoodsAction.class.php 第 17 行.
SQL: SELECT `inventory` FROM `ccshop_goods_list` WHERE ( `gid` = 14 )  [ RunTime:0.000178s ]
NOTIC: [2] Invalid argument supplied for foreach() /www/cc-/App/Modules/admin/Action/GoodsAction.class.php 第 17 行.
SQL: SELECT `inventory` FROM `ccshop_goods_list` WHERE ( `gid` = 15 )  [ RunTime:0.000256s ]
NOTIC: [2] Invalid argument supplied for foreach() /www/cc-/App/Modules/admin/Action/GoodsAction.class.php 第 17 行.
SQL: SELECT `inventory` FROM `ccshop_goods_list` WHERE ( `gid` = 16 )  [ RunTime:0.000208s ]
NOTIC: [2] Invalid argument supplied for foreach() /www/cc-/App/Modules/admin/Action/GoodsAction.class.php 第 17 行.
SQL: SELECT `inventory` FROM `ccshop_goods_list` WHERE ( `gid` = 17 )  [ RunTime:0.000161s ]
NOTIC: [2] Invalid argument supplied for foreach() /www/cc-/App/Modules/admin/Action/GoodsAction.class.php 第 17 行.
SQL: SELECT `inventory` FROM `ccshop_goods_list` WHERE ( `gid` = 18 )  [ RunTime:0.000189s ]
NOTIC: [2] Invalid argument supplied for foreach() /www/cc-/App/Modules/admin/Action/GoodsAction.class.php 第 17 行.
INFO: [ view_parse ] --START--
INFO: ParseTemplate Behavior ::run [ RunTime:0.014392s ]
INFO: [ view_parse ] --END-- [ RunTime:0.014517s ]
INFO: [ view_filter ] --START--
INFO: ContentReplace Behavior ::run [ RunTime:0.000464s ]
INFO: TokenBuild Behavior ::run [ RunTime:0.000278s ]
INFO: WriteHtmlCache Behavior ::run [ RunTime:0.000144s ]
INFO: ShowRuntime Behavior ::run [ RunTime:0.000316s ]
INFO: [ view_filter ] --END-- [ RunTime:0.001365s ]
INFO: [ view_end ] --START--
INFO: ShowPageTrace Behavior ::run [ RunTime:0.000809s ]
INFO: [ view_end ] --END-- [ RunTime:0.000913s ]

[ 2016-01-11T08:59:17+08:00 ] 0.0.0.0 /cc-/admin/Brand/add.html
INFO: [ route_check ] --START--
INFO: CheckRoute Behavior ::run [ RunTime:0.000684s ]
INFO: [ route_check ] --END-- [ RunTime:0.000767s ]
INFO: [ app_begin ] --START--
INFO: ReadHtmlCache Behavior ::run [ RunTime:0.000498s ]
INFO: [ app_begin ] --END-- [ RunTime:0.000582s ]
INFO: [ view_parse ] --START--
INFO: ParseTemplate Behavior ::run [ RunTime:0.007342s ]
INFO: [ view_parse ] --END-- [ RunTime:0.007429s ]
INFO: [ view_filter ] --START--
INFO: ContentReplace Behavior ::run [ RunTime:0.000289s ]
INFO: TokenBuild Behavior ::run [ RunTime:0.000266s ]
INFO: WriteHtmlCache Behavior ::run [ RunTime:0.000140s ]
INFO: ShowRuntime Behavior ::run [ RunTime:0.000307s ]
INFO: [ view_filter ] --END-- [ RunTime:0.001155s ]
INFO: [ view_end ] --START--
INFO: ShowPageTrace Behavior ::run [ RunTime:0.000445s ]
INFO: [ view_end ] --END-- [ RunTime:0.000500s ]

[ 2016-01-11T08:59:18+08:00 ] 0.0.0.0 /cc-/admin/Brand/
INFO: [ route_check ] --START--
INFO: CheckRoute Behavior ::run [ RunTime:0.001147s ]
INFO: [ route_check ] --END-- [ RunTime:0.001276s ]
INFO: [ app_begin ] --START--
INFO: ReadHtmlCache Behavior ::run [ RunTime:0.000455s ]
INFO: [ app_begin ] --END-- [ RunTime:0.000529s ]
SQL: SHOW COLUMNS FROM `ccshop_brand` [ RunTime:0.001082s ]
SQL: SELECT * FROM `ccshop_brand` ORDER BY sort  [ RunTime:0.000294s ]
INFO: [ view_parse ] --START--
INFO: ParseTemplate Behavior ::run [ RunTime:0.008834s ]
INFO: [ view_parse ] --END-- [ RunTime:0.008921s ]
INFO: [ view_filter ] --START--
INFO: ContentReplace Behavior ::run [ RunTime:0.000323s ]
INFO: TokenBuild Behavior ::run [ RunTime:0.000504s ]
INFO: WriteHtmlCache Behavior ::run [ RunTime:0.000183s ]
INFO: ShowRuntime Behavior ::run [ RunTime:0.000321s ]
INFO: [ view_filter ] --END-- [ RunTime:0.001569s ]
INFO: [ view_end ] --START--
INFO: ShowPageTrace Behavior ::run [ RunTime:0.000725s ]
INFO: [ view_end ] --END-- [ RunTime:0.000886s ]

[ 2016-01-11T08:59:18+08:00 ] 0.0.0.0 /cc-/admin/Brand/index.html
INFO: [ route_check ] --START--
INFO: CheckRoute Behavior ::run [ RunTime:0.000665s ]
INFO: [ route_check ] --END-- [ RunTime:0.000756s ]
INFO: [ app_begin ] --START--
INFO: ReadHtmlCache Behavior ::run [ RunTime:0.000611s ]
INFO: [ app_begin ] --END-- [ RunTime:0.000798s ]
SQL: SHOW COLUMNS FROM `ccshop_brand` [ RunTime:0.008485s ]
SQL: SELECT * FROM `ccshop_brand` ORDER BY sort  [ RunTime:0.000362s ]
INFO: [ view_parse ] --START--
INFO: ParseTemplate Behavior ::run [ RunTime:0.008554s ]
INFO: [ view_parse ] --END-- [ RunTime:0.008636s ]
INFO: [ view_filter ] --START--
INFO: ContentReplace Behavior ::run [ RunTime:0.000288s ]
INFO: TokenBuild Behavior ::run [ RunTime:0.000246s ]
INFO: WriteHtmlCache Behavior ::run [ RunTime:0.000135s ]
INFO: ShowRuntime Behavior ::run [ RunTime:0.000388s ]
INFO: [ view_filter ] --END-- [ RunTime:0.001215s ]
INFO: [ view_end ] --START--
INFO: ShowPageTrace Behavior ::run [ RunTime:0.000908s ]
INFO: [ view_end ] --END-- [ RunTime:0.001058s ]

[ 2016-01-11T08:59:18+08:00 ] 0.0.0.0 /cc-/admin/Goods/add.html
INFO: [ route_check ] --START--
INFO: CheckRoute Behavior ::run [ RunTime:0.001395s ]
INFO: [ route_check ] --END-- [ RunTime:0.001542s ]
INFO: [ app_begin ] --START--
INFO: ReadHtmlCache Behavior ::run [ RunTime:0.000586s ]
INFO: [ app_begin ] --END-- [ RunTime:0.000670s ]
SQL: SHOW COLUMNS FROM `ccshop_category` [ RunTime:0.007354s ]
SQL: SELECT * FROM `ccshop_category` ORDER BY sort  [ RunTime:0.001695s ]
SQL: SHOW COLUMNS FROM `ccshop_brand` [ RunTime:0.001375s ]
SQL: SELECT * FROM `ccshop_brand` ORDER BY sort  [ RunTime:0.000285s ]
INFO: [ view_parse ] --START--
INFO: ParseTemplate Behavior ::run [ RunTime:0.013362s ]
INFO: [ view_parse ] --END-- [ RunTime:0.013473s ]
INFO: [ view_filter ] --START--
INFO: ContentReplace Behavior ::run [ RunTime:0.000549s ]
INFO: TokenBuild Behavior ::run [ RunTime:0.000395s ]
INFO: WriteHtmlCache Behavior ::run [ RunTime:0.000166s ]
INFO: ShowRuntime Behavior ::run [ RunTime:0.000335s ]
INFO: [ view_filter ] --END-- [ RunTime:0.001660s ]
INFO: [ view_end ] --START--
INFO: ShowPageTrace Behavior ::run [ RunTime:0.000459s ]
INFO: [ view_end ] --END-- [ RunTime:0.000514s ]

[ 2016-01-11T08:59:19+08:00 ] 0.0.0.0 /cc-/admin/Goods/index.html
INFO: [ route_check ] --START--
INFO: CheckRoute Behavior ::run [ RunTime:0.001457s ]
INFO: [ route_check ] --END-- [ RunTime:0.001592s ]
INFO: [ app_begin ] --START--
INFO: ReadHtmlCache Behavior ::run [ RunTime:0.000612s ]
INFO: [ app_begin ] --END-- [ RunTime:0.000693s ]
SQL: SHOW COLUMNS FROM `ccshop_goods` [ RunTime:0.001322s ]
SQL: SELECT `gid`,`gname`,`gnumber`,`unit`,`marketprice`,`shopprice`,`click`,`time`,`tid` FROM `ccshop_goods`  [ RunTime:0.000299s ]
SQL: SHOW COLUMNS FROM `ccshop_goods_list` [ RunTime:0.001416s ]
SQL: SELECT `inventory` FROM `ccshop_goods_list` WHERE ( `gid` = 1 )  [ RunTime:0.000265s ]
SQL: SELECT `inventory` FROM `ccshop_goods_list` WHERE ( `gid` = 2 )  [ RunTime:0.000184s ]
SQL: SELECT `inventory` FROM `ccshop_goods_list` WHERE ( `gid` = 3 )  [ RunTime:0.000164s ]
SQL: SELECT `inventory` FROM `ccshop_goods_list` WHERE ( `gid` = 4 )  [ RunTime:0.000155s ]
SQL: SELECT `inventory` FROM `ccshop_goods_list` WHERE ( `gid` = 5 )  [ RunTime:0.000161s ]
SQL: SELECT `inventory` FROM `ccshop_goods_list` WHERE ( `gid` = 6 )  [ RunTime:0.000164s ]
SQL: SELECT `inventory` FROM `ccshop_goods_list` WHERE ( `gid` = 7 )  [ RunTime:0.000210s ]
SQL: SELECT `inventory` FROM `ccshop_goods_list` WHERE ( `gid` = 8 )  [ RunTime:0.000568s ]
SQL: SELECT `inventory` FROM `ccshop_goods_list` WHERE ( `gid` = 9 )  [ RunTime:0.000362s ]
SQL: SELECT `inventory` FROM `ccshop_goods_list` WHERE ( `gid` = 10 )  [ RunTime:0.000225s ]
SQL: SELECT `inventory` FROM `ccshop_goods_list` WHERE ( `gid` = 11 )  [ RunTime:0.000199s ]
SQL: SELECT `inventory` FROM `ccshop_goods_list` WHERE ( `gid` = 12 )  [ RunTime:0.000217s ]
SQL: SELECT `inventory` FROM `ccshop_goods_list` WHERE ( `gid` = 13 )  [ RunTime:0.000219s ]
NOTIC: [2] Invalid argument supplied for foreach() /www/cc-/App/Modules/admin/Action/GoodsAction.class.php 第 17 行.
SQL: SELECT `inventory` FROM `ccshop_goods_list` WHERE ( `gid` = 14 )  [ RunTime:0.000262s ]
NOTIC: [2] Invalid argument supplied for foreach() /www/cc-/App/Modules/admin/Action/GoodsAction.class.php 第 17 行.
SQL: SELECT `inventory` FROM `ccshop_goods_list` WHERE ( `gid` = 15 )  [ RunTime:0.000235s ]
NOTIC: [2] Invalid argument supplied for foreach() /www/cc-/App/Modules/admin/Action/GoodsAction.class.php 第 17 行.
SQL: SELECT `inventory` FROM `ccshop_goods_list` WHERE ( `gid` = 16 )  [ RunTime:0.000182s ]
NOTIC: [2] Invalid argument supplied for foreach() /www/cc-/App/Modules/admin/Action/GoodsAction.class.php 第 17 行.
SQL: SELECT `inventory` FROM `ccshop_goods_list` WHERE ( `gid` = 17 )  [ RunTime:0.000181s ]
NOTIC: [2] Invalid argument supplied for foreach() /www/cc-/App/Modules/admin/Action/GoodsAction.class.php 第 17 行.
SQL: SELECT `inventory` FROM `ccshop_goods_list` WHERE ( `gid` = 18 )  [ RunTime:0.000216s ]
NOTIC: [2] Invalid argument supplied for foreach() /www/cc-/App/Modules/admin/Action/GoodsAction.class.php 第 17 行.
INFO: [ view_parse ] --START--
INFO: ParseTemplate Behavior ::run [ RunTime:0.019311s ]
INFO: [ view_parse ] --END-- [ RunTime:0.019435s ]
INFO: [ view_filter ] --START--
INFO: ContentReplace Behavior ::run [ RunTime:0.000469s ]
INFO: TokenBuild Behavior ::run [ RunTime:0.000906s ]
INFO: WriteHtmlCache Behavior ::run [ RunTime:0.000413s ]
INFO: ShowRuntime Behavior ::run [ RunTime:0.000483s ]
INFO: [ view_filter ] --END-- [ RunTime:0.002530s ]
INFO: [ view_end ] --START--
INFO: ShowPageTrace Behavior ::run [ RunTime:0.000858s ]
INFO: [ view_end ] --END-- [ RunTime:0.000974s ]

[ 2016-01-11T08:59:20+08:00 ] 0.0.0.0 /cc-/admin/Remark/index.html
INFO: [ route_check ] --START--
INFO: CheckRoute Behavior ::run [ RunTime:0.000703s ]
INFO: [ route_check ] --END-- [ RunTime:0.000796s ]
INFO: [ app_begin ] --START--
INFO: ReadHtmlCache Behavior ::run [ RunTime:0.000403s ]
INFO: [ app_begin ] --END-- [ RunTime:0.000470s ]
ERR: 无法加载模块:Remark

[ 2016-01-11T08:59:20+08:00 ] 0.0.0.0 /cc-/admin/Order/index.html
INFO: [ route_check ] --START--
INFO: CheckRoute Behavior ::run [ RunTime:0.000693s ]
INFO: [ route_check ] --END-- [ RunTime:0.000788s ]
INFO: [ app_begin ] --START--
INFO: ReadHtmlCache Behavior ::run [ RunTime:0.000579s ]
INFO: [ app_begin ] --END-- [ RunTime:0.000686s ]
ERR: 无法加载模块:Order

[ 2016-01-11T08:59:20+08:00 ] 0.0.0.0 /cc-/admin/Remark/index.html
INFO: [ route_check ] --START--
INFO: CheckRoute Behavior ::run [ RunTime:0.000615s ]
INFO: [ route_check ] --END-- [ RunTime:0.000693s ]
INFO: [ app_begin ] --START--
INFO: ReadHtmlCache Behavior ::run [ RunTime:0.000387s ]
INFO: [ app_begin ] --END-- [ RunTime:0.000451s ]
ERR: 无法加载模块:Remark

[ 2016-01-11T08:59:21+08:00 ] 0.0.0.0 /cc-/admin/Ad/index.html
INFO: [ route_check ] --START--
INFO: CheckRoute Behavior ::run [ RunTime:0.000910s ]
INFO: [ route_check ] --END-- [ RunTime:0.001051s ]
INFO: [ app_begin ] --START--
INFO: ReadHtmlCache Behavior ::run [ RunTime:0.000405s ]
INFO: [ app_begin ] --END-- [ RunTime:0.000470s ]
ERR: 无法加载模块:Ad

[ 2016-01-11T08:59:21+08:00 ] 0.0.0.0 /cc-/admin/User/index.html
INFO: [ route_check ] --START--
INFO: CheckRoute Behavior ::run [ RunTime:0.000629s ]
INFO: [ route_check ] --END-- [ RunTime:0.000711s ]
INFO: [ app_begin ] --START--
INFO: ReadHtmlCache Behavior ::run [ RunTime:0.000386s ]
INFO: [ app_begin ] --END-- [ RunTime:0.000450s ]
ERR: 无法加载模块:User

[ 2016-01-11T08:59:22+08:00 ] 0.0.0.0 /cc-/admin/Sys/index.html
INFO: [ route_check ] --START--
INFO: CheckRoute Behavior ::run [ RunTime:0.000621s ]
INFO: [ route_check ] --END-- [ RunTime:0.000705s ]
INFO: [ app_begin ] --START--
INFO: ReadHtmlCache Behavior ::run [ RunTime:0.000386s ]
INFO: [ app_begin ] --END-- [ RunTime:0.000451s ]
ERR: 无法加载模块:Sys

[ 2016-01-11T08:59:22+08:00 ] 0.0.0.0 /cc-/admin/User/index.html
INFO: [ route_check ] --START--
INFO: CheckRoute Behavior ::run [ RunTime:0.000637s ]
INFO: [ route_check ] --END-- [ RunTime:0.000723s ]
INFO: [ app_begin ] --START--
INFO: ReadHtmlCache Behavior ::run [ RunTime:0.000387s ]
INFO: [ app_begin ] --END-- [ RunTime:0.000453s ]
ERR: 无法加载模块:User

[ 2016-01-11T08:59:23+08:00 ] 0.0.0.0 /cc-/admin/Ad/index.html
INFO: [ route_check ] --START--
INFO: CheckRoute Behavior ::run [ RunTime:0.000931s ]
INFO: [ route_check ] --END-- [ RunTime:0.001022s ]
INFO: [ app_begin ] --START--
INFO: ReadHtmlCache Behavior ::run [ RunTime:0.000757s ]
INFO: [ app_begin ] --END-- [ RunTime:0.000888s ]
ERR: 无法加载模块:Ad

[ 2016-01-11T08:59:23+08:00 ] 0.0.0.0 /cc-/admin/Remark/index.html
INFO: [ route_check ] --START--
INFO: CheckRoute Behavior ::run [ RunTime:0.000636s ]
INFO: [ route_check ] --END-- [ RunTime:0.000723s ]
INFO: [ app_begin ] --START--
INFO: ReadHtmlCache Behavior ::run [ RunTime:0.000392s ]
INFO: [ app_begin ] --END-- [ RunTime:0.000460s ]
ERR: 无法加载模块:Remark

[ 2016-01-11T08:59:24+08:00 ] 0.0.0.0 /cc-/admin/Order/index.html
INFO: [ route_check ] --START--
INFO: CheckRoute Behavior ::run [ RunTime:0.000744s ]
INFO: [ route_check ] --END-- [ RunTime:0.000839s ]
INFO: [ app_begin ] --START--
INFO: ReadHtmlCache Behavior ::run [ RunTime:0.000501s ]
INFO: [ app_begin ] --END-- [ RunTime:0.000612s ]
ERR: 无法加载模块:Order

[ 2016-01-11T08:59:25+08:00 ] 0.0.0.0 /cc-/admin/Goods/index.html
INFO: [ route_check ] --START--
INFO: CheckRoute Behavior ::run [ RunTime:0.000685s ]
INFO: [ route_check ] --END-- [ RunTime:0.000803s ]
INFO: [ app_begin ] --START--
INFO: ReadHtmlCache Behavior ::run [ RunTime:0.000702s ]
INFO: [ app_begin ] --END-- [ RunTime:0.000813s ]
SQL: SHOW COLUMNS FROM `ccshop_goods` [ RunTime:0.009713s ]
SQL: SELECT `gid`,`gname`,`gnumber`,`unit`,`marketprice`,`shopprice`,`click`,`time`,`tid` FROM `ccshop_goods`  [ RunTime:0.000499s ]
SQL: SHOW COLUMNS FROM `ccshop_goods_list` [ RunTime:0.001652s ]
SQL: SELECT `inventory` FROM `ccshop_goods_list` WHERE ( `gid` = 1 )  [ RunTime:0.000351s ]
SQL: SELECT `inventory` FROM `ccshop_goods_list` WHERE ( `gid` = 2 )  [ RunTime:0.000301s ]
SQL: SELECT `inventory` FROM `ccshop_goods_list` WHERE ( `gid` = 3 )  [ RunTime:0.000230s ]
SQL: SELECT `inventory` FROM `ccshop_goods_list` WHERE ( `gid` = 4 )  [ RunTime:0.000219s ]
SQL: SELECT `inventory` FROM `ccshop_goods_list` WHERE ( `gid` = 5 )  [ RunTime:0.000220s ]
SQL: SELECT `inventory` FROM `ccshop_goods_list` WHERE ( `gid` = 6 )  [ RunTime:0.000219s ]
SQL: SELECT `inventory` FROM `ccshop_goods_list` WHERE ( `gid` = 7 )  [ RunTime:0.000214s ]
SQL: SELECT `inventory` FROM `ccshop_goods_list` WHERE ( `gid` = 8 )  [ RunTime:0.000214s ]
SQL: SELECT `inventory` FROM `ccshop_goods_list` WHERE ( `gid` = 9 )  [ RunTime:0.000218s ]
SQL: SELECT `inventory` FROM `ccshop_goods_list` WHERE ( `gid` = 10 )  [ RunTime:0.000217s ]
SQL: SELECT `inventory` FROM `ccshop_goods_list` WHERE ( `gid` = 11 )  [ RunTime:0.000217s ]
SQL: SELECT `inventory` FROM `ccshop_goods_list` WHERE ( `gid` = 12 )  [ RunTime:0.000219s ]
SQL: SELECT `inventory` FROM `ccshop_goods_list` WHERE ( `gid` = 13 )  [ RunTime:0.000207s ]
NOTIC: [2] Invalid argument supplied for foreach() /www/cc-/App/Modules/admin/Action/GoodsAction.class.php 第 17 行.
SQL: SELECT `inventory` FROM `ccshop_goods_list` WHERE ( `gid` = 14 )  [ RunTime:0.000207s ]
NOTIC: [2] Invalid argument supplied for foreach() /www/cc-/App/Modules/admin/Action/GoodsAction.class.php 第 17 行.
SQL: SELECT `inventory` FROM `ccshop_goods_list` WHERE ( `gid` = 15 )  [ RunTime:0.000207s ]
NOTIC: [2] Invalid argument supplied for foreach() /www/cc-/App/Modules/admin/Action/GoodsAction.class.php 第 17 行.
SQL: SELECT `inventory` FROM `ccshop_goods_list` WHERE ( `gid` = 16 )  [ RunTime:0.000211s ]
NOTIC: [2] Invalid argument supplied for foreach() /www/cc-/App/Modules/admin/Action/GoodsAction.class.php 第 17 行.
SQL: SELECT `inventory` FROM `ccshop_goods_list` WHERE ( `gid` = 17 )  [ RunTime:0.000207s ]
NOTIC: [2] Invalid argument supplied for foreach() /www/cc-/App/Modules/admin/Action/GoodsAction.class.php 第 17 行.
SQL: SELECT `inventory` FROM `ccshop_goods_list` WHERE ( `gid` = 18 )  [ RunTime:0.000276s ]
NOTIC: [2] Invalid argument supplied for foreach() /www/cc-/App/Modules/admin/Action/GoodsAction.class.php 第 17 行.
INFO: [ view_parse ] --START--
INFO: ParseTemplate Behavior ::run [ RunTime:0.011229s ]
INFO: [ view_parse ] --END-- [ RunTime:0.011303s ]
INFO: [ view_filter ] --START--
INFO: ContentReplace Behavior ::run [ RunTime:0.000281s ]
INFO: TokenBuild Behavior ::run [ RunTime:0.000247s ]
INFO: WriteHtmlCache Behavior ::run [ RunTime:0.000136s ]
INFO: ShowRuntime Behavior ::run [ RunTime:0.000309s ]
INFO: [ view_filter ] --END-- [ RunTime:0.001123s ]
INFO: [ view_end ] --START--
INFO: ShowPageTrace Behavior ::run [ RunTime:0.000660s ]
INFO: [ view_end ] --END-- [ RunTime:0.000736s ]

[ 2016-01-11T08:59:32+08:00 ] 0.0.0.0 /cc-/admin/Login/logout.html
INFO: [ route_check ] --START--
INFO: CheckRoute Behavior ::run [ RunTime:0.000620s ]
INFO: [ route_check ] --END-- [ RunTime:0.000701s ]
INFO: [ app_begin ] --START--
INFO: ReadHtmlCache Behavior ::run [ RunTime:0.000382s ]
INFO: [ app_begin ] --END-- [ RunTime:0.000445s ]
INFO: [ view_parse ] --START--
INFO: ParseTemplate Behavior ::run [ RunTime:0.008972s ]
INFO: [ view_parse ] --END-- [ RunTime:0.009117s ]
INFO: [ view_filter ] --START--
INFO: ContentReplace Behavior ::run [ RunTime:0.000346s ]
INFO: TokenBuild Behavior ::run [ RunTime:0.000299s ]
INFO: WriteHtmlCache Behavior ::run [ RunTime:0.000169s ]
INFO: ShowRuntime Behavior ::run [ RunTime:0.000370s ]
INFO: [ view_filter ] --END-- [ RunTime:0.001412s ]
INFO: [ view_end ] --START--
INFO: ShowPageTrace Behavior ::run [ RunTime:0.000701s ]
INFO: [ view_end ] --END-- [ RunTime:0.000817s ]

[ 2016-01-11T08:59:33+08:00 ] 0.0.0.0 /cc-/admin/Login/index
INFO: [ route_check ] --START--
INFO: CheckRoute Behavior ::run [ RunTime:0.000860s ]
INFO: [ route_check ] --END-- [ RunTime:0.000951s ]
INFO: [ app_begin ] --START--
INFO: ReadHtmlCache Behavior ::run [ RunTime:0.000790s ]
INFO: [ app_begin ] --END-- [ RunTime:0.000939s ]
INFO: [ view_parse ] --START--
INFO: ParseTemplate Behavior ::run [ RunTime:0.017297s ]
INFO: [ view_parse ] --END-- [ RunTime:0.017403s ]
INFO: [ view_filter ] --START--
INFO: ContentReplace Behavior ::run [ RunTime:0.000494s ]
INFO: TokenBuild Behavior ::run [ RunTime:0.000586s ]
INFO: WriteHtmlCache Behavior ::run [ RunTime:0.000239s ]
INFO: ShowRuntime Behavior ::run [ RunTime:0.000388s ]
INFO: [ view_filter ] --END-- [ RunTime:0.001941s ]
INFO: [ view_end ] --START--
INFO: ShowPageTrace Behavior ::run [ RunTime:0.000529s ]
INFO: [ view_end ] --END-- [ RunTime:0.000597s ]

[ 2016-01-11T08:59:33+08:00 ] 0.0.0.0 /cc-/admin/Login/verify.html
INFO: [ route_check ] --START--
INFO: CheckRoute Behavior ::run [ RunTime:0.001741s ]
INFO: [ route_check ] --END-- [ RunTime:0.001915s ]
INFO: [ app_begin ] --START--
INFO: ReadHtmlCache Behavior ::run [ RunTime:0.001135s ]
INFO: [ app_begin ] --END-- [ RunTime:0.001272s ]

